<?xml version="1.0" encoding="UTF-8"?>
<!DOCTYPE beans PUBLIC "-//SPRING//DTD BEAN//EN"
        "http://www.springframework.org/dtd/spring-beans.dtd">

<beans default-autowire="byName" default-lazy-init="false">

    <bean class="org.springframework.beans.factory.annotation.AutowiredAnnotationBeanPostProcessor"/>
    <bean class="org.springframework.beans.factory.annotation.RequiredAnnotationBeanPostProcessor"/>
    <!-- mysql beans -->
    <bean id="nativeJdbcExtractor"
          class="org.springframework.jdbc.support.nativejdbc.CommonsDbcpNativeJdbcExtractor"/>

    <bean name="mySqlDataSource" class="ru.yandex.common.util.db.NamedDataSource" destroy-method="close">
        <property name="moduleName" value="partnerdata-admin-local-developer"/>
        <property name="driverClassName" value="com.mysql.jdbc.Driver"/>
        <property name="url"
                  value="jdbc:mysql://unittest-02-sas.dev.vertis.yandex.net:3306/feedloader?autoReconnect=true&amp;useUnicode=true&amp;characterEncoding=utf8&amp;rewriteBatchedStatements=true&amp;jdbcCompliantTruncation=false&amp;zeroDateTimeBehavior=convertToNull&amp;initialTimeout=10&amp;maxReconnects=2"/>
        <property name="username" value="feedloader"/>
        <property name="password" value="feedloader"/>
        <property name="validationQuery" value="select 1 from dual"/>
        <property name="maxActive" value="2"/>
        <property name="maxWait" value="100"/>
        <property name="removeAbandoned" value="true"/>
        <property name="removeAbandonedTimeout" value="300"/>
    </bean>

    <bean name="mySqlJdbcTemplate" class="org.springframework.jdbc.core.JdbcTemplate">
        <property name="dataSource" ref="mySqlDataSource"/>
    </bean>

    <bean id="mySqlTransactionManager"
          class="org.springframework.jdbc.datasource.DataSourceTransactionManager">
        <constructor-arg index="0" ref="mySqlDataSource"/>
    </bean>

    <bean id="mySqlWriteTransactionTemplate"
          class="org.springframework.transaction.support.TransactionTemplate">
        <constructor-arg index="0" ref="mySqlTransactionManager"/>
    </bean>
</beans>