<?xml version="1.0" encoding="UTF-8"?>
<!DOCTYPE beans PUBLIC "-//SPRING//DTD BEAN//EN"
        "http://www.springframework.org/dtd/spring-beans.dtd">

<beans default-autowire="byName" default-lazy-init="false">

    <bean class="org.springframework.beans.factory.annotation.AutowiredAnnotationBeanPostProcessor"/>
    <bean class="org.springframework.beans.factory.annotation.RequiredAnnotationBeanPostProcessor"/>

    <import resource="test-mysql-db.xml"/>

    <bean id="taskManager" class="ru.yandex.feedloader.depot.TaskManagerMySqlImpl">
        <property name="masterJdbcTemplate" ref="mySqlJdbcTemplate"/>
        <property name="slaveJdbcTemplate" ref="mySqlJdbcTemplate"/>
    </bean>

    <bean id="taskResultManager" class="ru.yandex.feedloader.depot.TaskResultManagerMySqlImpl">
        <property name="masterJdbcTemplate" ref="mySqlJdbcTemplate"/>
        <property name="slaveJdbcTemplate" ref="mySqlJdbcTemplate"/>
    </bean>

    <bean id="feedManager" class="ru.yandex.feedloader.depot.capa.FeedManagerMySqlImpl">
        <property name="masterJdbcTemplate" ref="mySqlJdbcTemplate"/>
        <property name="slaveJdbcTemplate" ref="mySqlJdbcTemplate"/>
        <property name="fileStorageService" ref="fileStorageService"/>
    </bean>

    <bean id="taskConfigManager" class="ru.yandex.feedloader.depot.TaskConfigManagerSqlImpl">
        <property name="masterJdbcTemplate" ref="mySqlJdbcTemplate"/>
        <property name="slaveJdbcTemplate" ref="mySqlJdbcTemplate"/>
    </bean>

    <bean id="fileStorageService" class="ru.yandex.feedloader.storage.impl.InMemoryFileStorageService">
    </bean>

    <bean name="tankerDataStorage" class="ru.yandex.feedloader.localization.tanker.model.DataStorage"
          factory-bean="tankerLoader" factory-method="load"/>

    <bean name="localizeManager" class="ru.yandex.feedloader.depot.LocalizeManager"/>

    <bean name="tankerLoader" class="ru.yandex.feedloader.localization.tanker.TankerFileDataLoader">
        <constructor-arg>
            <list>
                <value>/tanker/feedloader-tanker.xml</value>
            </list>
        </constructor-arg>
        <constructor-arg index="1" ref="tankerParser"/>
    </bean>

    <bean id="tankerParser" class="ru.yandex.feedloader.localization.tanker.parser.TankerXMLParser"/>
</beans>