<?xml version="1.0" encoding="windows-1251"?>
<!DOCTYPE beans PUBLIC "-//SPRING//DTD BEAN//EN" "http://www.springframework.org/dtd/spring-beans.dtd">

<beans default-lazy-init="true" default-autowire="byName">

    <bean id="jdbcTemplate"
          class="org.springframework.jdbc.core.JdbcTemplate">
        <constructor-arg index="0" ref="dataSource"/>
    </bean>

    <bean id="transactionManager"
          class="org.springframework.jdbc.datasource.DataSourceTransactionManager">
    </bean>

    <!-- dev data source -->
    <bean id="dataSource" parent="commonDataSource">
        <property name="url" value="jdbc:oracle:thin:@marketdevdb01f.yandex.ru:1521:backa"/>
        <property name="password" value="partnerdata"/>
    </bean>

    <bean id="commonDataSource" abstract="true" class="ru.yandex.common.util.db.NamedDataSource" destroy-method="close">
        <property name="driverClassName" value="oracle.jdbc.driver.OracleDriver"/>
        <property name="username" value="partnerdata"/>

        <property name="moduleName" value="partnerdata-admin-local-developer"/>
        <property name="nativeJdbcExtractor">
            <bean class="org.springframework.jdbc.support.nativejdbc.CommonsDbcpNativeJdbcExtractor"/>
        </property>
        <property name="maxActive" value="8"/>
        <property name="maxIdle" value="8"/>
        <property name="readTimeoutSeconds" value="600"/>
        <property name="removeAbandoned" value="false"/>
        <property name="removeAbandonedTimeout" value="300"/>
        <property name="logAbandoned" value="true"/>
        <property name="validationQuery" value="select 1 from dual"/>
    </bean>

    <bean id="feedloaderTaskResultDepot" class="ru.yandex.feedloader.depot.FeedloaderTaskResultOracleImpl"/>

    <bean id="feedloaderTaskDepot" class="ru.yandex.feedloader.depot.FeedloaderTaskDepotOracleImpl"/>

    <bean id="feedloaderTaskConfigDepot" class="ru.yandex.feedloader.depot.FeedloaderTaskConfigDepotOracleImpl"/>

    <bean id="xsdDepot" class="ru.yandex.feedloader.depot.XSDDepot">
        <property name="serviceName2filePath">
            <map>
                <entry key="1000000_1" value="/xsd/auto.xsd"/>
                <entry key="1000000_2" value="/xsd/auto-regional.xsd"/>
                <entry key="1000000_3" value="/xsd/auto.xsd"/>
                <entry key="1000000_1_old" value="/xsd/auto-old.xsd"/>
                <entry key="1000000_2_old" value="/xsd/auto-regional-old.xsd"/>
                <entry key="21_1" value="/xsd/realty.xsd"/>
                <entry key="21_2" value="/xsd/realty.xsd"/>
                <entry key="22_1" value="/xsd/rabota.xsd"/>
                <entry key="1_1" value="/xsd/recipe.xsd"/>
                <entry key="2_1" value="/xsd/referat.xsd"/>
                <entry key="23_1" value="/xsd/review-biz.xsd"/>
                <entry key="23_2" value="/xsd/film-reviews.xsd"/>
            </map>
        </property>
    </bean>

    <bean id="transactionTemplate"
          class="org.springframework.transaction.support.TransactionTemplate">
    </bean>

    <!-- mysql beans -->

    <bean id="nativeJdbcExtractor"
          class="org.springframework.jdbc.support.nativejdbc.CommonsDbcpNativeJdbcExtractor"/>

    <bean name="mySqlDataSource" class="ru.yandex.common.util.db.NamedDataSource" destroy-method="close">
        <property name="moduleName" value="partnerdata-admin-local-developer"/>
        <property name="driverClassName" value="com.mysql.jdbc.Driver}"/>
        <property name="url" value="jdbc:mysql://dev05i.vs.yandex.net:3306/feedloader?autoReconnect=true&amp;useUnicode=true&amp;characterEncoding=utf8&amp;rewriteBatchedStatements=true&amp;jdbcCompliantTruncation=false&amp;zeroDateTimeBehavior=convertToNull&amp;initialTimeout=10&amp;maxReconnects=5"/>
        <property name="username" value="autoru"/>
        <property name="password" value="X6c6ydGRpG#"/>
        <property name="validationQuery" value="select 1 from dual"/>
        <property name="maxActive" value="2"/>
        <property name="maxWait" value="300"/>
        <property name="removeAbandoned" value="true"/>
        <property name="removeAbandonedTimeout" value="300"/>
    </bean>

    <bean name="mySqlJdbcTemplate" class="org.springframework.jdbc.core.JdbcTemplate">
        <property name="dataSource" ref="mySqlDataSource"/>
    </bean>

    <bean id="mySqlTransactionManager"
          class="org.springframework.jdbc.datasource.DataSourceTransactionManager">
        <constructor-arg index="0" ref="mySqlDataSource"/>
    </bean>

    <bean id="mySqlWriteTransactionTemplate"
          class="org.springframework.transaction.support.TransactionTemplate">
        <constructor-arg index="0" ref="mySqlWriteTransactionManager"/>
    </bean>

</beans>