<?xml version="1.0" encoding="utf-8"?>
<service id="3791187" code="realty" name="Realty" version="100076" path="/realty" export-create-time="1">
    <dictionary id="8141258" code="test2" name="Test2" version="239795" path="/realty/test2">
        <term id="8481249" code="37901" name="233" version="260603" path="/realty/test2/37901">
            <attribute name="name3" type="complex">
                <entity>
                    <attribute name="name" type="string">
                        <value>2</value>
                    </attribute>
                </entity>
                <entity>
                    <attribute name="name" type="string">
                        <value>3</value>
                    </attribute>
                </entity>
                <entity>
                    <attribute name="name" type="string">
                        <value>1</value>
                    </attribute>
                </entity>
            </attribute>
            <attribute name="name" type="alias">
                <aliases>
                    <projection lang="ru"/>
                    <projection lang="uk"/>
                    <projection lang="tr"/>
                    <projection lang="en">
                        <main-value>233</main-value>
                    </projection>
                </aliases>
            </attribute>
            <attribute name="notice-2-operator" type="string">
                <value>234</value>
            </attribute>
            <attribute name="id" type="string">
                <value>37901</value>
            </attribute>
            <dictionary id="8481250" code="phones" name="Phones" version="256984" path="/realty/test2/37901/phones"/>
        </term>
    </dictionary>
</service>
