<?xml version="1.0" encoding="UTF-8"?>
<testsuite xmlns:xsi="http://www.w3.org/2001/XMLSchema-instance"
           xsi:noNamespaceSchemaLocation="https://maven.apache.org/surefire/maven-surefire-plugin/xsd/surefire-test-report.xsd"
           name="ru.auto.tests.desktop.sale.AAATest" time="0.256" tests="12" errors="12" skipped="0" failures="0">
    <properties>
        <property name="gopherProxySet" value="false"/>
    </properties>

    <testcase name="test2[2]" classname="ru.vertis.Test" time="0.129">
        <error message="wrong number of arguments" type="java.lang.IllegalArgumentException">
            java.lang.IllegalArgumentException: wrong number of arguments
        </error>
    </testcase>
    <testcase name="test1[1]" classname="ru.vertis.Test" time="0.129">
        <error message="wrong number of arguments" type="java.lang.IllegalArgumentException">
            java.lang.IllegalArgumentException: wrong number of arguments
        </error>
    </testcase>
    <testcase name="test2[1]" classname="ru.vertis.Test" time="0.129">
        <error message="wrong number of arguments" type="java.lang.IllegalArgumentException">
            java.lang.IllegalArgumentException: wrong number of arguments
        </error>
    </testcase>
    <testcase name="test2[0]" classname="ru.vertis.Test" time="0.129">
        <error message="wrong number of arguments" type="java.lang.IllegalArgumentException">
            java.lang.IllegalArgumentException: wrong number of arguments
        </error>
    </testcase>
    <testcase name="test1[2]" classname="ru.vertis.Test" time="0.129">
        <error message="wrong number of arguments" type="java.lang.IllegalArgumentException">
            java.lang.IllegalArgumentException: wrong number of arguments
        </error>
    </testcase>
    <testcase name="test1[0]" classname="ru.vertis.Test" time="0.129">
        <error message="wrong number of arguments" type="java.lang.IllegalArgumentException">
            java.lang.IllegalArgumentException: wrong number of arguments
        </error>
    </testcase>
</testsuite>