<?xml version="1.0" encoding="utf-8"?>
<lego:page xmlns:lego="https://lego.yandex-team.ru" xmlns:xhtml="http://www.w3.org/1999/xhtml">

    <lego:i-metrika/>

    <lego:i-metrika counter="723008"/>

    <lego:i-metrika lego:type="js"/>

    <lego:i-metrika lego:type="js" counter="723008"/>

    <lego:b-page>
        <lego:i-metrika lego:type="js" counter="723008"/>
        <xhtml:p>В этом случае загрузка картинки начинается после domReady, то есть этот вариант не тормозит загрузку страницы.</xhtml:p>
    </lego:b-page>

    <html>
        <head>
            <title>Billie Jean</title>
        </head>
        <body>
            <p xmlns="http://www.w3.org/1999/xhtml">Billie Jean is not my lover</p>
            <p xmlns="http://www.w3.org/1999/xhtml">She's just a girl who claims that I am the one</p>
            <p xmlns="http://www.w3.org/1999/xhtml">But the kid is not my son</p>
        </body>
    </html>

    <lego:node> </lego:node>

    <some-node>&lt;</some-node>

</lego:page>
