<?xml version="1.0" encoding="utf-8"?>
<!-- Москва, Санкт-петербург и еще несколько городов с родительскими регионами. Для Москвы и Санкт-Петеребруга так же есть все вложенные регионы
    curl http://geoexport.yandex.ru/\?types\=_all_\&format\=xml\&fields\=id,name,type,parent,tz_offset,ru_name,uk_name,tr_name,en_name,latitude,longitude,ru_prepositional,ru_preposition,ru_genitive,ru_dative,ru_accusative,ru_instrumental,chief_region,population\&root=213\ > regions_moscow
    curl http://geoexport.yandex.ru/\?types\=_all_\&format\=xml\&fields\=id,name,type,parent,tz_offset,ru_name,uk_name,tr_name,en_name,latitude,longitude,ru_prepositional,ru_preposition,ru_genitive,ru_dative,ru_accusative,ru_instrumental,chief_region,population\&root=2\ > regions_piter
-->
<regions>
    <region id="10000" name="Земля" type="0" parent="0" tz_offset="0" ru_name="Земля" uk_name="Земля" tr_name="Dünya" en_name="Earth" latitude="0.000000" longitude="0.000000" ru_prepositional="Земле" ru_preposition="на" ru_genitive="Земли" ru_dative="Земле" ru_accusative="Землю" ru_instrumental="Землей" chief_region="0" population="0" />
    <region id="1" name="Москва и Московская область" type="5" parent="3" tz_offset="10800" ru_name="Москва и Московская область" uk_name="Москва та Московська область" tr_name="Moskova ve Moskovskaya oblastı" en_name="Moscow and Moscow Oblast" latitude="55.815792" longitude="37.380031" ru_prepositional="Москве и Московской области" ru_preposition="в" ru_genitive="Москвы и Московской области" ru_dative="Москве и Московской области" ru_accusative="Москву и Московскую область" ru_instrumental="Москвой и Московской областью" chief_region="213" population="7503385" />
    <region id="3" name="Центральный федеральный округ" type="4" parent="225" tz_offset="10800" ru_name="Центральный федеральный округ" uk_name="Центральний федеральний округ" tr_name="Merkezi Federal Bölge" en_name="Central Federal District" latitude="54.873745" longitude="38.064718" ru_prepositional="Центральном федеральном округе" ru_preposition="в" ru_genitive="Центрального федерального округа" ru_dative="Центральному федеральному округу" ru_accusative="Центральный федеральный округ" ru_instrumental="Центральным федеральным округом" chief_region="213" population="39311413" />
    <region id="225" name="Россия" type="3" parent="10001" tz_offset="0" ru_name="Россия" uk_name="Росія" tr_name="Rusya" en_name="Russia" latitude="61.698653" longitude="99.505405" ru_prepositional="России" ru_preposition="в" ru_genitive="России" ru_dative="России" ru_accusative="Россию" ru_instrumental="Россией" chief_region="213" population="146880432" />
    <region id="10174" name="Санкт-Петербург и Ленинградская область" type="5" parent="17" tz_offset="10800" ru_name="Санкт-Петербург и Ленинградская область" uk_name="Санкт-Петербург і Ленінградська область" tr_name="Saint-Petersburg ve Leningradskaya oblastı" en_name="Saint-Petersburg and Leningrad Oblast" latitude="59.337013" longitude="29.608975" ru_prepositional="Санкт-Петербурге и Ленинградской области" ru_preposition="в" ru_genitive="Санкт-Петербурга и Ленинградской области" ru_dative="Санкт-Петербургу и Ленинградской области" ru_accusative="Санкт-Петербург и Ленинградскую область" ru_instrumental="Санкт-Петербургом и Ленинградской областью" chief_region="2" population="1813816" />
    <region id="17" name="Северо-Западный федеральный округ" type="4" parent="225" tz_offset="0" ru_name="Северо-Западный федеральный округ" uk_name="Північно-Західний федеральний округ" tr_name="Kuzeybatı Federal Bölgesi" en_name="Northwestern Federal District" latitude="61.469749" longitude="36.498137" ru_prepositional="Северо-Западном федеральном округе" ru_preposition="в" ru_genitive="Северо-Западного федерального округа" ru_dative="Северо-Западному федеральному округу" ru_accusative="Северо-Западный федеральный округ" ru_instrumental="Северо-Западным федеральным округом" chief_region="2" population="13952003" />
    <region id="24" name="Великий Новгород" type="6" parent="121031" tz_offset="10800" ru_name="Великий Новгород" uk_name="Великий Новгород" tr_name="Velikiy Novgorod" en_name="Veliky Novgorod" latitude="58.522810" longitude="31.269915" ru_prepositional="Великом Новгороде" ru_preposition="в" ru_genitive="Великого Новгорода" ru_dative="Великому Новгороду" ru_accusative="Великий Новгород" ru_instrumental="Великим Новгородом" chief_region="0" population="222868" />
	<region id="121031" name="Городской округ Великий Новгород" type="10" parent="10904" tz_offset="10800" ru_name="Городской округ Великий Новгород" uk_name="Міський округ Великий Новгород" tr_name="Veliki Novgorod Kentsel Okrugu" en_name="Veliky Novgorod Urban Okrug" latitude="58.562933" longitude="31.285761" ru_prepositional="Городском округе Великий Новгород" ru_preposition="в" ru_genitive="Городского округа Великий Новгород" ru_dative="Городскому округу Великий Новгород" ru_accusative="Городского округа Великий Новгород" ru_instrumental="Городским округом Великий Новгород" chief_region="24" population="222868" />
	<region id="10904" name="Новгородская область" type="5" parent="17" tz_offset="10800" ru_name="Новгородская область" uk_name="Новгородська область" tr_name="Novgorodskaya oblastı" en_name="Novgorod Oblast" latitude="58.307715" longitude="32.490222" ru_prepositional="Новгородской области" ru_preposition="в" ru_genitive="Новгородской области" ru_dative="Новгородской области" ru_accusative="Новгородскую область" ru_instrumental="Новгородской областью" chief_region="24" population="606476" />
	<region id="47" name="Нижний Новгород" type="6" parent="120911" tz_offset="10800" ru_name="Нижний Новгород" uk_name="Нижній Новгород" tr_name="Nijni Novgorod" en_name="Nizhny Novgorod" latitude="56.326887" longitude="44.005986" ru_prepositional="Нижнем Новгороде" ru_preposition="в" ru_genitive="Нижнего Новгорода" ru_dative="Нижнему Новгороду" ru_accusative="Нижний Новгород" ru_instrumental="Нижним Новгородом" chief_region="0" population="1259013" />
	<region id="120911" name="Городской округ Нижний Новгород" type="10" parent="11079" tz_offset="10800" ru_name="Городской округ Нижний Новгород" uk_name="Міський округ Нижній Новгород" tr_name="Nijniy Novgorod Kentsel Okrugu" en_name="Nizhny Novgorod Urban Okrug" latitude="56.288121" longitude="43.876988" ru_prepositional="Городском округе Нижний Новгород" ru_preposition="в" ru_genitive="Городского округа Нижний Новгород" ru_dative="Городскому округу Нижний Новгород" ru_accusative="Городского округа Нижний Новгород" ru_instrumental="Городским округом Нижний Новгород" chief_region="47" population="1267464" />
	<region id="11079" name="Нижегородская область" type="5" parent="40" tz_offset="10800" ru_name="Нижегородская область" uk_name="Нижегородська область" tr_name="Nijegorodskaya oblastı" en_name="Nizhny Novgorod Oblast&#39;" latitude="56.595648" longitude="44.279559" ru_prepositional="Нижегородской области" ru_preposition="в" ru_genitive="Нижегородской области" ru_dative="Нижегородской области" ru_accusative="Нижегородскую область" ru_instrumental="Нижегородской областью" chief_region="47" population="3234752" />
	<region id="40" name="Приволжский федеральный округ" type="4" parent="225" tz_offset="0" ru_name="Приволжский федеральный округ" uk_name="Приволзький федеральний округ" tr_name="Volga Federal Bölgesi" en_name="Volga Federal District" latitude="55.485362" longitude="51.524283" ru_prepositional="Приволжском федеральном округе" ru_preposition="в" ru_genitive="Приволжского федерального округа" ru_dative="Приволжскому федеральному округу" ru_accusative="Приволжский федеральный округ" ru_instrumental="Приволжским федеральным округом" chief_region="47" population="29542696" />
	<region id="11131" name="Самарская область" type="5" parent="40" tz_offset="14400" ru_name="Самарская область" uk_name="Самарська область" tr_name="Samarskaya oblastı" en_name="Samara Oblast" latitude="53.276350" longitude="50.463301" ru_prepositional="Самарской области" ru_preposition="в" ru_genitive="Самарской области" ru_dative="Самарской области" ru_accusative="Самарскую область" ru_instrumental="Самарской областью" chief_region="51" population="3193514" />
	<region id="120861" name="Городской округ Самара" type="10" parent="11131" tz_offset="14400" ru_name="Городской округ Самара" uk_name="Міський округ Самара" tr_name="Samara Kentsel Okrugu" en_name="Samara Urban Okrug" latitude="53.158271" longitude="50.067881" ru_prepositional="Городском округе Самара" ru_preposition="в" ru_genitive="Городского округа Самара" ru_dative="Городскому округу Самара" ru_accusative="Городского округа Самара" ru_instrumental="Городским округом Самара" chief_region="51" population="1163440" />
	<region id="51" name="Самара" type="6" parent="120861" tz_offset="14400" ru_name="Самара" uk_name="Самара" tr_name="Samara" en_name="Samara" latitude="53.195538" longitude="50.101783" ru_prepositional="Самаре" ru_preposition="в" ru_genitive="Самары" ru_dative="Самаре" ru_accusative="Самару" ru_instrumental="Самарой" chief_region="0" population="1163399" />
	<region id="26" name="Южный федеральный округ" type="4" parent="225" tz_offset="10800" ru_name="Южный федеральный округ" uk_name="Південний федеральнийокруг" tr_name="Güney Federal Bölgesi" en_name="Southern Federal District" latitude="48.622558" longitude="43.166151" ru_prepositional="Южном федеральном округе" ru_preposition="в" ru_genitive="Южного федерального округа" ru_dative="Южному федеральному округу" ru_accusative="Южный федеральный округ" ru_instrumental="Южным федеральным округом" chief_region="39" population="16441852" />
	<region id="11029" name="Ростовская область" type="5" parent="26" tz_offset="10800" ru_name="Ростовская область" uk_name="Ростовська область" tr_name="Rostovskaya oblastı" en_name="Rostov Oblast" latitude="47.728732" longitude="41.268128" ru_prepositional="Ростовской области" ru_preposition="в" ru_genitive="Ростовской области" ru_dative="Ростовской области" ru_accusative="Ростовскую область" ru_instrumental="Ростовской областью" chief_region="39" population="4220452"/>
	<region id="121146" name="Городской округ Ростов-на-Дону" type="10" parent="11029" tz_offset="10800" ru_name="Городской округ Ростов-на-Дону" uk_name="Міський округ Ростов-на-Дону" tr_name="Rostov-na-Donu Kentsel Okrugu" en_name="Rostov-na-Donu Urban Okrug" latitude="47.237125" longitude="39.671570" ru_prepositional="Городском округе Ростов-на-Дону" ru_preposition="в" ru_genitive="Городского округа Ростов-на-Дону" ru_dative="Городскому округу Ростов-на-Дону" ru_accusative="Городской округ Ростов-на-Дону" ru_instrumental="Городским округом Ростов-на-Дону" chief_region="39" population="0" />
	<region id="39" name="Ростов-на-Дону" type="6" parent="121146" tz_offset="10800" ru_name="Ростов-на-Дону" uk_name="Ростов-на-Дону" tr_name="Rostov-na-Donu" en_name="Rostov-na-Donu" latitude="47.222078" longitude="39.720349" ru_prepositional="Ростове-на-Дону" ru_preposition="в" ru_genitive="Ростова-на-Дону" ru_dative="Ростову-на-Дону" ru_accusative="Ростов-на-Дону" ru_instrumental="Ростовом-на-Дону" chief_region="0" population="1091544" />

    <!-- Москва и вложенные регионы -->
    <region id="213" name="Москва" type="6" parent="1" tz_offset="10800" ru_name="Москва" uk_name="Москва" tr_name="Moskova" en_name="Moscow" latitude="55.753215" longitude="37.622504" ru_prepositional="Москве" ru_preposition="в" ru_genitive="Москвы" ru_dative="Москве" ru_accusative="Москву" ru_instrumental="Москвой" chief_region="0" population="12506468" />
	<region id="216" name="Зеленоград" type="6" parent="213" tz_offset="10800" ru_name="Зеленоград" uk_name="Зеленоград" tr_name="Zelenograd" en_name="Zelenograd" latitude="55.991893" longitude="37.214382" ru_prepositional="Зеленограде" ru_preposition="в" ru_genitive="Зеленограда" ru_dative="Зеленограду" ru_accusative="Зеленоград" ru_instrumental="Зеленоградом" chief_region="0" population="229926" />
	<region id="21744" name="Речной вокзал" type="-1" parent="216" tz_offset="10800" ru_name="Речной вокзал" uk_name="Річковий вокзал" tr_name="" en_name="Rechnoy Vokzal" latitude="55.744480" longitude="37.533319" ru_prepositional="Речном вокзале" ru_preposition="на" ru_genitive="Речного вокзала" ru_dative="" ru_accusative="" ru_instrumental="" chief_region="0" population="0" />
	<region id="116975" name="Матушкино" type="13" parent="216" tz_offset="10800" ru_name="Матушкино" uk_name="Матушкіно" tr_name="" en_name="Matushkino" latitude="56.005103" longitude="37.200116" ru_prepositional="Матушкино" ru_preposition="в" ru_genitive="Матушкино" ru_dative="Матушкино" ru_accusative="Матушкино" ru_instrumental="Матушкино" chief_region="0" population="39242" />
	<region id="116976" name="Савёлки" type="13" parent="216" tz_offset="10800" ru_name="Савёлки" uk_name="Савьолки" tr_name="" en_name="Savyolki" latitude="55.989915" longitude="37.238016" ru_prepositional="Савёлках" ru_preposition="в" ru_genitive="Савёлок" ru_dative="Савёлкам" ru_accusative="Савёлки" ru_instrumental="Савёлками" chief_region="0" population="33118" />
	<region id="116977" name="Старое Крюково" type="13" parent="216" tz_offset="10800" ru_name="Старое Крюково" uk_name="Старе Крюково" tr_name="" en_name="Staroye Kryukovo" latitude="55.980895" longitude="37.199056" ru_prepositional="Старом Крюкове" ru_preposition="в" ru_genitive="Старого Крюкова" ru_dative="Старому Крюково" ru_accusative="Старое Крюково" ru_instrumental="Старым Крюково" chief_region="0" population="29793" />
	<region id="116978" name="Силино" type="13" parent="216" tz_offset="10800" ru_name="Силино" uk_name="Силіно" tr_name="" en_name="Silino" latitude="55.999007" longitude="37.168244" ru_prepositional="Силино" ru_preposition="в" ru_genitive="Силино" ru_dative="Силино" ru_accusative="Силино" ru_instrumental="Силино" chief_region="0" population="39152" />
	<region id="116979" name="Крюково" type="13" parent="216" tz_offset="10800" ru_name="Крюково" uk_name="Крюково" tr_name="" en_name="Kryukovo" latitude="55.969330" longitude="37.176122" ru_prepositional="Крюково" ru_preposition="в" ru_genitive="Крюково" ru_dative="Крюково" ru_accusative="Крюково" ru_instrumental="Крюково" chief_region="0" population="91184" />
	<region id="9000" name="Яндекс.wifi" type="-1" parent="213" tz_offset="10800" ru_name="Яндекс.wifi" uk_name="Яндекс.wifi" tr_name="" en_name="Yandex.wifi" latitude="0.000000" longitude="0.000000" ru_prepositional="Яндекс.wifi" ru_preposition="в" ru_genitive="Яндекс.wifi" ru_dative="" ru_accusative="" ru_instrumental="" chief_region="0" population="0" />
	<region id="9999" name="Яндекс (Москва)" type="-1" parent="213" tz_offset="10800" ru_name="Яндекс (Москва)" uk_name="Яндекс" tr_name="Yandex (Moscow)" en_name="Yandex" latitude="55.734046" longitude="37.588628" ru_prepositional="Яндексе" ru_preposition="в" ru_genitive="Яндекса" ru_dative="" ru_accusative="" ru_instrumental="" chief_region="0" population="0" />
	<region id="9980" name="Яндекс.ДЦ.Ивантеевка" type="-1" parent="9999" tz_offset="10800" ru_name="Яндекс.ДЦ.Ивантеевка" uk_name="" tr_name="" en_name="Yandex.DC.Ivanteevka" latitude="0.000000" longitude="0.000000" ru_prepositional="" ru_preposition="" ru_genitive="" ru_dative="" ru_accusative="" ru_instrumental="" chief_region="0" population="0" />
	<region id="9981" name="Яндекс.ДЦ.DC3" type="-1" parent="9999" tz_offset="10800" ru_name="Яндекс.ДЦ.DC3" uk_name="" tr_name="" en_name="Yandex.DC.DC3" latitude="0.000000" longitude="0.000000" ru_prepositional="" ru_preposition="" ru_genitive="" ru_dative="" ru_accusative="" ru_instrumental="" chief_region="0" population="0" />
	<region id="9982" name="Яндекс.ДЦ.ЭТО" type="-1" parent="9999" tz_offset="10800" ru_name="Яндекс.ДЦ.ЭТО" uk_name="" tr_name="" en_name="Yandex.DC.ETO" latitude="0.000000" longitude="0.000000" ru_prepositional="" ru_preposition="" ru_genitive="" ru_dative="" ru_accusative="" ru_instrumental="" chief_region="0" population="0" />
	<region id="9983" name="Яндекс.ДЦ.Фиан" type="-1" parent="9999" tz_offset="10800" ru_name="Яндекс.ДЦ.Фиан" uk_name="" tr_name="" en_name="Yandex.DC.Fian" latitude="0.000000" longitude="0.000000" ru_prepositional="" ru_preposition="" ru_genitive="" ru_dative="" ru_accusative="" ru_instrumental="" chief_region="0" population="0" />
	<region id="9984" name="Яндекс.ДЦ.Угрешка" type="-1" parent="9999" tz_offset="10800" ru_name="Яндекс.ДЦ.Угрешка" uk_name="" tr_name="" en_name="Yandex.DC.Ugreshka" latitude="0.000000" longitude="0.000000" ru_prepositional="" ru_preposition="" ru_genitive="" ru_dative="" ru_accusative="" ru_instrumental="" chief_region="0" population="0" />
	<region id="9990" name="Яндекс.КР" type="-1" parent="9999" tz_offset="10800" ru_name="Яндекс.КР" uk_name="" tr_name="" en_name="Yandex.KR" latitude="55.744480" longitude="37.533319" ru_prepositional="" ru_preposition="" ru_genitive="" ru_dative="" ru_accusative="" ru_instrumental="" chief_region="0" population="0" />
	<region id="9991" name="Яндекс.Самокатная" type="-1" parent="9999" tz_offset="10800" ru_name="Яндекс.Самокатная" uk_name="" tr_name="" en_name="Yandex.Samokatnaya" latitude="0.000000" longitude="0.000000" ru_prepositional="" ru_preposition="" ru_genitive="" ru_dative="" ru_accusative="" ru_instrumental="" chief_region="0" population="0" />
	<region id="9992" name="Яндекс.Бенуа" type="-1" parent="9999" tz_offset="10800" ru_name="Яндекс.Бенуа" uk_name="" tr_name="" en_name="Yandex.Benua" latitude="-4.390107" longitude="122.203119" ru_prepositional="" ru_preposition="" ru_genitive="" ru_dative="" ru_accusative="" ru_instrumental="" chief_region="0" population="0" />
	<region id="9993" name="Яндекс.ЕКБ" type="-1" parent="9999" tz_offset="10800" ru_name="Яндекс.ЕКБ" uk_name="" tr_name="" en_name="Yandex.EKB" latitude="0.000000" longitude="0.000000" ru_prepositional="" ru_preposition="" ru_genitive="" ru_dative="" ru_accusative="" ru_instrumental="" chief_region="0" population="0" />
	<region id="9994" name="Яндекс.Бёрлингейм" type="-1" parent="9999" tz_offset="10800" ru_name="Яндекс.Бёрлингейм" uk_name="" tr_name="" en_name="Yandex.Berlingqym" latitude="0.000000" longitude="0.000000" ru_prepositional="" ru_preposition="" ru_genitive="" ru_dative="" ru_accusative="" ru_instrumental="" chief_region="0" population="0" />
	<region id="9995" name="Яндекс.Киев" type="-1" parent="9999" tz_offset="10800" ru_name="Яндекс.Киев" uk_name="" tr_name="" en_name="Yandex.Kiev" latitude="0.000000" longitude="0.000000" ru_prepositional="" ru_preposition="" ru_genitive="" ru_dative="" ru_accusative="" ru_instrumental="" chief_region="0" population="0" />
	<region id="9996" name="Яндекс.Одесса" type="-1" parent="9999" tz_offset="10800" ru_name="Яндекс.Одесса" uk_name="" tr_name="" en_name="Yandex.Odessa" latitude="46.466444" longitude="30.705800" ru_prepositional="" ru_preposition="" ru_genitive="" ru_dative="" ru_accusative="" ru_instrumental="" chief_region="0" population="0" />
	<region id="9997" name="Яндекс.Симферополь" type="-1" parent="9999" tz_offset="10800" ru_name="Яндекс.Симферополь" uk_name="" tr_name="" en_name="Yandex.Simferopl" latitude="44.945788" longitude="34.105034" ru_prepositional="" ru_preposition="" ru_genitive="" ru_dative="" ru_accusative="" ru_instrumental="" chief_region="0" population="0" />
	<region id="20279" name="Центральный административный округ" type="8" parent="213" tz_offset="10800" ru_name="Центральный административный округ" uk_name="Центральний адміністративний округ (ЦАО)" tr_name="Merkez idari bölgesi" en_name="The Central Administrative District" latitude="55.753742" longitude="37.615533" ru_prepositional="Центральном административном округе" ru_preposition="в" ru_genitive="Центрального административного округа" ru_dative="Центральному административному округу" ru_accusative="Центральный административный округ" ru_instrumental="Центральным административным округом" chief_region="0" population="775881" />
	<region id="117065" name="Арбат" type="13" parent="20279" tz_offset="10800" ru_name="Арбат" uk_name="Арбат" tr_name="" en_name="Arbat" latitude="55.751138" longitude="37.590003" ru_prepositional="Арбате" ru_preposition="в" ru_genitive="Арбата" ru_dative="Арбату" ru_accusative="Арбат" ru_instrumental="Арбатом" chief_region="0" population="35529" />
	<region id="20481" name="Арбатская (Филевская)" type="9" parent="117065" tz_offset="10800" ru_name="Арбатская (Филевская)" uk_name="Арбатська (фільовська)" tr_name="Arbatskaya" en_name="Arbatskaya" latitude="55.752536" longitude="37.604196" ru_prepositional="Арбатской" ru_preposition="на" ru_genitive="Арбатской" ru_dative="Арбатской (Филевская)" ru_accusative="Арбатскую (Филевская)" ru_instrumental="Арбатской (Филевская)" chief_region="0" population="0" />
	<region id="20482" name="Смоленская (Филевская)" type="9" parent="117065" tz_offset="10800" ru_name="Смоленская (Филевская)" uk_name="Смоленська (фільовська)" tr_name="Smolenskaya" en_name="Smolenskaya" latitude="55.747748" longitude="37.583832" ru_prepositional="Смоленской" ru_preposition="на" ru_genitive="Смоленской" ru_dative="Смоленской (Филевская)" ru_accusative="Смоленскую (Филевская)" ru_instrumental="Смоленской (Филевская)" chief_region="0" population="0" />
	<region id="20489" name="Библиотека им. Ленина" type="9" parent="117065" tz_offset="10800" ru_name="Библиотека им. Ленина" uk_name="Бібліотека ім. Леніна" tr_name="Imeni Lenina Kütüphanesi" en_name="Biblioteka Imeni Lenina" latitude="55.751315" longitude="37.610107" ru_prepositional="Библиотеке им. Ленина" ru_preposition="на" ru_genitive="Библиотеки им. Ленина" ru_dative="Библиотеке им. Ленина" ru_accusative="Библиотеку им. Ленина" ru_instrumental="Библиотекой им. Ленина" chief_region="0" population="0" />
	<region id="20495" name="Смоленская (Арбатско-Покровская)" type="9" parent="117065" tz_offset="10800" ru_name="Смоленская (Арбатско-Покровская)" uk_name="Смоленська (арбатсько-покровська)" tr_name="Smolenskaya" en_name="Smolenskaya" latitude="55.747748" longitude="37.583832" ru_prepositional="Смоленской" ru_preposition="на" ru_genitive="Смоленской" ru_dative="Смоленской (Арбатско-Покровская)" ru_accusative="Смоленскую (Арбатско-Покровская)" ru_instrumental="Смоленской (Арбатско-Покровская)" chief_region="0" population="0" />
	<region id="20496" name="Арбатская (Арбатско-Покровская)" type="9" parent="117065" tz_offset="10800" ru_name="Арбатская (Арбатско-Покровская)" uk_name="Арбатська (арбатсько-покровська)" tr_name="Arbatskaya" en_name="Arbatskaya" latitude="55.752536" longitude="37.604196" ru_prepositional="Арбатской" ru_preposition="на" ru_genitive="Арбатской" ru_dative="Арбатской (Арбатско-Покровская)" ru_accusative="Арбатскую (Арбатско-Покровская)" ru_instrumental="Арбатской (Арбатско-Покровская)" chief_region="0" population="0" />
	<region id="20497" name="Александровский сад" type="9" parent="117065" tz_offset="10800" ru_name="Александровский сад" uk_name="Александровський сад" tr_name="Alexandrovski Sad" en_name="Alexandrovski Sad" latitude="55.752349" longitude="37.609461" ru_prepositional="Александровском саду" ru_preposition="на" ru_genitive="Александровского сада" ru_dative="Александровскому саду" ru_accusative="Александровский сад" ru_instrumental="Александровским садом" chief_region="0" population="0" />
	<region id="20507" name="Боровицкая" type="9" parent="117065" tz_offset="10800" ru_name="Боровицкая" uk_name="Боровицька" tr_name="Borovitskaya" en_name="Borovitskaya" latitude="55.750565" longitude="37.609083" ru_prepositional="Боровицкой" ru_preposition="на" ru_genitive="Боровицкой" ru_dative="Боровицкой" ru_accusative="Боровицкую" ru_instrumental="Боровицкой" chief_region="0" population="0" />
	<region id="117066" name="Басманный район" type="13" parent="20279" tz_offset="10800" ru_name="Басманный район" uk_name="Басманний район" tr_name="" en_name="Basmanny District" latitude="55.766759" longitude="37.670959" ru_prepositional="Басманном районе" ru_preposition="в" ru_genitive="Басманного района" ru_dative="Басманному району" ru_accusative="Басманный район" ru_instrumental="Басманным районом" chief_region="0" population="109648" />
	<region id="20478" name="Бауманская" type="9" parent="117066" tz_offset="10800" ru_name="Бауманская" uk_name="Бауманська" tr_name="Baumanskaya" en_name="Baumanskaya" latitude="55.772406" longitude="37.679035" ru_prepositional="Бауманской" ru_preposition="на" ru_genitive="Бауманской" ru_dative="Бауманской" ru_accusative="Бауманскую" ru_instrumental="Бауманской" chief_region="0" population="0" />
	<region id="20479" name="Курская" type="9" parent="117066" tz_offset="10800" ru_name="Курская" uk_name="Курська" tr_name="Kurskaya" en_name="Kurskaya" latitude="55.758524" longitude="37.658760" ru_prepositional="Курской" ru_preposition="на" ru_genitive="Курской" ru_dative="Курской" ru_accusative="Курскую" ru_instrumental="Курской" chief_region="0" population="0" />
	<region id="20485" name="Красные ворота" type="9" parent="117066" tz_offset="10800" ru_name="Красные ворота" uk_name="Красні ворота" tr_name="Krasniye Vorota" en_name="Krasniye Vorota" latitude="55.768659" longitude="37.649220" ru_prepositional="Красных воротах" ru_preposition="на" ru_genitive="Красных ворот" ru_dative="Красным Воротам" ru_accusative="Красные ворота" ru_instrumental="Красными воротами" chief_region="0" population="0" />
	<region id="20486" name="Чистые пруды" type="9" parent="117066" tz_offset="10800" ru_name="Чистые пруды" uk_name="Чисті Пруди" tr_name="Chistiye Prudy" en_name="Chistiye Prudy" latitude="55.764794" longitude="37.638683" ru_prepositional="Чистых прудах" ru_preposition="на" ru_genitive="Чистых прудов" ru_dative="Чистым прудам" ru_accusative="Чистые пруды" ru_instrumental="Чистыми прудами" chief_region="0" population="0" />
	<region id="218596" name="станция Курская (МЦД-2)" type="9" parent="117066" tz_offset="10800" ru_name="станция Курская (МЦД-2)" uk_name="" tr_name="" en_name="stantsiya Kurskaya (D2)" latitude="55.758293" longitude="37.662377" ru_prepositional="станции Курская (МЦД-2)" ru_preposition="на" ru_genitive="" ru_dative="" ru_accusative="" ru_instrumental="" chief_region="0" population="0" />
	<region id="117067" name="Замоскворечье" type="13" parent="20279" tz_offset="10800" ru_name="Замоскворечье" uk_name="Замоскворіччя" tr_name="" en_name="Zamoskvorechye" latitude="55.734157" longitude="37.634290" ru_prepositional="Замоскворечье" ru_preposition="в" ru_genitive="Замоскворечья" ru_dative="Замоскворечью" ru_accusative="Замоскворечье" ru_instrumental="Замоскворечьем" chief_region="0" population="58637" />
	<region id="20468" name="Третьяковская" type="9" parent="117067" tz_offset="10800" ru_name="Третьяковская" uk_name="Третьяковська" tr_name="Tretyakovskaya" en_name="Tretyakovskaya" latitude="55.740943" longitude="37.626439" ru_prepositional="Третьяковской" ru_preposition="на" ru_genitive="Третьяковской" ru_dative="Третьяковской" ru_accusative="Третьяковскую" ru_instrumental="Третьяковской" chief_region="0" population="0" />
	<region id="20474" name="Новокузнецкая" type="9" parent="117067" tz_offset="10800" ru_name="Новокузнецкая" uk_name="Новокузнецька" tr_name="Novokuznetskaya" en_name="Novokuznetskaya" latitude="55.741850" longitude="37.629295" ru_prepositional="Новокузнецкой" ru_preposition="на" ru_genitive="Новокузнецкой" ru_dative="Новокузнецкой" ru_accusative="Новокузнецкую" ru_instrumental="Новокузнецкой" chief_region="0" population="0" />
	<region id="20475" name="Павелецкая" type="9" parent="117067" tz_offset="10800" ru_name="Павелецкая" uk_name="Павелецька" tr_name="Paveletskaya" en_name="Paveletskaya" latitude="55.729797" longitude="37.638952" ru_prepositional="Павелецкой" ru_preposition="на" ru_genitive="Павелецкой" ru_dative="Павелецкой" ru_accusative="Павелецкую" ru_instrumental="Павелецкой" chief_region="0" population="0" />
	<region id="20509" name="Серпуховская" type="9" parent="117067" tz_offset="10800" ru_name="Серпуховская" uk_name="Серпуховська" tr_name="Serpukhovskaya" en_name="Serpukhovskaya" latitude="55.726872" longitude="37.624992" ru_prepositional="Серпуховской" ru_preposition="на" ru_genitive="Серпуховской" ru_dative="Серпуховской" ru_accusative="Серпуховскую" ru_instrumental="Серпуховской" chief_region="0" population="0" />
	<region id="20510" name="Добрынинская" type="9" parent="117067" tz_offset="10800" ru_name="Добрынинская" uk_name="Добрининська" tr_name="Dobryninskaya" en_name="Dobryninskaya" latitude="55.729006" longitude="37.622513" ru_prepositional="Добрынинской" ru_preposition="на" ru_genitive="Добрынинской" ru_dative="Добрынинской" ru_accusative="Добрынинскую" ru_instrumental="Добрынинской" chief_region="0" population="0" />
	<region id="117068" name="Красносельский район" type="13" parent="20279" tz_offset="10800" ru_name="Красносельский район" uk_name="Красносельський район" tr_name="" en_name="Krasnoselsky District" latitude="55.778041" longitude="37.654574" ru_prepositional="Красносельском районе" ru_preposition="в" ru_genitive="Красносельского района" ru_dative="Красносельскому району" ru_accusative="Красносельский район" ru_instrumental="Красносельским районом" chief_region="0" population="48104" />
	<region id="20466" name="Тургеневская" type="9" parent="117068" tz_offset="10800" ru_name="Тургеневская" uk_name="Тургенєвська" tr_name="Turgenevskaya" en_name="Turgenevskaya" latitude="55.765235" longitude="37.636751" ru_prepositional="Тургеневской" ru_preposition="на" ru_genitive="Тургеневской" ru_dative="Тургеневской" ru_accusative="Тургеневскую" ru_instrumental="Тургеневской" chief_region="0" population="0" />
	<region id="20483" name="Красносельская" type="9" parent="117068" tz_offset="10800" ru_name="Красносельская" uk_name="Красносельська" tr_name="Krasnoselskaya" en_name="Krasnoselskaya" latitude="55.779818" longitude="37.666225" ru_prepositional="Красносельской" ru_preposition="на" ru_genitive="Красносельской" ru_dative="Красносельской" ru_accusative="Красносельскую" ru_instrumental="Красносельской" chief_region="0" population="0" />
	<region id="20484" name="Комсомольская" type="9" parent="117068" tz_offset="10800" ru_name="Комсомольская" uk_name="Комсомольська" tr_name="Komsomolskaya" en_name="Komsomolskaya" latitude="55.775707" longitude="37.654700" ru_prepositional="Комсомольской" ru_preposition="на" ru_genitive="Комсомольской" ru_dative="Комсомольской" ru_accusative="Комсомольскую" ru_instrumental="Комсомольской" chief_region="0" population="0" />
	<region id="20566" name="Сретенский бульвар" type="9" parent="117068" tz_offset="10800" ru_name="Сретенский бульвар" uk_name="Сретенський бульвар" tr_name="Sretenskiy Bulvarı" en_name="Sretenskiy bulvar" latitude="55.765235" longitude="37.636751" ru_prepositional="Сретенском бульваре" ru_preposition="на" ru_genitive="Сретенского бульвара" ru_dative="Сретенскому бульвару" ru_accusative="Сретенский бульвар" ru_instrumental="Сретенским бульваром" chief_region="0" population="0" />
	<region id="218590" name="станция Каланчёвская (МЦД-2)" type="9" parent="117068" tz_offset="10800" ru_name="станция Каланчёвская (МЦД-2)" uk_name="" tr_name="" en_name="stantsiya Kalanchyovskaya (D2)" latitude="55.776070" longitude="37.651680" ru_prepositional="станции Каланчёвская (МЦД-2)" ru_preposition="на" ru_genitive="" ru_dative="" ru_accusative="" ru_instrumental="" chief_region="0" population="0" />
	<region id="117069" name="Мещанский район" type="13" parent="20279" tz_offset="10800" ru_name="Мещанский район" uk_name="Міщанський район" tr_name="" en_name="Meshchansky District" latitude="55.780066" longitude="37.628801" ru_prepositional="Мещанском районе" ru_preposition="в" ru_genitive="Мещанского района" ru_dative="Мещанскому району" ru_accusative="Мещанский район" ru_instrumental="Мещанским районом" chief_region="0" population="59337" />
	<region id="20463" name="Рижская" type="9" parent="117069" tz_offset="10800" ru_name="Рижская" uk_name="Ризька" tr_name="Rizhskaya" en_name="Rizhskaya" latitude="55.792483" longitude="37.636123" ru_prepositional="Рижской" ru_preposition="на" ru_genitive="Рижской" ru_dative="Рижской" ru_accusative="Рижскую" ru_instrumental="Рижской" chief_region="0" population="0" />
	<region id="20464" name="Проспект Мира" type="9" parent="117069" tz_offset="10800" ru_name="Проспект Мира" uk_name="Проспект Миру" tr_name="Prospekt Mira" en_name="Prospekt Mira" latitude="55.781757" longitude="37.633482" ru_prepositional="Проспекте Мира" ru_preposition="на" ru_genitive="Проспекта Мира" ru_dative="Проспекту Мира" ru_accusative="Проспект Мира" ru_instrumental="Проспектом Мира" chief_region="0" population="0" />
	<region id="20465" name="Сухаревская" type="9" parent="117069" tz_offset="10800" ru_name="Сухаревская" uk_name="Сухаревська" tr_name="Sukharevskaya" en_name="Sukharevskaya" latitude="55.772315" longitude="37.632323" ru_prepositional="Сухаревской" ru_preposition="на" ru_genitive="Сухаревской" ru_dative="Сухаревской" ru_accusative="Сухаревскую" ru_instrumental="Сухаревской" chief_region="0" population="0" />
	<region id="20565" name="Трубная" type="9" parent="117069" tz_offset="10800" ru_name="Трубная" uk_name="Трубна" tr_name="Trubnaya" en_name="Trubnaya" latitude="55.767939" longitude="37.621884" ru_prepositional="Трубной" ru_preposition="на" ru_genitive="Трубной" ru_dative="Трубной" ru_accusative="Трубную" ru_instrumental="Трубной" chief_region="0" population="0" />
	<region id="218575" name="станция Рижская (МЦД-2)" type="9" parent="117069" tz_offset="10800" ru_name="станция Рижская (МЦД-2)" uk_name="" tr_name="" en_name="Rizhskaya Station (D2)" latitude="55.793990" longitude="37.638603" ru_prepositional="станции Рижская (МЦД-2)" ru_preposition="на" ru_genitive="" ru_dative="" ru_accusative="" ru_instrumental="" chief_region="0" population="0" />
	<region id="120538" name="Пресненский район" type="13" parent="20279" tz_offset="10800" ru_name="Пресненский район" uk_name="Пресненський район" tr_name="" en_name="Presnensky District" latitude="55.763432" longitude="37.562389" ru_prepositional="Пресненском районе" ru_preposition="в" ru_genitive="Пресненского района" ru_dative="Пресненскому району" ru_accusative="Пресненский район" ru_instrumental="Пресненским районом" chief_region="0" population="125899" />
	<region id="20499" name="Улица 1905 года" type="9" parent="120538" tz_offset="10800" ru_name="Улица 1905 года" uk_name="Вулиця 1905 року" tr_name="Ulitsa 1905 Goda" en_name="Ulitsa 1905 Goda" latitude="55.764713" longitude="37.561464" ru_prepositional="Улице 1905 года" ru_preposition="на" ru_genitive="Улицы 1905 года" ru_dative="Улице 1905 года" ru_accusative="Улицу 1905 года" ru_instrumental="Улицей 1905 года" chief_region="0" population="0" />
	<region id="20500" name="Баррикадная" type="9" parent="120538" tz_offset="10800" ru_name="Баррикадная" uk_name="Барикадна" tr_name="Barrikadnaya" en_name="Barrikadnaya" latitude="55.760818" longitude="37.581280" ru_prepositional="Баррикадной" ru_preposition="на" ru_genitive="Баррикадной" ru_dative="Баррикадной" ru_accusative="Баррикадную" ru_instrumental="Баррикадной" chief_region="0" population="0" />
	<region id="20511" name="Краснопресненская" type="9" parent="120538" tz_offset="10800" ru_name="Краснопресненская" uk_name="Краснопресненська" tr_name="Krasnopresnenskaya" en_name="Krasnopresnenskaya" latitude="55.760211" longitude="37.577211" ru_prepositional="Краснопресненской" ru_preposition="на" ru_genitive="Краснопресненской" ru_dative="Краснопресненской" ru_accusative="Краснопресненскую" ru_instrumental="Краснопресненской" chief_region="0" population="0" />
	<region id="98559" name="Выставочная" type="9" parent="120538" tz_offset="10800" ru_name="Выставочная" uk_name="Виставочна" tr_name="Vystavochnaya" en_name="Vystovochnaya" latitude="55.750018" longitude="37.541207" ru_prepositional="Деловом центре" ru_preposition="на" ru_genitive="Делового центра" ru_dative="Выставочной" ru_accusative="Выставочную" ru_instrumental="Выставочной" chief_region="0" population="0" />
	<region id="98560" name="Международная" type="9" parent="120538" tz_offset="10800" ru_name="Международная" uk_name="Міжнародна" tr_name="Mejdunarodnaya" en_name="Mejdunarodnaya" latitude="55.748311" longitude="37.534191" ru_prepositional="Международной" ru_preposition="на" ru_genitive="Международной" ru_dative="Международной" ru_accusative="Международную" ru_instrumental="Международной" chief_region="0" population="0" />
	<region id="115085" name="Деловой центр (Калининская)" type="9" parent="120538" tz_offset="10800" ru_name="Деловой центр (Калининская)" uk_name="Діловий центр" tr_name="Delovoy Tsentr" en_name="Delovoy Tsentr" latitude="55.750018" longitude="37.541207" ru_prepositional="Деловом центре" ru_preposition="на" ru_genitive="Делового центра" ru_dative="Деловому центру (Калининская)" ru_accusative="Деловой центр (Калининская)" ru_instrumental="Деловым центром (Калининская)" chief_region="0" population="0" />
	<region id="152947" name="Деловой центр (Московское центральное кольцо)" type="9" parent="120538" tz_offset="10800" ru_name="Деловой центр (Московское центральное кольцо)" uk_name="" tr_name="" en_name="Delovoy Tsentr" latitude="55.747809" longitude="37.531963" ru_prepositional="Деловом центре" ru_preposition="на" ru_genitive="Делового центра" ru_dative="Деловому центру (Московское центральное кольцо)" ru_accusative="Делового центр (Московское центральное кольцо)" ru_instrumental="Деловым центром (Московское центральное кольцо)" chief_region="0" population="0" />
	<region id="152948" name="Шелепиха" type="9" parent="120538" tz_offset="10800" ru_name="Шелепиха" uk_name="" tr_name="" en_name="Shelepikha" latitude="55.756786" longitude="37.526043" ru_prepositional="Шелепихе" ru_preposition="на" ru_genitive="Шелепихи" ru_dative="Шелепихе" ru_accusative="Шелепиху" ru_instrumental="Шелепихой" chief_region="0" population="0" />
	<region id="189453" name="Шелепиха (Большая кольцевая линия)" type="9" parent="120538" tz_offset="10800" ru_name="Шелепиха (Большая кольцевая линия)" uk_name="" tr_name="" en_name="Shelepikha" latitude="55.757116" longitude="37.524067" ru_prepositional="Шелепихе (Большая кольцевая линия)" ru_preposition="в" ru_genitive="Шелепихи (Большая кольцевая линия)" ru_dative="Шелепихе (Большая кольцевая линия)" ru_accusative="Шелепиху (Большая кольцевая линия)" ru_instrumental="Шелепихой (Большая кольцевая линия)" chief_region="0" population="0" />
	<region id="189454" name="Деловой центр (Большая кольцевая линия)" type="9" parent="120538" tz_offset="10800" ru_name="Деловой центр (Большая кольцевая линия)" uk_name="" tr_name="" en_name="Delovoy Tsentr" latitude="55.749025" longitude="37.539904" ru_prepositional="Деловом центре (Большая кольцевая линия)" ru_preposition="на" ru_genitive="Делового центра (Большая кольцевая линия)" ru_dative="Деловому центру (Большая кольцевая линия)" ru_accusative="Деловой центр (Большая кольцевая линия)" ru_instrumental="Деловым центром (Большая кольцевая линия)" chief_region="0" population="0" />
	<region id="218560" name="станция Беговая (МЦД-1)" type="9" parent="120538" tz_offset="10800" ru_name="станция Беговая (МЦД-1)" uk_name="" tr_name="" en_name="Begovaya Station (D1)" latitude="55.773152" longitude="37.549681" ru_prepositional="станции Беговая (МЦД-1)" ru_preposition="на" ru_genitive="" ru_dative="" ru_accusative="" ru_instrumental="" chief_region="0" population="0" />
	<region id="218566" name="станция Тестовская (МЦД-1)" type="9" parent="120538" tz_offset="10800" ru_name="станция Тестовская (МЦД-1)" uk_name="" tr_name="" en_name="Testovskaya Station (D1)" latitude="55.754150" longitude="37.531692" ru_prepositional="станции Тестовская (МЦД-1)" ru_preposition="на" ru_genitive="" ru_dative="" ru_accusative="" ru_instrumental="" chief_region="0" population="0" />
	<region id="120539" name="Таганский район" type="13" parent="20279" tz_offset="10800" ru_name="Таганский район" uk_name="Таганський район" tr_name="" en_name="Tagansky District" latitude="55.740010" longitude="37.666971" ru_prepositional="Таганском районе" ru_preposition="в" ru_genitive="Таганского района" ru_dative="Таганскому району" ru_accusative="Таганский район" ru_instrumental="Таганским районом" chief_region="0" population="119094" />
	<region id="20407" name="Волгоградский проспект" type="9" parent="120539" tz_offset="10800" ru_name="Волгоградский проспект" uk_name="Волгоградський проспект" tr_name="Volgogradskiy Prospekt" en_name="Volgogradskiy Prospekt" latitude="55.724900" longitude="37.687102" ru_prepositional="Волгоградском проспекте" ru_preposition="на" ru_genitive="Волгоградского проспекта" ru_dative="Волгоградскому проспекту" ru_accusative="Волгоградский проспект" ru_instrumental="Волгоградским проспектом" chief_region="0" population="0" />
	<region id="20476" name="Площадь Ильича" type="9" parent="120539" tz_offset="10800" ru_name="Площадь Ильича" uk_name="Площа Ілліча" tr_name="Ploshchad Ilyicha" en_name="Ploshchad Ilyicha" latitude="55.747069" longitude="37.680949" ru_prepositional="Площади Ильича" ru_preposition="на" ru_genitive="Площади Ильича" ru_dative="Площади ильича" ru_accusative="Площадь Ильича" ru_instrumental="Площадью Ильича" chief_region="0" population="0" />
	<region id="20477" name="Марксистская" type="9" parent="120539" tz_offset="10800" ru_name="Марксистская" uk_name="Марксистська" tr_name="Marxistskaya" en_name="Marxistskaya" latitude="55.741303" longitude="37.655957" ru_prepositional="Марксистской" ru_preposition="на" ru_genitive="Марксистской" ru_dative="Марксистской" ru_accusative="Марксистскую" ru_instrumental="Марксистской" chief_region="0" population="0" />
	<region id="20498" name="Таганская" type="9" parent="120539" tz_offset="10800" ru_name="Таганская" uk_name="Таганська" tr_name="Taganskaya" en_name="Taganskaya" latitude="55.739544" longitude="37.652957" ru_prepositional="Таганской" ru_preposition="на" ru_genitive="Таганской" ru_dative="Таганской" ru_accusative="Таганскую" ru_instrumental="Таганской" chief_region="0" population="0" />
	<region id="20503" name="Пролетарская" type="9" parent="120539" tz_offset="10800" ru_name="Пролетарская" uk_name="Пролетарська" tr_name="Proletarskaya" en_name="Proletarskaya" latitude="55.731658" longitude="37.664779" ru_prepositional="Пролетарской" ru_preposition="на" ru_genitive="Пролетарской" ru_dative="Пролетарской" ru_accusative="Пролетарскую" ru_instrumental="Пролетарской" chief_region="0" population="0" />
	<region id="20513" name="Крестьянская застава" type="9" parent="120539" tz_offset="10800" ru_name="Крестьянская застава" uk_name="Селянська застава" tr_name="Krestyanskaya Zastava" en_name="Krestyanskaya Zastava" latitude="55.732448" longitude="37.665066" ru_prepositional="Крестьянской заставе" ru_preposition="на" ru_genitive="Крестьянской заставы" ru_dative="Крестьянской заставе" ru_accusative="Крестьянскую заставу" ru_instrumental="Крестьянской заставой" chief_region="0" population="0" />
	<region id="20514" name="Римская" type="9" parent="120539" tz_offset="10800" ru_name="Римская" uk_name="Римська" tr_name="Rimskaya" en_name="Rimskaya" latitude="55.746228" longitude="37.681236" ru_prepositional="Римской" ru_preposition="на" ru_genitive="Римской" ru_dative="Римской" ru_accusative="Римскую" ru_instrumental="Римской" chief_region="0" population="0" />
	<region id="20515" name="Чкаловская" type="9" parent="120539" tz_offset="10800" ru_name="Чкаловская" uk_name="Чкаловська" tr_name="Chkalovskaya" en_name="Chkalovskaya" latitude="55.755804" longitude="37.657997" ru_prepositional="Чкаловской" ru_preposition="на" ru_genitive="Чкаловской" ru_dative="Чкаловской" ru_accusative="Чкаловскую" ru_instrumental="Чкаловской" chief_region="0" population="0" />
	<region id="120540" name="Тверской район" type="13" parent="20279" tz_offset="10800" ru_name="Тверской район" uk_name="Тверський район" tr_name="" en_name="Tverskoy District" latitude="55.770127" longitude="37.606918" ru_prepositional="Тверском районе" ru_preposition="в" ru_genitive="Тверского района" ru_dative="Тверскому району" ru_accusative="Тверской район" ru_instrumental="Тверским районом" chief_region="0" population="76881" />
	<region id="20467" name="Китай-Город" type="9" parent="120540" tz_offset="10800" ru_name="Китай-Город" uk_name="Китайгород" tr_name="Kitay-Gorod" en_name="Kitay-Gorod" latitude="55.754360" longitude="37.633877" ru_prepositional="Китай-Городе" ru_preposition="на" ru_genitive="Китай-Города" ru_dative="Китай-Городу" ru_accusative="Китай-Город" ru_instrumental="Китай-Городом" chief_region="0" population="0" />
	<region id="20470" name="Белорусская" type="9" parent="120540" tz_offset="10800" ru_name="Белорусская" uk_name="Білоруська" tr_name="Belorusskaya" en_name="Belorusskaya" latitude="55.776775" longitude="37.585251" ru_prepositional="Белорусской" ru_preposition="на" ru_genitive="Белорусской" ru_dative="Белорусской" ru_accusative="Белорусскую" ru_instrumental="Белорусской" chief_region="0" population="0" />
	<region id="20471" name="Маяковская" type="9" parent="120540" tz_offset="10800" ru_name="Маяковская" uk_name="Маяковська" tr_name="Mayakovskaya" en_name="Mayakovskaya" latitude="55.769960" longitude="37.595914" ru_prepositional="Маяковской" ru_preposition="на" ru_genitive="Маяковской" ru_dative="Маяковской" ru_accusative="Маяковскую" ru_instrumental="Маяковской" chief_region="0" population="0" />
	<region id="20472" name="Тверская" type="9" parent="120540" tz_offset="10800" ru_name="Тверская" uk_name="Тверська" tr_name="Tverskaya" en_name="Tverskaya" latitude="55.764455" longitude="37.605939" ru_prepositional="Тверской" ru_preposition="на" ru_genitive="Тверской" ru_dative="Тверской" ru_accusative="Тверскую" ru_instrumental="Тверской" chief_region="0" population="0" />
	<region id="20473" name="Театральная" type="9" parent="120540" tz_offset="10800" ru_name="Театральная" uk_name="Театральна" tr_name="Teatralnaya" en_name="Teatralnaya" latitude="55.757967" longitude="37.619001" ru_prepositional="Театральной" ru_preposition="на" ru_genitive="Театральной" ru_dative="Театральной" ru_accusative="Театральную" ru_instrumental="Театральной" chief_region="0" population="0" />
	<region id="20480" name="Площадь Революции" type="9" parent="120540" tz_offset="10800" ru_name="Площадь Революции" uk_name="Площа Революції" tr_name="Ploshchad Revolyucii" en_name="Ploshchad Revolyucii" latitude="55.756802" longitude="37.622720" ru_prepositional="Площади Революции" ru_preposition="на" ru_genitive="Площади Революции" ru_dative="Площади Революции" ru_accusative="Площадь Революции" ru_instrumental="Площадью Революции" chief_region="0" population="0" />
	<region id="20487" name="Лубянка" type="9" parent="120540" tz_offset="10800" ru_name="Лубянка" uk_name="Луб&#39;янка" tr_name="Lubyanka" en_name="Lubyanka" latitude="55.759456" longitude="37.626789" ru_prepositional="Лубянке" ru_preposition="на" ru_genitive="Лубянки" ru_dative="Лубянке" ru_accusative="Лубянку" ru_instrumental="Лубянкой" chief_region="0" population="0" />
	<region id="20488" name="Охотный ряд" type="9" parent="120540" tz_offset="10800" ru_name="Охотный ряд" uk_name="Охотний ряд" tr_name="Okhotny Ryad" en_name="Okhotny Ryad" latitude="55.756964" longitude="37.615524" ru_prepositional="Охотном ряду" ru_preposition="на" ru_genitive="Охотного ряда" ru_dative="Охотному ряду" ru_accusative="Охотный ряд" ru_instrumental="Охотным рядом" chief_region="0" population="0" />
	<region id="20501" name="Пушкинская" type="9" parent="120540" tz_offset="10800" ru_name="Пушкинская" uk_name="Пушкінська" tr_name="Pushkinskaya" en_name="Pushkinskaya" latitude="55.765747" longitude="37.603900" ru_prepositional="Пушкинской" ru_preposition="на" ru_genitive="Пушкинской" ru_dative="Пушкинской" ru_accusative="Пушкинскую" ru_instrumental="Пушкинской" chief_region="0" population="0" />
	<region id="20502" name="Кузнецкий мост" type="9" parent="120540" tz_offset="10800" ru_name="Кузнецкий мост" uk_name="Кузнецький міст" tr_name="Kuznetsky Most" en_name="Kuznetsky Most" latitude="55.761507" longitude="37.624516" ru_prepositional="Кузнецком мосту" ru_preposition="на" ru_genitive="Кузнецкого моста" ru_dative="Кузнецкому мосту" ru_accusative="Кузнецкий мост" ru_instrumental="Кузнецким мостом" chief_region="0" population="0" />
	<region id="20504" name="Менделеевская" type="9" parent="120540" tz_offset="10800" ru_name="Менделеевская" uk_name="Менделєєвська" tr_name="Mendeleevskaya" en_name="Mendeleevskaya" latitude="55.781818" longitude="37.598690" ru_prepositional="Менделеевской" ru_preposition="на" ru_genitive="Менделеевской" ru_dative="Менделеевской" ru_accusative="Менделеевскую" ru_instrumental="Менделеевской" chief_region="0" population="0" />
	<region id="20505" name="Цветной бульвар" type="9" parent="120540" tz_offset="10800" ru_name="Цветной бульвар" uk_name="Цвітний бульвар" tr_name="Tsvetnoy Bulvar" en_name="Tsvetnoy Bulvar" latitude="55.771616" longitude="37.620986" ru_prepositional="Цветном бульваре" ru_preposition="на" ru_genitive="Цветного бульвара" ru_dative="Цветному бульвару" ru_accusative="Цветной бульвар" ru_instrumental="Цветным бульваром" chief_region="0" population="0" />
	<region id="20506" name="Чеховская" type="9" parent="120540" tz_offset="10800" ru_name="Чеховская" uk_name="Чеховська" tr_name="Chekhovskaya" en_name="Chekhovskaya" latitude="55.765843" longitude="37.608167" ru_prepositional="Чеховской" ru_preposition="на" ru_genitive="Чеховской" ru_dative="Чеховской" ru_accusative="Чеховскую" ru_instrumental="Чеховской" chief_region="0" population="0" />
	<region id="20512" name="Новослободская" type="9" parent="120540" tz_offset="10800" ru_name="Новослободская" uk_name="Новослободська" tr_name="Novoslobodskaya" en_name="Novoslobodskaya" latitude="55.779565" longitude="37.601421" ru_prepositional="Новослободской" ru_preposition="на" ru_genitive="Новослободской" ru_dative="Новослободской" ru_accusative="Новослободскую" ru_instrumental="Новослободской" chief_region="0" population="0" />
	<region id="20563" name="Достоевская" type="9" parent="120540" tz_offset="10800" ru_name="Достоевская" uk_name="Достоєвська" tr_name="Dostoevskaya" en_name="Dostoevskaya" latitude="55.781499" longitude="37.614698" ru_prepositional="Достоевской" ru_preposition="на" ru_genitive="Достоевской" ru_dative="Достоевской" ru_accusative="Достоевскую" ru_instrumental="Достоевской" chief_region="0" population="0" />
	<region id="20564" name="Суворовская" type="-1" parent="120540" tz_offset="10800" ru_name="Суворовская" uk_name="" tr_name="" en_name="Suvorovskaya" latitude="55.779773" longitude="37.616539" ru_prepositional="Суворовской" ru_preposition="на" ru_genitive="Суворовской" ru_dative="Суворовской" ru_accusative="" ru_instrumental="" chief_region="0" population="0" />
	<region id="218568" name="станция Белорусская (МЦД-1)" type="9" parent="120540" tz_offset="10800" ru_name="станция Белорусская (МЦД-1)" uk_name="" tr_name="" en_name="Belorusskaya Station (D1)" latitude="55.776813" longitude="37.580137" ru_prepositional="станции Белорусская (МЦД-1)" ru_preposition="на" ru_genitive="" ru_dative="" ru_accusative="" ru_instrumental="" chief_region="0" population="0" />
	<region id="120542" name="Хамовники" type="13" parent="20279" tz_offset="10800" ru_name="Хамовники" uk_name="Хамовники" tr_name="" en_name="Khamovniki" latitude="55.729077" longitude="37.574813" ru_prepositional="Хамовниках" ru_preposition="в" ru_genitive="Хамовников" ru_dative="Хамовникам" ru_accusative="Хамовники" ru_instrumental="Хамовниками" chief_region="0" population="108766" />
	<region id="20490" name="Парк Культуры" type="9" parent="120542" tz_offset="10800" ru_name="Парк Культуры" uk_name="Парк Культури" tr_name="Kültür Park" en_name="Park Kultury" latitude="55.735819" longitude="37.594683" ru_prepositional="Парке Культуры" ru_preposition="на" ru_genitive="Парка Культуры" ru_dative="Парку Культуры" ru_accusative="Парка Культуры" ru_instrumental="Парком Культуры" chief_region="0" population="0" />
	<region id="20491" name="Фрунзенская" type="9" parent="120542" tz_offset="10800" ru_name="Фрунзенская" uk_name="Фрунзенська" tr_name="Frunzenskaya" en_name="Frunzenskaya" latitude="55.727313" longitude="37.580463" ru_prepositional="Фрунзенской" ru_preposition="на" ru_genitive="Фрунзенской" ru_dative="Фрунзенской" ru_accusative="Фрунзенскую" ru_instrumental="Фрунзенской" chief_region="0" population="0" />
	<region id="20492" name="Спортивная" type="9" parent="120542" tz_offset="10800" ru_name="Спортивная" uk_name="Спортивна" tr_name="Sportivnaya" en_name="Sportivnaya" latitude="55.723247" longitude="37.564105" ru_prepositional="Спортивной" ru_preposition="на" ru_genitive="Спортивной" ru_dative="Спортивной" ru_accusative="Спортивную" ru_instrumental="Спортивной" chief_region="0" population="0" />
	<region id="20494" name="Кропоткинская" type="9" parent="120542" tz_offset="10800" ru_name="Кропоткинская" uk_name="Кропоткінська" tr_name="Kropotkinskaya" en_name="Kropotkinskaya" latitude="55.745068" longitude="37.603487" ru_prepositional="Кропоткинской" ru_preposition="на" ru_genitive="Кропоткинской" ru_dative="Кропоткинской" ru_accusative="Кропоткинскую" ru_instrumental="Кропоткинской" chief_region="0" population="0" />
	<region id="152945" name="Лужники" type="9" parent="120542" tz_offset="10800" ru_name="Лужники" uk_name="" tr_name="" en_name="Luzhniki" latitude="55.720859" longitude="37.560350" ru_prepositional="Лужниках" ru_preposition="на" ru_genitive="Лужников" ru_dative="Лужникам" ru_accusative="Лужники" ru_instrumental="Лужниками" chief_region="0" population="0" />
	<region id="120543" name="Якиманка" type="13" parent="20279" tz_offset="10800" ru_name="Якиманка" uk_name="Якиманка" tr_name="" en_name="Yakimanka" latitude="55.730826" longitude="37.607565" ru_prepositional="Якиманке" ru_preposition="в" ru_genitive="Якиманки" ru_dative="Якиманке" ru_accusative="Якиманку" ru_instrumental="Якиманкой" chief_region="0" population="27589" />
	<region id="20469" name="Октябрьская" type="9" parent="120543" tz_offset="10800" ru_name="Октябрьская" uk_name="Октябрська" tr_name="Oktyabrskaya" en_name="Oktyabrskaya" latitude="55.731065" longitude="37.612461" ru_prepositional="Октябрьской" ru_preposition="на" ru_genitive="Октябрьской" ru_dative="Октябрьской" ru_accusative="Октябрьскую" ru_instrumental="Октябрьской" chief_region="0" population="0" />
	<region id="20508" name="Полянка" type="9" parent="120543" tz_offset="10800" ru_name="Полянка" uk_name="Луб&#39;янка" tr_name="Polyanka" en_name="Polyanka" latitude="55.736807" longitude="37.618471" ru_prepositional="Полянке" ru_preposition="на" ru_genitive="Полянки" ru_dative="Полянке" ru_accusative="Полянку" ru_instrumental="Полянкой" chief_region="0" population="0" />
	<region id="20356" name="Северный административный округ" type="8" parent="213" tz_offset="10800" ru_name="Северный административный округ" uk_name="Північний адміністративний округ (ПАО)" tr_name="Kuzey İdari Bölgesi" en_name="Northern Administrative District" latitude="55.838384" longitude="37.525765" ru_prepositional="Северном административном округе" ru_preposition="в" ru_genitive="Северного административного округа" ru_dative="Северному административному округу" ru_accusative="Северный административный округ" ru_instrumental="Северным административным округом" chief_region="0" population="1176611" />
	<region id="117015" name="Бескудниковский район" type="13" parent="20356" tz_offset="10800" ru_name="Бескудниковский район" uk_name="Бескудниковський район" tr_name="" en_name="Beskudnikovsky District" latitude="55.870056" longitude="37.551636" ru_prepositional="Бескудниковском районе" ru_preposition="в" ru_genitive="Бескудниковского района" ru_dative="Бескудниковскому району" ru_accusative="Бескудниковский район" ru_instrumental="Бескудниковским районом" chief_region="0" population="77684" />
	<region id="189449" name="Селигерская" type="9" parent="117015" tz_offset="10800" ru_name="Селигерская" uk_name="" tr_name="" en_name="Seligerskaya" latitude="55.866556" longitude="37.547117" ru_prepositional="Селигерской" ru_preposition="на" ru_genitive="Селигерской" ru_dative="Селигерской" ru_accusative="Селигерскую" ru_instrumental="Селигерской" chief_region="0" population="0" />
	<region id="189450" name="Верхние Лихоборы" type="9" parent="117015" tz_offset="10800" ru_name="Верхние Лихоборы" uk_name="" tr_name="" en_name="Verkhniye Likhobory" latitude="55.856038" longitude="37.561140" ru_prepositional="Верхних Лихоборах" ru_preposition="на" ru_genitive="Верхних Лихоборы" ru_dative="Верхним Лихоборы" ru_accusative="Верхних Лихоборы" ru_instrumental="Верхними Лихоборы" chief_region="0" population="0" />
	<region id="117016" name="Аэропорт" type="13" parent="20356" tz_offset="10800" ru_name="Аэропорт" uk_name="Аеропорт" tr_name="" en_name="Aeroport" latitude="55.803312" longitude="37.542599" ru_prepositional="Аэропорту" ru_preposition="в" ru_genitive="Аэропорта" ru_dative="Аэропорту" ru_accusative="Аэропорт" ru_instrumental="Аэропортом" chief_region="0" population="78893" />
	<region id="20373" name="Аэропорт" type="9" parent="117016" tz_offset="10800" ru_name="Аэропорт" uk_name="Аеропорт" tr_name="Havaalanı" en_name="Aeroport" latitude="55.800979" longitude="37.531765" ru_prepositional="Аэропорту" ru_preposition="на" ru_genitive="Аэропорта" ru_dative="Аэропорту" ru_accusative="Аэропорт" ru_instrumental="Аэропортом" chief_region="0" population="0" />
	<region id="20558" name="Динамо" type="9" parent="117016" tz_offset="10800" ru_name="Динамо" uk_name="Динамо" tr_name="Dinamo" en_name="Dinamo" latitude="55.789704" longitude="37.558212" ru_prepositional="Динамо" ru_preposition="на" ru_genitive="Динамо" ru_dative="Динамо" ru_accusative="Динамо" ru_instrumental="Динамо" chief_region="0" population="0" />
	<region id="189451" name="Петровский парк" type="9" parent="117016" tz_offset="10800" ru_name="Петровский парк" uk_name="" tr_name="" en_name="Petrovsky park" latitude="55.791957" longitude="37.557322" ru_prepositional="Петровском парке" ru_preposition="в" ru_genitive="Петровского парка" ru_dative="Петровскому парку" ru_accusative="Петровский парк" ru_instrumental="Петровским парком" chief_region="0" population="0" />
	<region id="218561" name="станция Красный Балтиец (МЦД-2)" type="9" parent="117016" tz_offset="10800" ru_name="станция Красный Балтиец (МЦД-2)" uk_name="" tr_name="" en_name="Krasniy Baltiyets Station (D2)" latitude="55.815483" longitude="37.526625" ru_prepositional="станции Красный Балтиец (МЦД-2)" ru_preposition="на" ru_genitive="" ru_dative="" ru_accusative="" ru_instrumental="" chief_region="0" population="0" />
	<region id="117017" name="Беговой" type="13" parent="20356" tz_offset="10800" ru_name="Беговой" uk_name="Біговий" tr_name="" en_name="Begovoy" latitude="55.783929" longitude="37.578002" ru_prepositional="Беговом" ru_preposition="в" ru_genitive="Бегового" ru_dative="Беговому" ru_accusative="Беговой" ru_instrumental="Беговым" chief_region="0" population="42579" />
	<region id="117018" name="Сокол" type="13" parent="20356" tz_offset="10800" ru_name="Сокол" uk_name="Сокол" tr_name="" en_name="Sokol" latitude="55.805938" longitude="37.504376" ru_prepositional="Соколе" ru_preposition="в" ru_genitive="Сокола" ru_dative="Соколу" ru_accusative="Сокол" ru_instrumental="Соколом" chief_region="0" population="59057" />
	<region id="20372" name="Сокол" type="9" parent="117018" tz_offset="10800" ru_name="Сокол" uk_name="Сокол" tr_name="Sokol" en_name="Sokol" latitude="55.805042" longitude="37.514787" ru_prepositional="Соколе" ru_preposition="на" ru_genitive="Сокола" ru_dative="Соколу" ru_accusative="Сокол" ru_instrumental="Соколом" chief_region="0" population="13400" />
	<region id="152920" name="Панфиловская" type="9" parent="117018" tz_offset="10800" ru_name="Панфиловская" uk_name="" tr_name="" en_name="Panfilovskaya" latitude="55.798019" longitude="37.499821" ru_prepositional="Панфиловской" ru_preposition="на" ru_genitive="Панфиловской" ru_dative="Панфиловской" ru_accusative="Панфиловскую" ru_instrumental="Панфиловской" chief_region="0" population="0" />
	<region id="218574" name="станция Стрешнево (МЦД-2)" type="9" parent="117018" tz_offset="10800" ru_name="станция Стрешнево (МЦД-2)" uk_name="" tr_name="" en_name="Streshnevo Station (D2)" latitude="55.815212" longitude="37.490008" ru_prepositional="станции Стрешнево (МЦД-2)" ru_preposition="на" ru_genitive="" ru_dative="" ru_accusative="" ru_instrumental="" chief_region="0" population="0" />
	<region id="117019" name="Войковский район" type="13" parent="20356" tz_offset="10800" ru_name="Войковский район" uk_name="Войковський район" tr_name="" en_name="Voykovsky District" latitude="55.827247" longitude="37.497342" ru_prepositional="Войковском районе" ru_preposition="в" ru_genitive="Войковского района" ru_dative="Войковскому району" ru_accusative="Войковский район" ru_instrumental="Войковским районом" chief_region="0" population="68738" />
	<region id="20371" name="Войковская" type="9" parent="117019" tz_offset="10800" ru_name="Войковская" uk_name="Войковська" tr_name="Voikovskaya" en_name="Voikovskaya" latitude="55.818923" longitude="37.497791" ru_prepositional="Войковской" ru_preposition="на" ru_genitive="Войковской" ru_dative="Войковской" ru_accusative="Войковскую" ru_instrumental="Войковской" chief_region="0" population="0" />
	<region id="152922" name="Балтийская" type="9" parent="117019" tz_offset="10800" ru_name="Балтийская" uk_name="" tr_name="" en_name="Baltiyskaya" latitude="55.825148" longitude="37.494728" ru_prepositional="Балтийской" ru_preposition="на" ru_genitive="Балтийской" ru_dative="Балтийской" ru_accusative="Балтийскую" ru_instrumental="Балтийской" chief_region="0" population="0" />
	<region id="117020" name="Восточное Дегунино" type="13" parent="20356" tz_offset="10800" ru_name="Восточное Дегунино" uk_name="Східне Дегуніно" tr_name="" en_name="Vostochnoye Degunino" latitude="55.884277" longitude="37.558841" ru_prepositional="Восточном Дегунино" ru_preposition="в" ru_genitive="Восточного Дегунино" ru_dative="Восточному Дегунино" ru_accusative="Восточное Дегунино" ru_instrumental="Восточным Дегунино" chief_region="0" population="98864" />
	<region id="218551" name="станция Дегунино (МЦД-1)" type="9" parent="117020" tz_offset="10800" ru_name="станция Дегунино (МЦД-1)" uk_name="" tr_name="" en_name="Degunino Station (D1)" latitude="55.865581" longitude="37.573236" ru_prepositional="станции Дегунино (МЦД-1)" ru_preposition="на" ru_genitive="" ru_dative="" ru_accusative="" ru_instrumental="" chief_region="0" population="0" />
	<region id="218572" name="станция Бескудниково (МЦД-1)" type="9" parent="117020" tz_offset="10800" ru_name="станция Бескудниково (МЦД-1)" uk_name="" tr_name="" en_name="Beskudnikovo Station (D1)" latitude="55.882186" longitude="37.567694" ru_prepositional="станции Бескудниково (МЦД-1)" ru_preposition="на" ru_genitive="" ru_dative="" ru_accusative="" ru_instrumental="" chief_region="0" population="0" />
	<region id="117021" name="Головинский район" type="13" parent="20356" tz_offset="10800" ru_name="Головинский район" uk_name="Головінський район" tr_name="" en_name="Golovinsky District" latitude="55.849519" longitude="37.512272" ru_prepositional="Головинском районе" ru_preposition="в" ru_genitive="Головинского района" ru_dative="Головинскому району" ru_accusative="Головинский район" ru_instrumental="Головинским районом" chief_region="0" population="102997" />
	<region id="20370" name="Водный стадион" type="9" parent="117021" tz_offset="10800" ru_name="Водный стадион" uk_name="Водний стадіон" tr_name="Vodniy Stadion" en_name="Vodniy Stadion" latitude="55.839881" longitude="37.486769" ru_prepositional="Водном стадионе" ru_preposition="на" ru_genitive="Водного стадиона" ru_dative="Водному стадиону" ru_accusative="Водный стадион" ru_instrumental="Водным стадионом" chief_region="0" population="0" />
	<region id="117022" name="Дмитровский район" type="13" parent="20356" tz_offset="10800" ru_name="Дмитровский район" uk_name="Дмитровський район" tr_name="" en_name="Dmitrovsky District" latitude="55.891027" longitude="37.528630" ru_prepositional="Дмитровском районе" ru_preposition="в" ru_genitive="Дмитровского района" ru_dative="Дмитровскому району" ru_accusative="Дмитровский район" ru_instrumental="Дмитровским районом" chief_region="0" population="91381" />
	<region id="117023" name="Западное Дегунино" type="13" parent="20356" tz_offset="10800" ru_name="Западное Дегунино" uk_name="Західне Дегуніно" tr_name="" en_name="Zapadnoye Degunino" latitude="55.872157" longitude="37.518937" ru_prepositional="Западном Дегунино" ru_preposition="в" ru_genitive="Западного Дегунино" ru_dative="Западному Дегунино" ru_accusative="Западное Дегунино" ru_instrumental="Западным Дегунино" chief_region="0" population="83262" />
	<region id="117024" name="Коптево" type="13" parent="20356" tz_offset="10800" ru_name="Коптево" uk_name="Коптєво" tr_name="" en_name="Koptevo" latitude="55.832515" longitude="37.529043" ru_prepositional="Коптево" ru_preposition="в" ru_genitive="Коптево" ru_dative="Коптево" ru_accusative="Коптево" ru_instrumental="Коптево" chief_region="0" population="100642" />
	<region id="152923" name="Коптево" type="9" parent="117024" tz_offset="10800" ru_name="Коптево" uk_name="" tr_name="" en_name="Koptevo" latitude="55.840452" longitude="37.521417" ru_prepositional="Коптево" ru_preposition="на" ru_genitive="Коптево" ru_dative="Коптево" ru_accusative="Коптево" ru_instrumental="Коптево" chief_region="0" population="0" />
	<region id="152924" name="Лихоборы" type="9" parent="117024" tz_offset="10800" ru_name="Лихоборы" uk_name="" tr_name="" en_name="Likhobory" latitude="55.847669" longitude="37.553037" ru_prepositional="Лихоборах" ru_preposition="на" ru_genitive="Лихоборов" ru_dative="Лихоборам" ru_accusative="Лихоборов" ru_instrumental="Лихоборами" chief_region="0" population="0" />
	<region id="117025" name="Левобережный" type="13" parent="20356" tz_offset="10800" ru_name="Левобережный" uk_name="Лівобережний" tr_name="" en_name="Levoberezhny" latitude="55.865419" longitude="37.465937" ru_prepositional="Левобережном" ru_preposition="в" ru_genitive="Левобережного" ru_dative="Левобережному" ru_accusative="Левобережный" ru_instrumental="Левобережным" chief_region="0" population="53010" />
	<region id="20369" name="Речной вокзал" type="9" parent="117025" tz_offset="10800" ru_name="Речной вокзал" uk_name="Річковий вокзал" tr_name="Rechnoy Vokzal" en_name="Rechnoy Vokzal" latitude="55.854891" longitude="37.476231" ru_prepositional="Речном вокзале" ru_preposition="на" ru_genitive="Речного вокзала" ru_dative="Речному вокзалу" ru_accusative="Речной вокзал" ru_instrumental="Речным вокзалом" chief_region="0" population="0" />
	<region id="215102" name="Беломорская" type="9" parent="117025" tz_offset="10800" ru_name="Беломорская" uk_name="" tr_name="" en_name="Belomorskaya" latitude="55.865369" longitude="37.475692" ru_prepositional="Беломорской" ru_preposition="на" ru_genitive="Беломорской" ru_dative="Беломорской" ru_accusative="Беломорскую" ru_instrumental="Беломорской" chief_region="0" population="0" />
	<region id="117026" name="Молжаниновский район" type="13" parent="20356" tz_offset="10800" ru_name="Молжаниновский район" uk_name="Молжаніновський район" tr_name="" en_name="Molzhaninovsky District" latitude="55.936812" longitude="37.380237" ru_prepositional="Молжаниновском районе" ru_preposition="в" ru_genitive="Молжаниновского района" ru_dative="Молжаниновскому району" ru_accusative="Молжаниновский район" ru_instrumental="Молжаниновским районом" chief_region="0" population="5206" />
	<region id="117027" name="Савёловский район" type="13" parent="20356" tz_offset="10800" ru_name="Савёловский район" uk_name="Савьоловський район" tr_name="" en_name="Savyolovsky District" latitude="55.799694" longitude="37.570914" ru_prepositional="Савёловском районе" ru_preposition="в" ru_genitive="Савёловского района" ru_dative="Савёловскому району" ru_accusative="Савёловский район" ru_instrumental="Савёловским районом" chief_region="0" population="59004" />
	<region id="215103" name="Савёловская (Большая кольцевая)" type="9" parent="117027" tz_offset="10800" ru_name="Савёловская (Большая кольцевая)" uk_name="" tr_name="" en_name="Savelovskaya (Bolshaya Koltcevaya)" latitude="55.792807" longitude="37.586122" ru_prepositional="Савеловской (Большая кольцевая)" ru_preposition="на" ru_genitive="Савеловской (Большая кольцевая)" ru_dative="Савеловской (Большая кольцевая)" ru_accusative="Савеловскую (Большая кольцевая)" ru_instrumental="Савеловской (Большая кольцевая)" chief_region="0" population="0" />
	<region id="218582" name="станция Гражданская (МЦД-2)" type="9" parent="117027" tz_offset="10800" ru_name="станция Гражданская (МЦД-2)" uk_name="" tr_name="" en_name="Grazhdanskaya Station (D2)" latitude="55.805484" longitude="37.553323" ru_prepositional="станции Гражданская (МЦД-2)" ru_preposition="на" ru_genitive="" ru_dative="" ru_accusative="" ru_instrumental="" chief_region="0" population="0" />
	<region id="218595" name="станция Дмитровская (МЦД-2)" type="9" parent="117027" tz_offset="10800" ru_name="станция Дмитровская (МЦД-2)" uk_name="" tr_name="" en_name="Dmitrovskaya Station (D2)" latitude="55.807881" longitude="37.578090" ru_prepositional="станции Дмитровская (МЦД-2)" ru_preposition="на" ru_genitive="" ru_dative="" ru_accusative="" ru_instrumental="" chief_region="0" population="0" />
	<region id="117028" name="Тимирязевский район" type="13" parent="20356" tz_offset="10800" ru_name="Тимирязевский район" uk_name="Тимірязєвський район" tr_name="" en_name="Timiryazevsky District" latitude="55.825527" longitude="37.557071" ru_prepositional="Тимирязевском районе" ru_preposition="в" ru_genitive="Тимирязевского района" ru_dative="Тимирязевскому району" ru_accusative="Тимирязевский район" ru_instrumental="Тимирязевским районом" chief_region="0" population="83299" />
	<region id="20376" name="Петровско-Разумовская" type="9" parent="117028" tz_offset="10800" ru_name="Петровско-Разумовская" uk_name="Петровсько-Разумовська" tr_name="Petrovsko-Razumovskaya" en_name="Petrovsko-Razumovskaya" latitude="55.836398" longitude="37.575684" ru_prepositional="Петровско-Разумовской" ru_preposition="на" ru_genitive="Петровско-Разумовской" ru_dative="Петровско-Разумовской" ru_accusative="Петровско-Разумовской" ru_instrumental="Петровско-Разумовской" chief_region="0" population="0" />
	<region id="20377" name="Тимирязевская" type="9" parent="117028" tz_offset="10800" ru_name="Тимирязевская" uk_name="Тімірязєвська" tr_name="Timiryazevskaya" en_name="Timiryazevskaya" latitude="55.819044" longitude="37.575486" ru_prepositional="Тимирязевской" ru_preposition="на" ru_genitive="Тимирязевской" ru_dative="Тимирязевской" ru_accusative="Тимирязевскую" ru_instrumental="Тимирязевской" chief_region="0" population="0" />
	<region id="152925" name="Окружная" type="9" parent="117028" tz_offset="10800" ru_name="Окружная" uk_name="" tr_name="" en_name="Okruzhnaya" latitude="55.848675" longitude="37.572477" ru_prepositional="Окружной" ru_preposition="на" ru_genitive="Окружной" ru_dative="Окружной" ru_accusative="Окружную" ru_instrumental="Окружной" chief_region="0" population="0" />
	<region id="189455" name="Окружная (Люблинско-Дмитровская линия)" type="9" parent="117028" tz_offset="10800" ru_name="Окружная (Люблинско-Дмитровская линия)" uk_name="" tr_name="" en_name="Okrushchnaya" latitude="55.844748" longitude="37.575531" ru_prepositional="Окружной (Люблинско-Дмитровская линия)" ru_preposition="на" ru_genitive="Окружной (Люблинско-Дмитровская линия)" ru_dative="Окружной (Люблинско-Дмитровская линия)" ru_accusative="Окружную (Люблинско-Дмитровская линия)" ru_instrumental="Окружной (Люблинско-Дмитровская линия)" chief_region="0" population="0" />
	<region id="117029" name="Ховрино" type="13" parent="20356" tz_offset="10800" ru_name="Ховрино" uk_name="Ховріно" tr_name="" en_name="Khovrino" latitude="55.869041" longitude="37.489491" ru_prepositional="Ховрино" ru_preposition="в" ru_genitive="Ховрино" ru_dative="Ховрино" ru_accusative="Ховрино" ru_instrumental="Ховрино" chief_region="0" population="84384" />
	<region id="187151" name="Ховрино" type="9" parent="117029" tz_offset="10800" ru_name="Ховрино" uk_name="" tr_name="" en_name="Khovrino" latitude="55.878273" longitude="37.480768" ru_prepositional="Ховрино" ru_preposition="на" ru_genitive="Ховрино" ru_dative="Ховрино" ru_accusative="Ховрино" ru_instrumental="Ховрино" chief_region="0" population="0" />
	<region id="117030" name="Хорошёвский район" type="13" parent="20356" tz_offset="10800" ru_name="Хорошёвский район" uk_name="Хорошовський район" tr_name="" en_name="Khoroshyovsky District" latitude="55.782289" longitude="37.528208" ru_prepositional="Хорошёвском районе" ru_preposition="в" ru_genitive="Хорошёвского район" ru_dative="Хорошёвскому району" ru_accusative="Хорошёвский район" ru_instrumental="Хорошёвским районом" chief_region="0" population="65227" />
	<region id="20374" name="Полежаевская" type="9" parent="117030" tz_offset="10800" ru_name="Полежаевская" uk_name="Полежаєвська" tr_name="Polezhaevskaya" en_name="Polezhaevskaya" latitude="55.776862" longitude="37.520797" ru_prepositional="Полежаевской" ru_preposition="на" ru_genitive="Полежаевской" ru_dative="Полежаевской" ru_accusative="Полежаевскую" ru_instrumental="Полежаевской" chief_region="0" population="0" />
	<region id="20375" name="Беговая" type="9" parent="117030" tz_offset="10800" ru_name="Беговая" uk_name="Бігова" tr_name="Begovaya" en_name="Begovaya" latitude="55.773464" longitude="37.547279" ru_prepositional="Беговой" ru_preposition="на" ru_genitive="Беговой" ru_dative="Беговой" ru_accusative="Беговую" ru_instrumental="Беговой" chief_region="0" population="0" />
	<region id="152918" name="Хорошёво" type="9" parent="117030" tz_offset="10800" ru_name="Хорошёво" uk_name="" tr_name="" en_name="Khoroshyovo" latitude="55.786602" longitude="37.533301" ru_prepositional="Хорошёво" ru_preposition="на" ru_genitive="Хорошёво" ru_dative="Хорошево" ru_accusative="Хорошево" ru_instrumental="Хорошево" chief_region="0" population="0" />
	<region id="152919" name="Зорге" type="9" parent="117030" tz_offset="10800" ru_name="Зорге" uk_name="" tr_name="" en_name="Zorge" latitude="55.789153" longitude="37.504214" ru_prepositional="Зорге" ru_preposition="на" ru_genitive="Зорге" ru_dative="Зорге" ru_accusative="Зорге" ru_instrumental="Зорге" chief_region="0" population="0" />
	<region id="189452" name="Хорошёвская" type="9" parent="117030" tz_offset="10800" ru_name="Хорошёвская" uk_name="" tr_name="" en_name="Khoroshevskaya" latitude="55.776862" longitude="37.520797" ru_prepositional="Хорошевской" ru_preposition="на" ru_genitive="Хорошевской" ru_dative="Хорошевской" ru_accusative="Хорошевскую" ru_instrumental="Хорошевской" chief_region="0" population="0" />
	<region id="189492" name="ЦСКА" type="9" parent="117030" tz_offset="10800" ru_name="ЦСКА" uk_name="" tr_name="" en_name="CSKA" latitude="55.786602" longitude="37.533301" ru_prepositional="ЦСКА" ru_preposition="на" ru_genitive="ЦСКА" ru_dative="ЦСКА" ru_accusative="ЦСКА" ru_instrumental="ЦСКА" chief_region="0" population="0" />
	<region id="20357" name="Северо-восточный административный округ" type="8" parent="213" tz_offset="10800" ru_name="Северо-восточный административный округ" uk_name="Північно-східний адміністративний округ (ПСАО)" tr_name="Kuzeydoğu İdari Bölgesi" en_name="North-Eastern Administrative District" latitude="55.863833" longitude="37.620366" ru_prepositional="Северо-восточном административном округе" ru_preposition="в" ru_genitive="Северо-восточного административного округа" ru_dative="Северо-восточному административному округу" ru_accusative="Северо-восточный административный округ" ru_instrumental="Северо-восточным административным округом" chief_region="0" population="1423956" />
	<region id="117031" name="Алексеевский район" type="13" parent="20357" tz_offset="10800" ru_name="Алексеевский район" uk_name="Олексіївський район" tr_name="" en_name="Alexeyevsky District" latitude="55.812949" longitude="37.650163" ru_prepositional="Алексеевском районе" ru_preposition="в" ru_genitive="Алексеевского района" ru_dative="Алексеевскому району" ru_accusative="Алексеевский район" ru_instrumental="Алексеевским районом" chief_region="0" population="79762" />
	<region id="20384" name="ВДНХ" type="9" parent="117031" tz_offset="10800" ru_name="ВДНХ" uk_name="ВДНГ" tr_name="VDNKh" en_name="VDNKh" latitude="55.821097" longitude="37.641036" ru_prepositional="ВДНХ" ru_preposition="на" ru_genitive="ВДНХ" ru_dative="ВДНХ" ru_accusative="ВДНХ" ru_instrumental="ВДНХ" chief_region="0" population="0" />
	<region id="20389" name="Алексеевская" type="9" parent="117031" tz_offset="10800" ru_name="Алексеевская" uk_name="Алексєєвська" tr_name="Alekseevskaya" en_name="Alekseevskaya" latitude="55.807800" longitude="37.638737" ru_prepositional="Алексеевской" ru_preposition="на" ru_genitive="Алексеевской" ru_dative="Алексеевской" ru_accusative="Алексеевскую" ru_instrumental="Алексеевской" chief_region="0" population="0" />
	<region id="117032" name="Алтуфьевский район" type="13" parent="20357" tz_offset="10800" ru_name="Алтуфьевский район" uk_name="Алтуф&#39;євський район" tr_name="" en_name="Altufyevsky District" latitude="55.879849" longitude="37.582278" ru_prepositional="Алтуфьевском районе" ru_preposition="в" ru_genitive="Алтуфьевского района" ru_dative="Алтуфьевскому району" ru_accusative="Алтуфьевский район" ru_instrumental="Алтуфьевским районом" chief_region="0" population="56811" />
	<region id="20378" name="Алтуфьево" type="9" parent="117032" tz_offset="10800" ru_name="Алтуфьево" uk_name="Алтуф&#39;єво" tr_name="Altufievo" en_name="Altufyevo" latitude="55.898200" longitude="37.587362" ru_prepositional="Алтуфьево" ru_preposition="на" ru_genitive="Алтуфьево" ru_dative="Алтуфьево" ru_accusative="Алтуфьево" ru_instrumental="Алтуфьево" chief_region="0" population="0" />
	<region id="117033" name="Бабушкинский район" type="13" parent="20357" tz_offset="10800" ru_name="Бабушкинский район" uk_name="Бабушкінський район" tr_name="" en_name="Babushkinsky District" latitude="55.867081" longitude="37.665812" ru_prepositional="Бабушкинском районе" ru_preposition="в" ru_genitive="Бабушкинского района" ru_dative="Бабушкинскому району" ru_accusative="Бабушкинский район" ru_instrumental="Бабушкинским районом" chief_region="0" population="87594" />
	<region id="20386" name="Бабушкинская" type="9" parent="117033" tz_offset="10800" ru_name="Бабушкинская" uk_name="Бабушкинська" tr_name="Babushkinskaya" en_name="Babushkinskaya" latitude="55.869556" longitude="37.664464" ru_prepositional="Бабушкинской" ru_preposition="на" ru_genitive="Бабушкинской" ru_dative="Бабушкинской" ru_accusative="Бабушкинскую" ru_instrumental="Бабушкинской" chief_region="0" population="0" />
	<region id="117034" name="Бибирево" type="13" parent="20357" tz_offset="10800" ru_name="Бибирево" uk_name="Бібірево" tr_name="" en_name="Bibirevo" latitude="55.895015" longitude="37.607691" ru_prepositional="Бибирево" ru_preposition="в" ru_genitive="Бибирево" ru_dative="Бибирево" ru_accusative="Бибирево" ru_instrumental="Бибирево" chief_region="0" population="159067" />
	<region id="20379" name="Бибирево" type="9" parent="117034" tz_offset="10800" ru_name="Бибирево" uk_name="Бібірєво" tr_name="Bibirevo" en_name="Bibirevo" latitude="55.883868" longitude="37.603011" ru_prepositional="Бибирево" ru_preposition="на" ru_genitive="Бибирево" ru_dative="Бибирево" ru_accusative="Бибирево" ru_instrumental="Бибиревом" chief_region="0" population="0" />
	<region id="117035" name="Бутырский район" type="13" parent="20357" tz_offset="10800" ru_name="Бутырский район" uk_name="Бутирський район" tr_name="" en_name="Butyrsky District" latitude="55.814123" longitude="37.589204" ru_prepositional="Бутырском районе" ru_preposition="в" ru_genitive="Бутырского района" ru_dative="Бутырскому району" ru_accusative="Бутырский район" ru_instrumental="Бутырским районом" chief_region="0" population="70316" />
	<region id="20382" name="Дмитровская" type="9" parent="117035" tz_offset="10800" ru_name="Дмитровская" uk_name="Дмитровська" tr_name="Dmitrovskaya" en_name="Dmitrovskaya" latitude="55.807881" longitude="37.580831" ru_prepositional="Дмитровской" ru_preposition="на" ru_genitive="Дмитровской" ru_dative="Дмитровской" ru_accusative="Дмитровскую" ru_instrumental="Дмитровской" chief_region="0" population="0" />
	<region id="20383" name="Савеловская (Серпуховско-Тимирязевская)" type="9" parent="117035" tz_offset="10800" ru_name="Савеловская (Серпуховско-Тимирязевская)" uk_name="Савеловська" tr_name="Savyolovskaya" en_name="Savyolovskaya (Serpukhovo-Timiryazevskaya)" latitude="55.793794" longitude="37.588018" ru_prepositional="Савеловской (Серпуховско-Тимирязевская)" ru_preposition="на" ru_genitive="Савеловской (Серпуховско-Тимирязевская)" ru_dative="Савеловской (Серпуховско-Тимирязевская)" ru_accusative="Савеловскую (Серпуховско-Тимирязевская)" ru_instrumental="Савеловской (Серпуховско-Тимирязевская)" chief_region="0" population="0" />
	<region id="103546" name="Улица Милашенкова" type="14" parent="117035" tz_offset="10800" ru_name="Улица Милашенкова" uk_name="Вулиця Мілашенкова" tr_name="Ulitsa Milashenkova" en_name="Ulitsa Milashenkova" latitude="55.821876" longitude="37.591207" ru_prepositional="Улице Милашенкова" ru_preposition="на" ru_genitive="Улицы Милашенкова" ru_dative="Улице Милашенкова" ru_accusative="Улицу Милашенкова" ru_instrumental="Улицей Милашенкова" chief_region="0" population="0" />
	<region id="103547" name="Тимирязевская (монорельс)" type="14" parent="117035" tz_offset="10800" ru_name="Тимирязевская (монорельс)" uk_name="Тимірязєвська (монорельс)" tr_name="Timiryazevskaya" en_name="Timiryazevskaya" latitude="55.819049" longitude="37.578882" ru_prepositional="Тимирязевской" ru_preposition="на" ru_genitive="Тимирязевской" ru_dative="Тимирязевскую" ru_accusative="Тимирязевскую (монорельс)" ru_instrumental="Тимирязевской (монорельс)" chief_region="0" population="0" />
	<region id="153101" name="Бутырская" type="9" parent="117035" tz_offset="10800" ru_name="Бутырская" uk_name="" tr_name="" en_name="Butyrskaya" latitude="55.813394" longitude="37.602481" ru_prepositional="Бутырской" ru_preposition="на" ru_genitive="Бутырской" ru_dative="Бутырской" ru_accusative="Бутырскую" ru_instrumental="Бутырской" chief_region="0" population="0" />
	<region id="153102" name="Фонвизинская" type="9" parent="117035" tz_offset="10800" ru_name="Фонвизинская" uk_name="Фонвізінська" tr_name="" en_name="Fonvizinskaya" latitude="55.822888" longitude="37.587344" ru_prepositional="Фонвизинской" ru_preposition="на" ru_genitive="Фонвизинской" ru_dative="Фонвизинской" ru_accusative="Фонвизинскую" ru_instrumental="Фонвизинской" chief_region="0" population="0" />
	<region id="218580" name="станция Тимирязевская (МЦД-1)" type="9" parent="117035" tz_offset="10800" ru_name="станция Тимирязевская (МЦД-1)" uk_name="" tr_name="" en_name="Timiryazevskaya Station (D1)" latitude="55.819562" longitude="37.575773" ru_prepositional="станции Тимирязевская (МЦД-1)" ru_preposition="на" ru_genitive="" ru_dative="" ru_accusative="" ru_instrumental="" chief_region="0" population="0" />
	<region id="218589" name="станция Савёловская (МЦД-1)" type="9" parent="117035" tz_offset="10800" ru_name="станция Савёловская (МЦД-1)" uk_name="" tr_name="" en_name="Savyolovskaya Station (D1)" latitude="55.795363" longitude="37.589157" ru_prepositional="станции Савёловская (МЦД-1)" ru_preposition="на" ru_genitive="" ru_dative="" ru_accusative="" ru_instrumental="" chief_region="0" population="0" />
	<region id="117036" name="Лианозово" type="13" parent="20357" tz_offset="10800" ru_name="Лианозово" uk_name="Ліанозово" tr_name="" en_name="Lianozovo" latitude="55.898487" longitude="37.570007" ru_prepositional="Лианозово" ru_preposition="в" ru_genitive="Лианозово" ru_dative="Лианозово" ru_accusative="Лианозово" ru_instrumental="Лианозово" chief_region="0" population="85837" />
	<region id="218542" name="станция Лианозово (МЦД-1)" type="9" parent="117036" tz_offset="10800" ru_name="станция Лианозово (МЦД-1)" uk_name="" tr_name="" en_name="Lianozovo Station (D1)" latitude="55.897197" longitude="37.553588" ru_prepositional="станции Лианозово (МЦД-1)" ru_preposition="на" ru_genitive="" ru_dative="" ru_accusative="" ru_instrumental="" chief_region="0" population="0" />
	<region id="218588" name="станция Марк (МЦД-1)" type="9" parent="117036" tz_offset="10800" ru_name="станция Марк (МЦД-1)" uk_name="" tr_name="" en_name="Mark Station (D1)" latitude="55.904442" longitude="37.538270" ru_prepositional="станции Марк (МЦД-1)" ru_preposition="на" ru_genitive="" ru_dative="" ru_accusative="" ru_instrumental="" chief_region="0" population="0" />
	<region id="117037" name="Лосиноостровский район" type="13" parent="20357" tz_offset="10800" ru_name="Лосиноостровский район" uk_name="Лосиноостровський район" tr_name="" en_name="Losinoostrovsky District" latitude="55.881172" longitude="37.693956" ru_prepositional="Лосиноостровском районе" ru_preposition="в" ru_genitive="Лосиноостровского района" ru_dative="Лосиноостровскому району" ru_accusative="Лосиноостровский район" ru_instrumental="Лосиноостровским районом" chief_region="0" population="82318" />
	<region id="117038" name="Марфино" type="13" parent="20357" tz_offset="10800" ru_name="Марфино" uk_name="Марфіно" tr_name="" en_name="Marfino" latitude="55.830002" longitude="37.588745" ru_prepositional="Марфино" ru_preposition="в" ru_genitive="Марфино" ru_dative="Марфино" ru_accusative="Марфино" ru_instrumental="Марфино" chief_region="0" population="32691" />
	<region id="152926" name="Владыкино (Московское центральное кольцо)" type="9" parent="117038" tz_offset="10800" ru_name="Владыкино (Московское центральное кольцо)" uk_name="" tr_name="" en_name="Vladykino" latitude="55.847432" longitude="37.590515" ru_prepositional="Владыкино" ru_preposition="на" ru_genitive="Владыкино" ru_dative="Владыкино (Московское центральное кольцо)" ru_accusative="Владыкино (Московское центральное кольцо)" ru_instrumental="Владыкино (Московское центральное кольцо)" chief_region="0" population="0" />
	<region id="218594" name="станция Окружная (МЦД-1)" type="9" parent="117038" tz_offset="10800" ru_name="станция Окружная (МЦД-1)" uk_name="" tr_name="" en_name="Okruzhnaya Station (D1)" latitude="55.847542" longitude="37.574490" ru_prepositional="станции Окружная (МЦД-1)" ru_preposition="на" ru_genitive="" ru_dative="" ru_accusative="" ru_instrumental="" chief_region="0" population="0" />
	<region id="117039" name="Марьина Роща" type="13" parent="20357" tz_offset="10800" ru_name="Марьина Роща" uk_name="Мар&#39;їна роща" tr_name="" en_name="Maryina Roshcha" latitude="55.796931" longitude="37.614374" ru_prepositional="Марьиной Роще" ru_preposition="в" ru_genitive="Марьиной Рощи" ru_dative="Марьиной Роще" ru_accusative="Марьину Рощу" ru_instrumental="Марьиной Рощей" chief_region="0" population="66844" />
	<region id="20567" name="Марьина роща" type="9" parent="117039" tz_offset="10800" ru_name="Марьина роща" uk_name="Мар&#39;їна роща" tr_name="Marina roscha" en_name="Marina roscha" latitude="55.795069" longitude="37.616485" ru_prepositional="Марьиной роще" ru_preposition="на" ru_genitive="Марьиной рощи" ru_dative="Марьиной роще" ru_accusative="Марьину рощу" ru_instrumental="Марьиной рощей" chief_region="0" population="0" />
	<region id="117040" name="Останкинский район" type="13" parent="20357" tz_offset="10800" ru_name="Останкинский район" uk_name="Останкінський район" tr_name="" en_name="Ostankinsky District" latitude="55.811032" longitude="37.624337" ru_prepositional="Останкинском районе" ru_preposition="в" ru_genitive="Останкинского района" ru_dative="Останкинскому району" ru_accusative="Останкинский район" ru_instrumental="Останкинским районом" chief_region="0" population="62743" />
	<region id="103542" name="Улица Сергея Эйзенштейна" type="14" parent="117040" tz_offset="10800" ru_name="Улица Сергея Эйзенштейна" uk_name="Вулиця Сергія Ейзенштейна" tr_name="Sergey Aynştayn Caddesi" en_name="Ulitsa Sergeya Eisensteina" latitude="55.829305" longitude="37.644998" ru_prepositional="Улице Сергея Эйзенштейна" ru_preposition="на" ru_genitive="Улицы Сергея Эйзенштейна" ru_dative="Улице Сергея Эйзенштейна" ru_accusative="Улицу Сергея Эйзенштейна" ru_instrumental="Улицей Сергея Эйзенштейна" chief_region="0" population="0" />
	<region id="103543" name="Выставочный центр" type="14" parent="117040" tz_offset="10800" ru_name="Выставочный центр" uk_name="Виставковий центр" tr_name="Vystavochny Tsentr" en_name="Vystavochny Tsentr" latitude="55.824086" longitude="37.638494" ru_prepositional="Выставочном центре" ru_preposition="на" ru_genitive="Выставочного центра" ru_dative="Выставочному центру" ru_accusative="Выставочный центр" ru_instrumental="Выставочным центром" chief_region="0" population="0" />
	<region id="103544" name="Улица Академика Королева" type="14" parent="117040" tz_offset="10800" ru_name="Улица Академика Королева" uk_name="Вулиця Академіка Корольова" tr_name="Ulitsa Akademika Korolyova" en_name="Ulitsa Akademika Korolyova" latitude="55.821821" longitude="37.627166" ru_prepositional="Улице Академика Королева" ru_preposition="на" ru_genitive="Улицы Академика Королева" ru_dative="Улице Академика Королева" ru_accusative="Улицу Академика Королева" ru_instrumental="Улицей Академика Королева" chief_region="0" population="0" />
	<region id="103545" name="Телецентр" type="14" parent="117040" tz_offset="10800" ru_name="Телецентр" uk_name="Телецентр" tr_name="Teletsentr" en_name="Teletsentr" latitude="55.821795" longitude="37.608975" ru_prepositional="Телецентре" ru_preposition="на" ru_genitive="Телецентра" ru_dative="Телецентру" ru_accusative="Телецентр" ru_instrumental="Телецентром" chief_region="0" population="0" />
	<region id="117041" name="Отрадное" type="13" parent="20357" tz_offset="10800" ru_name="Отрадное" uk_name="Отрадне" tr_name="" en_name="Otradnoye" latitude="55.862171" longitude="37.600343" ru_prepositional="Отрадном" ru_preposition="в" ru_genitive="Отрадного" ru_dative="Отрадному" ru_accusative="Отрадное" ru_instrumental="Отрадным" chief_region="0" population="182527" />
	<region id="20380" name="Отрадное" type="9" parent="117041" tz_offset="10800" ru_name="Отрадное" uk_name="Отрадне" tr_name="Otradnoe" en_name="Otradnoe" latitude="55.863207" longitude="37.604762" ru_prepositional="Отрадном" ru_preposition="на" ru_genitive="Отрадного" ru_dative="Отрадному" ru_accusative="Отрадное" ru_instrumental="Отрадным" chief_region="0" population="0" />
	<region id="20381" name="Владыкино (Серпуховско-Тимирязевская)" type="9" parent="117041" tz_offset="10800" ru_name="Владыкино (Серпуховско-Тимирязевская)" uk_name="Владикіно" tr_name="Vladykino" en_name="Vladykino" latitude="55.847978" longitude="37.590380" ru_prepositional="Владыкино" ru_preposition="на" ru_genitive="Владыкино" ru_dative="Владыкино (Серпуховско-Тимирязевская)" ru_accusative="Владыкино (Серпуховско-Тимирязевская)" ru_instrumental="Владыкино (Серпуховско-Тимирязевская)" chief_region="0" population="0" />
	<region id="117042" name="Ростокино" type="13" parent="20357" tz_offset="10800" ru_name="Ростокино" uk_name="Ростокіно" tr_name="" en_name="Rostokino" latitude="55.833562" longitude="37.661608" ru_prepositional="Ростокино" ru_preposition="в" ru_genitive="Ростокино" ru_dative="Ростокино" ru_accusative="Ростокино" ru_instrumental="Ростокино" chief_region="0" population="38591" />
	<region id="20388" name="Ботанический сад (Калужско-Рижская)" type="9" parent="117042" tz_offset="10800" ru_name="Ботанический сад (Калужско-Рижская)" uk_name="Ботанічний сад" tr_name="Botanicheskiy Sad" en_name="Botanicheskiy Sad" latitude="55.845228" longitude="37.637919" ru_prepositional="Ботаническом саду" ru_preposition="на" ru_genitive="Ботанического сада" ru_dative="Ботаническому саду (Калужско-Рижская)" ru_accusative="Ботанический сад (Калужско-Рижская)" ru_instrumental="Ботаническим садом (Калужско-Рижская)" chief_region="0" population="0" />
	<region id="152927" name="Ботанический сад (Московское центральное кольцо)" type="9" parent="117042" tz_offset="10800" ru_name="Ботанический сад (Московское центральное кольцо)" uk_name="" tr_name="" en_name="Botanicheskiy Sad" latitude="55.845501" longitude="37.639895" ru_prepositional="Ботаническом саде" ru_preposition="на" ru_genitive="Ботанического сада" ru_dative="Ботаническому саду (Московское центральному кольцо)" ru_accusative="Ботанического сад (Московское центральное кольцо)" ru_instrumental="Ботаническим садом (Московское центральным кольцо)" chief_region="0" population="0" />
	<region id="152928" name="Ростокино" type="9" parent="117042" tz_offset="10800" ru_name="Ростокино" uk_name="" tr_name="" en_name="Rostokino" latitude="55.839224" longitude="37.668399" ru_prepositional="Ростокино" ru_preposition="на" ru_genitive="Ростокино" ru_dative="Ростокино" ru_accusative="Ростокино" ru_instrumental="Ростокино" chief_region="0" population="0" />
	<region id="117043" name="Свиблово" type="13" parent="20357" tz_offset="10800" ru_name="Свиблово" uk_name="Свіблово" tr_name="" en_name="Sviblovo" latitude="55.851839" longitude="37.647711" ru_prepositional="Свиблово" ru_preposition="в" ru_genitive="Свиблово" ru_dative="Свиблово" ru_accusative="Свиблово" ru_instrumental="Свиблово" chief_region="0" population="61779" />
	<region id="20387" name="Свиблово" type="9" parent="117043" tz_offset="10800" ru_name="Свиблово" uk_name="Свіблово" tr_name="Sviblovo" en_name="Sviblovo" latitude="55.855224" longitude="37.652238" ru_prepositional="Свиблово" ru_preposition="на" ru_genitive="Свиблово" ru_dative="Свиблово" ru_accusative="Свиблово" ru_instrumental="Свибловом" chief_region="0" population="0" />
	<region id="117044" name="Северный" type="13" parent="20357" tz_offset="10800" ru_name="Северный" uk_name="Сєверний" tr_name="" en_name="Severny" latitude="55.929757" longitude="37.546695" ru_prepositional="Северном" ru_preposition="в" ru_genitive="Северного" ru_dative="Северному" ru_accusative="Северный" ru_instrumental="Северным" chief_region="0" population="31986" />
	<region id="117045" name="Северное Медведково" type="13" parent="20357" tz_offset="10800" ru_name="Северное Медведково" uk_name="Північне Медведково" tr_name="" en_name="Severnoye Medvedkovo" latitude="55.888331" longitude="37.655634" ru_prepositional="Северном Медведково" ru_preposition="в" ru_genitive="Северного Медведково" ru_dative="Северному Медведково" ru_accusative="Северное Медведково" ru_instrumental="Северным Медведково" chief_region="0" population="127451" />
	<region id="20385" name="Медведково" type="9" parent="117045" tz_offset="10800" ru_name="Медведково" uk_name="Медведково" tr_name="Medvedkovo" en_name="Medvedkovo" latitude="55.887473" longitude="37.661527" ru_prepositional="Медведково" ru_preposition="на" ru_genitive="Медведково" ru_dative="Медведково" ru_accusative="Медведково" ru_instrumental="Медведковом" chief_region="0" population="0" />
	<region id="117046" name="Южное Медведково" type="13" parent="20357" tz_offset="10800" ru_name="Южное Медведково" uk_name="Південне Медведково" tr_name="" en_name="Yuzhnoye Medvedkovo" latitude="55.871248" longitude="37.637389" ru_prepositional="Южном Медведково" ru_preposition="в" ru_genitive="Южного Медведково" ru_dative="Южному Медведково" ru_accusative="Южное Медведково" ru_instrumental="Южным Медведково" chief_region="0" population="85521" />
	<region id="117047" name="Ярославский район" type="13" parent="20357" tz_offset="10800" ru_name="Ярославский район" uk_name="Ярославський район" tr_name="" en_name="Yaroslavsky District" latitude="55.862858" longitude="37.697460" ru_prepositional="Ярославском районе" ru_preposition="в" ru_genitive="Ярославского района" ru_dative="Ярославскому району" ru_accusative="Ярославский район" ru_instrumental="Ярославским районом" chief_region="0" population="95913" />
	<region id="20358" name="Восточный административный округ" type="8" parent="213" tz_offset="10800" ru_name="Восточный административный округ" uk_name="Східний адміністративний округ (САО)" tr_name="Doğu İdari Bölgesi" en_name="Eastern Administrative District" latitude="55.787710" longitude="37.775631" ru_prepositional="Восточном административном округе" ru_preposition="в" ru_genitive="Восточного административного округа" ru_dative="Восточному административному округу" ru_accusative="Восточный административный округ" ru_instrumental="Восточным административным округом" chief_region="0" population="1515942" />
	<region id="116980" name="Богородское" type="13" parent="20358" tz_offset="10800" ru_name="Богородское" uk_name="Богородське" tr_name="" en_name="Bogorodskoye" latitude="55.819241" longitude="37.703415" ru_prepositional="Богородском" ru_preposition="в" ru_genitive="Богородского" ru_dative="Богородскому" ru_accusative="Богородское" ru_instrumental="Богородским" chief_region="0" population="106828" />
	<region id="20399" name="Бульвар Рокоссовского (Сокольническая)" type="9" parent="116980" tz_offset="10800" ru_name="Бульвар Рокоссовского (Сокольническая)" uk_name="Бульвар Рокоссовського" tr_name="Bulvar Rokossovskogo" en_name="Bulvar Rokossovskogo" latitude="55.814264" longitude="37.735117" ru_prepositional="Бульваре Рокоссовского" ru_preposition="на" ru_genitive="Бульвара Рокоссовского" ru_dative="Бульвару Рокоссовского (Сокольническая)" ru_accusative="Бульвар Рокоссовского (Сокольническая)" ru_instrumental="Бульваром Рокоссовского (Сокольническая)" chief_region="0" population="0" />
	<region id="152929" name="Белокаменная" type="9" parent="116980" tz_offset="10800" ru_name="Белокаменная" uk_name="" tr_name="" en_name="Belokamennaya" latitude="55.829375" longitude="37.702310" ru_prepositional="Белокаменной" ru_preposition="на" ru_genitive="Белокаменной" ru_dative="Белокаменной" ru_accusative="Белокаменную" ru_instrumental="Белокаменной" chief_region="0" population="0" />
	<region id="152930" name="Бульвар Рокоссовского (Московское центральное кольцо)" type="9" parent="116980" tz_offset="10800" ru_name="Бульвар Рокоссовского (Московское центральное кольцо)" uk_name="" tr_name="" en_name="Bulvar Rokossovskogo" latitude="55.816455" longitude="37.738513" ru_prepositional="Бульваре Рокоссовского" ru_preposition="на" ru_genitive="Бульвара Рокоссовского" ru_dative="Бульвару Рокоссовского (Московское центральное кольцо)" ru_accusative="Бульвар Рокоссовского (Московское центральное кольцо)" ru_instrumental="Бульваром Рокоссовского (Московское центральное кольцо)" chief_region="0" population="0" />
	<region id="116981" name="Вешняки" type="13" parent="20358" tz_offset="10800" ru_name="Вешняки" uk_name="Вешняки" tr_name="" en_name="Veshnyaki" latitude="55.730771" longitude="37.815184" ru_prepositional="Вешняках" ru_preposition="в" ru_genitive="Вешняков" ru_dative="Вешнякам" ru_accusative="Вешняки" ru_instrumental="Вешняками" chief_region="0" population="122123" />
	<region id="116982" name="Восточный" type="13" parent="20358" tz_offset="10800" ru_name="Восточный" uk_name="Восточний" tr_name="" en_name="Vostochny" latitude="55.818983" longitude="37.866235" ru_prepositional="Восточном" ru_preposition="в" ru_genitive="Восточного" ru_dative="Восточному" ru_accusative="Восточный" ru_instrumental="Восточным" chief_region="0" population="12967" />
	<region id="215341" name="Восточный" type="7" parent="116982" tz_offset="10800" ru_name="Восточный" uk_name="" tr_name="" en_name="Vostochnyj" latitude="55.819166" longitude="37.867017" ru_prepositional="Восточном" ru_preposition="в" ru_genitive="Восточного" ru_dative="Восточному" ru_accusative="Восточного" ru_instrumental="Восточным" chief_region="0" population="0" />
	<region id="116983" name="Восточное Измайлово" type="13" parent="20358" tz_offset="10800" ru_name="Восточное Измайлово" uk_name="Східне Ізмайлово" tr_name="" en_name="Vostochnoye Izmaylovo" latitude="55.795818" longitude="37.821804" ru_prepositional="Восточном Измайлово" ru_preposition="в" ru_genitive="Восточного Измайлово" ru_dative="Восточному Измайлово" ru_accusative="Восточное Измайлово" ru_instrumental="Восточным Измайлово" chief_region="0" population="77948" />
	<region id="116984" name="Гольяново" type="13" parent="20358" tz_offset="10800" ru_name="Гольяново" uk_name="Гольяново" tr_name="" en_name="Golyanovo" latitude="55.824162" longitude="37.796130" ru_prepositional="Гольяново" ru_preposition="в" ru_genitive="Гольяново" ru_dative="Гольяново" ru_accusative="Гольяново" ru_instrumental="Гольяново" chief_region="0" population="162715" />
	<region id="116985" name="Ивановское" type="13" parent="20358" tz_offset="10800" ru_name="Ивановское" uk_name="Івановське" tr_name="" en_name="Ivanovskoye" latitude="55.771479" longitude="37.824005" ru_prepositional="Ивановском" ru_preposition="в" ru_genitive="Ивановского" ru_dative="Ивановскому" ru_accusative="Ивановское" ru_instrumental="Ивановским" chief_region="0" population="127565" />
	<region id="116986" name="Измайлово" type="13" parent="20358" tz_offset="10800" ru_name="Измайлово" uk_name="Ізмайлово" tr_name="" en_name="Izmaylovo" latitude="55.783681" longitude="37.772783" ru_prepositional="Измайлово" ru_preposition="в" ru_genitive="Измайлово" ru_dative="Измайлово" ru_accusative="Измайлово" ru_instrumental="Измайлово" chief_region="0" population="105434" />
	<region id="20394" name="Первомайская" type="9" parent="116986" tz_offset="10800" ru_name="Первомайская" uk_name="Первомайська" tr_name="Pervomayskaya" en_name="Pervomayskaya" latitude="55.794614" longitude="37.799418" ru_prepositional="Первомайской" ru_preposition="на" ru_genitive="Первомайской" ru_dative="Первомайской" ru_accusative="Первомайскую" ru_instrumental="Первомайской" chief_region="0" population="0" />
	<region id="20395" name="Измайловская" type="9" parent="116986" tz_offset="10800" ru_name="Измайловская" uk_name="Ізмайловська" tr_name="Izmaylovskaya" en_name="Izmaylovskaya" latitude="55.787761" longitude="37.781497" ru_prepositional="Измайловской" ru_preposition="на" ru_genitive="Измайловской" ru_dative="Измайловской" ru_accusative="Измайловскую" ru_instrumental="Измайловской" chief_region="0" population="0" />
	<region id="20396" name="Партизанская" type="9" parent="116986" tz_offset="10800" ru_name="Партизанская" uk_name="Партизанська" tr_name="Partizanskaya" en_name="Partizanskaya" latitude="55.788424" longitude="37.749265" ru_prepositional="Партизанской" ru_preposition="на" ru_genitive="Партизанской" ru_dative="Партизанской" ru_accusative="Партизанскую" ru_instrumental="Партизанской" chief_region="0" population="0" />
	<region id="152932" name="Измайлово" type="9" parent="116986" tz_offset="10800" ru_name="Измайлово" uk_name="" tr_name="" en_name="Izmaylovo" latitude="55.788409" longitude="37.743031" ru_prepositional="Измайлово" ru_preposition="на" ru_genitive="Измайлово" ru_dative="Измайлово" ru_accusative="Измайлово" ru_instrumental="Измайлово" chief_region="0" population="0" />
	<region id="116987" name="Косино-Ухтомский" type="13" parent="20358" tz_offset="10800" ru_name="Косино-Ухтомский" uk_name="Косино-Ухтомський" tr_name="" en_name="Kosino-Ukhtomsky" latitude="55.717061" longitude="37.863450" ru_prepositional="Косино-Ухтомском" ru_preposition="в" ru_genitive="Косино-Ухтомского" ru_dative="Косино-Ухтомскому" ru_accusative="Косино-Ухтомский" ru_instrumental="Косино-Ухтомским" chief_region="0" population="79429" />
	<region id="218430" name="Улица Дмитриевского" type="9" parent="116987" tz_offset="10800" ru_name="Улица Дмитриевского" uk_name="" tr_name="" en_name="Ulitsa Dmitrievskogo" latitude="55.710311" longitude="37.879045" ru_prepositional="Улице Дмитриевского" ru_preposition="на" ru_genitive="Улицы Дмитриевского" ru_dative="Улице Дмитриевского" ru_accusative="Улицу Дмитриевского" ru_instrumental="Улицей Дмитриевского" chief_region="0" population="0" />
	<region id="218431" name="Лухмановская" type="9" parent="116987" tz_offset="10800" ru_name="Лухмановская" uk_name="" tr_name="" en_name="Luhmanovskaya" latitude="55.708516" longitude="37.900569" ru_prepositional="Лухмановской" ru_preposition="на" ru_genitive="Лухмановской" ru_dative="Лухмановской" ru_accusative="Лухмановскую" ru_instrumental="Лухмановской" chief_region="0" population="0" />
	<region id="116988" name="Метрогородок" type="13" parent="20358" tz_offset="10800" ru_name="Метрогородок" uk_name="Метрогородок" tr_name="" en_name="Metrogorodok" latitude="55.823616" longitude="37.755832" ru_prepositional="Метрогородке" ru_preposition="в" ru_genitive="Метрогородка" ru_dative="Метрогородку" ru_accusative="Метрогородок" ru_instrumental="Метрогородком" chief_region="0" population="38879" />
	<region id="116989" name="Новогиреево" type="13" parent="20358" tz_offset="10800" ru_name="Новогиреево" uk_name="Новогіреєво" tr_name="" en_name="Novogireyevo" latitude="55.748154" longitude="37.804108" ru_prepositional="Новогиреево" ru_preposition="в" ru_genitive="Новогиреево" ru_dative="Новогиреево" ru_accusative="Новогиреево" ru_instrumental="Новогиреево" chief_region="0" population="96627" />
	<region id="20390" name="Новогиреево" type="9" parent="116989" tz_offset="10800" ru_name="Новогиреево" uk_name="Новогіреєво" tr_name="Novogireevo" en_name="Novogireyevo" latitude="55.751660" longitude="37.817169" ru_prepositional="Новогиреево" ru_preposition="на" ru_genitive="Новогиреево" ru_dative="Новогиреево" ru_accusative="Новогиреево" ru_instrumental="Новогиреево" chief_region="0" population="0" />
	<region id="116990" name="Новокосино" type="13" parent="20358" tz_offset="10800" ru_name="Новокосино" uk_name="Новокосіно" tr_name="" en_name="Novokosino" latitude="55.740167" longitude="37.861725" ru_prepositional="Новокосино" ru_preposition="в" ru_genitive="Новокосино" ru_dative="Новокосино" ru_accusative="Новокосино" ru_instrumental="Новокосино" chief_region="0" population="106388" />
	<region id="114781" name="Новокосино" type="9" parent="116990" tz_offset="10800" ru_name="Новокосино" uk_name="Новокосіно" tr_name="Novokosino" en_name="Novokosino" latitude="55.745113" longitude="37.864052" ru_prepositional="Новокосино" ru_preposition="на" ru_genitive="Новокосино" ru_dative="Новокосино" ru_accusative="Новокосино" ru_instrumental="Новокосином" chief_region="0" population="0" />
	<region id="116991" name="Перово" type="13" parent="20358" tz_offset="10800" ru_name="Перово" uk_name="Перово" tr_name="" en_name="Perovo" latitude="55.751994" longitude="37.767456" ru_prepositional="Перово" ru_preposition="в" ru_genitive="Перово" ru_dative="Перово" ru_accusative="Перово" ru_instrumental="Перово" chief_region="0" population="140762" />
	<region id="20391" name="Перово" type="9" parent="116991" tz_offset="10800" ru_name="Перово" uk_name="Перово" tr_name="Perovo" en_name="Perovo" latitude="55.751320" longitude="37.786887" ru_prepositional="Перово" ru_preposition="на" ru_genitive="Перово" ru_dative="Перово" ru_accusative="Перово" ru_instrumental="Перовом" chief_region="0" population="0" />
	<region id="20392" name="Шоссе Энтузиастов" type="9" parent="116991" tz_offset="10800" ru_name="Шоссе Энтузиастов" uk_name="Шосе Ентузіастів" tr_name="Shosse Entuziastov" en_name="Shosse Entuziastov" latitude="55.758407" longitude="37.751538" ru_prepositional="Шоссе Энтузиастов" ru_preposition="на" ru_genitive="Шоссе Энтузиастов" ru_dative="Шоссе Энтузиастов" ru_accusative="Шоссе Энтузиастов" ru_instrumental="Шоссе Энтузиастов" chief_region="0" population="0" />
	<region id="152934" name="Шоссе Энтузиастов (Московское центральное кольцо)" type="9" parent="116991" tz_offset="10800" ru_name="Шоссе Энтузиастов (Московское центральное кольцо)" uk_name="" tr_name="" en_name="Shosse Entuziastov" latitude="55.758828" longitude="37.746319" ru_prepositional="Шоссе Энтузиастов" ru_preposition="на" ru_genitive="Шоссе Энтузиастов" ru_dative="Шоссе Энтузиастов (Московское центральное кольцо)" ru_accusative="Шоссе Энтузиастов (Московское центральное кольцо)" ru_instrumental="Шоссе Энтузиастов (Московское центральное кольцо)" chief_region="0" population="0" />
	<region id="152935" name="Андроновка" type="9" parent="116991" tz_offset="10800" ru_name="Андроновка" uk_name="" tr_name="" en_name="Andronovka" latitude="55.746390" longitude="37.736905" ru_prepositional="Андроновке" ru_preposition="на" ru_genitive="Андроновки" ru_dative="Андроновке" ru_accusative="Андроновку" ru_instrumental="Андроновкой" chief_region="0" population="0" />
	<region id="116992" name="Преображенское" type="13" parent="20358" tz_offset="10800" ru_name="Преображенское" uk_name="Преображенське" tr_name="" en_name="Preobrazhenskoye" latitude="55.797296" longitude="37.722487" ru_prepositional="Преображенском" ru_preposition="в" ru_genitive="Преображенского" ru_dative="Преображенскому" ru_accusative="Преображенское" ru_instrumental="Преображенским" chief_region="0" population="90017" />
	<region id="20400" name="Черкизовская" type="9" parent="116992" tz_offset="10800" ru_name="Черкизовская" uk_name="Черкізовська" tr_name="Cherkizovskaya" en_name="Cherkizovskaya" latitude="55.803671" longitude="37.744927" ru_prepositional="Черкизовской" ru_preposition="на" ru_genitive="Черкизовской" ru_dative="Черкизовской" ru_accusative="Черкизовскую" ru_instrumental="Черкизовской" chief_region="0" population="0" />
	<region id="20401" name="Преображенская площадь" type="9" parent="116992" tz_offset="10800" ru_name="Преображенская площадь" uk_name="Преображенська площа" tr_name="Preobrazhenskaya Ploshchad" en_name="Preobrazhenskaya Ploshchad" latitude="55.796167" longitude="37.715022" ru_prepositional="Преображенской площади" ru_preposition="на" ru_genitive="Преображенской площади" ru_dative="Преображенской площади" ru_accusative="Преображенскую площадь" ru_instrumental="Преображенской площадью" chief_region="0" population="0" />
	<region id="152931" name="Локомотив" type="9" parent="116992" tz_offset="10800" ru_name="Локомотив" uk_name="" tr_name="" en_name="Lokomotiv" latitude="55.803671" longitude="37.744927" ru_prepositional="Локомотиве" ru_preposition="на" ru_genitive="Локомотива" ru_dative="Локомотиву" ru_accusative="Локомотив" ru_instrumental="Локомотивом" chief_region="0" population="0" />
	<region id="116993" name="Северное Измайлово" type="13" parent="20358" tz_offset="10800" ru_name="Северное Измайлово" uk_name="Північне Ізмайлово" tr_name="" en_name="Severnoye Izmaylovo" latitude="55.806843" longitude="37.805221" ru_prepositional="Северном Измайлово" ru_preposition="в" ru_genitive="Северного Измайлово" ru_dative="Северному Измайлово" ru_accusative="Северное Измайлово" ru_instrumental="Северным Измайлово" chief_region="0" population="87564" />
	<region id="20393" name="Щелковская" type="9" parent="116993" tz_offset="10800" ru_name="Щелковская" uk_name="Щолковська" tr_name="Schelkovskaya" en_name="Schelkovskaya" latitude="55.809712" longitude="37.798583" ru_prepositional="Щелковской" ru_preposition="на" ru_genitive="Щелковской" ru_dative="Щелковской" ru_accusative="Щелковскую" ru_instrumental="Щелковской" chief_region="0" population="0" />
	<region id="116994" name="Соколиная гора" type="13" parent="20358" tz_offset="10800" ru_name="Соколиная гора" uk_name="Соколина гора" tr_name="" en_name="Sokolinaya Gora" latitude="55.772775" longitude="37.730625" ru_prepositional="Соколиной горе" ru_preposition="в" ru_genitive="Соколиной горы" ru_dative="Соколиной горе" ru_accusative="Соколиную гору" ru_instrumental="Соколиной горой" chief_region="0" population="89568" />
	<region id="20397" name="Семеновская" type="9" parent="116994" tz_offset="10800" ru_name="Семеновская" uk_name="Семеновська" tr_name="Semenovskaya" en_name="Semenovskaya" latitude="55.783195" longitude="37.719423" ru_prepositional="Семеновской" ru_preposition="на" ru_genitive="Семеновской" ru_dative="Семеновской" ru_accusative="Семеновскую" ru_instrumental="Семеновской" chief_region="0" population="0" />
	<region id="20398" name="Электрозаводская" type="9" parent="116994" tz_offset="10800" ru_name="Электрозаводская" uk_name="Електрозаводська" tr_name="Elektrozavodskaya" en_name="Elektrozavodskaya" latitude="55.782066" longitude="37.705284" ru_prepositional="Электрозаводской" ru_preposition="на" ru_genitive="Электрозаводской" ru_dative="Электрозаводской" ru_accusative="Электрозаводскую" ru_instrumental="Электрозаводской" chief_region="0" population="0" />
	<region id="152933" name="Соколиная гора" type="9" parent="116994" tz_offset="10800" ru_name="Соколиная гора" uk_name="" tr_name="" en_name="Sokolinaya Gora" latitude="55.769914" longitude="37.745385" ru_prepositional="Соколиной горе" ru_preposition="на" ru_genitive="Соколиной горы" ru_dative="Соколиной горе" ru_accusative="Соколиную гору" ru_instrumental="Соколиной горой" chief_region="0" population="0" />
	<region id="116995" name="Сокольники" type="13" parent="20358" tz_offset="10800" ru_name="Сокольники" uk_name="Сокольники" tr_name="" en_name="Sokolniki" latitude="55.799947" longitude="37.677158" ru_prepositional="Сокольниках" ru_preposition="в" ru_genitive="Сокольников" ru_dative="Сокольникам" ru_accusative="Сокольники" ru_instrumental="Сокольниками" chief_region="0" population="59958" />
	<region id="20402" name="Сокольники" type="9" parent="116995" tz_offset="10800" ru_name="Сокольники" uk_name="Сокольники" tr_name="Sokolniki" en_name="Sokolniki" latitude="55.788991" longitude="37.679880" ru_prepositional="Сокольниках" ru_preposition="на" ru_genitive="Сокольников" ru_dative="Сокольникам" ru_accusative="Сокольники" ru_instrumental="Сокольниками" chief_region="0" population="0" />
	<region id="20359" name="Юго-восточный административный округ" type="8" parent="213" tz_offset="10800" ru_name="Юго-восточный административный округ" uk_name="Південно-східний адміністративний округ (ПСАО)" tr_name="Güneydoğu İdari Bölgesi" en_name="South-Eastern Administrative District" latitude="55.692019" longitude="37.754583" ru_prepositional="Юго-восточном административном округе" ru_preposition="в" ru_genitive="Юго-восточного административного округа" ru_dative="Юго-восточному административному округу" ru_accusative="Юго-восточный административный округ" ru_instrumental="Юго-восточным административным округом" chief_region="0" population="1405650" />
	<region id="120544" name="Выхино-Жулебино" type="13" parent="20359" tz_offset="10800" ru_name="Выхино-Жулебино" uk_name="Вихіно-Жулебіно" tr_name="" en_name="Vykhino-Zhulebino" latitude="55.696357" longitude="37.824553" ru_prepositional="Выхино-Жулебино" ru_preposition="в" ru_genitive="Выхино-Жулебино" ru_dative="Выхино-Жулебино" ru_accusative="Выхино-Жулебино" ru_instrumental="Выхино-Жулебино" chief_region="0" population="224796" />
	<region id="20403" name="Выхино" type="9" parent="120544" tz_offset="10800" ru_name="Выхино" uk_name="Вихіно" tr_name="Vykhino" en_name="Vykhino" latitude="55.715642" longitude="37.817924" ru_prepositional="Выхино" ru_preposition="на" ru_genitive="Выхино" ru_dative="Выхино" ru_accusative="Выхино" ru_instrumental="Выхином" chief_region="0" population="0" />
	<region id="115038" name="Жулебино" type="9" parent="120544" tz_offset="10800" ru_name="Жулебино" uk_name="Жулебіно" tr_name="Zhulebino" en_name="Zhulebino" latitude="55.685132" longitude="37.855797" ru_prepositional="Жулебино" ru_preposition="на" ru_genitive="Жулебино" ru_dative="Жулебино" ru_accusative="Жулебино" ru_instrumental="Жулебином" chief_region="0" population="0" />
	<region id="115040" name="Лермонтовский проспект" type="9" parent="120544" tz_offset="10800" ru_name="Лермонтовский проспект" uk_name="Лєрмонтовський проспект" tr_name="Lermontovsky Prospekt" en_name="Lermontovsky Prospekt" latitude="55.701699" longitude="37.852374" ru_prepositional="Лермонтовском проспекте" ru_preposition="на" ru_genitive="Лермонтовского проспекта" ru_dative="Лермонтовскому проспекту" ru_accusative="Лермонтовский проспект" ru_instrumental="Лермонтовским проспектом" chief_region="0" population="0" />
	<region id="218429" name="Косино" type="9" parent="120544" tz_offset="10800" ru_name="Косино" uk_name="" tr_name="" en_name="Kosino" latitude="55.703423" longitude="37.851305" ru_prepositional="Косино" ru_preposition="на" ru_genitive="Косино" ru_dative="Косино" ru_accusative="Косино" ru_instrumental="Косино" chief_region="0" population="0" />
	<region id="218623" name="Юго-Восточная" type="9" parent="120544" tz_offset="10800" ru_name="Юго-Восточная" uk_name="" tr_name="" en_name="Yugo-Vostochnaya" latitude="55.705384" longitude="37.818223" ru_prepositional="Юго-Восточной" ru_preposition="на" ru_genitive="Юго-Восточной" ru_dative="Юго-Восточной" ru_accusative="Юго-Восточную" ru_instrumental="Юго-Восточной" chief_region="0" population="0" />
	<region id="120545" name="Капотня" type="13" parent="20359" tz_offset="10800" ru_name="Капотня" uk_name="Капотня" tr_name="" en_name="Kapotnya" latitude="55.637840" longitude="37.799724" ru_prepositional="Капотне" ru_preposition="в" ru_genitive="Капотни" ru_dative="Капотне" ru_accusative="Капотню" ru_instrumental="Капотней" chief_region="0" population="32364" />
	<region id="120546" name="Кузьминки" type="13" parent="20359" tz_offset="10800" ru_name="Кузьминки" uk_name="Кузьминки" tr_name="" en_name="Kuzminki" latitude="55.698640" longitude="37.773547" ru_prepositional="Кузьминках" ru_preposition="в" ru_genitive="Кузьминок" ru_dative="Кузьминкам" ru_accusative="Кузьминки" ru_instrumental="Кузьминками" chief_region="0" population="144397" />
	<region id="20405" name="Кузьминки" type="9" parent="120546" tz_offset="10800" ru_name="Кузьминки" uk_name="Кузьминки" tr_name="Kuzminki" en_name="Kuzminki" latitude="55.705463" longitude="37.766145" ru_prepositional="Кузьминках" ru_preposition="на" ru_genitive="Кузьминок" ru_dative="Кузьминкам" ru_accusative="Кузьминки" ru_instrumental="Кузьминками" chief_region="0" population="0" />
	<region id="120547" name="Лефортово" type="13" parent="20359" tz_offset="10800" ru_name="Лефортово" uk_name="Лефортово" tr_name="" en_name="Lefortovo" latitude="55.753635" longitude="37.704817" ru_prepositional="Лефортово" ru_preposition="в" ru_genitive="Лефортово" ru_dative="Лефортово" ru_accusative="Лефортово" ru_instrumental="Лефортово" chief_region="0" population="94102" />
	<region id="20408" name="Авиамоторная (Калининско-Солнцевская)" type="9" parent="120547" tz_offset="10800" ru_name="Авиамоторная (Калининско-Солнцевская)" uk_name="Авіамоторна" tr_name="Aviamotornaya" en_name="Aviamotornaya (Kalininsko-Solntsevskaya)" latitude="55.751432" longitude="37.716612" ru_prepositional="Авиамоторной (Калининско-Солнцевская)" ru_preposition="на" ru_genitive="Авиамоторной (Калининско-Солнцевская)" ru_dative="Авиамоторной (Калининско-Солнцевская)" ru_accusative="Авиамоторную (Калининско-Солнцевская)" ru_instrumental="Авиамоторной (Калининско-Солнцевская)" chief_region="0" population="0" />
	<region id="218556" name="станция Москва-Товарная (МЦД-2)" type="9" parent="120547" tz_offset="10800" ru_name="станция Москва-Товарная (МЦД-2)" uk_name="" tr_name="" en_name="Moskva-Tovarnaya Station (D2)" latitude="55.745656" longitude="37.688313" ru_prepositional="станции Москва-Товарная (МЦД-2)" ru_preposition="на" ru_genitive="" ru_dative="" ru_accusative="" ru_instrumental="" chief_region="0" population="0" />
	<region id="218618" name="Лефортово (Некрасовская)" type="9" parent="120547" tz_offset="10800" ru_name="Лефортово (Некрасовская)" uk_name="" tr_name="" en_name="Lefortovo (Nekrasovskaya)" latitude="55.764845" longitude="37.705556" ru_prepositional="Лефортово (Некрасовская)" ru_preposition="на" ru_genitive="Лефортово (Некрасовская)" ru_dative="Лефортово (Некрасовская)" ru_accusative="Лефортово (Некрасовская)" ru_instrumental="Лефортово (Некрасовская)" chief_region="0" population="0" />
	<region id="218619" name="Авиамоторная (Некрасовская)" type="9" parent="120547" tz_offset="10800" ru_name="Авиамоторная (Некрасовская)" uk_name="" tr_name="" en_name="Aviamotornaya (Nekrasovskaya)" latitude="55.754312" longitude="37.716721" ru_prepositional="Авиамоторной (Некрасовская)" ru_preposition="на" ru_genitive="Авиамоторной (Некрасовская)" ru_dative="Авиамоторной (Некрасовская)" ru_accusative="Авиамоторную (Некрасовская)" ru_instrumental="Авиамоторной (Некрасовская)" chief_region="0" population="0" />
	<region id="120548" name="Люблино" type="13" parent="20359" tz_offset="10800" ru_name="Люблино" uk_name="Любліно" tr_name="" en_name="Lyublino" latitude="55.677717" longitude="37.748726" ru_prepositional="Люблино" ru_preposition="в" ru_genitive="Люблино" ru_dative="Люблино" ru_accusative="Люблино" ru_instrumental="Люблино" chief_region="0" population="170143" />
	<region id="20413" name="Люблино" type="9" parent="120548" tz_offset="10800" ru_name="Люблино" uk_name="Любліно" tr_name="Lyblino" en_name="Lyblino" latitude="55.675682" longitude="37.761770" ru_prepositional="Люблино" ru_preposition="на" ru_genitive="Люблино" ru_dative="Люблино" ru_accusative="Люблино" ru_instrumental="Люблином" chief_region="0" population="0" />
	<region id="218569" name="станция Кубанская (МЦД-2)" type="9" parent="120548" tz_offset="10800" ru_name="станция Кубанская (МЦД-2)" uk_name="" tr_name="" en_name="stantsiya Kubanskaya (D2)" latitude="55.685024" longitude="37.733900" ru_prepositional="станции Кубанская (МЦД-2)" ru_preposition="на" ru_genitive="" ru_dative="" ru_accusative="" ru_instrumental="" chief_region="0" population="0" />
	<region id="120549" name="Марьино" type="13" parent="20359" tz_offset="10800" ru_name="Марьино" uk_name="Мар&#39;їно" tr_name="" en_name="Maryino" latitude="55.652664" longitude="37.744774" ru_prepositional="Марьино" ru_preposition="в" ru_genitive="Марьино" ru_dative="Марьино" ru_accusative="Марьино" ru_instrumental="Марьино" chief_region="0" population="251522" />
	<region id="20414" name="Братиславская" type="9" parent="120549" tz_offset="10800" ru_name="Братиславская" uk_name="Братиславська" tr_name="Bratislavskaya" en_name="Bratislavskaya" latitude="55.659404" longitude="37.750451" ru_prepositional="Братиславской" ru_preposition="на" ru_genitive="Братиславской" ru_dative="Братиславской" ru_accusative="Братиславскую" ru_instrumental="Братиславской" chief_region="0" population="0" />
	<region id="20415" name="Марьино" type="9" parent="120549" tz_offset="10800" ru_name="Марьино" uk_name="Мар&#39;їно" tr_name="Maryino" en_name="Maryino" latitude="55.650028" longitude="37.743471" ru_prepositional="Марьино" ru_preposition="на" ru_genitive="Марьино" ru_dative="Марьино" ru_accusative="Марьино" ru_instrumental="Марьином" chief_region="0" population="0" />
	<region id="218585" name="станция Перерва (МЦД-2)" type="9" parent="120549" tz_offset="10800" ru_name="станция Перерва (МЦД-2)" uk_name="" tr_name="" en_name="Pererva Station (D2)" latitude="55.661417" longitude="37.716998" ru_prepositional="станции Перерва (МЦД-2)" ru_preposition="на" ru_genitive="" ru_dative="" ru_accusative="" ru_instrumental="" chief_region="0" population="0" />
	<region id="120550" name="Некрасовка" type="13" parent="20359" tz_offset="10800" ru_name="Некрасовка" uk_name="Некрасовка" tr_name="" en_name="Nekrasovka" latitude="55.683793" longitude="37.928704" ru_prepositional="Некрасовке" ru_preposition="в" ru_genitive="Некрасовки" ru_dative="Некрасовке" ru_accusative="Некрасовку" ru_instrumental="Некрасовкой" chief_region="0" population="63275" />
	<region id="215342" name="посёлок Некрасовка" type="7" parent="120550" tz_offset="10800" ru_name="посёлок Некрасовка" uk_name="" tr_name="" en_name="selo Nekrasovka" latitude="55.683630" longitude="37.925398" ru_prepositional="поселке Некрасовка" ru_preposition="в" ru_genitive="поселка Некрасовка" ru_dative="поселку Некрасовка" ru_accusative="поселок Некрасовка" ru_instrumental="поселком Некрасовка" chief_region="0" population="0" />
	<region id="218432" name="Некрасовка" type="9" parent="120550" tz_offset="10800" ru_name="Некрасовка" uk_name="" tr_name="" en_name="Nekrasovka" latitude="55.702967" longitude="37.928030" ru_prepositional="Некрасовке" ru_preposition="на" ru_genitive="Некрасовки" ru_dative="Некрасовке" ru_accusative="Некрасовку" ru_instrumental="Некрасовкой" chief_region="0" population="0" />
	<region id="120551" name="Нижегородский район" type="13" parent="20359" tz_offset="10800" ru_name="Нижегородский район" uk_name="Нижньогородський район" tr_name="" en_name="Nizhegorodsky District" latitude="55.728423" longitude="37.723807" ru_prepositional="Нижегородском районе" ru_preposition="в" ru_genitive="Нижегородского района" ru_dative="Нижегородскому району" ru_accusative="Нижегородский район" ru_instrumental="Нижегородским районом" chief_region="0" population="44781" />
	<region id="152936" name="Нижегородская (МЦК)" type="9" parent="120551" tz_offset="10800" ru_name="Нижегородская (МЦК)" uk_name="" tr_name="" en_name="Nizhegorodskaya (MCC)" latitude="55.732028" longitude="37.728110" ru_prepositional="Нижегородской (МЦК)" ru_preposition="на" ru_genitive="Нижегородской (МЦК)" ru_dative="Нижегородской (МЦК)" ru_accusative="Нижегородскую (МЦК)" ru_instrumental="Нижегородской (МЦК)" chief_region="0" population="0" />
	<region id="152937" name="Новохохловская" type="9" parent="120551" tz_offset="10800" ru_name="Новохохловская" uk_name="" tr_name="" en_name="Novokhokhlovskaya" latitude="55.724459" longitude="37.717824" ru_prepositional="Новохохловской" ru_preposition="на" ru_genitive="Новохохловской" ru_dative="Новохохловской" ru_accusative="Новохохловскую" ru_instrumental="Новохохловской" chief_region="0" population="0" />
	<region id="218546" name="станция Новохохловская (МЦД-2)" type="9" parent="120551" tz_offset="10800" ru_name="станция Новохохловская (МЦД-2)" uk_name="" tr_name="" en_name="Novokhokhlovskaya Station (D2)" latitude="55.724437" longitude="37.713564" ru_prepositional="станции Новохохловская (МЦД-2)" ru_preposition="на" ru_genitive="" ru_dative="" ru_accusative="" ru_instrumental="" chief_region="0" population="0" />
	<region id="218576" name="станция Калитники (МЦД-2)" type="9" parent="120551" tz_offset="10800" ru_name="станция Калитники (МЦД-2)" uk_name="" tr_name="" en_name="stantsiya Kalitniki (D2)" latitude="55.734149" longitude="37.701975" ru_prepositional="станции Калитники (МЦД-2)" ru_preposition="на" ru_genitive="" ru_dative="" ru_accusative="" ru_instrumental="" chief_region="0" population="0" />
	<region id="218620" name="Нижегородская (Некрасовская)" type="9" parent="120551" tz_offset="10800" ru_name="Нижегородская (Некрасовская)" uk_name="" tr_name="" en_name="Nizhegorodskaya (Nekrasovskaya)" latitude="55.732588" longitude="37.726220" ru_prepositional="Нижегородской (Некрасовская)" ru_preposition="на" ru_genitive="Нижегородской (Некрасовская)" ru_dative="Нижегородской (Некрасовская)" ru_accusative="Нижегородскую (Некрасовская)" ru_instrumental="Нижегородской (Некрасовская)" chief_region="0" population="0" />
	<region id="120552" name="Печатники" type="13" parent="20359" tz_offset="10800" ru_name="Печатники" uk_name="Печатники" tr_name="" en_name="Pechatniki" latitude="55.685158" longitude="37.723807" ru_prepositional="Печатниках" ru_preposition="в" ru_genitive="Печатников" ru_dative="Печатникам" ru_accusative="Печатники" ru_instrumental="Печатниками" chief_region="0" population="85840" />
	<region id="20411" name="Печатники" type="9" parent="120552" tz_offset="10800" ru_name="Печатники" uk_name="Печатники" tr_name="Pechatniki" en_name="Pechatniki" latitude="55.692972" longitude="37.728398" ru_prepositional="Печатниках" ru_preposition="на" ru_genitive="Печатников" ru_dative="Печатникам" ru_accusative="Печатники" ru_instrumental="Печатниками" chief_region="0" population="0" />
	<region id="152938" name="Угрешская" type="9" parent="120552" tz_offset="10800" ru_name="Угрешская" uk_name="" tr_name="" en_name="Ugreshskaya" latitude="55.717944" longitude="37.695555" ru_prepositional="Угрешской" ru_preposition="на" ru_genitive="Угрешской" ru_dative="Угрешской" ru_accusative="Угрешскую" ru_instrumental="Угрешской" chief_region="0" population="0" />
	<region id="218563" name="станция Депо (МЦД-2)" type="9" parent="120552" tz_offset="10800" ru_name="станция Депо (МЦД-2)" uk_name="" tr_name="" en_name="Depo Station (D2)" latitude="55.674122" longitude="37.728063" ru_prepositional="станции Депо (МЦД-2)" ru_preposition="на" ru_genitive="" ru_dative="" ru_accusative="" ru_instrumental="" chief_region="0" population="0" />
	<region id="218591" name="станция Текстильщики (МЦД-2)" type="9" parent="120552" tz_offset="10800" ru_name="станция Текстильщики (МЦД-2)" uk_name="" tr_name="" en_name="Tekstilschiki Station (D2)" latitude="55.707290" longitude="37.729513" ru_prepositional="станции Текстильщики (МЦД-2)" ru_preposition="на" ru_genitive="" ru_dative="" ru_accusative="" ru_instrumental="" chief_region="0" population="0" />
	<region id="218626" name="станция Курьяново (МЦД-2)" type="9" parent="120552" tz_offset="10800" ru_name="станция Курьяново (МЦД-2)" uk_name="" tr_name="" en_name="Kur&#39;yanovo Station (D2)" latitude="55.649855" longitude="37.701439" ru_prepositional="станции Курьяново (МЦД-2)" ru_preposition="на" ru_genitive="станции Курьяново (МЦД-2)" ru_dative="станции Курьяново (МЦД-2)" ru_accusative="станцию Курьяново (МЦД-2)" ru_instrumental="станцией Курьяново (МЦД-2)" chief_region="0" population="0" />
	<region id="120553" name="Рязанский район" type="13" parent="20359" tz_offset="10800" ru_name="Рязанский район" uk_name="Рязанський район" tr_name="" en_name="Ryazansky District" latitude="55.724718" longitude="37.767600" ru_prepositional="Рязанском районе" ru_preposition="в" ru_genitive="Рязанского района" ru_dative="Рязанскому району" ru_accusative="Рязанский район" ru_instrumental="Рязанским районом" chief_region="0" population="107370" />
	<region id="20404" name="Рязанский проспект" type="9" parent="120553" tz_offset="10800" ru_name="Рязанский проспект" uk_name="Рязанський проспект" tr_name="Ryazanskiy Prospekt" en_name="Ryazanskiy Prospekt" latitude="55.717366" longitude="37.793606" ru_prepositional="Рязанском проспекте" ru_preposition="на" ru_genitive="Рязанского проспекта" ru_dative="Рязанскому проспекту" ru_accusative="Рязанский проспект" ru_instrumental="Рязанским проспектом" chief_region="0" population="0" />
	<region id="218621" name="Стахановская" type="9" parent="120553" tz_offset="10800" ru_name="Стахановская" uk_name="" tr_name="" en_name="Stakhanovskaya" latitude="55.727259" longitude="37.752680" ru_prepositional="Стахановской" ru_preposition="на" ru_genitive="Стахановской" ru_dative="Стахановской" ru_accusative="Стахановскую" ru_instrumental="Стахановской" chief_region="0" population="0" />
	<region id="218622" name="Окская" type="9" parent="120553" tz_offset="10800" ru_name="Окская" uk_name="" tr_name="" en_name="Okskaya" latitude="55.718679" longitude="37.781435" ru_prepositional="Окской" ru_preposition="на" ru_genitive="Окской" ru_dative="Окской" ru_accusative="Окскую" ru_instrumental="Окской" chief_region="0" population="0" />
	<region id="120554" name="Текстильщики" type="13" parent="20359" tz_offset="10800" ru_name="Текстильщики" uk_name="Текстильщики" tr_name="" en_name="Tekstilshchiki" latitude="55.708917" longitude="37.734371" ru_prepositional="Текстильщиках" ru_preposition="в" ru_genitive="Текстильщиков" ru_dative="Текстильщикам" ru_accusative="Текстильщики" ru_instrumental="Текстильщиками" chief_region="0" population="103782" />
	<region id="20406" name="Текстильщики" type="9" parent="120554" tz_offset="10800" ru_name="Текстильщики" uk_name="Текстильщики" tr_name="Textilschiki" en_name="Textilschiki" latitude="55.708831" longitude="37.732593" ru_prepositional="Текстильщиках" ru_preposition="на" ru_genitive="Текстильщиков" ru_dative="Текстильщикам" ru_accusative="Текстильщики" ru_instrumental="Текстильщиками" chief_region="0" population="0" />
	<region id="20412" name="Волжская" type="9" parent="120554" tz_offset="10800" ru_name="Волжская" uk_name="Волзька" tr_name="Volzhskaya" en_name="Volzhskaya" latitude="55.690765" longitude="37.753344" ru_prepositional="Волжской" ru_preposition="на" ru_genitive="Волжской" ru_dative="Волжской" ru_accusative="Волжскую" ru_instrumental="Волжской" chief_region="0" population="0" />
	<region id="120555" name="Южнопортовый район" type="13" parent="20359" tz_offset="10800" ru_name="Южнопортовый район" uk_name="Южнопортовий район" tr_name="" en_name="Yuzhnoportovy District" latitude="55.713086" longitude="37.670474" ru_prepositional="Южнопортовом районе" ru_preposition="в" ru_genitive="Южнопортового района" ru_dative="Южнопортовому району" ru_accusative="Южнопортовый район" ru_instrumental="Южнопортовым районом" chief_region="0" population="73178" />
	<region id="20409" name="Дубровка (Люблинско-Дмитровская)" type="9" parent="120555" tz_offset="10800" ru_name="Дубровка (Люблинско-Дмитровская)" uk_name="Дубровка" tr_name="Dubrovka" en_name="Dubrovka" latitude="55.718070" longitude="37.676241" ru_prepositional="Дубровке" ru_preposition="на" ru_genitive="Дубровки" ru_dative="Дубровке (Люблинско-Дмитровская)" ru_accusative="Дубровку (Люблинско-Дмитровская)" ru_instrumental="Дубровкой (Люблинско-Дмитровская)" chief_region="0" population="0" />
	<region id="20410" name="Кожуховская" type="9" parent="120555" tz_offset="10800" ru_name="Кожуховская" uk_name="Кожуховська" tr_name="Kozhukhovskaya" en_name="Kozhukhovskaya" latitude="55.706259" longitude="37.685440" ru_prepositional="Кожуховской" ru_preposition="на" ru_genitive="Кожуховской" ru_dative="Кожуховской" ru_accusative="Кожуховскую" ru_instrumental="Кожуховской" chief_region="0" population="0" />
	<region id="152939" name="Дубровка (Московское центральное кольцо)" type="9" parent="120555" tz_offset="10800" ru_name="Дубровка (Московское центральное кольцо)" uk_name="" tr_name="" en_name="Dubrovka" latitude="55.712386" longitude="37.676574" ru_prepositional="Дубровке" ru_preposition="на" ru_genitive="Дубровки" ru_dative="Дубровке (Московское центральное кольцо)" ru_accusative="Дубровку (Московское центральное кольцо)" ru_instrumental="Дубровкой (Московское центральное кольцо)" chief_region="0" population="0" />
	<region id="20360" name="Южный административный округ" type="8" parent="213" tz_offset="10800" ru_name="Южный административный округ" uk_name="Південний адміністративний округ (ПАО)" tr_name="Güney İdari Bölgesi" en_name="Southern Administrative District" latitude="55.610906" longitude="37.681479" ru_prepositional="Южном административном округе" ru_preposition="в" ru_genitive="Южного административного округа" ru_dative="Южному административному округу" ru_accusative="Южный административный округ" ru_instrumental="Южным административным округом" chief_region="0" population="1785343" />
	<region id="20560" name="Братеево" type="13" parent="20360" tz_offset="10800" ru_name="Братеево" uk_name="Братєєво" tr_name="" en_name="Brateevo" latitude="55.633434" longitude="37.765058" ru_prepositional="Братеево" ru_preposition="в" ru_genitive="Братеева" ru_dative="Братеево" ru_accusative="Братеево" ru_instrumental="Братеево" chief_region="0" population="109815" />
	<region id="20559" name="Борисово" type="9" parent="20560" tz_offset="10800" ru_name="Борисово" uk_name="Борисово" tr_name="Borisovo" en_name="Borisovo" latitude="55.633582" longitude="37.743813" ru_prepositional="Борисово" ru_preposition="на" ru_genitive="Борисово" ru_dative="Борисово" ru_accusative="Борисово" ru_instrumental="Борисовом" chief_region="0" population="0" />
	<region id="114836" name="Алма-Атинская" type="9" parent="20560" tz_offset="10800" ru_name="Алма-Атинская" uk_name="Алма-Атинська" tr_name="Alma-Atinskaya" en_name="Alma-Atinskaya" latitude="55.632820" longitude="37.765911" ru_prepositional="Алма-Атинской" ru_preposition="на" ru_genitive="Алма-Атинской" ru_dative="Алма-Атинской" ru_accusative="Алма-Атинскую" ru_instrumental="Алма-Атинской" chief_region="0" population="0" />
	<region id="120567" name="Бирюлёво Восточное" type="13" parent="20360" tz_offset="10800" ru_name="Бирюлёво Восточное" uk_name="Бірюльово Східне" tr_name="" en_name="Biryulyovo Vostochnoye" latitude="55.594585" longitude="37.678649" ru_prepositional="Бирюлёво Восточном" ru_preposition="в" ru_genitive="Бирюлёво Восточного" ru_dative="Бирюлёво Восточному" ru_accusative="Бирюлёво Восточное" ru_instrumental="Бирюлёво Восточным" chief_region="0" population="154191" />
	<region id="120568" name="Бирюлёво Западное" type="13" parent="20360" tz_offset="10800" ru_name="Бирюлёво Западное" uk_name="Бірюльово Західне" tr_name="" en_name="Biryulyovo Zapadnoye" latitude="55.587860" longitude="37.639644" ru_prepositional="Бирюлёво Западном" ru_preposition="в" ru_genitive="Бирюлёво Западного" ru_dative="Бирюлёво Западному" ru_accusative="Бирюлёво Западное" ru_instrumental="Бирюлёво Западным" chief_region="0" population="88401" />
	<region id="120569" name="Даниловский район" type="13" parent="20360" tz_offset="10800" ru_name="Даниловский район" uk_name="Даниловський район" tr_name="" en_name="Danilovsky District" latitude="55.706457" longitude="37.642770" ru_prepositional="Даниловском районе" ru_preposition="в" ru_genitive="Даниловского района" ru_dative="Даниловскому району" ru_accusative="Даниловский район" ru_instrumental="Даниловским районом" chief_region="0" population="92897" />
	<region id="20417" name="Автозаводская (Замоскворецкая)" type="9" parent="120569" tz_offset="10800" ru_name="Автозаводская (Замоскворецкая)" uk_name="Автозаводська" tr_name="Avtozavodskaya" en_name="Avtozavodskaya" latitude="55.707182" longitude="37.657646" ru_prepositional="Автозаводской" ru_preposition="на" ru_genitive="Автозаводской" ru_dative="Автозаводской (Замоскворецкая)" ru_accusative="Автозаводскую (Замоскворецкая)" ru_instrumental="Автозаводской (Замоскворецкая)" chief_region="0" population="0" />
	<region id="20426" name="Тульская" type="9" parent="120569" tz_offset="10800" ru_name="Тульская" uk_name="Тульська" tr_name="Tulskaya" en_name="Tulskaya" latitude="55.708841" longitude="37.622612" ru_prepositional="Тульской" ru_preposition="на" ru_genitive="Тульской" ru_dative="Тульской" ru_accusative="Тульскую" ru_instrumental="Тульской" chief_region="0" population="0" />
	<region id="123593" name="Технопарк" type="9" parent="120569" tz_offset="10800" ru_name="Технопарк" uk_name="Технопарк" tr_name="" en_name="Tekhnopark" latitude="55.693931" longitude="37.664420" ru_prepositional="Технопарке" ru_preposition="на" ru_genitive="Технопарка" ru_dative="Технопарку" ru_accusative="Технопарк" ru_instrumental="Технопарком" chief_region="0" population="0" />
	<region id="152940" name="Автозаводская (Московское центральное кольцо)" type="9" parent="120569" tz_offset="10800" ru_name="Автозаводская (Московское центральное кольцо)" uk_name="" tr_name="" en_name="Avtozavodskaya" latitude="55.705483" longitude="37.661617" ru_prepositional="Автозаводской" ru_preposition="на" ru_genitive="Автозаводской" ru_dative="Автозаводской (Московское центральное кольцо)" ru_accusative="Автозаводскую (Московское центральное кольцо)" ru_instrumental="Автозаводской (Московское центральное кольцо)" chief_region="0" population="0" />
	<region id="152941" name="ЗИЛ" type="9" parent="120569" tz_offset="10800" ru_name="ЗИЛ" uk_name="" tr_name="" en_name="ZIL" latitude="55.698665" longitude="37.649265" ru_prepositional="ЗИЛе" ru_preposition="на" ru_genitive="ЗИЛа" ru_dative="ЗИЛу" ru_accusative="ЗИЛ" ru_instrumental="ЗИЛом" chief_region="0" population="0" />
	<region id="120570" name="Донской район" type="13" parent="20360" tz_offset="10800" ru_name="Донской район" uk_name="Донський район" tr_name="" en_name="Donskoy District" latitude="55.697798" longitude="37.618390" ru_prepositional="Донском районе" ru_preposition="в" ru_genitive="Донского района" ru_dative="Донскому району" ru_accusative="Донской район" ru_instrumental="Донским районом" chief_region="0" population="51461" />
	<region id="20416" name="Шаболовская" type="9" parent="120570" tz_offset="10800" ru_name="Шаболовская" uk_name="Шаболовська" tr_name="Shabolovskaya" en_name="Shabolovskaya" latitude="55.718816" longitude="37.607924" ru_prepositional="Шаболовской" ru_preposition="на" ru_genitive="Шаболовской" ru_dative="Шаболовской" ru_accusative="Шаболовскую" ru_instrumental="Шаболовской" chief_region="0" population="0" />
	<region id="152943" name="Крымская" type="9" parent="120570" tz_offset="10800" ru_name="Крымская" uk_name="" tr_name="" en_name="Krymskaya" latitude="55.689999" longitude="37.605122" ru_prepositional="Крымской" ru_preposition="на" ru_genitive="Крымской" ru_dative="Крымской" ru_accusative="Крымскую" ru_instrumental="Крымской" chief_region="0" population="0" />
	<region id="120571" name="Зябликово" type="13" parent="20360" tz_offset="10800" ru_name="Зябликово" uk_name="Зябликово" tr_name="" en_name="Zyablikovo" latitude="55.620423" longitude="37.746076" ru_prepositional="Зябликово" ru_preposition="в" ru_genitive="Зябликово" ru_dative="Зябликово" ru_accusative="Зябликово" ru_instrumental="Зябликово" chief_region="0" population="132348" />
	<region id="20424" name="Красногвардейская" type="9" parent="120571" tz_offset="10800" ru_name="Красногвардейская" uk_name="Красногвардійська" tr_name="Krasnogvardeyskaya" en_name="Krasnogvardeyskaya" latitude="55.613605" longitude="37.744055" ru_prepositional="Красногвардейской" ru_preposition="на" ru_genitive="Красногвардейской" ru_dative="Красногвардейской" ru_accusative="Красногвардейскую" ru_instrumental="Красногвардейской" chief_region="0" population="0" />
	<region id="20561" name="Зябликово" type="9" parent="120571" tz_offset="10800" ru_name="Зябликово" uk_name="Зябліково" tr_name="Zyablikovo" en_name="Zyablikovo" latitude="55.612329" longitude="37.745205" ru_prepositional="Зябликово" ru_preposition="на" ru_genitive="Зябликово" ru_dative="Зябликово" ru_accusative="Зябликово" ru_instrumental="Зябликовом" chief_region="0" population="0" />
	<region id="20562" name="Шипиловская" type="9" parent="120571" tz_offset="10800" ru_name="Шипиловская" uk_name="Шипіловська" tr_name="Shipilovskaya" en_name="Shipilovskaya" latitude="55.620733" longitude="37.743750" ru_prepositional="Шипиловской" ru_preposition="на" ru_genitive="Шипиловской" ru_dative="Шипиловской" ru_accusative="Шипиловскую" ru_instrumental="Шипиловской" chief_region="0" population="0" />
	<region id="120572" name="Москворечье-Сабурово" type="13" parent="20360" tz_offset="10800" ru_name="Москворечье-Сабурово" uk_name="Москворіччя-Сабурово" tr_name="" en_name="Moskvorechye-Saburovo" latitude="55.642692" longitude="37.671139" ru_prepositional="Москворечье-Сабурово" ru_preposition="в" ru_genitive="Москворечья-Сабурово" ru_dative="Москворечью-Сабурово" ru_accusative="Москворечье-Сабурово" ru_instrumental="Москворечьем-Сабурово" chief_region="0" population="80512" />
	<region id="20419" name="Каширская" type="9" parent="120572" tz_offset="10800" ru_name="Каширская" uk_name="Каширська" tr_name="Kashirskaya" en_name="Kashirskaya" latitude="55.655412" longitude="37.649256" ru_prepositional="Каширской" ru_preposition="на" ru_genitive="Каширской" ru_dative="Каширской" ru_accusative="Каширскую" ru_instrumental="Каширской" chief_region="0" population="0" />
	<region id="218597" name="станция Москворечье (МЦД-2)" type="9" parent="120572" tz_offset="10800" ru_name="станция Москворечье (МЦД-2)" uk_name="" tr_name="" en_name="Moskvorechye Station (D2)" latitude="55.640397" longitude="37.689088" ru_prepositional="станции Москворечье (МЦД-2)" ru_preposition="на" ru_genitive="" ru_dative="" ru_accusative="" ru_instrumental="" chief_region="0" population="0" />
	<region id="120573" name="Нагатино-Садовники" type="13" parent="20360" tz_offset="10800" ru_name="Нагатино-Садовники" uk_name="Нагатино-Садівники" tr_name="" en_name="Nagatino-Sadovniki" latitude="55.671422" longitude="37.641710" ru_prepositional="Нагатино-Садовниках" ru_preposition="в" ru_genitive="Нагатино-Садовников" ru_dative="Нагатино-Садовникам" ru_accusative="Нагатино-Садовники" ru_instrumental="Нагатино-Садовниками" chief_region="0" population="82836" />
	<region id="20418" name="Коломенская" type="9" parent="120573" tz_offset="10800" ru_name="Коломенская" uk_name="Коломенська" tr_name="Kolomenskaya" en_name="Kolomenskaya" latitude="55.678407" longitude="37.663827" ru_prepositional="Коломенской" ru_preposition="на" ru_genitive="Коломенской" ru_dative="Коломенской" ru_accusative="Коломенскую" ru_instrumental="Коломенской" chief_region="0" population="0" />
	<region id="120574" name="Нагатинский Затон" type="13" parent="20360" tz_offset="10800" ru_name="Нагатинский Затон" uk_name="Нагатинський Затон" tr_name="" en_name="Nagatinsky Zaton" latitude="55.682849" longitude="37.681568" ru_prepositional="Нагатинском Затоне" ru_preposition="в" ru_genitive="Нагатинского Затона" ru_dative="Нагатинскому Затону" ru_accusative="Нагатинский Затон" ru_instrumental="Нагатинским Затоном" chief_region="0" population="119726" />
	<region id="120575" name="Нагорный район" type="13" parent="20360" tz_offset="10800" ru_name="Нагорный район" uk_name="Нагорний район" tr_name="" en_name="Nagorny District" latitude="55.664659" longitude="37.615470" ru_prepositional="Нагорном районе" ru_preposition="в" ru_genitive="Нагорного района" ru_dative="Нагорному району" ru_accusative="Нагорный район" ru_instrumental="Нагорным районом" chief_region="0" population="80260" />
	<region id="20425" name="Варшавская" type="9" parent="120575" tz_offset="10800" ru_name="Варшавская" uk_name="Варшавська" tr_name="Varshavskaya" en_name="Varshavskaya" latitude="55.653294" longitude="37.619522" ru_prepositional="Варшавской" ru_preposition="на" ru_genitive="Варшавской" ru_dative="Варшавской" ru_accusative="Варшавскую" ru_instrumental="Варшавской" chief_region="0" population="0" />
	<region id="20427" name="Нагатинская" type="9" parent="120575" tz_offset="10800" ru_name="Нагатинская" uk_name="Нагатинська" tr_name="Nagatinskaya" en_name="Nagatinskaya" latitude="55.683386" longitude="37.622863" ru_prepositional="Нагатинской" ru_preposition="на" ru_genitive="Нагатинской" ru_dative="Нагатинской" ru_accusative="Нагатинскую" ru_instrumental="Нагатинской" chief_region="0" population="0" />
	<region id="20428" name="Нагорная" type="9" parent="120575" tz_offset="10800" ru_name="Нагорная" uk_name="Нагорна" tr_name="Nagornaya" en_name="Nagornaya" latitude="55.672854" longitude="37.610745" ru_prepositional="Нагорной" ru_preposition="на" ru_genitive="Нагорной" ru_dative="Нагорной" ru_accusative="Нагорную" ru_instrumental="Нагорной" chief_region="0" population="0" />
	<region id="152942" name="Верхние Котлы" type="9" parent="120575" tz_offset="10800" ru_name="Верхние Котлы" uk_name="" tr_name="" en_name="Verkhnie Kotly" latitude="55.689974" longitude="37.618237" ru_prepositional="Верхних Котлы" ru_preposition="на" ru_genitive="Верхних Котлы" ru_dative="Верхним Котлы" ru_accusative="Верхних Котлы" ru_instrumental="Верхними Котлы" chief_region="0" population="0" />
	<region id="120576" name="Орехово-Борисово Северное" type="13" parent="20360" tz_offset="10800" ru_name="Орехово-Борисово Северное" uk_name="Орєхово-Борисово Північне" tr_name="" en_name="Orekhovo-Borisovo Severnoye" latitude="55.618278" longitude="37.704817" ru_prepositional="Орехово-Борисово Северном" ru_preposition="в" ru_genitive="Орехово-Борисово Северного" ru_dative="Орехово-Борисово Северному" ru_accusative="Орехово-Борисово Северное" ru_instrumental="Орехово-Борисово Северным" chief_region="0" population="131926" />
	<region id="20422" name="Орехово" type="9" parent="120576" tz_offset="10800" ru_name="Орехово" uk_name="Орєхово" tr_name="Orekhovo" en_name="Orekhovo" latitude="55.612884" longitude="37.695331" ru_prepositional="Орехово" ru_preposition="на" ru_genitive="Орехово" ru_dative="Орехово" ru_accusative="Орехово" ru_instrumental="Ореховом" chief_region="0" population="0" />
	<region id="20423" name="Домодедовская" type="9" parent="120576" tz_offset="10800" ru_name="Домодедовская" uk_name="Домодєдовська" tr_name="Domodedovskaya" en_name="Domodedovskaya" latitude="55.610814" longitude="37.718552" ru_prepositional="Домодедовской" ru_preposition="на" ru_genitive="Домодедовской" ru_dative="Домодедовской" ru_accusative="Домодедовскую" ru_instrumental="Домодедовской" chief_region="0" population="0" />
	<region id="120577" name="Орехово-Борисово Южное" type="13" parent="20360" tz_offset="10800" ru_name="Орехово-Борисово Южное" uk_name="Орєхово-Борисово Південне" tr_name="" en_name="Orekhovo-Borisovo Yuzhnoye" latitude="55.604264" longitude="37.733132" ru_prepositional="Орехово-Борисово Южное" ru_preposition="в" ru_genitive="Орехово-Борисово Южное" ru_dative="Орехово-Борисово Южное" ru_accusative="Орехово-Борисово Южное" ru_instrumental="Орехово-Борисово Южное" chief_region="0" population="147713" />
	<region id="120578" name="Царицыно" type="13" parent="20360" tz_offset="10800" ru_name="Царицыно" uk_name="Царицино" tr_name="" en_name="Tsaritsyno" latitude="55.627387" longitude="37.652768" ru_prepositional="Царицыно" ru_preposition="в" ru_genitive="Царицыно" ru_dative="Царицыно" ru_accusative="Царицыно" ru_instrumental="Царицыно" chief_region="0" population="127911" />
	<region id="20420" name="Кантемировская" type="9" parent="120578" tz_offset="10800" ru_name="Кантемировская" uk_name="Кантемировська" tr_name="Kantemirovskaya" en_name="Kantemirovskaya" latitude="55.636107" longitude="37.656218" ru_prepositional="Кантемировской" ru_preposition="на" ru_genitive="Кантемировской" ru_dative="Кантемировской" ru_accusative="Кантемировскую" ru_instrumental="Кантемировской" chief_region="0" population="0" />
	<region id="20421" name="Царицыно" type="9" parent="120578" tz_offset="10800" ru_name="Царицыно" uk_name="Царицино" tr_name="Tsaritsino" en_name="Tsaritsino" latitude="55.621653" longitude="37.669028" ru_prepositional="Царицыно" ru_preposition="на" ru_genitive="Царицыно" ru_dative="Царицыно" ru_accusative="Царицыно" ru_instrumental="Царицыном" chief_region="0" population="0" />
	<region id="218577" name="станция Царицыно (МЦД-2)" type="9" parent="120578" tz_offset="10800" ru_name="станция Царицыно (МЦД-2)" uk_name="" tr_name="" en_name="stantsiya Tsaritsyno (D2)" latitude="55.618497" longitude="37.668769" ru_prepositional="станции Царицыно (МЦД-2)" ru_preposition="на" ru_genitive="" ru_dative="" ru_accusative="" ru_instrumental="" chief_region="0" population="0" />
	<region id="120579" name="Чертаново Северное" type="13" parent="20360" tz_offset="10800" ru_name="Чертаново Северное" uk_name="Чертаново Північне" tr_name="" en_name="Chertanovo Severnoye" latitude="55.632205" longitude="37.605113" ru_prepositional="Чертаново Северном" ru_preposition="в" ru_genitive="Чертаново Северного" ru_dative="Чертаново Северному" ru_accusative="Чертаново Северное" ru_instrumental="Чертаново Северным" chief_region="0" population="114506" />
	<region id="20429" name="Южная" type="9" parent="120579" tz_offset="10800" ru_name="Южная" uk_name="Південна" tr_name="Yuzhnaya" en_name="Yuzhnaya" latitude="55.622436" longitude="37.609047" ru_prepositional="Южной" ru_preposition="на" ru_genitive="Южной" ru_dative="Южной" ru_accusative="Южную" ru_instrumental="Южной" chief_region="0" population="0" />
	<region id="20447" name="Чертановская" type="9" parent="120579" tz_offset="10800" ru_name="Чертановская" uk_name="Чертановська" tr_name="Chertanovskaya" en_name="Chertanovskaya" latitude="55.640609" longitude="37.606325" ru_prepositional="Чертановской" ru_preposition="на" ru_genitive="Чертановской" ru_dative="Чертановской" ru_accusative="Чертановскую" ru_instrumental="Чертановской" chief_region="0" population="0" />
	<region id="120580" name="Чертаново Центральное" type="13" parent="20360" tz_offset="10800" ru_name="Чертаново Центральное" uk_name="Чертаново Центральне" tr_name="" en_name="Chertanovo Tsentralnoye" latitude="55.613880" longitude="37.604098" ru_prepositional="Чертаново Центральном" ru_preposition="в" ru_genitive="Чертаново Центрального" ru_dative="Чертаново Центральному" ru_accusative="Чертаново Центральное" ru_instrumental="Чертаново Центральным" chief_region="0" population="116698" />
	<region id="20430" name="Пражская" type="9" parent="120580" tz_offset="10800" ru_name="Пражская" uk_name="Празька" tr_name="Prazhskaya" en_name="Prazhskaya" latitude="55.612614" longitude="37.604538" ru_prepositional="Пражской" ru_preposition="на" ru_genitive="Пражской" ru_dative="Пражской" ru_accusative="Пражскую" ru_instrumental="Пражской" chief_region="0" population="0" />
	<region id="120581" name="Чертаново Южное" type="13" parent="20360" tz_offset="10800" ru_name="Чертаново Южное" uk_name="Чертаново Південне" tr_name="" en_name="Chertanovo Yuzhnoye" latitude="55.591889" longitude="37.600361" ru_prepositional="Чертаново Южном" ru_preposition="в" ru_genitive="Чертаново Южного" ru_dative="Чертаново Южному" ru_accusative="Чертаново Южное" ru_instrumental="Чертаново Южным" chief_region="0" population="150067" />
	<region id="20431" name="Улица академика Янгеля" type="9" parent="120581" tz_offset="10800" ru_name="Улица академика Янгеля" uk_name="Вулиця академіка Янгеля" tr_name="Ulitsa Akademika Yangelya" en_name="Ulitsa Akademika Yangelya" latitude="55.595293" longitude="37.600864" ru_prepositional="Улице академика Янгеля" ru_preposition="на" ru_genitive="Улицы академика Янгеля" ru_dative="Улице академика Янгеля" ru_accusative="Улицу академика Янгеля" ru_instrumental="Улицей академика Янгеля" chief_region="0" population="0" />
	<region id="20432" name="Аннино" type="9" parent="120581" tz_offset="10800" ru_name="Аннино" uk_name="Анніно" tr_name="Annino" en_name="Annino" latitude="55.583200" longitude="37.596740" ru_prepositional="Аннино" ru_preposition="на" ru_genitive="Аннино" ru_dative="Аннино" ru_accusative="Аннино" ru_instrumental="Аннино" chief_region="0" population="0" />
	<region id="115086" name="Лесопарковая" type="9" parent="120581" tz_offset="10800" ru_name="Лесопарковая" uk_name="Лісопаркова" tr_name="Lesoparkovaya" en_name="Lesoparkovaya" latitude="55.581968" longitude="37.577310" ru_prepositional="Лесопарковой" ru_preposition="на" ru_genitive="Лесопарковой" ru_dative="Лесопарковой" ru_accusative="Лесопарковую" ru_instrumental="Лесопарковой" chief_region="0" population="0" />
	<region id="218558" name="станция Покровское (МЦД-2)" type="9" parent="120581" tz_offset="10800" ru_name="станция Покровское (МЦД-2)" uk_name="" tr_name="" en_name="stantsiya Pokrovskoye (D2)" latitude="55.602970" longitude="37.632073" ru_prepositional="станции Покровское (МЦД-2)" ru_preposition="на" ru_genitive="" ru_dative="" ru_accusative="" ru_instrumental="" chief_region="0" population="0" />
	<region id="218578" name="станция Красный Строитель (МЦД-2)" type="9" parent="120581" tz_offset="10800" ru_name="станция Красный Строитель (МЦД-2)" uk_name="" tr_name="" en_name="Krasniy Stroitel Station (D2)" latitude="55.589802" longitude="37.615093" ru_prepositional="станции Красный Строитель (МЦД-2)" ru_preposition="на" ru_genitive="" ru_dative="" ru_accusative="" ru_instrumental="" chief_region="0" population="0" />
	<region id="20361" name="Юго-западный административный округ" type="8" parent="213" tz_offset="10800" ru_name="Юго-западный административный округ" uk_name="Південно-західний адміністративний округ (ПЗАО)" tr_name="Güneybatı İdari Bölgesi" en_name="South-West administrative district" latitude="55.662735" longitude="37.576178" ru_prepositional="Юго-западном административном округе" ru_preposition="в" ru_genitive="Юго-западного административного округа" ru_dative="Юго-западному административному округу" ru_accusative="Юго-западный административный округ" ru_instrumental="Юго-западным административным округом" chief_region="0" population="1437242" />
	<region id="120556" name="Академический район" type="13" parent="20361" tz_offset="10800" ru_name="Академический район" uk_name="Академічний район" tr_name="" en_name="Akademichesky District" latitude="55.688005" longitude="37.572684" ru_prepositional="Академическом районе" ru_preposition="в" ru_genitive="Академического района" ru_dative="Академическому району" ru_accusative="Академический район" ru_instrumental="Академическим районом" chief_region="0" population="108516" />
	<region id="20434" name="Академическая" type="9" parent="120556" tz_offset="10800" ru_name="Академическая" uk_name="Академічна" tr_name="Akademicheskaya" en_name="Akademicheskaya" latitude="55.687761" longitude="37.573447" ru_prepositional="Академической" ru_preposition="на" ru_genitive="Академической" ru_dative="Академической" ru_accusative="Академическую" ru_instrumental="Академической" chief_region="0" population="0" />
	<region id="120557" name="Гагаринский район" type="13" parent="20361" tz_offset="10800" ru_name="Гагаринский район" uk_name="Гагарінський район" tr_name="" en_name="Gagarinsky District" latitude="55.698325" longitude="37.558562" ru_prepositional="Гагаринском районе" ru_preposition="в" ru_genitive="Гагаринского района" ru_dative="Гагаринскому району" ru_accusative="Гагаринский район" ru_instrumental="Гагаринским районом" chief_region="0" population="78407" />
	<region id="20433" name="Ленинский проспект" type="9" parent="120557" tz_offset="10800" ru_name="Ленинский проспект" uk_name="Ленінський проспект" tr_name="Leninskiy Prospekt" en_name="Leninskiy Prospekt" latitude="55.707202" longitude="37.585583" ru_prepositional="Ленинском проспекте" ru_preposition="на" ru_genitive="Ленинского проспекта" ru_dative="Ленинскому проспекту" ru_accusative="Ленинский проспект" ru_instrumental="Ленинским проспектом" chief_region="0" population="0" />
	<region id="20444" name="Университет" type="9" parent="120557" tz_offset="10800" ru_name="Университет" uk_name="Університет" tr_name="Üniversite" en_name="Universitet" latitude="55.692612" longitude="37.533517" ru_prepositional="Университете" ru_preposition="на" ru_genitive="Университета" ru_dative="Университету" ru_accusative="Университет" ru_instrumental="Университетом" chief_region="0" population="0" />
	<region id="152944" name="Площадь Гагарина" type="9" parent="120557" tz_offset="10800" ru_name="Площадь Гагарина" uk_name="" tr_name="" en_name="Ploshchad Gagarina" latitude="55.707202" longitude="37.585583" ru_prepositional="Площади Гагарина" ru_preposition="на" ru_genitive="Площади Гагарина" ru_dative="Площади Гагарина" ru_accusative="Площадь Гагарина" ru_instrumental="Площадью Гагарина" chief_region="0" population="0" />
	<region id="120558" name="Зюзино" type="13" parent="20361" tz_offset="10800" ru_name="Зюзино" uk_name="Зюзіно" tr_name="" en_name="Zyuzino" latitude="55.654066" longitude="37.589608" ru_prepositional="Зюзино" ru_preposition="в" ru_genitive="Зюзино" ru_dative="Зюзино" ru_accusative="Зюзино" ru_instrumental="Зюзино" chief_region="0" population="126573" />
	<region id="20443" name="Каховская" type="9" parent="120558" tz_offset="10800" ru_name="Каховская" uk_name="Каховська" tr_name="Kakhovskaya" en_name="Kakhovskaya" latitude="55.652898" longitude="37.597127" ru_prepositional="Каховской" ru_preposition="на" ru_genitive="Каховской" ru_dative="Каховской" ru_accusative="Каховскую" ru_instrumental="Каховской" chief_region="0" population="0" />
	<region id="20445" name="Нахимовский проспект" type="9" parent="120558" tz_offset="10800" ru_name="Нахимовский проспект" uk_name="Нахімовський проспект" tr_name="Nakhimovskiy Prospekt" en_name="Nakhimovskiy Prospekt" latitude="55.662379" longitude="37.605274" ru_prepositional="Нахимовском проспекте" ru_preposition="на" ru_genitive="Нахимовского проспекта" ru_dative="Нахимовскому проспекту" ru_accusative="Нахимовский проспект" ru_instrumental="Нахимовским проспектом" chief_region="0" population="0" />
	<region id="20446" name="Севастопольская" type="9" parent="120558" tz_offset="10800" ru_name="Севастопольская" uk_name="Севастопольська" tr_name="Sevastopolskaya" en_name="Sevastopolskaya" latitude="55.652202" longitude="37.598375" ru_prepositional="Севастопольской" ru_preposition="на" ru_genitive="Севастопольской" ru_dative="Севастопольской" ru_accusative="Севастопольскую" ru_instrumental="Севастопольской" chief_region="0" population="0" />
	<region id="120559" name="Коньково" type="13" parent="20361" tz_offset="10800" ru_name="Коньково" uk_name="Коньково" tr_name="" en_name="Konkovo" latitude="55.643414" longitude="37.530588" ru_prepositional="Коньково" ru_preposition="в" ru_genitive="Коньково" ru_dative="Коньково" ru_accusative="Коньково" ru_instrumental="Коньково" chief_region="0" population="155667" />
	<region id="20438" name="Беляево" type="9" parent="120559" tz_offset="10800" ru_name="Беляево" uk_name="Біляєво" tr_name="Belyaevo" en_name="Belyaevo" latitude="55.642748" longitude="37.525827" ru_prepositional="Беляево" ru_preposition="на" ru_genitive="Беляево" ru_dative="Беляево" ru_accusative="Беляево" ru_instrumental="Беляевом" chief_region="0" population="0" />
	<region id="20439" name="Коньково" type="9" parent="120559" tz_offset="10800" ru_name="Коньково" uk_name="Коньково" tr_name="Konkovo" en_name="Konkovo" latitude="55.633150" longitude="37.519009" ru_prepositional="Коньково" ru_preposition="на" ru_genitive="Коньково" ru_dative="Коньково" ru_accusative="Коньково" ru_instrumental="Коньковом" chief_region="0" population="0" />
	<region id="120560" name="Ломоносовский район" type="13" parent="20361" tz_offset="10800" ru_name="Ломоносовский район" uk_name="Ломоносовський район" tr_name="" en_name="Lomonosovsky District" latitude="55.678778" longitude="37.533239" ru_prepositional="Ломоносовском районе" ru_preposition="в" ru_genitive="Ломоносовского района" ru_dative="Ломоносовскому району" ru_accusative="Ломоносовский район" ru_instrumental="Ломоносовским районом" chief_region="0" population="87065" />
	<region id="120561" name="Обручевский район" type="13" parent="20361" tz_offset="10800" ru_name="Обручевский район" uk_name="Обручевський район" tr_name="" en_name="Obruchevsky District" latitude="55.660917" longitude="37.518479" ru_prepositional="Обручевском районе" ru_preposition="в" ru_genitive="Обручевского района" ru_dative="Обручевскому району" ru_accusative="Обручевский район" ru_instrumental="Обручевским районом" chief_region="0" population="83469" />
	<region id="20437" name="Калужская" type="9" parent="120561" tz_offset="10800" ru_name="Калужская" uk_name="Калузька" tr_name="Kaluzhskaya" en_name="Kaluzhskaya" latitude="55.656682" longitude="37.540075" ru_prepositional="Калужской" ru_preposition="на" ru_genitive="Калужской" ru_dative="Калужской" ru_accusative="Калужскую" ru_instrumental="Калужской" chief_region="0" population="0" />
	<region id="120562" name="Северное Бутово" type="13" parent="20361" tz_offset="10800" ru_name="Северное Бутово" uk_name="Північне Бутово" tr_name="" en_name="Severnoye Butovo" latitude="55.568914" longitude="37.570519" ru_prepositional="Северном Бутово" ru_preposition="в" ru_genitive="Северного Бутово" ru_dative="Северному Бутово" ru_accusative="Северное Бутово" ru_instrumental="Северным Бутово" chief_region="0" population="95561" />
	<region id="20448" name="Бульвар Дмитрия Донского" type="9" parent="120562" tz_offset="10800" ru_name="Бульвар Дмитрия Донского" uk_name="Бульвар Дмитра Донського" tr_name="Bulvar Dmitriya Donskogo" en_name="Bulvar Dmitriya Donskogo" latitude="55.569667" longitude="37.577346" ru_prepositional="Бульваре Дмитрия Донского" ru_preposition="на" ru_genitive="Бульвара Дмитрия Донского" ru_dative="Бульвару Дмитрия Донского" ru_accusative="Бульвар Дмитрия Донского" ru_instrumental="Бульваром Дмитрия Донского" chief_region="0" population="0" />
	<region id="20516" name="Улица Старокачаловская" type="9" parent="120562" tz_offset="10800" ru_name="Улица Старокачаловская" uk_name="Вулиця Старокачаловська" tr_name="Ulitsa Starokachalovskaya" en_name="Ulitsa Starokachalovskaya" latitude="55.568425" longitude="37.576403" ru_prepositional="Улице Старокачаловская" ru_preposition="на" ru_genitive="Улицы Старокачаловская" ru_dative="Улице Старокачаловской" ru_accusative="Улицу Старокачаловскую" ru_instrumental="Улицей Старокачаловской" chief_region="0" population="0" />
	<region id="120563" name="Тёплый Стан" type="13" parent="20361" tz_offset="10800" ru_name="Тёплый Стан" uk_name="Теплий Стан" tr_name="" en_name="Tyoply Stan" latitude="55.631427" longitude="37.489877" ru_prepositional="Тёплом Стане" ru_preposition="в" ru_genitive="Тёплого Стана" ru_dative="Тёплому Стану" ru_accusative="Тёплый Стан" ru_instrumental="Тёплым Станом" chief_region="0" population="133069" />
	<region id="20440" name="Теплый Стан" type="9" parent="120563" tz_offset="10800" ru_name="Теплый Стан" uk_name="Теплий Стан" tr_name="Tyopliy Stan" en_name="Tyopliy Stan" latitude="55.618644" longitude="37.506541" ru_prepositional="Теплом Стане" ru_preposition="на" ru_genitive="Теплого Стана" ru_dative="Теплому Стану" ru_accusative="Теплый Стан" ru_instrumental="Теплым Станом" chief_region="0" population="0" />
	<region id="120564" name="Черёмушки" type="13" parent="20361" tz_offset="10800" ru_name="Черёмушки" uk_name="Черьомушки" tr_name="" en_name="Cheryomushki" latitude="55.664649" longitude="37.561347" ru_prepositional="Черёмушках" ru_preposition="в" ru_genitive="Черёмушек" ru_dative="Черёмушкам" ru_accusative="Черёмушки" ru_instrumental="Черёмушками" chief_region="0" population="109547" />
	<region id="20435" name="Профсоюзная" type="9" parent="120564" tz_offset="10800" ru_name="Профсоюзная" uk_name="Профспілкова" tr_name="Profsoyuznaya" en_name="Profsoyuznaya" latitude="55.677930" longitude="37.562874" ru_prepositional="Профсоюзной" ru_preposition="на" ru_genitive="Профсоюзной" ru_dative="Профсоюзной" ru_accusative="Профсоюзную" ru_instrumental="Профсоюзной" chief_region="0" population="0" />
	<region id="20436" name="Новые Черемушки" type="9" parent="120564" tz_offset="10800" ru_name="Новые Черемушки" uk_name="Нові Черемушки" tr_name="Noviye Cheremushki" en_name="Noviye Cheremushki" latitude="55.670077" longitude="37.554493" ru_prepositional="Новых Черемушках" ru_preposition="на" ru_genitive="Новых Черемушек" ru_dative="Новым Черемушкам" ru_accusative="Новые Черемушки" ru_instrumental="Новыми Черемушками" chief_region="0" population="0" />
	<region id="120565" name="Южное Бутово" type="13" parent="20361" tz_offset="10800" ru_name="Южное Бутово" uk_name="Південне Бутово" tr_name="" en_name="Yuzhnoye Butovo" latitude="55.542396" longitude="37.531523" ru_prepositional="Южном Бутово" ru_preposition="в" ru_genitive="Южного Бутово" ru_dative="Южному Бутово" ru_accusative="Южное Бутово" ru_instrumental="Южным Бутово" chief_region="0" population="207967" />
	<region id="20517" name="Улица Скобелевская" type="9" parent="120565" tz_offset="10800" ru_name="Улица Скобелевская" uk_name="Вулиця Скобелєвська" tr_name="Ulitsa Skobelevskaya" en_name="Ylitsa Skobelevskaya" latitude="55.548044" longitude="37.554636" ru_prepositional="Улице Скобелевская" ru_preposition="на" ru_genitive="Улицы Скобелевская" ru_dative="Улице Скобелевской" ru_accusative="Улицу Скобелевскую" ru_instrumental="Улицей Скобелевской" chief_region="0" population="0" />
	<region id="20518" name="Бульвар адмирала Ушакова" type="9" parent="120565" tz_offset="10800" ru_name="Бульвар адмирала Ушакова" uk_name="Бульвар адмірала Ушакова" tr_name="Bulvar Admirala Ushakova" en_name="Bulvar Admirala Ushakova" latitude="55.545319" longitude="37.542833" ru_prepositional="Бульваре адмирала Ушакова" ru_preposition="на" ru_genitive="Бульвара адмирала Ушакова" ru_dative="Бульвару адмирала Ушакова" ru_accusative="Бульвар адмирала Ушакова" ru_instrumental="Бульваром адмирала Ушакова" chief_region="0" population="0" />
	<region id="20519" name="Улица Горчакова" type="9" parent="120565" tz_offset="10800" ru_name="Улица Горчакова" uk_name="Вулиця Горчакова" tr_name="Ulitsa Gorchakova" en_name="Ulitsa Corchakova" latitude="55.541932" longitude="37.531514" ru_prepositional="Улице Горчакова" ru_preposition="на" ru_genitive="Улицы Горчакова" ru_dative="Улице Горчакова" ru_accusative="Улицу Горчакова" ru_instrumental="Улицей Горчакова" chief_region="0" population="0" />
	<region id="20520" name="Бунинская аллея" type="9" parent="120565" tz_offset="10800" ru_name="Бунинская аллея" uk_name="Бунінська алея" tr_name="Buninskaya Alleya" en_name="Buninskaya Alleya" latitude="55.537964" longitude="37.515919" ru_prepositional="Бунинской аллее" ru_preposition="на" ru_genitive="Бунинской аллеи" ru_dative="Бунинской аллее" ru_accusative="Бунинскую аллею" ru_instrumental="Бунинской аллеей" chief_region="0" population="0" />
	<region id="215343" name="Милицейский посёлок" type="7" parent="120565" tz_offset="10800" ru_name="Милицейский посёлок" uk_name="" tr_name="" en_name="Milicejskij posyolok" latitude="55.508050" longitude="37.588476" ru_prepositional="Милицейском поселке" ru_preposition="в" ru_genitive="Милицейского поселка" ru_dative="Милицейскому поселку" ru_accusative="Милицейского поселок" ru_instrumental="Милицейским поселком" chief_region="0" population="0" />
	<region id="218593" name="станция Бутово (МЦД-2)" type="9" parent="120565" tz_offset="10800" ru_name="станция Бутово (МЦД-2)" uk_name="" tr_name="" en_name="Butovo Station (D2)" latitude="55.541700" longitude="37.570683" ru_prepositional="станции Бутово (МЦД-2)" ru_preposition="на" ru_genitive="" ru_dative="" ru_accusative="" ru_instrumental="" chief_region="0" population="0" />
	<region id="120566" name="Ясенево" type="13" parent="20361" tz_offset="10800" ru_name="Ясенево" uk_name="Ясенево" tr_name="" en_name="Yasenevo" latitude="55.607514" longitude="37.534577" ru_prepositional="Ясенево" ru_preposition="в" ru_genitive="Ясенево" ru_dative="Ясенево" ru_accusative="Ясенево" ru_instrumental="Ясенево" chief_region="0" population="177010" />
	<region id="20441" name="Ясенево" type="9" parent="120566" tz_offset="10800" ru_name="Ясенево" uk_name="Ясенєво" tr_name="Yasenevo" en_name="Yasenevo" latitude="55.606182" longitude="37.533400" ru_prepositional="Ясенево" ru_preposition="на" ru_genitive="Ясенево" ru_dative="Ясенево" ru_accusative="Ясенево" ru_instrumental="Ясеневом" chief_region="0" population="0" />
	<region id="20442" name="Новоясеневская" type="9" parent="120566" tz_offset="10800" ru_name="Новоясеневская" uk_name="Бітцевський парк" tr_name="Bitsevskiy Park" en_name="Bitsevskiy Park" latitude="55.601717" longitude="37.553828" ru_prepositional="Новоясеневской" ru_preposition="на" ru_genitive="Новоясеневской" ru_dative="Новоясеневскую" ru_accusative="Новоясеневскую" ru_instrumental="Новоясеневской" chief_region="0" population="0" />
	<region id="115084" name="Битцевский парк" type="9" parent="120566" tz_offset="10800" ru_name="Битцевский парк" uk_name="Бітцевський парк" tr_name="Bitsevski Park" en_name="Bittsevsky Park" latitude="55.601717" longitude="37.553828" ru_prepositional="Битцевском парке" ru_preposition="на" ru_genitive="Битцевского парка" ru_dative="Битцевскому парку" ru_accusative="Битцевский парк" ru_instrumental="Битцевским парком" chief_region="0" population="0" />
	<region id="155426" name="Котловка" type="13" parent="20361" tz_offset="10800" ru_name="Котловка" uk_name="" tr_name="" en_name="Kotlovka" latitude="55.676209" longitude="37.597199" ru_prepositional="Котловке" ru_preposition="в" ru_genitive="Котловки" ru_dative="Котловке" ru_accusative="Котловку" ru_instrumental="Котловкой" chief_region="0" population="65811" />
	<region id="20362" name="Западный административный округ" type="8" parent="213" tz_offset="10800" ru_name="Западный административный округ" uk_name="Західний адміністративний округ (ЗАО)" tr_name="Batı İdari Bölgesi" en_name="Western Administrative District" latitude="55.728003" longitude="37.443533" ru_prepositional="Западном административном округе" ru_preposition="в" ru_genitive="Западного административного округа" ru_dative="Западному административному округу" ru_accusative="Западный административный округ" ru_instrumental="Западным административным округом" chief_region="0" population="1382516" />
	<region id="21657" name="Солнцево" type="13" parent="20362" tz_offset="10800" ru_name="Солнцево" uk_name="Солнцево" tr_name="Solncevo" en_name="Solncevo" latitude="55.645918" longitude="37.401680" ru_prepositional="Солнцево" ru_preposition="в" ru_genitive="Солнцево" ru_dative="Солнцево" ru_accusative="Солнцево" ru_instrumental="Солнцево" chief_region="0" population="119584" />
	<region id="190116" name="Солнцево" type="9" parent="21657" tz_offset="10800" ru_name="Солнцево" uk_name="" tr_name="" en_name="Solntsevo" latitude="55.649363" longitude="37.390895" ru_prepositional="Солнцево" ru_preposition="на" ru_genitive="Солнцево" ru_dative="Солнцево" ru_accusative="Солнцево" ru_instrumental="Солнцево" chief_region="0" population="0" />
	<region id="116996" name="Внуково" type="13" parent="20362" tz_offset="10800" ru_name="Внуково" uk_name="Внуково" tr_name="" en_name="Vnukovo" latitude="55.610845" longitude="37.296685" ru_prepositional="Внуково" ru_preposition="во" ru_genitive="Внуково" ru_dative="Внуково" ru_accusative="Внуково" ru_instrumental="Внуково" chief_region="0" population="24023" />
	<region id="121826" name="Толстопальцево" type="7" parent="116996" tz_offset="10800" ru_name="Толстопальцево" uk_name="Толстопальцево" tr_name="" en_name="Tolstopaltsevo" latitude="55.606670" longitude="37.200440" ru_prepositional="Толстопальцево" ru_preposition="в" ru_genitive="Толстопальцево" ru_dative="Толстопальцево" ru_accusative="Толстопальцево" ru_instrumental="Толстопальцево" chief_region="0" population="0" />
	<region id="116997" name="Дорогомилово" type="13" parent="20362" tz_offset="10800" ru_name="Дорогомилово" uk_name="Дорогомилово" tr_name="" en_name="Dorogomilovo" latitude="55.739468" longitude="37.547656" ru_prepositional="Дорогомилово" ru_preposition="в" ru_genitive="Дорогомилово" ru_dative="Дорогомилово" ru_accusative="Дорогомилово" ru_instrumental="Дорогомилово" chief_region="0" population="74865" />
	<region id="20449" name="Киевская" type="9" parent="116997" tz_offset="10800" ru_name="Киевская" uk_name="Київська" tr_name="Kievskaya" en_name="Kievskaya" latitude="55.744698" longitude="37.566809" ru_prepositional="Киевской" ru_preposition="на" ru_genitive="Киевской" ru_dative="Киевской" ru_accusative="Киевскую" ru_instrumental="Киевской" chief_region="0" population="0" />
	<region id="20450" name="Парк Победы" type="9" parent="116997" tz_offset="10800" ru_name="Парк Победы" uk_name="Парк Перемоги" tr_name="Park Pobedy" en_name="Park Pobedy" latitude="55.736169" longitude="37.516979" ru_prepositional="Парке Победы" ru_preposition="на" ru_genitive="Парка Победы" ru_dative="Парку Победы" ru_accusative="Парк Победы" ru_instrumental="Парком Победы" chief_region="0" population="0" />
	<region id="20460" name="Кутузовская (Филёвская)" type="9" parent="116997" tz_offset="10800" ru_name="Кутузовская (Филёвская)" uk_name="Кутузовська" tr_name="Kutuzovskaya" en_name="Kutuzovskaya" latitude="55.740330" longitude="37.534191" ru_prepositional="Кутузовской" ru_preposition="на" ru_genitive="Кутузовской" ru_dative="Кутузовской (Филёвская)" ru_accusative="Кутузовскую (Филёвская)" ru_instrumental="Кутузовской (Филёвская)" chief_region="0" population="0" />
	<region id="20461" name="Студенческая" type="9" parent="116997" tz_offset="10800" ru_name="Студенческая" uk_name="Студентська" tr_name="Studencheskaya" en_name="Studencheskaya" latitude="55.738784" longitude="37.548375" ru_prepositional="Студенческой" ru_preposition="на" ru_genitive="Студенческой" ru_dative="Студенческой" ru_accusative="Студенческую" ru_instrumental="Студенческой" chief_region="0" population="0" />
	<region id="152946" name="Кутузовская (Московское центральное кольцо)" type="9" parent="116997" tz_offset="10800" ru_name="Кутузовская (Московское центральное кольцо)" uk_name="" tr_name="" en_name="Kutuzovskaya" latitude="55.740330" longitude="37.534191" ru_prepositional="Кутузовской" ru_preposition="на" ru_genitive="Кутузовской" ru_dative="Кутузовской (Московское центральное кольцо)" ru_accusative="Кутузовскую (Московское центральное кольцо)" ru_instrumental="Кутузовской (Московское центральное кольцо)" chief_region="0" population="0" />
	<region id="163517" name="Минская" type="9" parent="116997" tz_offset="10800" ru_name="Минская" uk_name="" tr_name="" en_name="Minskaya" latitude="55.723947" longitude="37.497872" ru_prepositional="Минской" ru_preposition="на" ru_genitive="Минской" ru_dative="Минской" ru_accusative="Минскую" ru_instrumental="Минской" chief_region="0" population="0" />
	<region id="218587" name="станция Фили (МЦД-1)" type="9" parent="116997" tz_offset="10800" ru_name="станция Фили (МЦД-1)" uk_name="" tr_name="" en_name="Fili Station (D1)" latitude="55.744218" longitude="37.514984" ru_prepositional="станции Фили (МЦД-1)" ru_preposition="на" ru_genitive="" ru_dative="" ru_accusative="" ru_instrumental="" chief_region="0" population="0" />
	<region id="116998" name="Крылатское" type="13" parent="20362" tz_offset="10800" ru_name="Крылатское" uk_name="Крилатське" tr_name="" en_name="Krylatskoye" latitude="55.763194" longitude="37.423716" ru_prepositional="Крылатском" ru_preposition="в" ru_genitive="Крылатского" ru_dative="Крылатскому" ru_accusative="Крылатское" ru_instrumental="Крылатским" chief_region="0" population="81051" />
	<region id="20453" name="Крылатское" type="9" parent="116998" tz_offset="10800" ru_name="Крылатское" uk_name="Крилатське" tr_name="Krylatskoe" en_name="Krylatskoe" latitude="55.756842" longitude="37.408139" ru_prepositional="Крылатском" ru_preposition="на" ru_genitive="Крылатского" ru_dative="Крылатскому" ru_accusative="Крылатское" ru_instrumental="Крылатским" chief_region="0" population="0" />
	<region id="116999" name="Кунцево" type="13" parent="20362" tz_offset="10800" ru_name="Кунцево" uk_name="Кунцево" tr_name="" en_name="Kuntsevo" latitude="55.742610" longitude="37.398482" ru_prepositional="Кунцево" ru_preposition="в" ru_genitive="Кунцево" ru_dative="Кунцево" ru_accusative="Кунцево" ru_instrumental="Кунцево" chief_region="0" population="151423" />
	<region id="20454" name="Молодежная" type="9" parent="116999" tz_offset="10800" ru_name="Молодежная" uk_name="Молодіжна" tr_name="Molodezhnaya" en_name="Molodezhnaya" latitude="55.741237" longitude="37.416125" ru_prepositional="Молодежной" ru_preposition="на" ru_genitive="Молодежной" ru_dative="Молодежной" ru_accusative="Молодежную" ru_instrumental="Молодежной" chief_region="0" population="0" />
	<region id="20455" name="Кунцевская" type="9" parent="116999" tz_offset="10800" ru_name="Кунцевская" uk_name="Кунцевська" tr_name="Kuntsevskaya" en_name="Kuntsevskaya" latitude="55.730791" longitude="37.446587" ru_prepositional="Кунцевской" ru_preposition="на" ru_genitive="Кунцевской" ru_dative="Кунцевской" ru_accusative="Кунцевскую" ru_instrumental="Кунцевской" chief_region="0" population="0" />
	<region id="121713" name="Мякинино" type="7" parent="116999" tz_offset="10800" ru_name="Мякинино" uk_name="" tr_name="" en_name="Mjakinino" latitude="55.808483" longitude="37.375665" ru_prepositional="Мякинино" ru_preposition="в" ru_genitive="Мякинино" ru_dative="Мякинино" ru_accusative="Мякинино" ru_instrumental="Мякинино" chief_region="0" population="0" />
	<region id="121784" name="Рублёво" type="7" parent="116999" tz_offset="10800" ru_name="Рублёво" uk_name="Рубльово" tr_name="" en_name="Rublyovo" latitude="55.786288" longitude="37.355390" ru_prepositional="Рублёво" ru_preposition="в" ru_genitive="Рублёво" ru_dative="Рублёво" ru_accusative="Рублёво" ru_instrumental="Рублёво" chief_region="0" population="0" />
	<region id="117000" name="Можайский район" type="13" parent="20362" tz_offset="10800" ru_name="Можайский район" uk_name="Можайський район" tr_name="" en_name="Mozhaysky District" latitude="55.717634" longitude="37.422755" ru_prepositional="Можайском районе" ru_preposition="в" ru_genitive="Можайского района" ru_dative="Можайскому району" ru_accusative="Можайский район" ru_instrumental="Можайским районом" chief_region="0" population="135712" />
	<region id="116592" name="ИЦ Сколково" type="7" parent="117000" tz_offset="10800" ru_name="ИЦ Сколково" uk_name="ІЦ Сколково" tr_name="Skolkovo Yenilikler Merkezi" en_name="IC Skolkovo" latitude="55.691876" longitude="37.348805" ru_prepositional="ИЦ Сколково" ru_preposition="в" ru_genitive="ИЦ Сколково" ru_dative="ИЦ Сколково" ru_accusative="ИЦ Сколково" ru_instrumental="ИЦ Сколково" chief_region="0" population="0" />
	<region id="218541" name="станция Рабочий Посёлок (МЦД-1)" type="9" parent="117000" tz_offset="10800" ru_name="станция Рабочий Посёлок (МЦД-1)" uk_name="" tr_name="" en_name="Rabochiy Posyolok Station (D1)" latitude="55.726920" longitude="37.417885" ru_prepositional="станции Рабочий Посёлок (МЦД-1)" ru_preposition="на" ru_genitive="" ru_dative="" ru_accusative="" ru_instrumental="" chief_region="0" population="0" />
	<region id="218550" name="станция Сетунь (МЦД-1)" type="9" parent="117000" tz_offset="10800" ru_name="станция Сетунь (МЦД-1)" uk_name="" tr_name="" en_name="Setun Station (D1)" latitude="55.724214" longitude="37.398479" ru_prepositional="станции Сетунь (МЦД-1)" ru_preposition="на" ru_genitive="" ru_dative="" ru_accusative="" ru_instrumental="" chief_region="0" population="0" />
	<region id="117001" name="Ново-Переделкино" type="13" parent="20362" tz_offset="10800" ru_name="Ново-Переделкино" uk_name="Ново-Пєредєлкіно" tr_name="" en_name="Novo-Peredelkino" latitude="55.646081" longitude="37.357169" ru_prepositional="Ново-Переделкино" ru_preposition="в" ru_genitive="Ново-Переделкино" ru_dative="Ново-Переделкино" ru_accusative="Ново-Переделкино" ru_instrumental="Ново-Переделкино" chief_region="0" population="121947" />
	<region id="190117" name="Боровское шоссе" type="9" parent="117001" tz_offset="10800" ru_name="Боровское шоссе" uk_name="" tr_name="" en_name="Borovskoe Shosse" latitude="55.647671" longitude="37.370122" ru_prepositional="Боровском шоссе" ru_preposition="на" ru_genitive="Боровского шоссе" ru_dative="Боровскому шоссе" ru_accusative="Боровское шоссе" ru_instrumental="Боровским шоссе" chief_region="0" population="0" />
	<region id="190119" name="Новопеределкино" type="9" parent="117001" tz_offset="10800" ru_name="Новопеределкино" uk_name="" tr_name="" en_name="Novoperedelkino" latitude="55.639613" longitude="37.355228" ru_prepositional="Новопеределкино" ru_preposition="на" ru_genitive="Новопеределкино" ru_dative="Новопеределкино" ru_accusative="Новопеределкино" ru_instrumental="Новопеределкино" chief_region="0" population="0" />
	<region id="117002" name="Очаково-Матвеевское" type="13" parent="20362" tz_offset="10800" ru_name="Очаково-Матвеевское" uk_name="Очаково-Матвіївське" tr_name="" en_name="Ochakovo-Matveyevskoye" latitude="55.689649" longitude="37.448554" ru_prepositional="Очаково-Матвеевском" ru_preposition="в" ru_genitive="Очаково-Матвеевского" ru_dative="Очаково-Матвеевскому" ru_accusative="Очаково-Матвеевское" ru_instrumental="Очаково-Матвеевским" chief_region="0" population="129890" />
	<region id="190114" name="Озёрная" type="9" parent="117002" tz_offset="10800" ru_name="Озёрная" uk_name="" tr_name="" en_name="Ozernaya" latitude="55.670574" longitude="37.449003" ru_prepositional="Озерной" ru_preposition="на" ru_genitive="Озерной" ru_dative="Озерной" ru_accusative="Озерную" ru_instrumental="Озерной" chief_region="0" population="0" />
	<region id="117003" name="Проспект Вернадского" type="13" parent="20362" tz_offset="10800" ru_name="Проспект Вернадского" uk_name="Проспект Вернадського" tr_name="" en_name="Prospekt Vernadskogo" latitude="55.678407" longitude="37.498635" ru_prepositional="Проспекте Вернадского" ru_preposition="в" ru_genitive="Проспекта Вернадского" ru_dative="Проспекту Вернадского" ru_accusative="Проспект Вернадского" ru_instrumental="Проспектом Вернадского" chief_region="0" population="62920" />
	<region id="20451" name="Проспект Вернадского" type="9" parent="117003" tz_offset="10800" ru_name="Проспект Вернадского" uk_name="Проспект Вернадського" tr_name="Prospekt Vernadskogo" en_name="Prospekt Vernadskogo" latitude="55.676910" longitude="37.505831" ru_prepositional="Проспекте Вернадского" ru_preposition="на" ru_genitive="Проспекта Вернадского" ru_dative="Проспекту Вернадского" ru_accusative="Проспект Вернадского" ru_instrumental="Проспектом Вернадского" chief_region="0" population="0" />
	<region id="117004" name="Раменки" type="13" parent="20362" tz_offset="10800" ru_name="Раменки" uk_name="Раменки" tr_name="" en_name="Ramenki" latitude="55.707152" longitude="37.513790" ru_prepositional="Раменках" ru_preposition="в" ru_genitive="Раменок" ru_dative="Раменкам" ru_accusative="Раменки" ru_instrumental="Раменками" chief_region="0" population="133595" />
	<region id="20493" name="Воробьевы Горы" type="9" parent="117004" tz_offset="10800" ru_name="Воробьевы Горы" uk_name="Воробйові гори" tr_name="Vorobyovy Gory" en_name="Vorobyovy Gory" latitude="55.710438" longitude="37.559317" ru_prepositional="Воробьевых Горах" ru_preposition="на" ru_genitive="Воробьевых Гор" ru_dative="Воробьевым Горам" ru_accusative="Воробьевы Горы" ru_instrumental="Воробьевыми Горами" chief_region="0" population="0" />
	<region id="163520" name="Ломоносовский проспект" type="9" parent="117004" tz_offset="10800" ru_name="Ломоносовский проспект" uk_name="" tr_name="" en_name="Lomonosovsky Prospekt" latitude="55.707060" longitude="37.516063" ru_prepositional="Ломоносовском проспекте" ru_preposition="на" ru_genitive="Ломоносовского проспекта" ru_dative="Ломоносовскому проспекту" ru_accusative="Ломоносовского проспект" ru_instrumental="Ломоносовским проспектом" chief_region="0" population="0" />
	<region id="163522" name="Раменки" type="9" parent="117004" tz_offset="10800" ru_name="Раменки" uk_name="" tr_name="" en_name="Ramenki" latitude="55.697691" longitude="37.498725" ru_prepositional="Раменках" ru_preposition="на" ru_genitive="Раменков" ru_dative="Раменкам" ru_accusative="Раменки" ru_instrumental="Раменками" chief_region="0" population="0" />
	<region id="190113" name="Мичуринский проспект" type="9" parent="117004" tz_offset="10800" ru_name="Мичуринский проспект" uk_name="" tr_name="" en_name="Michurinsky Prospekt" latitude="55.689456" longitude="37.482969" ru_prepositional="Мичуринском проспекте" ru_preposition="на" ru_genitive="Мичуринского проспекта" ru_dative="Мичуринскому проспекту" ru_accusative="Мичуринского проспект" ru_instrumental="Мичуринским проспектом" chief_region="0" population="0" />
	<region id="117005" name="Тропарёво-Никулино" type="13" parent="20362" tz_offset="10800" ru_name="Тропарёво-Никулино" uk_name="Тропарьово-Нікуліно" tr_name="" en_name="Troparyovo-Nikulino" latitude="55.660318" longitude="37.468488" ru_prepositional="Тропарёво-Никулино" ru_preposition="в" ru_genitive="Тропарёво-Никулино" ru_dative="Тропарёво-Никулино" ru_accusative="Тропарёво-Никулино" ru_instrumental="Тропарёво-Никулино" chief_region="0" population="123478" />
	<region id="20452" name="Юго-Западная" type="9" parent="117005" tz_offset="10800" ru_name="Юго-Западная" uk_name="Південно-Західна" tr_name="Yugo-Zapadnaya" en_name="Yugo-Zapadnaya" latitude="55.663629" longitude="37.483095" ru_prepositional="Юго-Западной" ru_preposition="на" ru_genitive="Юго-Западной" ru_dative="Юго-Западной" ru_accusative="Юго-Западную" ru_instrumental="Юго-Западной" chief_region="0" population="0" />
	<region id="116268" name="Тропарёво" type="9" parent="117005" tz_offset="10800" ru_name="Тропарёво" uk_name="Тропарьово" tr_name="Tropariovo" en_name="Troparyovo" latitude="55.645740" longitude="37.472378" ru_prepositional="Тропарёво" ru_preposition="на" ru_genitive="Тропарёво" ru_dative="Тропарёво" ru_accusative="Тропарёво" ru_instrumental="Тропарёво" chief_region="0" population="0" />
	<region id="117006" name="Филёвский Парк" type="13" parent="20362" tz_offset="10800" ru_name="Филёвский Парк" uk_name="Фільовський Парк" tr_name="" en_name="Filyovsky park" latitude="55.750003" longitude="37.498770" ru_prepositional="Филёвском Парке" ru_preposition="в" ru_genitive="Филёвского Парка" ru_dative="Филёвскому Парку" ru_accusative="Филёвский Парк" ru_instrumental="Филёвским Парком" chief_region="0" population="91288" />
	<region id="20457" name="Филевский парк" type="9" parent="117006" tz_offset="10800" ru_name="Филевский парк" uk_name="Фільовський парк" tr_name="Filevsky Park" en_name="Filyevskiy Park" latitude="55.739519" longitude="37.483328" ru_prepositional="Филевском парке" ru_preposition="на" ru_genitive="Филевского парка" ru_dative="Филевскому парку" ru_accusative="Филевский парк" ru_instrumental="Филевским парком" chief_region="0" population="0" />
	<region id="20458" name="Багратионовская" type="9" parent="117006" tz_offset="10800" ru_name="Багратионовская" uk_name="Багратіоновська" tr_name="Bagrationovskaya" en_name="Bagrationovskaya" latitude="55.743801" longitude="37.497863" ru_prepositional="Багратионовской" ru_preposition="на" ru_genitive="Багратионовской" ru_dative="Багратионовской" ru_accusative="Багратионовскую" ru_instrumental="Багратионовской" chief_region="0" population="0" />
	<region id="20459" name="Фили" type="9" parent="117006" tz_offset="10800" ru_name="Фили" uk_name="Філі" tr_name="Fili" en_name="Fili" latitude="55.745970" longitude="37.514949" ru_prepositional="Филях" ru_preposition="на" ru_genitive="Филей" ru_dative="Филям" ru_accusative="Фили" ru_instrumental="Филями" chief_region="0" population="0" />
	<region id="117007" name="Фили-Давыдково" type="13" parent="20362" tz_offset="10800" ru_name="Фили-Давыдково" uk_name="Філі-Давидково" tr_name="" en_name="Fili-Davydkovo" latitude="55.727136" longitude="37.469359" ru_prepositional="Фили-Давыдково" ru_preposition="в" ru_genitive="Фили-Давыдково" ru_dative="Фили-Давыдково" ru_accusative="Фили-Давыдково" ru_instrumental="Фили-Давыдково" chief_region="0" population="113266" />
	<region id="20456" name="Пионерская" type="9" parent="117007" tz_offset="10800" ru_name="Пионерская" uk_name="Піонерська" tr_name="Pionerskaya" en_name="Pionerskaya" latitude="55.735986" longitude="37.467078" ru_prepositional="Пионерской" ru_preposition="на" ru_genitive="Пионерской" ru_dative="Пионерской" ru_accusative="Пионерскую" ru_instrumental="Пионерской" chief_region="0" population="0" />
	<region id="98561" name="Славянский бульвар" type="9" parent="117007" tz_offset="10800" ru_name="Славянский бульвар" uk_name="Слов&#39;янський бульвар" tr_name="Slavyanskiy bulvar" en_name="Slavyanskiy bulvar" latitude="55.729650" longitude="37.470895" ru_prepositional="Славянском бульваре" ru_preposition="на" ru_genitive="Славянского бульвара" ru_dative="Славянскому бульвару" ru_accusative="Славянский бульвар" ru_instrumental="Славянским бульваром" chief_region="0" population="0" />
	<region id="218583" name="станция Кунцевская (МЦД-1)" type="9" parent="117007" tz_offset="10800" ru_name="станция Кунцевская (МЦД-1)" uk_name="" tr_name="" en_name="Kuntsevskaya Station (D1)" latitude="55.726907" longitude="37.449285" ru_prepositional="станции Кунцевская (МЦД-1)" ru_preposition="на" ru_genitive="" ru_dative="" ru_accusative="" ru_instrumental="" chief_region="0" population="0" />
	<region id="20363" name="Северо-западный административный округ" type="8" parent="213" tz_offset="10800" ru_name="Северо-западный административный округ" uk_name="Північно-західний адміністративний округ (ПЗАО)" tr_name="Kuzeybatı İdari Bölgesi" en_name="North-West Administrative District" latitude="55.829370" longitude="37.451546" ru_prepositional="Северо-западном административном округе" ru_preposition="в" ru_genitive="Северо-западного административного округа" ru_dative="Северо-западному административному округу" ru_accusative="Северо-западный административный округ" ru_instrumental="Северо-западным административным округом" chief_region="0" population="1001346" />
	<region id="117048" name="Куркино" type="13" parent="20363" tz_offset="10800" ru_name="Куркино" uk_name="Куркіно" tr_name="" en_name="Kurkino" latitude="55.891209" longitude="37.387379" ru_prepositional="Куркино" ru_preposition="в" ru_genitive="Куркино" ru_dative="Куркино" ru_accusative="Куркино" ru_instrumental="Куркино" chief_region="0" population="33312" />
	<region id="117049" name="Митино" type="13" parent="20363" tz_offset="10800" ru_name="Митино" uk_name="Мітіно" tr_name="" en_name="Mitino" latitude="55.845370" longitude="37.365828" ru_prepositional="Митино" ru_preposition="в" ru_genitive="Митино" ru_dative="Митино" ru_accusative="Митино" ru_instrumental="Митино" chief_region="0" population="184730" />
	<region id="20569" name="Митино" type="9" parent="117049" tz_offset="10800" ru_name="Митино" uk_name="Мітіно" tr_name="Mitino" en_name="Mitino" latitude="55.845734" longitude="37.362154" ru_prepositional="Митино" ru_preposition="на" ru_genitive="Митино" ru_dative="Митино" ru_accusative="Митино" ru_instrumental="Митином" chief_region="0" population="0" />
	<region id="20570" name="Волоколамская" type="9" parent="117049" tz_offset="10800" ru_name="Волоколамская" uk_name="Волоколамська" tr_name="Volokolamskaya" en_name="Volokolamskaya" latitude="55.835508" longitude="37.382034" ru_prepositional="Волоколамской" ru_preposition="на" ru_genitive="Волоколамской" ru_dative="Волоколамской" ru_accusative="Волоколамскую" ru_instrumental="Волоколамской" chief_region="0" population="0" />
	<region id="114837" name="Пятницкое шоссе" type="9" parent="117049" tz_offset="10800" ru_name="Пятницкое шоссе" uk_name="П&#39;ятницьке шосе" tr_name="Pyatnitskoye Shosse" en_name="Pyatnitskoye Shosse" latitude="55.855674" longitude="37.354034" ru_prepositional="Пятницком шоссе" ru_preposition="на" ru_genitive="Пятницкого шоссе" ru_dative="Пятницкому шоссе" ru_accusative="Пятницкое шоссе" ru_instrumental="Пятницким шоссе" chief_region="0" population="0" />
	<region id="121723" name="Новобратцевский" type="7" parent="117049" tz_offset="10800" ru_name="Новобратцевский" uk_name="Новобратцевський" tr_name="" en_name="Novobratsevsky" latitude="55.853067" longitude="37.386346" ru_prepositional="Новобратцевском" ru_preposition="в" ru_genitive="Новобратцевского" ru_dative="Новобратцевскому" ru_accusative="Новобратцевский" ru_instrumental="Новобратцевским" chief_region="0" population="0" />
	<region id="218553" name="станция Волоколамская (МЦД-2)" type="9" parent="117049" tz_offset="10800" ru_name="станция Волоколамская (МЦД-2)" uk_name="" tr_name="" en_name="Volokolamskaya Station (D2)" latitude="55.832193" longitude="37.383316" ru_prepositional="станции Волоколамская (МЦД-2)" ru_preposition="на" ru_genitive="" ru_dative="" ru_accusative="" ru_instrumental="" chief_region="0" population="0" />
	<region id="218592" name="станция Пенягино (МЦД-2)" type="9" parent="117049" tz_offset="10800" ru_name="станция Пенягино (МЦД-2)" uk_name="" tr_name="" en_name="Penyagino Station (D2)" latitude="55.822539" longitude="37.361057" ru_prepositional="станции Пенягино (МЦД-2)" ru_preposition="на" ru_genitive="" ru_dative="" ru_accusative="" ru_instrumental="" chief_region="0" population="0" />
	<region id="117050" name="Покровское-Стрешнево" type="13" parent="20363" tz_offset="10800" ru_name="Покровское-Стрешнево" uk_name="Покровське-Стрешнево" tr_name="" en_name="Pokrovskoye-Streshnevo" latitude="55.823823" longitude="37.445779" ru_prepositional="Покровское-Стрешнево" ru_preposition="в" ru_genitive="Покровское-Стрешнева" ru_dative="Покровское-Стрешневу" ru_accusative="Покровское-Стрешнево" ru_instrumental="Покровское-Стрешнево" chief_region="0" population="56424" />
	<region id="20366" name="Тушинская" type="9" parent="117050" tz_offset="10800" ru_name="Тушинская" uk_name="Тушинська" tr_name="Tushinskaya" en_name="Tushinskaya" latitude="55.826549" longitude="37.437334" ru_prepositional="Тушинской" ru_preposition="на" ru_genitive="Тушинской" ru_dative="Тушинской" ru_accusative="Тушинскую" ru_instrumental="Тушинской" chief_region="0" population="0" />
	<region id="115791" name="Спартак" type="9" parent="117050" tz_offset="10800" ru_name="Спартак" uk_name="Спартак" tr_name="Spartak" en_name="Spartak" latitude="55.818098" longitude="37.435250" ru_prepositional="Спартаке" ru_preposition="на" ru_genitive="Спартака" ru_dative="Спартаку" ru_accusative="Спартак" ru_instrumental="Спартаком" chief_region="0" population="0" />
	<region id="218547" name="станция Трикотажная (МЦД-2)" type="9" parent="117050" tz_offset="10800" ru_name="станция Трикотажная (МЦД-2)" uk_name="" tr_name="" en_name="Trikotazhnaya Station (D2)" latitude="55.833138" longitude="37.398973" ru_prepositional="станции Трикотажная (МЦД-2)" ru_preposition="на" ru_genitive="" ru_dative="" ru_accusative="" ru_instrumental="" chief_region="0" population="0" />
	<region id="218557" name="станция Тушинская (МЦД-2)" type="9" parent="117050" tz_offset="10800" ru_name="станция Тушинская (МЦД-2)" uk_name="" tr_name="" en_name="Tushinskaya Station (D2)" latitude="55.827296" longitude="37.440404" ru_prepositional="станции Тушинская (МЦД-2)" ru_preposition="на" ru_genitive="" ru_dative="" ru_accusative="" ru_instrumental="" chief_region="0" population="0" />
	<region id="117051" name="Северное Тушино" type="13" parent="20363" tz_offset="10800" ru_name="Северное Тушино" uk_name="Північне Тушино" tr_name="" en_name="Severnoye Tushino" latitude="55.861641" longitude="37.428270" ru_prepositional="Северном Тушино" ru_preposition="в" ru_genitive="Северного Тушино" ru_dative="Северному Тушино" ru_accusative="Северное Тушино" ru_instrumental="Северным Тушино" chief_region="0" population="165265" />
	<region id="20364" name="Планерная" type="9" parent="117051" tz_offset="10800" ru_name="Планерная" uk_name="Планерна" tr_name="Planernaya" en_name="Planernaya" latitude="55.860923" longitude="37.436400" ru_prepositional="Планерной" ru_preposition="на" ru_genitive="Планерной" ru_dative="Планерной" ru_accusative="Планерную" ru_instrumental="Планерной" chief_region="0" population="0" />
	<region id="117052" name="Строгино" type="13" parent="20363" tz_offset="10800" ru_name="Строгино" uk_name="Строгіно" tr_name="" en_name="Strogino" latitude="55.803783" longitude="37.402695" ru_prepositional="Строгино" ru_preposition="в" ru_genitive="Строгино" ru_dative="Строгино" ru_accusative="Строгино" ru_instrumental="Строгино" chief_region="0" population="158223" />
	<region id="20568" name="Строгино" type="9" parent="117052" tz_offset="10800" ru_name="Строгино" uk_name="Строгіно" tr_name="Strogino" en_name="Strogino" latitude="55.803691" longitude="37.403118" ru_prepositional="Строгино" ru_preposition="на" ru_genitive="Строгино" ru_dative="Строгино" ru_accusative="Строгино" ru_instrumental="Строгином" chief_region="0" population="0" />
	<region id="109160" name="Мякинино" type="9" parent="117052" tz_offset="10800" ru_name="Мякинино" uk_name="Мякініно" tr_name="Miakinino" en_name="Myakinino" latitude="55.823990" longitude="37.384747" ru_prepositional="Мякинино" ru_preposition="на" ru_genitive="Мякинино" ru_dative="Мякинино" ru_accusative="Мякинино" ru_instrumental="Мякинином" chief_region="0" population="0" />
	<region id="117053" name="Хорошёво-Мнёвники" type="13" parent="20363" tz_offset="10800" ru_name="Хорошёво-Мнёвники" uk_name="Хорошово-Мньовники" tr_name="" en_name="Khoroshevo-Mnevniki" latitude="55.777707" longitude="37.492078" ru_prepositional="Хорошёво-Мнёвниках" ru_preposition="в" ru_genitive="Хорошёво-Мнёвников" ru_dative="Хорошёво-Мнёвникам" ru_accusative="Хорошёво-Мнёвники" ru_instrumental="Хорошёво-Мнёвниками" chief_region="0" population="172371" />
	<region id="218629" name="Народное ополчение" type="9" parent="117053" tz_offset="10800" ru_name="Народное ополчение" uk_name="" tr_name="" en_name="Narodnoye Opolcheniye" latitude="55.775637" longitude="37.485066" ru_prepositional="Народном ополчении" ru_preposition="на" ru_genitive="Народного ополчения" ru_dative="Народному ополчению" ru_accusative="Народное ополчение" ru_instrumental="Народным ополчением" chief_region="0" population="0" />
	<region id="218630" name="Мнёвники" type="9" parent="117053" tz_offset="10800" ru_name="Мнёвники" uk_name="" tr_name="" en_name="Mnyovniki" latitude="55.761210" longitude="37.471888" ru_prepositional="Мневниках" ru_preposition="на" ru_genitive="Мневников" ru_dative="Мневникам" ru_accusative="Мневники" ru_instrumental="Мневниками" chief_region="0" population="0" />
	<region id="117054" name="Щукино" type="13" parent="20363" tz_offset="10800" ru_name="Щукино" uk_name="Щукіно" tr_name="" en_name="Shchukino" latitude="55.800590" longitude="37.473519" ru_prepositional="Щукино" ru_preposition="в" ru_genitive="Щукино" ru_dative="Щукино" ru_accusative="Щукино" ru_instrumental="Щукино" chief_region="0" population="110272" />
	<region id="20367" name="Щукинская" type="9" parent="117054" tz_offset="10800" ru_name="Щукинская" uk_name="Щукинська" tr_name="Schukinskaya" en_name="Schukinskaya" latitude="55.808827" longitude="37.463772" ru_prepositional="Щукинской" ru_preposition="на" ru_genitive="Щукинской" ru_dative="Щукинской" ru_accusative="Щукинскую" ru_instrumental="Щукинской" chief_region="0" population="0" />
	<region id="20368" name="Октябрьское поле" type="9" parent="117054" tz_offset="10800" ru_name="Октябрьское поле" uk_name="Октябрське поле" tr_name="Oktyabrskoe Pole" en_name="Oktyabrskoe Pole" latitude="55.793581" longitude="37.493317" ru_prepositional="Октябрьском поле" ru_preposition="на" ru_genitive="Октябрьского поля" ru_dative="Октябрьскому Полю" ru_accusative="Октябрьское поле" ru_instrumental="Октябрьским полем" chief_region="0" population="0" />
	<region id="152921" name="Стрешнево" type="9" parent="117054" tz_offset="10800" ru_name="Стрешнево" uk_name="" tr_name="" en_name="Streshnevo" latitude="55.812540" longitude="37.487460" ru_prepositional="Стрешнево" ru_preposition="на" ru_genitive="Стрешнево" ru_dative="Стрешнево" ru_accusative="Стрешнево" ru_instrumental="Стрешнево" chief_region="0" population="0" />
	<region id="218554" name="станция Покровское-Стрешнево (МЦД-2)" type="9" parent="117054" tz_offset="10800" ru_name="станция Покровское-Стрешнево (МЦД-2)" uk_name="" tr_name="" en_name="Pokrovskoye-Streshnevo Station (D2)" latitude="55.814204" longitude="37.476700" ru_prepositional="станции Покровское-Стрешнево (МЦД-2)" ru_preposition="на" ru_genitive="" ru_dative="" ru_accusative="" ru_instrumental="" chief_region="0" population="0" />
	<region id="117055" name="Южное Тушино" type="13" parent="20363" tz_offset="10800" ru_name="Южное Тушино" uk_name="Південне Тушино" tr_name="" en_name="Yuzhnoye Tushino" latitude="55.843434" longitude="37.431423" ru_prepositional="Южном Тушино" ru_preposition="в" ru_genitive="Южного Тушино" ru_dative="Южному Тушино" ru_accusative="Южное Тушино" ru_instrumental="Южным Тушино" chief_region="0" population="108978" />
	<region id="20365" name="Сходненская" type="9" parent="117055" tz_offset="10800" ru_name="Сходненская" uk_name="Сходненська" tr_name="Skhodnenskaya" en_name="Skhodnenskaya" latitude="55.850515" longitude="37.439526" ru_prepositional="Сходненской" ru_preposition="на" ru_genitive="Сходненской" ru_dative="Сходненской" ru_accusative="Сходненскую" ru_instrumental="Сходненской" chief_region="0" population="0" />
	<region id="114619" name="Новомосковский административный округ" type="8" parent="213" tz_offset="10800" ru_name="Новомосковский административный округ" uk_name="Новомосковський адміністративний округ (НАО)" tr_name="Novomoskovski idari bölgesi" en_name="Novomoskovsky Administrative District" latitude="55.558121" longitude="37.370724" ru_prepositional="Новомосковском административном округе" ru_preposition="в" ru_genitive="Новомосковского административного округа" ru_dative="Новомосковскому административному округу" ru_accusative="Новомосковский административный округ" ru_instrumental="Новомосковским административным округом" chief_region="0" population="234226" />
	<region id="21624" name="Щербинка" type="6" parent="114619" tz_offset="10800" ru_name="Щербинка" uk_name="Щербинка" tr_name="Şçerbinka" en_name="Zcherbinka" latitude="55.508743" longitude="37.563314" ru_prepositional="Щербинке" ru_preposition="в" ru_genitive="Щербинки" ru_dative="Щербинке" ru_accusative="Щербинку" ru_instrumental="Щербинкой" chief_region="0" population="51036" />
	<region id="218571" name="станция Щербинка (МЦД-2)" type="9" parent="21624" tz_offset="10800" ru_name="станция Щербинка (МЦД-2)" uk_name="" tr_name="" en_name="Scherbinka Station (D2)" latitude="55.510158" longitude="37.562197" ru_prepositional="станции Щербинка (МЦД-2)" ru_preposition="на" ru_genitive="" ru_dative="" ru_accusative="" ru_instrumental="" chief_region="0" population="0" />
	<region id="116269" name="Внуково (аэропорт)" type="11" parent="114619" tz_offset="10800" ru_name="Внуково (аэропорт)" uk_name="Внуково" tr_name="Vnukovo Uluslararası Havaalanı" en_name="Vnukovo International Airport" latitude="55.605058" longitude="37.286292" ru_prepositional="Внуково" ru_preposition="во" ru_genitive="Внуково" ru_dative="Внуково" ru_accusative="Внуково (аэропорт)" ru_instrumental="Внуково (аэропортом)" chief_region="0" population="0" />
	<region id="117008" name="Поселение Воскресенское" type="13" parent="114619" tz_offset="10800" ru_name="Поселение Воскресенское" uk_name="Воскресенське" tr_name="" en_name="Poselenie Voskresenskoe" latitude="55.529619" longitude="37.445752" ru_prepositional="Поселении Воскресенское" ru_preposition="в" ru_genitive="Поселения Воскресенское" ru_dative="Поселению Воскресенское" ru_accusative="Поселение Воскресенское" ru_instrumental="Поселением Воскресенское" chief_region="0" population="9716" />
	<region id="121892" name="Ямонтово" type="7" parent="117008" tz_offset="10800" ru_name="Ямонтово" uk_name="Ямонтово" tr_name="" en_name="Yamontovo" latitude="55.534872" longitude="37.455058" ru_prepositional="Ямонтово" ru_preposition="в" ru_genitive="Ямонтово" ru_dative="Ямонтово" ru_accusative="Ямонтово" ru_instrumental="Ямонтово" chief_region="0" population="170" />
	<region id="212574" name="Губкино" type="7" parent="117008" tz_offset="10800" ru_name="Губкино" uk_name="" tr_name="" en_name="Gubkino" latitude="55.530617" longitude="37.467581" ru_prepositional="Губкине" ru_preposition="в" ru_genitive="Губкина" ru_dative="Губкину" ru_accusative="Губкино" ru_instrumental="Губкиным" chief_region="0" population="23" />
	<region id="215309" name="Воскресенское" type="7" parent="117008" tz_offset="10800" ru_name="Воскресенское" uk_name="" tr_name="" en_name="Voskresenskoe" latitude="55.529619" longitude="37.445752" ru_prepositional="Воскресенском" ru_preposition="в" ru_genitive="Воскресенского" ru_dative="Воскресенскому" ru_accusative="Воскресенское" ru_instrumental="Воскресенским" chief_region="0" population="6329" />
	<region id="121787" name="Поселение Рязановское" type="13" parent="114619" tz_offset="10800" ru_name="Поселение Рязановское" uk_name="" tr_name="" en_name="Poselenie Ryazanovskoe" latitude="55.485372" longitude="37.498519" ru_prepositional="Поселении Рязановском" ru_preposition="в" ru_genitive="Поселения Рязановского" ru_dative="Поселению Рязановскому" ru_accusative="Поселение Рязановское" ru_instrumental="Поселением Рязановским" chief_region="0" population="20436" />
	<region id="117012" name="Знамя Октября" type="7" parent="121787" tz_offset="10800" ru_name="Знамя Октября" uk_name="Знамя Октября" tr_name="" en_name="Znamya Oktyabrya" latitude="55.475740" longitude="37.538359" ru_prepositional="Знамени Октября" ru_preposition="в" ru_genitive="Знамени Октября" ru_dative="Знамени Октября" ru_accusative="Знамя Октября" ru_instrumental="Знаменем Октября" chief_region="0" population="7394" />
	<region id="121359" name="Посёлок фабрики имени 1-го Мая" type="7" parent="121787" tz_offset="10800" ru_name="Посёлок фабрики имени 1-го Мая" uk_name="" tr_name="" en_name="Posyolok Fabriki imeni 1 Maya" latitude="55.485372" longitude="37.498519" ru_prepositional="Поселке фабрики имени 1-го Мая" ru_preposition="в" ru_genitive="Поселка фабрики имени 1-го Мая" ru_dative="Поселку фабрики имени 1-го Мая" ru_accusative="Поселка фабрики имени 1-го Мая" ru_instrumental="Поселком фабрики имени 1-го Мая" chief_region="0" population="3100" />
	<region id="121523" name="Армазово" type="7" parent="121787" tz_offset="10800" ru_name="Армазово" uk_name="" tr_name="" en_name="Armazovo" latitude="55.465795" longitude="37.490524" ru_prepositional="Армазово" ru_preposition="в" ru_genitive="Армазово" ru_dative="Армазово" ru_accusative="Армазово" ru_instrumental="Армазово" chief_region="0" population="53" />
	<region id="121600" name="Ерино" type="7" parent="121787" tz_offset="10800" ru_name="Ерино" uk_name="" tr_name="" en_name="Erino" latitude="55.447642" longitude="37.519827" ru_prepositional="Ерино" ru_preposition="в" ru_genitive="Ерино" ru_dative="Ерино" ru_accusative="Ерино" ru_instrumental="Ерино" chief_region="0" population="2693" />
	<region id="121710" name="Мостовское" type="7" parent="121787" tz_offset="10800" ru_name="Мостовское" uk_name="" tr_name="" en_name="Mostovskoe" latitude="55.484734" longitude="37.473941" ru_prepositional="Мостовском" ru_preposition="в" ru_genitive="Мостовского" ru_dative="Мостовскому" ru_accusative="Мостовское" ru_instrumental="Мостовским" chief_region="0" population="227" />
	<region id="121735" name="Остафьево" type="7" parent="121787" tz_offset="10800" ru_name="Остафьево" uk_name="Остаф&#39;єво" tr_name="" en_name="Ostaf&#39;evo" latitude="55.498505" longitude="37.509182" ru_prepositional="Остафьево" ru_preposition="в" ru_genitive="Остафьево" ru_dative="Остафьево" ru_accusative="Остафьево" ru_instrumental="Остафьево" chief_region="0" population="1149" />
	<region id="121786" name="Рязаново" type="7" parent="121787" tz_offset="10800" ru_name="Рязаново" uk_name="Рязаново" tr_name="" en_name="Ryazanovo" latitude="55.490519" longitude="37.507915" ru_prepositional="Рязаново" ru_preposition="в" ru_genitive="Рязаново" ru_dative="Рязаново" ru_accusative="Рязаново" ru_instrumental="Рязаново" chief_region="0" population="126" />
	<region id="121790" name="Сальково" type="7" parent="121787" tz_offset="10800" ru_name="Сальково" uk_name="Сальково" tr_name="" en_name="Sal&#39;kovo" latitude="55.439165" longitude="37.526178" ru_prepositional="Сальково" ru_preposition="в" ru_genitive="Сальково" ru_dative="Сальково" ru_accusative="Сальково" ru_instrumental="Сальково" chief_region="0" population="119" />
	<region id="121811" name="Старосырово" type="7" parent="121787" tz_offset="10800" ru_name="Старосырово" uk_name="Старосирово" tr_name="" en_name="Starosyrovo" latitude="55.488937" longitude="37.536284" ru_prepositional="Старосырово" ru_preposition="в" ru_genitive="Старосырово" ru_dative="Старосырово" ru_accusative="Старосырово" ru_instrumental="Старосырово" chief_region="0" population="55" />
	<region id="121820" name="Тарасово" type="7" parent="121787" tz_offset="10800" ru_name="Тарасово" uk_name="" tr_name="" en_name="Tarasovo" latitude="55.477067" longitude="37.491593" ru_prepositional="Тарасово" ru_preposition="в" ru_genitive="Тарасово" ru_dative="Тарасово" ru_accusative="Тарасово" ru_instrumental="Тарасово" chief_region="0" population="0" />
	<region id="215304" name="Девятское" type="7" parent="121787" tz_offset="10800" ru_name="Девятское" uk_name="" tr_name="" en_name="Devyatskoe" latitude="55.468086" longitude="37.524920" ru_prepositional="Девятском" ru_preposition="в" ru_genitive="Девятского" ru_dative="Девятскому" ru_accusative="Девятское" ru_instrumental="Девятским" chief_region="0" population="301" />
	<region id="215305" name="Молодцы" type="7" parent="121787" tz_offset="10800" ru_name="Молодцы" uk_name="" tr_name="" en_name="Molodcy" latitude="55.495343" longitude="37.531235" ru_prepositional="Молодцах" ru_preposition="в" ru_genitive="Молодцов" ru_dative="Молодцам" ru_accusative="Молодцов" ru_instrumental="Молодцами" chief_region="0" population="105" />
	<region id="218565" name="станция Остафьево (МЦД-2)" type="9" parent="121787" tz_offset="10800" ru_name="станция Остафьево (МЦД-2)" uk_name="" tr_name="" en_name="Ostafyevo Station (D2)" latitude="55.486015" longitude="37.555162" ru_prepositional="станции Остафьево (МЦД-2)" ru_preposition="на" ru_genitive="" ru_dative="" ru_accusative="" ru_instrumental="" chief_region="0" population="0" />
	<region id="144612" name="Румянцево" type="9" parent="114619" tz_offset="10800" ru_name="Румянцево" uk_name="Румянцево" tr_name="" en_name="Rumyantsevo" latitude="55.633028" longitude="37.441395" ru_prepositional="Румянцево" ru_preposition="на" ru_genitive="Румянцево" ru_dative="Румянцево" ru_accusative="Румянцево" ru_instrumental="Румянцево" chief_region="0" population="0" />
	<region id="145714" name="Поселение Внуковское" type="13" parent="114619" tz_offset="10800" ru_name="Поселение Внуковское" uk_name="Поселення Внуковське" tr_name="" en_name="Poseleniye Vnukovskoye" latitude="55.635381" longitude="37.285627" ru_prepositional="Поселении Внуковское" ru_preposition="в" ru_genitive="Поселения Внуковское" ru_dative="Поселению Внуковское" ru_accusative="Поселение Внуковское" ru_instrumental="Поселением Внуковское" chief_region="0" population="7411" />
	<region id="10720" name="Внуково" type="7" parent="145714" tz_offset="10800" ru_name="Внуково" uk_name="Внуково" tr_name="Vnukovo" en_name="Vnukovo" latitude="55.646563" longitude="37.266349" ru_prepositional="Внуково" ru_preposition="во" ru_genitive="Внуково" ru_dative="Внуково" ru_accusative="Внуково" ru_instrumental="Внуковом" chief_region="0" population="315" />
	<region id="121340" name="Посёлок Минвнешторга" type="7" parent="145714" tz_offset="10800" ru_name="Посёлок Минвнешторга" uk_name="" tr_name="" en_name="Posyolok Minveshtorga" latitude="55.635426" longitude="37.255929" ru_prepositional="Поселке Минвнешторга" ru_preposition="в" ru_genitive="Поселка Минвнешторга" ru_dative="Поселку Минвнешторга" ru_accusative="Поселок Минвнешторга" ru_instrumental="Поселком Минвнешторга" chief_region="0" population="490" />
	<region id="121518" name="Абабурово" type="7" parent="145714" tz_offset="10800" ru_name="Абабурово" uk_name="" tr_name="" en_name="Ababurovo" latitude="55.637672" longitude="37.279716" ru_prepositional="Абабурово" ru_preposition="в" ru_genitive="Абабурово" ru_dative="Абабурово" ru_accusative="Абабурово" ru_instrumental="Абабурово" chief_region="0" population="236" />
	<region id="121620" name="Изварино" type="7" parent="145714" tz_offset="10800" ru_name="Изварино" uk_name="" tr_name="" en_name="Izvarino" latitude="55.622456" longitude="37.260663" ru_prepositional="Изварино" ru_preposition="в" ru_genitive="Изварино" ru_dative="Изварино" ru_accusative="Изварино" ru_instrumental="Изварино" chief_region="0" population="0" />
	<region id="121743" name="Переделкино" type="7" parent="145714" tz_offset="10800" ru_name="Переделкино" uk_name="Передєлкіно" tr_name="" en_name="Peredelkino" latitude="55.655442" longitude="37.330444" ru_prepositional="Переделкино" ru_preposition="в" ru_genitive="Переделкино" ru_dative="Переделкино" ru_accusative="Переделкино" ru_instrumental="Переделкино" chief_region="0" population="0" />
	<region id="121768" name="Пыхтино" type="7" parent="145714" tz_offset="10800" ru_name="Пыхтино" uk_name="Пихтіно" tr_name="" en_name="Pyhtino" latitude="55.620850" longitude="37.298751" ru_prepositional="Пыхтино" ru_preposition="в" ru_genitive="Пыхтино" ru_dative="Пыхтино" ru_accusative="Пыхтино" ru_instrumental="Пыхтино" chief_region="0" population="83" />
	<region id="121774" name="Рассказовка" type="7" parent="145714" tz_offset="10800" ru_name="Рассказовка" uk_name="Рассказовка" tr_name="" en_name="Rasskazovka" latitude="55.631381" longitude="37.333193" ru_prepositional="Рассказовке" ru_preposition="в" ru_genitive="Рассказовки" ru_dative="Рассказовке" ru_accusative="Рассказовку" ru_instrumental="Рассказовкой" chief_region="0" population="0" />
	<region id="190121" name="Рассказовка" type="9" parent="121774" tz_offset="10800" ru_name="Рассказовка" uk_name="" tr_name="" en_name="Rasskazovka" latitude="55.633968" longitude="37.334747" ru_prepositional="Рассказовке" ru_preposition="на" ru_genitive="Рассказовки" ru_dative="Рассказовке" ru_accusative="Рассказовку" ru_instrumental="Рассказовкой" chief_region="0" population="0" />
	<region id="212566" name="Ликова" type="7" parent="145714" tz_offset="10800" ru_name="Ликова" uk_name="" tr_name="" en_name="Likova" latitude="55.620504" longitude="37.274766" ru_prepositional="Ликове" ru_preposition="в" ru_genitive="Ликова" ru_dative="Ликову" ru_accusative="Ликова" ru_instrumental="Ликовым" chief_region="0" population="122" />
	<region id="215249" name="Поселение Десёновское" type="13" parent="114619" tz_offset="10800" ru_name="Поселение Десёновское" uk_name="" tr_name="" en_name="Poselenie Desyonovskoe" latitude="55.523619" longitude="37.375983" ru_prepositional="Поселении Десеновском" ru_preposition="в" ru_genitive="Поселения Десеновского" ru_dative="Поселению Десеновскому" ru_accusative="Поселение Десеновское" ru_instrumental="Поселением Десеновским" chief_region="0" population="16901" />
	<region id="101602" name="Ватутинки" type="7" parent="215249" tz_offset="10800" ru_name="Ватутинки" uk_name="Ватутінки" tr_name="Vatutinki" en_name="Vatutinki" latitude="55.494339" longitude="37.328809" ru_prepositional="Ватутинках" ru_preposition="в" ru_genitive="Ватутинок" ru_dative="Ватутинкам" ru_accusative="Ватутинки" ru_instrumental="Ватутинками" chief_region="0" population="9581" />
	<region id="117009" name="Десна" type="7" parent="215249" tz_offset="10800" ru_name="Десна" uk_name="Десна" tr_name="" en_name="Desna" latitude="55.523800" longitude="37.375270" ru_prepositional="Десне" ru_preposition="в" ru_genitive="Десны" ru_dative="Десне" ru_accusative="Десну" ru_instrumental="Десной" chief_region="0" population="826" />
	<region id="121721" name="Новинки" type="7" parent="215249" tz_offset="10800" ru_name="Новинки" uk_name="" tr_name="" en_name="Novinki" latitude="55.476414" longitude="37.415622" ru_prepositional="Новинках" ru_preposition="в" ru_genitive="Новинок" ru_dative="Новинкам" ru_accusative="Новинки" ru_instrumental="Новинками" chief_region="0" population="34" />
	<region id="121740" name="Пенино" type="7" parent="215249" tz_offset="10800" ru_name="Пенино" uk_name="Пеніно" tr_name="" en_name="Penino" latitude="55.541494" longitude="37.361876" ru_prepositional="Пенино" ru_preposition="в" ru_genitive="Пенино" ru_dative="Пенино" ru_accusative="Пенино" ru_instrumental="Пенино" chief_region="0" population="332" />
	<region id="121772" name="Ракитки" type="7" parent="215249" tz_offset="10800" ru_name="Ракитки" uk_name="Ракитки" tr_name="" en_name="Rakitki" latitude="55.542309" longitude="37.395572" ru_prepositional="Ракитках" ru_preposition="в" ru_genitive="Ракиток" ru_dative="Ракиткам" ru_accusative="Ракитки" ru_instrumental="Ракитками" chief_region="0" population="0" />
	<region id="215246" name="деревня Ватутинки" type="7" parent="215249" tz_offset="10800" ru_name="деревня Ватутинки" uk_name="" tr_name="" en_name="derevnya Vatutinki" latitude="55.494339" longitude="37.328809" ru_prepositional="деревне Ватутинки" ru_preposition="в" ru_genitive="деревни Ватутинки" ru_dative="деревне Ватутинки" ru_accusative="деревню Ватутинки" ru_instrumental="деревней Ватутинки" chief_region="0" population="57" />
	<region id="215247" name="Пыхчево" type="7" parent="215249" tz_offset="10800" ru_name="Пыхчево" uk_name="" tr_name="" en_name="Pyhchevo" latitude="55.463896" longitude="37.354986" ru_prepositional="Пыхчеве" ru_preposition="в" ru_genitive="Пыхчева" ru_dative="Пыхчеву" ru_accusative="Пыхчево" ru_instrumental="Пыхчевом" chief_region="0" population="26" />
	<region id="215250" name="Поселение Кокошкино" type="13" parent="114619" tz_offset="10800" ru_name="Поселение Кокошкино" uk_name="" tr_name="" en_name="Poselenie Kokoshkino" latitude="55.600165" longitude="37.169843" ru_prepositional="Поселении Кокошкином" ru_preposition="в" ru_genitive="Поселения Кокошкина" ru_dative="Поселению Кокошкину" ru_accusative="Поселение Кокошкино" ru_instrumental="Поселением Кокошкиным" chief_region="0" population="16467" />
	<region id="117010" name="Кокошкино" type="7" parent="215250" tz_offset="10800" ru_name="Кокошкино" uk_name="Кокошкіно" tr_name="" en_name="Kokoshkino" latitude="55.598080" longitude="37.171864" ru_prepositional="Кокошкино" ru_preposition="в" ru_genitive="Кокошкино" ru_dative="Кокошкино" ru_accusative="Кокошкино" ru_instrumental="Кокошкино" chief_region="0" population="16073" />
	<region id="215251" name="Лукошкино" type="7" parent="215250" tz_offset="10800" ru_name="Лукошкино" uk_name="" tr_name="" en_name="Lukoshkino" latitude="55.601015" longitude="37.138923" ru_prepositional="Лукошкином" ru_preposition="в" ru_genitive="Лукошкина" ru_dative="Лукошкину" ru_accusative="Лукошкино" ru_instrumental="Лукошкиным" chief_region="0" population="0" />
	<region id="215253" name="Поселение Марушкинское" type="13" parent="114619" tz_offset="10800" ru_name="Поселение Марушкинское" uk_name="" tr_name="" en_name="Poselenie Marushkinskoe" latitude="55.595160" longitude="37.208273" ru_prepositional="Поселении Марушкинском" ru_preposition="в" ru_genitive="Поселения Марушкинского" ru_dative="Поселению Марушкинскому" ru_accusative="Поселение Марушкинское" ru_instrumental="Поселением Марушкинским" chief_region="0" population="6993" />
	<region id="117011" name="Марушкино" type="7" parent="215253" tz_offset="10800" ru_name="Марушкино" uk_name="Марушкіно" tr_name="" en_name="Marushkino" latitude="55.593833" longitude="37.206494" ru_prepositional="Марушкино" ru_preposition="в" ru_genitive="Марушкино" ru_dative="Марушкино" ru_accusative="Марушкино" ru_instrumental="Марушкино" chief_region="0" population="2904" />
	<region id="121520" name="Анкудиново" type="7" parent="215253" tz_offset="10800" ru_name="Анкудиново" uk_name="" tr_name="" en_name="Ankudinovo" latitude="55.569683" longitude="37.149757" ru_prepositional="Анкудиново" ru_preposition="в" ru_genitive="Анкудиново" ru_dative="Анкудиново" ru_accusative="Анкудиново" ru_instrumental="Анкудиново" chief_region="0" population="6" />
	<region id="121670" name="Крёкшино" type="7" parent="215253" tz_offset="10800" ru_name="Крёкшино" uk_name="" tr_name="" en_name="Krekshino" latitude="55.592683" longitude="37.116483" ru_prepositional="Крёкшино" ru_preposition="в" ru_genitive="Крёкшино" ru_dative="Крёкшино" ru_accusative="Крёкшино" ru_instrumental="Крёкшино" chief_region="0" population="63" />
	<region id="121758" name="Постниково" type="7" parent="215253" tz_offset="10800" ru_name="Постниково" uk_name="Постниково" tr_name="" en_name="Postnikovo" latitude="55.604758" longitude="37.234073" ru_prepositional="Постниково" ru_preposition="в" ru_genitive="Постниково" ru_dative="Постниково" ru_accusative="Постниково" ru_instrumental="Постниково" chief_region="0" population="82" />
	<region id="215254" name="Давыдково" type="7" parent="215253" tz_offset="10800" ru_name="Давыдково" uk_name="" tr_name="" en_name="Davydkovo" latitude="55.585301" longitude="37.196658" ru_prepositional="Давыдково" ru_preposition="в" ru_genitive="Давыдково" ru_dative="Давыдково" ru_accusative="Давыдково" ru_instrumental="Давыдково" chief_region="0" population="127" />
	<region id="215257" name="Шарапово" type="7" parent="215253" tz_offset="10800" ru_name="Шарапово" uk_name="" tr_name="" en_name="Sharapovo" latitude="55.583276" longitude="37.175359" ru_prepositional="Шарапове" ru_preposition="в" ru_genitive="Шарапова" ru_dative="Шарапову" ru_accusative="Шарапово" ru_instrumental="Шараповом" chief_region="0" population="30" />
	<region id="215259" name="Поселение Московский" type="13" parent="114619" tz_offset="10800" ru_name="Поселение Московский" uk_name="" tr_name="" en_name="Poselenie Moskovskij" latitude="55.608404" longitude="37.368901" ru_prepositional="Поселении Московском" ru_preposition="в" ru_genitive="Поселения Московского" ru_dative="Поселению Московскому" ru_accusative="Поселение Московский" ru_instrumental="Поселением Московским" chief_region="0" population="57224" />
	<region id="103817" name="Московский" type="6" parent="215259" tz_offset="10800" ru_name="Московский" uk_name="Московський" tr_name="Moskovski" en_name="Moskovsky" latitude="55.602144" longitude="37.346551" ru_prepositional="Московском" ru_preposition="в" ru_genitive="Московского" ru_dative="Московскому" ru_accusative="Московский" ru_instrumental="Московским" chief_region="0" population="53417" />
	<region id="190115" name="Говорово" type="9" parent="103817" tz_offset="10800" ru_name="Говорово" uk_name="" tr_name="" en_name="Govorovo" latitude="55.659452" longitude="37.417216" ru_prepositional="Говоровой" ru_preposition="на" ru_genitive="Говорова" ru_dative="Говорову" ru_accusative="Говорово" ru_instrumental="Говоровом" chief_region="0" population="0" />
	<region id="114769" name="Румянцево" type="7" parent="215259" tz_offset="10800" ru_name="Румянцево" uk_name="Рум&#39;янцево" tr_name="Rumyancevo" en_name="Rumyancevo" latitude="55.633963" longitude="37.425468" ru_prepositional="Румянцево" ru_preposition="в" ru_genitive="Румянцево" ru_dative="Румянцево" ru_accusative="Румянцево" ru_instrumental="Румянцевым" chief_region="0" population="298" />
	<region id="121358" name="Посёлок Ульяновского лесопарка" type="7" parent="215259" tz_offset="10800" ru_name="Посёлок Ульяновского лесопарка" uk_name="" tr_name="" en_name="Posyolok Ulyanovskogo lesoparka" latitude="55.618405" longitude="37.346299" ru_prepositional="Поселке Ульяновского лесопарка" ru_preposition="в" ru_genitive="Поселка Ульяновского лесопарка" ru_dative="Поселку Ульяновского лесопарка" ru_accusative="Поселка Ульяновского лесопарка" ru_instrumental="Поселком Ульяновского лесопарка" chief_region="0" population="17" />
	<region id="121581" name="Говорово" type="7" parent="215259" tz_offset="10800" ru_name="Говорово" uk_name="" tr_name="" en_name="Govorovo" latitude="55.651277" longitude="37.431001" ru_prepositional="Говорово" ru_preposition="в" ru_genitive="Говорово" ru_dative="Говорово" ru_accusative="Говорово" ru_instrumental="Говорово" chief_region="0" population="191" />
	<region id="121636" name="Картмазово" type="7" parent="215259" tz_offset="10800" ru_name="Картмазово" uk_name="" tr_name="" en_name="Kartmazovo" latitude="55.616259" longitude="37.393065" ru_prepositional="Картмазово" ru_preposition="в" ru_genitive="Картмазово" ru_dative="Картмазово" ru_accusative="Картмазово" ru_instrumental="Картмазово" chief_region="0" population="308" />
	<region id="121677" name="Лапшинка" type="7" parent="215259" tz_offset="10800" ru_name="Лапшинка" uk_name="" tr_name="" en_name="Lapshinka" latitude="55.615573" longitude="37.317661" ru_prepositional="Лапшинке" ru_preposition="в" ru_genitive="Лапшинки" ru_dative="Лапшинке" ru_accusative="Лапшинку" ru_instrumental="Лапшинкой" chief_region="0" population="49" />
	<region id="121702" name="Мешково" type="7" parent="215259" tz_offset="10800" ru_name="Мешково" uk_name="" tr_name="" en_name="Meshkovo" latitude="55.591121" longitude="37.320769" ru_prepositional="Мешково" ru_preposition="в" ru_genitive="Мешково" ru_dative="Мешково" ru_accusative="Мешково" ru_instrumental="Мешково" chief_region="0" population="72" />
	<region id="121789" name="Саларьево" type="7" parent="215259" tz_offset="10800" ru_name="Саларьево" uk_name="Салар&#39;єво" tr_name="" en_name="Salaryevo" latitude="55.622029" longitude="37.434415" ru_prepositional="Саларьево" ru_preposition="в" ru_genitive="Саларьево" ru_dative="Саларьево" ru_accusative="Саларьево" ru_instrumental="Саларьево" chief_region="0" population="0" />
	<region id="144826" name="Саларьево" type="9" parent="121789" tz_offset="10800" ru_name="Саларьево" uk_name="Салар&#39;єво" tr_name="" en_name="Salaryevo" latitude="55.621811" longitude="37.424048" ru_prepositional="Саларьево" ru_preposition="в" ru_genitive="Саларьево" ru_dative="Саларьево" ru_accusative="Саларьево" ru_instrumental="Саларьево" chief_region="0" population="0" />
	<region id="215261" name="Поселок Института Полиомиелита" type="7" parent="215259" tz_offset="10800" ru_name="Поселок Института Полиомиелита" uk_name="" tr_name="" en_name="Poselok Instituta Poliomielita" latitude="55.601635" longitude="37.334980" ru_prepositional="Поселке Института Полиомиелита" ru_preposition="в" ru_genitive="Поселка Института Полиомиелита" ru_dative="Поселку Института Полиомиелита" ru_accusative="Поселок Института Полиомиелита" ru_instrumental="Поселком Института Полиомиелита" chief_region="0" population="1241" />
	<region id="215263" name="Поселение Мосрентген" type="13" parent="114619" tz_offset="10800" ru_name="Поселение Мосрентген" uk_name="" tr_name="" en_name="Poselenie Mosrentgen" latitude="55.621074" longitude="37.473797" ru_prepositional="Поселении Мосрентген" ru_preposition="в" ru_genitive="Поселения Мосрентген" ru_dative="Поселению Мосрентген" ru_accusative="Поселение Мосрентген" ru_instrumental="Поселением Мосрентген" chief_region="0" population="20104" />
	<region id="21707" name="Посёлок завода Мосрентген" type="7" parent="215263" tz_offset="10800" ru_name="Посёлок завода Мосрентген" uk_name="Мосрентген" tr_name="Mosrentgen" en_name="Mosrentgen" latitude="55.620947" longitude="37.473815" ru_prepositional="Поселке завода Мосрентген" ru_preposition="в" ru_genitive="Поселка завода Мосрентген" ru_dative="Поселку завода Мосрентген" ru_accusative="Поселка завода Мосрентген" ru_instrumental="Поселком завода Мосрентген" chief_region="0" population="16462" />
	<region id="215293" name="Поселение Сосенское" type="13" parent="114619" tz_offset="10800" ru_name="Поселение Сосенское" uk_name="" tr_name="" en_name="Poselenie Sosenskoe" latitude="55.578330" longitude="37.465892" ru_prepositional="Поселении Сосенском" ru_preposition="в" ru_genitive="Поселения Сосенского" ru_dative="Поселению Сосенскому" ru_accusative="Поселение Сосенское" ru_instrumental="Поселением Сосенским" chief_region="0" population="21089" />
	<region id="29393" name="Коммунарка" type="7" parent="215293" tz_offset="10800" ru_name="Коммунарка" uk_name="Коммунарка" tr_name="Kommunarka" en_name="Kommunarka" latitude="55.570395" longitude="37.475495" ru_prepositional="Коммунарке" ru_preposition="в" ru_genitive="Коммунарки" ru_dative="Коммунарке" ru_accusative="Коммунарку" ru_instrumental="Коммунаркой" chief_region="0" population="5223" />
	<region id="117013" name="Газопровод" type="7" parent="215293" tz_offset="10800" ru_name="Газопровод" uk_name="Газопровід" tr_name="" en_name="Gazoprovod" latitude="55.581083" longitude="37.475513" ru_prepositional="Газопроводе" ru_preposition="в" ru_genitive="Газопровода" ru_dative="Газопроводу" ru_accusative="Газопровод" ru_instrumental="Газопроводом" chief_region="0" population="2443" />
	<region id="121533" name="Бачурино" type="7" parent="215293" tz_offset="10800" ru_name="Бачурино" uk_name="" tr_name="" en_name="Bachurino" latitude="55.571123" longitude="37.512263" ru_prepositional="Бачурино" ru_preposition="в" ru_genitive="Бачурино" ru_dative="Бачурино" ru_accusative="Бачурино" ru_instrumental="Бачурино" chief_region="0" population="144" />
	<region id="121614" name="Зименки" type="7" parent="215293" tz_offset="10800" ru_name="Зименки" uk_name="" tr_name="" en_name="Zimenki" latitude="55.573709" longitude="37.385358" ru_prepositional="Зименки" ru_preposition="в" ru_genitive="Зименки" ru_dative="Зименки" ru_accusative="Зименки" ru_instrumental="Зименки" chief_region="0" population="39" />
	<region id="121682" name="Летово" type="7" parent="215293" tz_offset="10800" ru_name="Летово" uk_name="" tr_name="" en_name="Letovo" latitude="55.564862" longitude="37.397997" ru_prepositional="Летово" ru_preposition="в" ru_genitive="Летово" ru_dative="Летово" ru_accusative="Летово" ru_instrumental="Летово" chief_region="0" population="46" />
	<region id="121719" name="Николо-Хованское" type="7" parent="215293" tz_offset="10800" ru_name="Николо-Хованское" uk_name="Ніколо-Хованське" tr_name="" en_name="Nikolo-Hovanskoe" latitude="55.595242" longitude="37.448806" ru_prepositional="Николо-Хованском" ru_preposition="в" ru_genitive="Николо-Хованского" ru_dative="Николо-Хованскому" ru_accusative="Николо-Хованское" ru_instrumental="Николо-Хованским" chief_region="0" population="82" />
	<region id="121761" name="Прокшино" type="7" parent="215293" tz_offset="10800" ru_name="Прокшино" uk_name="Прокшино" tr_name="" en_name="Prokshino" latitude="55.576370" longitude="37.436490" ru_prepositional="Прокшино" ru_preposition="в" ru_genitive="Прокшино" ru_dative="Прокшино" ru_accusative="Прокшино" ru_instrumental="Прокшино" chief_region="0" population="17" />
	<region id="121804" name="Сосенки" type="7" parent="215293" tz_offset="10800" ru_name="Сосенки" uk_name="Сосенки" tr_name="" en_name="Sosenki" latitude="55.557521" longitude="37.435286" ru_prepositional="Сосенках" ru_preposition="в" ru_genitive="Сосенок" ru_dative="Сосенкам" ru_accusative="Сосенки" ru_instrumental="Сосенками" chief_region="0" population="165" />
	<region id="121813" name="Столбово" type="7" parent="215293" tz_offset="10800" ru_name="Столбово" uk_name="Столбово" tr_name="" en_name="Stolbovo" latitude="55.562413" longitude="37.469799" ru_prepositional="Столбово" ru_preposition="в" ru_genitive="Столбово" ru_dative="Столбово" ru_accusative="Столбово" ru_instrumental="Столбово" chief_region="0" population="9" />
	<region id="218464" name="Коммунарка (метро)" type="9" parent="215293" tz_offset="10800" ru_name="Коммунарка (метро)" uk_name="" tr_name="" en_name="Kommunarka" latitude="55.560071" longitude="37.468650" ru_prepositional="Коммунарке (метро)" ru_preposition="на" ru_genitive="Коммунарки (метро)" ru_dative="Коммунарке (метро)" ru_accusative="Коммунарку (метро)" ru_instrumental="Коммунаркой (метро)" chief_region="0" population="0" />
	<region id="218465" name="Ольховая" type="9" parent="215293" tz_offset="10800" ru_name="Ольховая" uk_name="" tr_name="" en_name="Olhovaya" latitude="55.568980" longitude="37.459047" ru_prepositional="Ольховой" ru_preposition="на" ru_genitive="Ольховой" ru_dative="Ольховой" ru_accusative="Ольховую" ru_instrumental="Ольховой" chief_region="0" population="0" />
	<region id="218466" name="Прокшино (метро)" type="9" parent="215293" tz_offset="10800" ru_name="Прокшино (метро)" uk_name="" tr_name="" en_name="Prokshino" latitude="55.586456" longitude="37.433220" ru_prepositional="Прокшино (метро)" ru_preposition="на" ru_genitive="Прокшина (метро)" ru_dative="Прокшину (метро)" ru_accusative="Прокшино (метро)" ru_instrumental="Прокшином (метро)" chief_region="0" population="0" />
	<region id="218467" name="Филатов Луг" type="9" parent="215293" tz_offset="10800" ru_name="Филатов Луг" uk_name="" tr_name="" en_name="Filatov Lug" latitude="55.601110" longitude="37.408030" ru_prepositional="Филатов Луг" ru_preposition="на" ru_genitive="Филатов Луга" ru_dative="Филатов Лугу" ru_accusative="Филатов Луг" ru_instrumental="Филатов Лугом" chief_region="0" population="0" />
	<region id="215294" name="Поселение Филимонковское" type="13" parent="114619" tz_offset="10800" ru_name="Поселение Филимонковское" uk_name="" tr_name="" en_name="Poselenie Filimonkovskoe" latitude="55.570488" longitude="37.354194" ru_prepositional="Поселении Филимонковском" ru_preposition="в" ru_genitive="Поселения Филимонковского" ru_dative="Поселению Филимонковскому" ru_accusative="Поселение Филимонковское" ru_instrumental="Поселением Филимонковским" chief_region="0" population="6849" />
	<region id="117014" name="Верхнее Валуево" type="7" parent="215294" tz_offset="10800" ru_name="Верхнее Валуево" uk_name="Верхнє Валуєво" tr_name="" en_name="Verhnee Valuevo" latitude="55.578518" longitude="37.355121" ru_prepositional="Верхнем Валуево" ru_preposition="в" ru_genitive="Верхнего Валуево" ru_dative="Верхнему Валуево" ru_accusative="Верхнее Валуево" ru_instrumental="Верхним Валуево" chief_region="0" population="189" />
	<region id="121314" name="Марьино" type="7" parent="215294" tz_offset="10800" ru_name="Марьино" uk_name="" tr_name="" en_name="Marino" latitude="55.549093" longitude="37.322844" ru_prepositional="Марьино" ru_preposition="в" ru_genitive="Марьино" ru_dative="Марьино" ru_accusative="Марьино" ru_instrumental="Марьино" chief_region="0" population="2301" />
	<region id="121553" name="Бурцево" type="7" parent="215294" tz_offset="10800" ru_name="Бурцево" uk_name="" tr_name="" en_name="Burtsevo" latitude="55.575093" longitude="37.268712" ru_prepositional="Бурцево" ru_preposition="в" ru_genitive="Бурцево" ru_dative="Бурцево" ru_accusative="Бурцево" ru_instrumental="Бурцево" chief_region="0" population="15" />
	<region id="121698" name="Мамыри" type="7" parent="215294" tz_offset="10800" ru_name="Мамыри" uk_name="" tr_name="" en_name="Mamyri" latitude="55.602927" longitude="37.474318" ru_prepositional="Мамырях" ru_preposition="в" ru_genitive="Мамырей" ru_dative="Мамырям" ru_accusative="Мамыри" ru_instrumental="Мамырями" chief_region="0" population="414" />
	<region id="121843" name="Филимонки" type="7" parent="215294" tz_offset="10800" ru_name="Филимонки" uk_name="Філімонки" tr_name="" en_name="Filimonki" latitude="55.558962" longitude="37.347853" ru_prepositional="Филимонках" ru_preposition="в" ru_genitive="Филимонок" ru_dative="Филимонкам" ru_accusative="Филимонки" ru_instrumental="Филимонками" chief_region="0" population="1329" />
	<region id="215307" name="Пушкино" type="7" parent="215294" tz_offset="10800" ru_name="Пушкино" uk_name="" tr_name="" en_name="Pushkino" latitude="55.562245" longitude="37.354231" ru_prepositional="Пушкино" ru_preposition="в" ru_genitive="Пушкино" ru_dative="Пушкино" ru_accusative="Пушкино" ru_instrumental="Пушкино" chief_region="0" population="104" />
	<region id="215308" name="Староселье" type="7" parent="215294" tz_offset="10800" ru_name="Староселье" uk_name="" tr_name="" en_name="Starosel&#39;e" latitude="55.554685" longitude="37.311166" ru_prepositional="Староселье" ru_preposition="в" ru_genitive="Староселья" ru_dative="Староселью" ru_accusative="Староселье" ru_instrumental="Старосельем" chief_region="0" population="30" />
	<region id="114620" name="Троицкий административный округ" type="8" parent="213" tz_offset="10800" ru_name="Троицкий административный округ" uk_name="Троїцький адміністративний округ (ТАО)" tr_name="Troitski idari bölgesi" en_name="Troitsky Administrative District" latitude="55.355771" longitude="37.146990" ru_prepositional="Троицком административном округе" ru_preposition="в" ru_genitive="Троицкого административного округа" ru_dative="Троицкому административному округу" ru_accusative="Троицкий административный округ" ru_instrumental="Троицким административным округом" chief_region="0" population="124671" />
	<region id="20674" name="Троицк" type="6" parent="114620" tz_offset="10800" ru_name="Троицк" uk_name="Троїцьк" tr_name="Troitsk" en_name="Troitsk" latitude="55.484842" longitude="37.305561" ru_prepositional="Троицке" ru_preposition="в" ru_genitive="Троицка" ru_dative="Троицку" ru_accusative="Троицк" ru_instrumental="Троицком" chief_region="0" population="60924" />
	<region id="212567" name="Поселение Вороновское" type="13" parent="114620" tz_offset="10800" ru_name="Поселение Вороновское" uk_name="" tr_name="" en_name="Poselenie Voronovskoe" latitude="55.323848" longitude="37.123122" ru_prepositional="Поселении Вороновском" ru_preposition="в" ru_genitive="Поселения Вороновского" ru_dative="Поселению Вороновскому" ru_accusative="Поселение Вороновское" ru_instrumental="Поселением Вороновским" chief_region="0" population="8869" />
	<region id="117056" name="ЛМС" type="7" parent="212567" tz_offset="10800" ru_name="ЛМС" uk_name="ЛМС" tr_name="" en_name="LMS" latitude="55.313598" longitude="37.185348" ru_prepositional="ЛМС" ru_preposition="в" ru_genitive="ЛМС" ru_dative="ЛМС" ru_accusative="ЛМС" ru_instrumental="ЛМС" chief_region="0" population="5238" />
	<region id="121311" name="Львово" type="7" parent="212567" tz_offset="10800" ru_name="Львово" uk_name="" tr_name="" en_name="Lvovo" latitude="55.277883" longitude="37.116878" ru_prepositional="Львово" ru_preposition="во" ru_genitive="Львово" ru_dative="Львово" ru_accusative="Львово" ru_instrumental="Львово" chief_region="0" population="0" />
	<region id="121664" name="Косовка" type="7" parent="212567" tz_offset="10800" ru_name="Косовка" uk_name="" tr_name="" en_name="Kosovka" latitude="55.303529" longitude="37.142678" ru_prepositional="Косовке" ru_preposition="в" ru_genitive="Косовки" ru_dative="Косовке" ru_accusative="Косовку" ru_instrumental="Косовкой" chief_region="0" population="0" />
	<region id="212568" name="Бабенки" type="7" parent="212567" tz_offset="10800" ru_name="Бабенки" uk_name="" tr_name="" en_name="Babenki" latitude="55.354963" longitude="37.187190" ru_prepositional="Бабенках" ru_preposition="в" ru_genitive="Бабенок" ru_dative="Бабенкам" ru_accusative="Бабенок" ru_instrumental="Бабенками" chief_region="0" population="105" />
	<region id="212569" name="Сахарово" type="7" parent="212567" tz_offset="10800" ru_name="Сахарово" uk_name="" tr_name="" en_name="Saharovo" latitude="55.296805" longitude="37.193235" ru_prepositional="Сахарове" ru_preposition="в" ru_genitive="Сахарова" ru_dative="Сахарову" ru_accusative="Сахарово" ru_instrumental="Сахаровом" chief_region="0" population="74" />
	<region id="212570" name="Филино" type="7" parent="212567" tz_offset="10800" ru_name="Филино" uk_name="" tr_name="" en_name="Filino" latitude="55.353258" longitude="37.232222" ru_prepositional="Филине" ru_preposition="в" ru_genitive="Филина" ru_dative="Филину" ru_accusative="Филино" ru_instrumental="Филином" chief_region="0" population="15" />
	<region id="212571" name="Юдановка" type="7" parent="212567" tz_offset="10800" ru_name="Юдановка" uk_name="" tr_name="" en_name="Yudanovka" latitude="55.318521" longitude="37.217274" ru_prepositional="Юдановке" ru_preposition="в" ru_genitive="Юдановки" ru_dative="Юдановке" ru_accusative="Юдановку" ru_instrumental="Юдановкой" chief_region="0" population="174" />
	<region id="212572" name="Ясенки" type="7" parent="212567" tz_offset="10800" ru_name="Ясенки" uk_name="" tr_name="" en_name="Yasenki" latitude="55.303012" longitude="37.214885" ru_prepositional="Ясенках" ru_preposition="в" ru_genitive="Ясенок" ru_dative="Ясенкам" ru_accusative="Ясенки" ru_instrumental="Ясенками" chief_region="0" population="80" />
	<region id="212573" name="Вороново" type="7" parent="212567" tz_offset="10800" ru_name="Вороново" uk_name="" tr_name="" en_name="Voronovo" latitude="55.320857" longitude="37.158407" ru_prepositional="Воронове" ru_preposition="в" ru_genitive="Воронова" ru_dative="Воронову" ru_accusative="Вороново" ru_instrumental="Вороновом" chief_region="0" population="301" />
	<region id="215310" name="Поселение Киевский" type="13" parent="114620" tz_offset="10800" ru_name="Поселение Киевский" uk_name="" tr_name="" en_name="Poselenie Kievskij" latitude="55.394878" longitude="36.883460" ru_prepositional="Поселении Киевском" ru_preposition="в" ru_genitive="Поселения Киевского" ru_dative="Поселению Киевскому" ru_accusative="Поселение Киевский" ru_instrumental="Поселением Киевским" chief_region="0" population="13868" />
	<region id="117057" name="Киевский" type="7" parent="215310" tz_offset="10800" ru_name="Киевский" uk_name="Київський" tr_name="" en_name="Kievsky" latitude="55.429440" longitude="36.867102" ru_prepositional="Киевском" ru_preposition="в" ru_genitive="Киевского" ru_dative="Киевскому" ru_accusative="Киевский" ru_instrumental="Киевским" chief_region="0" population="13594" />
	<region id="215311" name="Поселение Кленовское" type="13" parent="114620" tz_offset="10800" ru_name="Поселение Кленовское" uk_name="" tr_name="" en_name="Poselenie Klenovskoe" latitude="55.314208" longitude="37.326743" ru_prepositional="Поселении Кленовском" ru_preposition="в" ru_genitive="Поселения Кленовского" ru_dative="Поселению Кленовскому" ru_accusative="Поселение Кленовское" ru_instrumental="Поселением Кленовским" chief_region="0" population="3617" />
	<region id="117058" name="Клёново" type="7" parent="215311" tz_offset="10800" ru_name="Клёново" uk_name="Кленово" tr_name="" en_name="Klyonovo" latitude="55.323208" longitude="37.343011" ru_prepositional="Клёново" ru_preposition="в" ru_genitive="Клёново" ru_dative="Клёново" ru_accusative="Клёново" ru_instrumental="Клёново" chief_region="0" population="2177" />
	<region id="121313" name="Мешково" type="7" parent="215311" tz_offset="10800" ru_name="Мешково" uk_name="" tr_name="" en_name="Meshkovo" latitude="55.304231" longitude="37.314184" ru_prepositional="Мешково" ru_preposition="в" ru_genitive="Мешково" ru_dative="Мешково" ru_accusative="Мешково" ru_instrumental="Мешково" chief_region="0" population="0" />
	<region id="121794" name="Свитино" type="7" parent="215311" tz_offset="10800" ru_name="Свитино" uk_name="Світино" tr_name="" en_name="Svitino" latitude="55.308977" longitude="37.378360" ru_prepositional="Свитино" ru_preposition="в" ru_genitive="Свитино" ru_dative="Свитино" ru_accusative="Свитино" ru_instrumental="Свитино" chief_region="0" population="7" />
	<region id="121860" name="Чернецкое" type="7" parent="215311" tz_offset="10800" ru_name="Чернецкое" uk_name="Чернецьке" tr_name="" en_name="Chernetskoe" latitude="55.252896" longitude="37.329761" ru_prepositional="Чернецком" ru_preposition="в" ru_genitive="Чернецкого" ru_dative="Чернецкому" ru_accusative="Чернецкое" ru_instrumental="Чернецким" chief_region="0" population="0" />
	<region id="215312" name="Поселение Краснопахорское" type="13" parent="114620" tz_offset="10800" ru_name="Поселение Краснопахорское" uk_name="" tr_name="" en_name="Poselenie Krasnopahorskoe" latitude="55.421496" longitude="37.270661" ru_prepositional="Поселении Краснопахорское" ru_preposition="в" ru_genitive="Поселения Краснопахорское" ru_dative="Поселению Краснопахорское" ru_accusative="Поселение Краснопахорское" ru_instrumental="Поселением Краснопахорское" chief_region="0" population="4867" />
	<region id="117059" name="Красная Пахра" type="7" parent="215312" tz_offset="10800" ru_name="Красная Пахра" uk_name="Красна Пахра" tr_name="" en_name="Krasnaya Pahra" latitude="55.430850" longitude="37.275171" ru_prepositional="Красной Пахре" ru_preposition="в" ru_genitive="Красной Пахры" ru_dative="Красной Пахре" ru_accusative="Красную Пахру" ru_instrumental="Красной Пахрой" chief_region="0" population="2434" />
	<region id="121554" name="Былово" type="7" parent="215312" tz_offset="10800" ru_name="Былово" uk_name="" tr_name="" en_name="Bylovo" latitude="55.445012" longitude="37.243972" ru_prepositional="Былово" ru_preposition="в" ru_genitive="Былово" ru_dative="Былово" ru_accusative="Былово" ru_instrumental="Былово" chief_region="0" population="422" />
	<region id="121770" name="Раево" type="7" parent="215312" tz_offset="10800" ru_name="Раево" uk_name="Раєво" tr_name="" en_name="Raevo" latitude="55.439788" longitude="37.334334" ru_prepositional="Раево" ru_preposition="в" ru_genitive="Раево" ru_dative="Раево" ru_accusative="Раево" ru_instrumental="Раево" chief_region="0" population="0" />
	<region id="155319" name="Красное" type="7" parent="215312" tz_offset="10800" ru_name="Красное" uk_name="" tr_name="" en_name="Krasnoye" latitude="55.426253" longitude="37.283103" ru_prepositional="Красном" ru_preposition="в" ru_genitive="Красного" ru_dative="Красному" ru_accusative="Красное" ru_instrumental="Красным" chief_region="0" population="84" />
	<region id="215313" name="Поселение Михайлово-Ярцевское" type="13" parent="114620" tz_offset="10800" ru_name="Поселение Михайлово-Ярцевское" uk_name="" tr_name="" en_name="Poselenie Mihajlovo-Yarcevskoe" latitude="55.397552" longitude="37.139687" ru_prepositional="Поселении Михайлово-Ярцевском" ru_preposition="в" ru_genitive="Поселения Михайлово-Ярцевского" ru_dative="Поселению Михайлово-Ярцевскому" ru_accusative="Поселение Михайлово-Ярцевское" ru_instrumental="Поселением Михайлово-Ярцевским" chief_region="0" population="5377" />
	<region id="117060" name="Шишкин Лес" type="7" parent="215313" tz_offset="10800" ru_name="Шишкин Лес" uk_name="Шишкін Ліс" tr_name="" en_name="Shishkin Les" latitude="55.411966" longitude="37.188241" ru_prepositional="Шишкином Лесу" ru_preposition="в" ru_genitive="Шишкина Леса" ru_dative="Шишкину Лесу" ru_accusative="Шишкин Лес" ru_instrumental="Шишкиным Лесом" chief_region="0" population="4043" />
	<region id="121624" name="Исаково" type="7" parent="215313" tz_offset="10800" ru_name="Исаково" uk_name="" tr_name="" en_name="Isakovo" latitude="55.405828" longitude="37.186920" ru_prepositional="Исаково" ru_preposition="в" ru_genitive="Исаково" ru_dative="Исаково" ru_accusative="Исаково" ru_instrumental="Исаково" chief_region="0" population="24" />
	<region id="121691" name="Лужки" type="7" parent="215313" tz_offset="10800" ru_name="Лужки" uk_name="" tr_name="" en_name="Luzhki" latitude="55.423341" longitude="37.117525" ru_prepositional="Лужках" ru_preposition="в" ru_genitive="Лужков" ru_dative="Лужкам" ru_accusative="Лужки" ru_instrumental="Лужками" chief_region="0" population="5" />
	<region id="215329" name="Дешино" type="7" parent="215313" tz_offset="10800" ru_name="Дешино" uk_name="" tr_name="" en_name="Deshino" latitude="55.410351" longitude="37.205542" ru_prepositional="Дешине" ru_preposition="в" ru_genitive="Дешина" ru_dative="Дешину" ru_accusative="Дешино" ru_instrumental="Дешином" chief_region="0" population="75" />
	<region id="215330" name="Сенькино-Секерино" type="7" parent="215313" tz_offset="10800" ru_name="Сенькино-Секерино" uk_name="" tr_name="" en_name="Sen&#39;kino-Sekerino" latitude="55.431397" longitude="37.138878" ru_prepositional="Сенькином-Секерино" ru_preposition="в" ru_genitive="Сенькиного-Секерино" ru_dative="Сенькиному-Секерино" ru_accusative="Сенькино-Секерино" ru_instrumental="Сенькиным-Секерино" chief_region="0" population="64" />
	<region id="215331" name="Михайловское" type="7" parent="215313" tz_offset="10800" ru_name="Михайловское" uk_name="" tr_name="" en_name="Mihajlovskoe" latitude="55.408015" longitude="37.167786" ru_prepositional="Михайловском" ru_preposition="в" ru_genitive="Михайловского" ru_dative="Михайловскому" ru_accusative="Михайловское" ru_instrumental="Михайловским" chief_region="0" population="146" />
	<region id="215314" name="Поселение Новофёдоровское" type="13" parent="114620" tz_offset="10800" ru_name="Поселение Новофёдоровское" uk_name="" tr_name="" en_name="Poselenie Novofyodorovskoe" latitude="55.465519" longitude="36.940377" ru_prepositional="Поселении Новофедоровском" ru_preposition="в" ru_genitive="Поселения Новофедоровского" ru_dative="Поселению Новофедоровскому" ru_accusative="Поселение Новофедоровское" ru_instrumental="Поселением Новофедоровским" chief_region="0" population="6846" />
	<region id="117061" name="Яковлевское" type="7" parent="215314" tz_offset="10800" ru_name="Яковлевское" uk_name="Яковлівське" tr_name="" en_name="Yakovlevskoe" latitude="55.465519" longitude="36.940377" ru_prepositional="Яковлевском" ru_preposition="в" ru_genitive="Яковлевского" ru_dative="Яковлевскому" ru_accusative="Яковлевское" ru_instrumental="Яковлевским" chief_region="0" population="4138" />
	<region id="121310" name="Лукино" type="7" parent="215314" tz_offset="10800" ru_name="Лукино" uk_name="" tr_name="" en_name="Lukino" latitude="55.434405" longitude="37.072555" ru_prepositional="Лукино" ru_preposition="в" ru_genitive="Лукино" ru_dative="Лукино" ru_accusative="Лукино" ru_instrumental="Лукино" chief_region="0" population="0" />
	<region id="121619" name="Игнатово" type="7" parent="215314" tz_offset="10800" ru_name="Игнатово" uk_name="" tr_name="" en_name="Ignatovo" latitude="55.438782" longitude="37.042785" ru_prepositional="Игнатово" ru_preposition="в" ru_genitive="Игнатово" ru_dative="Игнатово" ru_accusative="Игнатово" ru_instrumental="Игнатово" chief_region="0" population="3" />
	<region id="121697" name="Малеевка" type="7" parent="215314" tz_offset="10800" ru_name="Малеевка" uk_name="" tr_name="" en_name="Maleevka" latitude="55.414670" longitude="37.026104" ru_prepositional="Малеевке" ru_preposition="в" ru_genitive="Малеевки" ru_dative="Малеевке" ru_accusative="Малеевку" ru_instrumental="Малеевкой" chief_region="0" population="1" />
	<region id="215333" name="Рассудово" type="7" parent="215314" tz_offset="10800" ru_name="Рассудово" uk_name="" tr_name="" en_name="Rassudovo" latitude="55.481240" longitude="36.923489" ru_prepositional="Рассудово" ru_preposition="в" ru_genitive="Рассудово" ru_dative="Рассудово" ru_accusative="Рассудово" ru_instrumental="Рассудово" chief_region="0" population="327" />
	<region id="215315" name="Поселение Первомайское" type="13" parent="114620" tz_offset="10800" ru_name="Поселение Первомайское" uk_name="" tr_name="" en_name="Poselenie Pervomajskoe" latitude="55.519723" longitude="37.218334" ru_prepositional="Поселении Первомайском" ru_preposition="в" ru_genitive="Поселения Первомайского" ru_dative="Поселению Первомайскому" ru_accusative="Поселение Первомайское" ru_instrumental="Поселением Первомайским" chief_region="0" population="8378" />
	<region id="117062" name="Птичное" type="7" parent="215315" tz_offset="10800" ru_name="Птичное" uk_name="Птичне" tr_name="" en_name="Ptichnoe" latitude="55.525038" longitude="37.222053" ru_prepositional="Птичном" ru_preposition="в" ru_genitive="Птичного" ru_dative="Птичному" ru_accusative="Птичное" ru_instrumental="Птичным" chief_region="0" population="4262" />
	<region id="121312" name="Марфино" type="7" parent="215315" tz_offset="10800" ru_name="Марфино" uk_name="" tr_name="" en_name="Marfino" latitude="55.552622" longitude="37.195005" ru_prepositional="Марфино" ru_preposition="в" ru_genitive="Марфино" ru_dative="Марфино" ru_accusative="Марфино" ru_instrumental="Марфино" chief_region="0" population="0" />
	<region id="121551" name="Ботаково" type="7" parent="215315" tz_offset="10800" ru_name="Ботаково" uk_name="" tr_name="" en_name="Botakovo" latitude="55.502339" longitude="37.285366" ru_prepositional="Ботаково" ru_preposition="в" ru_genitive="Ботаково" ru_dative="Ботаково" ru_accusative="Ботаково" ru_instrumental="Ботаково" chief_region="0" population="49" />
	<region id="121564" name="Верховье" type="7" parent="215315" tz_offset="10800" ru_name="Верховье" uk_name="" tr_name="" en_name="Verkhovye" latitude="55.534250" longitude="37.228287" ru_prepositional="Верховье" ru_preposition="в" ru_genitive="Верховья" ru_dative="Верховью" ru_accusative="Верховье" ru_instrumental="Верховьем" chief_region="0" population="18" />
	<region id="121588" name="Губцево" type="7" parent="215315" tz_offset="10800" ru_name="Губцево" uk_name="" tr_name="" en_name="Gubtsevo" latitude="55.513178" longitude="37.256530" ru_prepositional="Губцево" ru_preposition="в" ru_genitive="Губцево" ru_dative="Губцево" ru_accusative="Губцево" ru_instrumental="Губцево" chief_region="0" population="15" />
	<region id="121656" name="Клоково" type="7" parent="215315" tz_offset="10800" ru_name="Клоково" uk_name="" tr_name="" en_name="Klokovo" latitude="55.522001" longitude="37.262738" ru_prepositional="Клоково" ru_preposition="в" ru_genitive="Клоково" ru_dative="Клоково" ru_accusative="Клоково" ru_instrumental="Клоково" chief_region="0" population="6" />
	<region id="121742" name="Первомайское" type="7" parent="215315" tz_offset="10800" ru_name="Первомайское" uk_name="Первомайське" tr_name="" en_name="Pervomajskoe" latitude="55.536573" longitude="37.158982" ru_prepositional="Первомайском" ru_preposition="в" ru_genitive="Первомайского" ru_dative="Первомайскому" ru_accusative="Первомайское" ru_instrumental="Первомайским" chief_region="0" population="1292" />
	<region id="121766" name="Пучково" type="7" parent="215315" tz_offset="10800" ru_name="Пучково" uk_name="Пучково" tr_name="" en_name="Puchkovo" latitude="55.486642" longitude="37.264067" ru_prepositional="Пучково" ru_preposition="в" ru_genitive="Пучково" ru_dative="Пучково" ru_accusative="Пучково" ru_instrumental="Пучково" chief_region="0" population="40" />
	<region id="121777" name="Рогозинино" type="7" parent="215315" tz_offset="10800" ru_name="Рогозинино" uk_name="Рогозініно" tr_name="" en_name="Rogozinino" latitude="55.535366" longitude="37.194556" ru_prepositional="Рогозинино" ru_preposition="в" ru_genitive="Рогозинино" ru_dative="Рогозинино" ru_accusative="Рогозинино" ru_instrumental="Рогозинино" chief_region="0" population="34" />
	<region id="121844" name="Фоминское" type="7" parent="215315" tz_offset="10800" ru_name="Фоминское" uk_name="Фоминське" tr_name="" en_name="Fominskoe" latitude="55.523682" longitude="37.317167" ru_prepositional="Фоминском" ru_preposition="в" ru_genitive="Фоминского" ru_dative="Фоминскому" ru_accusative="Фоминское" ru_instrumental="Фоминским" chief_region="0" population="20" />
	<region id="215316" name="Поселение Роговское" type="13" parent="114620" tz_offset="10800" ru_name="Поселение Роговское" uk_name="" tr_name="" en_name="Poselenie Rogovskoe" latitude="55.220038" longitude="37.054733" ru_prepositional="Поселении Роговском" ru_preposition="в" ru_genitive="Поселения Роговского" ru_dative="Поселению Роговскому" ru_accusative="Поселение Роговское" ru_instrumental="Поселением Роговским" chief_region="0" population="3408" />
	<region id="117063" name="Рогово" type="7" parent="215316" tz_offset="10800" ru_name="Рогово" uk_name="Рогово" tr_name="" en_name="Rogovo" latitude="55.215801" longitude="37.076284" ru_prepositional="Рогово" ru_preposition="в" ru_genitive="Рогово" ru_dative="Рогово" ru_accusative="Рогово" ru_instrumental="Рогово" chief_region="0" population="2017" />
	<region id="121546" name="Богородское" type="7" parent="215316" tz_offset="10800" ru_name="Богородское" uk_name="" tr_name="" en_name="Bogorodskoe" latitude="55.212858" longitude="37.060527" ru_prepositional="Богородском" ru_preposition="в" ru_genitive="Богородского" ru_dative="Богородскому" ru_accusative="Богородское" ru_instrumental="Богородским" chief_region="0" population="5" />
	<region id="121687" name="Лопатино" type="7" parent="215316" tz_offset="10800" ru_name="Лопатино" uk_name="" tr_name="" en_name="Lopatino" latitude="55.230672" longitude="36.966905" ru_prepositional="Лопатино" ru_preposition="в" ru_genitive="Лопатино" ru_dative="Лопатино" ru_accusative="Лопатино" ru_instrumental="Лопатино" chief_region="0" population="5" />
	<region id="215335" name="Каменка" type="7" parent="215316" tz_offset="10800" ru_name="Каменка" uk_name="" tr_name="" en_name="Kamenka" latitude="55.219694" longitude="36.991887" ru_prepositional="Каменке" ru_preposition="в" ru_genitive="Каменки" ru_dative="Каменке" ru_accusative="Каменку" ru_instrumental="Каменкой" chief_region="0" population="151" />
	<region id="215317" name="Поселение Щаповское" type="13" parent="114620" tz_offset="10800" ru_name="Поселение Щаповское" uk_name="" tr_name="" en_name="Poselenie Shchapovskoe" latitude="55.391631" longitude="37.380848" ru_prepositional="Поселении Щаповском" ru_preposition="в" ru_genitive="Поселения Щаповского" ru_dative="Поселению Щаповскому" ru_accusative="Поселение Щаповское" ru_instrumental="Поселением Щаповским" chief_region="0" population="8517" />
	<region id="117064" name="Щапово" type="7" parent="215317" tz_offset="10800" ru_name="Щапово" uk_name="Щапово" tr_name="" en_name="Shchapovo" latitude="55.417368" longitude="37.409325" ru_prepositional="Щапово" ru_preposition="в" ru_genitive="Щапово" ru_dative="Щапово" ru_accusative="Щапово" ru_instrumental="Щапово" chief_region="0" population="2254" />
	<region id="121355" name="Посёлок Спортбазы" type="7" parent="215317" tz_offset="10800" ru_name="Посёлок Спортбазы" uk_name="" tr_name="" en_name="Posyolok Sportbazy" latitude="55.361856" longitude="37.407627" ru_prepositional="Поселке Спортбазы" ru_preposition="в" ru_genitive="Поселка Спортбазы" ru_dative="Поселку Спортбазы" ru_accusative="Поселка Спортбазы" ru_instrumental="Поселком Спортбазы" chief_region="0" population="487" />
	<region id="121532" name="Батыбино" type="7" parent="215317" tz_offset="10800" ru_name="Батыбино" uk_name="" tr_name="" en_name="Batybino" latitude="55.380171" longitude="37.419961" ru_prepositional="Батыбино" ru_preposition="в" ru_genitive="Батыбино" ru_dative="Батыбино" ru_accusative="Батыбино" ru_instrumental="Батыбино" chief_region="0" population="90" />
	<region id="121729" name="Ознобишино" type="7" parent="215317" tz_offset="10800" ru_name="Ознобишино" uk_name="Ознобишино" tr_name="" en_name="Oznobishino" latitude="55.399229" longitude="37.441350" ru_prepositional="Ознобишино" ru_preposition="в" ru_genitive="Ознобишино" ru_dative="Ознобишино" ru_accusative="Ознобишино" ru_instrumental="Ознобишино" chief_region="0" population="298" />
	<region id="121865" name="Шаганино" type="7" parent="215317" tz_offset="10800" ru_name="Шаганино" uk_name="Шаганіно" tr_name="" en_name="Shaganino" latitude="55.431759" longitude="37.372566" ru_prepositional="Шаганино" ru_preposition="в" ru_genitive="Шаганино" ru_dative="Шаганино" ru_accusative="Шаганино" ru_instrumental="Шаганино" chief_region="0" population="75" />
	<region id="215318" name="Александрово" type="7" parent="215317" tz_offset="10800" ru_name="Александрово" uk_name="" tr_name="" en_name="Aleksandrovo" latitude="55.414102" longitude="37.404420" ru_prepositional="Александрово" ru_preposition="в" ru_genitive="Александрово" ru_dative="Александрово" ru_accusative="Александрово" ru_instrumental="Александрово" chief_region="0" population="67" />
	<region id="215319" name="Овечкино" type="7" parent="215317" tz_offset="10800" ru_name="Овечкино" uk_name="" tr_name="" en_name="Ovechkino" latitude="55.371505" longitude="37.347054" ru_prepositional="Овечкином" ru_preposition="в" ru_genitive="Овечкиного" ru_dative="Овечкиному" ru_accusative="Овечкино" ru_instrumental="Овечкиным" chief_region="0" population="19" />
	<region id="215320" name="Пёсье" type="7" parent="215317" tz_offset="10800" ru_name="Пёсье" uk_name="" tr_name="" en_name="Pyos&#39;e" latitude="55.407371" longitude="37.387532" ru_prepositional="Песьем" ru_preposition="в" ru_genitive="Песьего" ru_dative="Песьему" ru_accusative="Песье" ru_instrumental="Песьим" chief_region="0" population="94" />
	<region id="215322" name="Сатино-Русское" type="7" parent="215317" tz_offset="10800" ru_name="Сатино-Русское" uk_name="" tr_name="" en_name="Satino-Russkoe" latitude="55.374866" longitude="37.359918" ru_prepositional="Сатино-Русском" ru_preposition="в" ru_genitive="Сатино-Русского" ru_dative="Сатино-Русскому" ru_accusative="Сатино-Русское" ru_instrumental="Сатино-Русским" chief_region="0" population="75" />
	<region id="215325" name="Троицкое" type="7" parent="215317" tz_offset="10800" ru_name="Троицкое" uk_name="" tr_name="" en_name="Troickoe" latitude="55.386165" longitude="37.415568" ru_prepositional="Троицком" ru_preposition="в" ru_genitive="Троицкого" ru_dative="Троицкому" ru_accusative="Троицкое" ru_instrumental="Троицким" chief_region="0" population="156" />
	<region id="215327" name="Посёлок Дорожно-ремонтного пункта-3" type="7" parent="215317" tz_offset="10800" ru_name="Посёлок Дорожно-ремонтного пункта-3" uk_name="" tr_name="" en_name="Posyolok Dorozhno-remontnogo punkta-3" latitude="55.377593" longitude="37.394916" ru_prepositional="Поселке Дорожно-ремонтного пункта-3" ru_preposition="в" ru_genitive="Поселка Дорожно-ремонтного пункта-3" ru_dative="Поселку Дорожно-ремонтного пункта-3" ru_accusative="Поселок Дорожно-ремонтного пункта-3" ru_instrumental="Поселком Дорожно-ремонтного пункта-3" chief_region="0" population="836" />
	<region id="215328" name="Курилово" type="7" parent="215317" tz_offset="10800" ru_name="Курилово" uk_name="" tr_name="" en_name="Kurilovo" latitude="55.373045" longitude="37.376815" ru_prepositional="Куриловом" ru_preposition="в" ru_genitive="Курилова" ru_dative="Курилову" ru_accusative="Курилово" ru_instrumental="Куриловым" chief_region="0" population="1647" />

    <!-- Санкт-Петербург и вложенные регионы -->
	<region id="2" name="Санкт-Петербург" type="6" parent="10174" tz_offset="10800" ru_name="Санкт-Петербург" uk_name="Санкт-Петербург" tr_name="Saint-Petersburg" en_name="Saint Petersburg" latitude="59.938951" longitude="30.315635" ru_prepositional="Санкт-Петербурге" ru_preposition="в" ru_genitive="Санкт-Петербурга" ru_dative="Санкт-Петербургу" ru_accusative="Санкт-Петербург" ru_instrumental="Санкт-Петербургом" chief_region="0" population="5351935" />
    <region id="20280" name="Адмиралтейский район" type="8" parent="2" tz_offset="10800" ru_name="Адмиралтейский район" uk_name="Адміралтейський район" tr_name="Admiralteyski" en_name="Admiralteysky District" latitude="59.916825" longitude="30.297542" ru_prepositional="Адмиралтейском районе" ru_preposition="в" ru_genitive="Адмиралтейского района" ru_dative="Адмиралтейскому району" ru_accusative="Адмиралтейский район" ru_instrumental="Адмиралтейским районом" chief_region="0" population="163591" />
    <region id="120600" name="Коломна" type="13" parent="20280" tz_offset="10800" ru_name="Коломна" uk_name="Коломна" tr_name="" en_name="Kolomna" latitude="59.921394" longitude="30.282666" ru_prepositional="Коломне" ru_preposition="в" ru_genitive="Коломны" ru_dative="Коломне" ru_accusative="Коломну" ru_instrumental="Коломной" chief_region="0" population="40302" />
    <region id="120601" name="Сенной округ" type="13" parent="20280" tz_offset="10800" ru_name="Сенной округ" uk_name="Сінний округ" tr_name="" en_name="Sennoy Okrug" latitude="59.925083" longitude="30.313703" ru_prepositional="Сенном округе" ru_preposition="в" ru_genitive="Сенного округа" ru_dative="Сенному округу" ru_accusative="Сенной округ" ru_instrumental="Сенным округом" chief_region="0" population="23010" />
    <region id="20339" name="Садовая" type="9" parent="120601" tz_offset="10800" ru_name="Садовая" uk_name="Садова" tr_name="Sadovaya" en_name="Sadovaya" latitude="59.926927" longitude="30.317647" ru_prepositional="Садовой" ru_preposition="на" ru_genitive="Садовой" ru_dative="Садовой" ru_accusative="Садовую" ru_instrumental="Садовой" chief_region="0" population="0" />
    <region id="20340" name="Сенная Площадь" type="9" parent="120601" tz_offset="10800" ru_name="Сенная Площадь" uk_name="Сінна площа" tr_name="Sennaya Ploshchad" en_name="Sennaya Ploshchad" latitude="59.927125" longitude="30.320557" ru_prepositional="Сенной Площади" ru_preposition="на" ru_genitive="Сенной Площади" ru_dative="Сенной Площади" ru_accusative="Сенную Площадь" ru_instrumental="Сенной Площадью" chief_region="0" population="0" />
    <region id="101378" name="Спасская" type="9" parent="120601" tz_offset="10800" ru_name="Спасская" uk_name="Спаська" tr_name="Spasskaya" en_name="Spasskaya" latitude="59.926855" longitude="30.319183" ru_prepositional="Спасской" ru_preposition="на" ru_genitive="Спасской" ru_dative="Спасской" ru_accusative="Спасскую" ru_instrumental="Спасской" chief_region="0" population="0" />
    <region id="120602" name="Адмиралтейский округ" type="13" parent="20280" tz_offset="10800" ru_name="Адмиралтейский округ" uk_name="Адміралтейський округ" tr_name="" en_name="Admiralteysky Okrug" latitude="59.932595" longitude="30.292260" ru_prepositional="Адмиралтейском округе" ru_preposition="в" ru_genitive="Адмиралтейского округа" ru_dative="Адмиралтейскому округу" ru_accusative="Адмиралтейский округ" ru_instrumental="Адмиралтейским округом" chief_region="0" population="23593" />
    <region id="120603" name="Семёновский округ" type="13" parent="20280" tz_offset="10800" ru_name="Семёновский округ" uk_name="Семенівський" tr_name="" en_name="Semyonovsky Okrug" latitude="59.913045" longitude="30.323297" ru_prepositional="Семёновском округе" ru_preposition="в" ru_genitive="Семёновского округа" ru_dative="Семёновскому округу" ru_accusative="Семёновский округ" ru_instrumental="Семёновским округом" chief_region="0" population="25213" />
    <region id="20341" name="Технологический институт" type="9" parent="120603" tz_offset="10800" ru_name="Технологический институт" uk_name="Технологічний інститут" tr_name="Teknoloji Enstitüsü" en_name="Tekhnologicheskiy Institut" latitude="59.916342" longitude="30.318545" ru_prepositional="Технологическом институте" ru_preposition="на" ru_genitive="Технологического института" ru_dative="Технологическому институту" ru_accusative="Технологический институт" ru_instrumental="Технологическим институтом" chief_region="0" population="0" />
    <region id="20343" name="Пушкинская" type="9" parent="120603" tz_offset="10800" ru_name="Пушкинская" uk_name="Пушкінська" tr_name="Pushkinskaya" en_name="Pushkinskaya" latitude="59.920614" longitude="30.329864" ru_prepositional="Пушкинской" ru_preposition="на" ru_genitive="Пушкинской" ru_dative="Пушкинской" ru_accusative="Пушкинскую" ru_instrumental="Пушкинской" chief_region="0" population="0" />
    <region id="100651" name="Звенигородская" type="9" parent="120603" tz_offset="10800" ru_name="Звенигородская" uk_name="Звенигородська" tr_name="Zvenigorodskay" en_name="Zvenigorodskay" latitude="59.922282" longitude="30.335631" ru_prepositional="Звенигородской" ru_preposition="на" ru_genitive="Звенигородской" ru_dative="Звенигородской" ru_accusative="Звенигородскую" ru_instrumental="Звенигородской" chief_region="0" population="0" />
    <region id="120604" name="Измайловское" type="13" parent="20280" tz_offset="10800" ru_name="Измайловское" uk_name="Ізмайловське" tr_name="" en_name="Izmaylovskoye" latitude="59.907501" longitude="30.308179" ru_prepositional="Измайловском" ru_preposition="в" ru_genitive="Измайловского" ru_dative="Измайловскому" ru_accusative="Измайловское" ru_instrumental="Измайловским" chief_region="0" population="27287" />
    <region id="20342" name="Фрунзенская" type="9" parent="120604" tz_offset="10800" ru_name="Фрунзенская" uk_name="Фрунзенська" tr_name="Frunzenskaya" en_name="Frunzenskaya" latitude="59.906179" longitude="30.317530" ru_prepositional="Фрунзенской" ru_preposition="на" ru_genitive="Фрунзенской" ru_dative="Фрунзенской" ru_accusative="Фрунзенскую" ru_instrumental="Фрунзенской" chief_region="0" population="0" />
    <region id="20344" name="Балтийская" type="9" parent="120604" tz_offset="10800" ru_name="Балтийская" uk_name="Балтійська" tr_name="Baltiyskaya" en_name="Baltiyskaya" latitude="59.907257" longitude="30.299860" ru_prepositional="Балтийской" ru_preposition="на" ru_genitive="Балтийской" ru_dative="Балтийской" ru_accusative="Балтийскую" ru_instrumental="Балтийской" chief_region="0" population="0" />
    <region id="120605" name="Екатерингофский округ" type="13" parent="20280" tz_offset="10800" ru_name="Екатерингофский округ" uk_name="Єкатерингофський" tr_name="" en_name="Yekateringofsky Okrug" latitude="59.908597" longitude="30.276800" ru_prepositional="Екатерингофском округе" ru_preposition="в" ru_genitive="Екатерингофского округа" ru_dative="Екатерингофскому округу" ru_accusative="Екатерингофский округ" ru_instrumental="Екатерингофским округом" chief_region="0" population="26072" />
    <region id="20281" name="Василеостровский район" type="8" parent="2" tz_offset="10800" ru_name="Василеостровский район" uk_name="Василеостровський район" tr_name="Vasileostrovski" en_name="Vasileostrovsky District" latitude="59.941425" longitude="30.248045" ru_prepositional="Василеостровском районе" ru_preposition="в" ru_genitive="Василеостровского района" ru_dative="Василеостровскому району" ru_accusative="Василеостровский район" ru_instrumental="Василеостровским районом" chief_region="0" population="209587" />
    <region id="120606" name="Муниципальный округ № 7" type="13" parent="20281" tz_offset="10800" ru_name="Муниципальный округ № 7" uk_name="Муніципальний округ № 7" tr_name="" en_name="Municipal Okrug 7" latitude="59.936079" longitude="30.265167" ru_prepositional="Муниципальном округе № 7" ru_preposition="в" ru_genitive="Муниципального округа № 7" ru_dative="Муниципальному округу № 7" ru_accusative="Муниципальный округ № 7" ru_instrumental="Муниципальным округом № 7" chief_region="0" population="41182" />
    <region id="20338" name="Василеостровская" type="9" parent="120606" tz_offset="10800" ru_name="Василеостровская" uk_name="Василеостровська" tr_name="Vasileostrovskaya" en_name="Vasileostrovskaya" latitude="59.942525" longitude="30.278247" ru_prepositional="Василеостровской" ru_preposition="на" ru_genitive="Василеостровской" ru_dative="Василеостровской" ru_accusative="Василеостровскую" ru_instrumental="Василеостровской" chief_region="0" population="0" />
    <region id="120607" name="Васильевский округ" type="13" parent="20281" tz_offset="10800" ru_name="Васильевский округ" uk_name="Васильєвський" tr_name="" en_name="Vasilyevsky Okrug" latitude="59.945562" longitude="30.274635" ru_prepositional="Васильевском округе" ru_preposition="в" ru_genitive="Васильевского округа" ru_dative="Васильевскому округу" ru_accusative="Васильевский округ" ru_instrumental="Васильевским округом" chief_region="0" population="33177" />
    <region id="120608" name="Гавань" type="13" parent="20281" tz_offset="10800" ru_name="Гавань" uk_name="Гавань" tr_name="" en_name="Gavan" latitude="59.930038" longitude="30.241164" ru_prepositional="Гавани" ru_preposition="в" ru_genitive="Гавани" ru_dative="Гавани" ru_accusative="Гавань" ru_instrumental="Гаванью" chief_region="0" population="36799" />
    <region id="120609" name="Морской округ" type="13" parent="20281" tz_offset="10800" ru_name="Морской округ" uk_name="Морський округ" tr_name="" en_name="Morskoy Okrug" latitude="59.943079" longitude="30.205537" ru_prepositional="Морском округе" ru_preposition="в" ru_genitive="Морского округа" ru_dative="Морскому округу" ru_accusative="Морской округ" ru_instrumental="Морским округом" chief_region="0" population="36057" />
    <region id="120610" name="Остров Декабристов" type="13" parent="20281" tz_offset="10800" ru_name="Остров Декабристов" uk_name="Острів Декабристів" tr_name="" en_name="Ostrov Dekabristov" latitude="59.953912" longitude="30.237670" ru_prepositional="Острове Декабристов" ru_preposition="в" ru_genitive="Острова Декабристов" ru_dative="Острову Декабристов" ru_accusative="Острова Декабристов" ru_instrumental="Островом Декабристов" chief_region="0" population="62862" />
    <region id="20337" name="Приморская" type="9" parent="120610" tz_offset="10800" ru_name="Приморская" uk_name="Приморська" tr_name="Primorskaya" en_name="Primorskaya" latitude="59.948456" longitude="30.234633" ru_prepositional="Приморской" ru_preposition="на" ru_genitive="Приморской" ru_dative="Приморской" ru_accusative="Приморскую" ru_instrumental="Приморской" chief_region="0" population="0" />
    <region id="20282" name="Выборгский район" type="8" parent="2" tz_offset="10800" ru_name="Выборгский район" uk_name="Виборзький район" tr_name="Viborgski" en_name="Viborgsky District" latitude="60.086515" longitude="30.229019" ru_prepositional="Выборгском районе" ru_preposition="в" ru_genitive="Выборгского района" ru_dative="Выборгскому району" ru_accusative="Выборгский район" ru_instrumental="Выборгским районом" chief_region="0" population="509592" />
    <region id="120611" name="Левашово" type="7" parent="20282" tz_offset="10800" ru_name="Левашово" uk_name="Левашово" tr_name="" en_name="Levashovo" latitude="60.094362" longitude="30.182621" ru_prepositional="Левашово" ru_preposition="в" ru_genitive="Левашово" ru_dative="Левашово" ru_accusative="Левашово" ru_instrumental="Левашово" chief_region="0" population="4221" />
    <region id="120612" name="Парголово" type="7" parent="20282" tz_offset="10800" ru_name="Парголово" uk_name="Парголово" tr_name="" en_name="Pargolovo" latitude="60.086089" longitude="30.262975" ru_prepositional="Парголово" ru_preposition="в" ru_genitive="Парголово" ru_dative="Парголово" ru_accusative="Парголово" ru_instrumental="Парголово" chief_region="0" population="35555" />
    <region id="102531" name="Парнас" type="9" parent="120612" tz_offset="10800" ru_name="Парнас" uk_name="Парнас" tr_name="Parnas" en_name="Parnas" latitude="60.066971" longitude="30.333996" ru_prepositional="Парнасе" ru_preposition="на" ru_genitive="Парнаса" ru_dative="Парнасу" ru_accusative="Парнас" ru_instrumental="Парнасом" chief_region="0" population="0" />
    <region id="120613" name="Сампсониевское" type="13" parent="20282" tz_offset="10800" ru_name="Сампсониевское" uk_name="Сампсоніївське" tr_name="" en_name="Sampsonievskoe" latitude="59.974419" longitude="30.341299" ru_prepositional="Сампсониевском" ru_preposition="в" ru_genitive="Сампсониевского" ru_dative="Сампсониевскому" ru_accusative="Сампсониевское" ru_instrumental="Сампсониевским" chief_region="0" population="41653" />
    <region id="20318" name="Лесная" type="9" parent="120613" tz_offset="10800" ru_name="Лесная" uk_name="Лісова" tr_name="Lesnaya" en_name="Lesnaya" latitude="59.984769" longitude="30.344354" ru_prepositional="Лесной" ru_preposition="на" ru_genitive="Лесной" ru_dative="Лесной" ru_accusative="Лесную" ru_instrumental="Лесной" chief_region="0" population="0" />
    <region id="20330" name="Выборгская" type="9" parent="120613" tz_offset="10800" ru_name="Выборгская" uk_name="Виборзька" tr_name="Vyborgskaya" en_name="Vyborgskaya" latitude="59.971006" longitude="30.347300" ru_prepositional="Выборгской" ru_preposition="на" ru_genitive="Выборгской" ru_dative="Выборгской" ru_accusative="Выборгскую" ru_instrumental="Выборгской" chief_region="0" population="0" />
    <region id="120614" name="Светлановское" type="13" parent="20282" tz_offset="10800" ru_name="Светлановское" uk_name="Світлановське" tr_name="" en_name="Svetlanovskoe" latitude="59.998742" longitude="30.347525" ru_prepositional="Светлановском" ru_preposition="в" ru_genitive="Светлановского" ru_dative="Светлановскому" ru_accusative="Светлановское" ru_instrumental="Светлановским" chief_region="0" population="86558" />
    <region id="20321" name="Удельная" type="9" parent="120614" tz_offset="10800" ru_name="Удельная" uk_name="Удельна" tr_name="Udelnaya" en_name="Udelnaya" latitude="60.016721" longitude="30.315895" ru_prepositional="Удельной" ru_preposition="на" ru_genitive="Удельной" ru_dative="Удельной" ru_accusative="Удельную" ru_instrumental="Удельной" chief_region="0" population="0" />
    <region id="120615" name="Сосновское" type="13" parent="20282" tz_offset="10800" ru_name="Сосновское" uk_name="Сосновське" tr_name="" en_name="Sosnovskoe" latitude="60.028191" longitude="30.345701" ru_prepositional="Сосновском" ru_preposition="в" ru_genitive="Сосновского" ru_dative="Сосновскому" ru_accusative="Сосновское" ru_instrumental="Сосновским" chief_region="0" population="68920" />
    <region id="120616" name="Муниципальный округ № 15" type="13" parent="20282" tz_offset="10800" ru_name="Муниципальный округ № 15" uk_name="Муніципальний округ № 15" tr_name="" en_name="Municipal Okrug 15" latitude="60.053238" longitude="30.369156" ru_prepositional="Муниципальном округе № 15" ru_preposition="в" ru_genitive="Муниципального округа № 15" ru_dative="Муниципальному округу № 15" ru_accusative="Муниципальный округ № 15" ru_instrumental="Муниципальным округом № 15" chief_region="0" population="66003" />
    <region id="120617" name="Парнас" type="13" parent="20282" tz_offset="10800" ru_name="Парнас" uk_name="Парнас" tr_name="" en_name="Parnas" latitude="60.070796" longitude="30.338829" ru_prepositional="Парнасе" ru_preposition="в" ru_genitive="Парнаса" ru_dative="Парнасу" ru_accusative="Парнас" ru_instrumental="Парнасом" chief_region="0" population="69118" />
    <region id="120618" name="Шувалово-Озерки" type="13" parent="20282" tz_offset="10800" ru_name="Шувалово-Озерки" uk_name="Шувалово-Озерки" tr_name="" en_name="Shuvalovo-Ozerki" latitude="60.051239" longitude="30.312041" ru_prepositional="Шувалову-Озерках" ru_preposition="в" ru_genitive="Шувалова-Озерков" ru_dative="Шувалову-Озеркам" ru_accusative="Шувалово-Озерки" ru_instrumental="Шуваловом-Озерками" chief_region="0" population="112838" />
    <region id="20319" name="Проспект Просвещения" type="9" parent="120618" tz_offset="10800" ru_name="Проспект Просвещения" uk_name="Проспект Просвіти" tr_name="Prospekt Prosveshcheniya" en_name="Prospekt Prosveshcheniya" latitude="60.051410" longitude="30.332541" ru_prepositional="Проспекте Просвещения" ru_preposition="на" ru_genitive="Проспекта Просвещения" ru_dative="Проспекту Просвещения" ru_accusative="Проспект Просвещения" ru_instrumental="Проспектом Просвещения" chief_region="0" population="0" />
    <region id="20320" name="Озерки" type="9" parent="120618" tz_offset="10800" ru_name="Озерки" uk_name="Озерки" tr_name="Ozerki" en_name="Ozerki" latitude="60.037131" longitude="30.321878" ru_prepositional="Озерках" ru_preposition="на" ru_genitive="Озерков" ru_dative="Озеркам" ru_accusative="Озерки" ru_instrumental="Озерками" chief_region="0" population="0" />
    <region id="20283" name="Калининский район" type="8" parent="2" tz_offset="10800" ru_name="Калининский район" uk_name="Калінінський район" tr_name="Kalininski" en_name="Kalininsky District" latitude="60.007339" longitude="30.428337" ru_prepositional="Калининском районе" ru_preposition="в" ru_genitive="Калининского района" ru_dative="Калининскому району" ru_accusative="Калининский район" ru_instrumental="Калининским районом" chief_region="0" population="538258" />
    <region id="120619" name="Гражданка" type="13" parent="20283" tz_offset="10800" ru_name="Гражданка" uk_name="Гражданка" tr_name="" en_name="Grazhdanka" latitude="60.014306" longitude="30.403526" ru_prepositional="Гражданке" ru_preposition="в" ru_genitive="Гражданки" ru_dative="Гражданке" ru_accusative="Гражданку" ru_instrumental="Гражданкой" chief_region="0" population="76338" />
    <region id="120620" name="Академическое" type="13" parent="20283" tz_offset="10800" ru_name="Академическое" uk_name="Академічне" tr_name="" en_name="Akademicheskoe" latitude="60.016910" longitude="30.385721" ru_prepositional="Академическом" ru_preposition="в" ru_genitive="Академического" ru_dative="Академическому" ru_accusative="Академическое" ru_instrumental="Академическим" chief_region="0" population="110419" />
    <region id="20327" name="Академическая" type="9" parent="120620" tz_offset="10800" ru_name="Академическая" uk_name="Академічна" tr_name="Akademicheskaya" en_name="Akademicheskaya" latitude="60.012719" longitude="30.396133" ru_prepositional="Академической" ru_preposition="на" ru_genitive="Академической" ru_dative="Академической" ru_accusative="Академическую" ru_instrumental="Академической" chief_region="0" population="0" />
    <region id="20328" name="Политехническая" type="9" parent="120620" tz_offset="10800" ru_name="Политехническая" uk_name="Політехнічна" tr_name="Politekhnicheskaya" en_name="Politekhnicheskaya" latitude="60.008815" longitude="30.370908" ru_prepositional="Политехнической" ru_preposition="на" ru_genitive="Политехнической" ru_dative="Политехнической" ru_accusative="Политехническую" ru_instrumental="Политехнической" chief_region="0" population="0" />
    <region id="20329" name="Площадь Мужества" type="9" parent="120620" tz_offset="10800" ru_name="Площадь Мужества" uk_name="Площа Мужності" tr_name="Ploshchad Muzhestva" en_name="Ploshchad Muzhestva" latitude="59.999593" longitude="30.366470" ru_prepositional="Площади Мужества" ru_preposition="на" ru_genitive="Площади Мужества" ru_dative="Площади Мужества" ru_accusative="Площадь Мужества" ru_instrumental="Площадью Мужества" chief_region="0" population="0" />
    <region id="120621" name="Финляндский округ" type="13" parent="20283" tz_offset="10800" ru_name="Финляндский округ" uk_name="Фінляндський округ" tr_name="" en_name="Finlyandsky Okrug" latitude="59.968606" longitude="30.380152" ru_prepositional="Финляндском округе" ru_preposition="в" ru_genitive="Финляндского округа" ru_dative="Финляндскому округу" ru_accusative="Финляндский округ" ru_instrumental="Финляндским округом" chief_region="0" population="76670" />
    <region id="20331" name="Площадь Ленина" type="9" parent="120621" tz_offset="10800" ru_name="Площадь Ленина" uk_name="Площа Леніна" tr_name="Ploshchad Lenina" en_name="Ploshchad Lenina" latitude="59.956750" longitude="30.355672" ru_prepositional="Площади Ленина" ru_preposition="на" ru_genitive="Площади Ленина" ru_dative="Площади ленина" ru_accusative="Площадь Ленина" ru_instrumental="Площадью Ленина" chief_region="0" population="0" />
    <region id="120622" name="Муниципальный округ № 21" type="13" parent="20283" tz_offset="10800" ru_name="Муниципальный округ № 21" uk_name="Муніципальний округ № 21" tr_name="" en_name="Municipal Okrug 21" latitude="60.031805" longitude="30.422974" ru_prepositional="Муниципальном округе № 21" ru_preposition="в" ru_genitive="Муниципального округа № 21" ru_dative="Муниципальному округу № 21" ru_accusative="Муниципальный округ № 21" ru_instrumental="Муниципальным округом № 21" chief_region="0" population="79703" />
    <region id="20326" name="Гражданский проспект" type="9" parent="120622" tz_offset="10800" ru_name="Гражданский проспект" uk_name="Гражданський проспект" tr_name="Grazhdanski Prospekt" en_name="Grazhdanskiy Prospekt" latitude="60.034915" longitude="30.418276" ru_prepositional="Гражданском проспекте" ru_preposition="на" ru_genitive="Гражданского проспекта" ru_dative="Гражданскому проспекту" ru_accusative="Гражданский проспект" ru_instrumental="Гражданским проспектом" chief_region="0" population="0" />
    <region id="120623" name="Пискарёвка" type="13" parent="20283" tz_offset="10800" ru_name="Пискарёвка" uk_name="Піскарьовка" tr_name="" en_name="Piskaryovka" latitude="59.990620" longitude="30.418007" ru_prepositional="Пискарёвке" ru_preposition="в" ru_genitive="Пискарёвки" ru_dative="Пискарёвке" ru_accusative="Пискарёвку" ru_instrumental="Пискарёвкой" chief_region="0" population="63114" />
    <region id="120624" name="Северный округ" type="13" parent="20283" tz_offset="10800" ru_name="Северный округ" uk_name="Сєверний" tr_name="" en_name="Severny Okrug" latitude="60.043804" longitude="30.380664" ru_prepositional="Северном округе" ru_preposition="в" ru_genitive="Северного округа" ru_dative="Северному округу" ru_accusative="Северный округ" ru_instrumental="Северным округом" chief_region="0" population="53947" />
    <region id="120625" name="Прометей" type="13" parent="20283" tz_offset="10800" ru_name="Прометей" uk_name="Прометей" tr_name="" en_name="Prometey" latitude="60.038191" longitude="30.402079" ru_prepositional="Прометее" ru_preposition="в" ru_genitive="Прометея" ru_dative="Прометею" ru_accusative="Прометей" ru_instrumental="Прометеем" chief_region="0" population="75566" />
    <region id="20284" name="Кировский район" type="8" parent="2" tz_offset="10800" ru_name="Кировский район" uk_name="Кіровський район" tr_name="Kirovski" en_name="Kirovsky District" latitude="59.876391" longitude="30.257603" ru_prepositional="Кировском районе" ru_preposition="в" ru_genitive="Кировского района" ru_dative="Кировскому району" ru_accusative="Кировский район" ru_instrumental="Кировским районом" chief_region="0" population="336404" />
    <region id="120626" name="Княжево" type="13" parent="20284" tz_offset="10800" ru_name="Княжево" uk_name="Княжево" tr_name="" en_name="Knyazhevo" latitude="59.850097" longitude="30.271213" ru_prepositional="Княжево" ru_preposition="в" ru_genitive="Княжево" ru_dative="Княжево" ru_accusative="Княжево" ru_instrumental="Княжево" chief_region="0" population="60564" />
    <region id="20301" name="Ленинский проспект" type="9" parent="120626" tz_offset="10800" ru_name="Ленинский проспект" uk_name="Ленінський проспект" tr_name="Leninski Prospekt" en_name="Leninskiy Prospekt" latitude="59.850703" longitude="30.268401" ru_prepositional="Ленинском проспекте" ru_preposition="на" ru_genitive="Ленинского проспекта" ru_dative="Ленинскому проспекту" ru_accusative="Ленинский проспект" ru_instrumental="Ленинским проспектом" chief_region="0" population="0" />
    <region id="120627" name="Ульянка" type="13" parent="20284" tz_offset="10800" ru_name="Ульянка" uk_name="Ульянка" tr_name="" en_name="Ulyanka" latitude="59.834542" longitude="30.209984" ru_prepositional="Ульянке" ru_preposition="в" ru_genitive="Ульянки" ru_dative="Ульянке" ru_accusative="Ульянку" ru_instrumental="Ульянкой" chief_region="0" population="75260" />
    <region id="120628" name="Дачное" type="13" parent="20284" tz_offset="10800" ru_name="Дачное" uk_name="" tr_name="" en_name="Dachnoe" latitude="59.847634" longitude="30.259014" ru_prepositional="Дачном" ru_preposition="в" ru_genitive="Дачного" ru_dative="Дачному" ru_accusative="Дачное" ru_instrumental="Дачным" chief_region="0" population="72510" />
    <region id="20300" name="Проспект Ветеранов" type="9" parent="120628" tz_offset="10800" ru_name="Проспект Ветеранов" uk_name="Проспект Ветеранів" tr_name="Prospekt Veteranov" en_name="Prospekt Veteranov" latitude="59.842110" longitude="30.250588" ru_prepositional="Проспекте Ветеранов" ru_preposition="на" ru_genitive="Проспекта Ветеранов" ru_dative="Проспекту Ветеранов" ru_accusative="Проспект Ветеранов" ru_instrumental="Проспектом Ветеранов" chief_region="0" population="0" />
    <region id="120629" name="Автово" type="13" parent="20284" tz_offset="10800" ru_name="Автово" uk_name="" tr_name="" en_name="Avtovo" latitude="59.867873" longitude="30.265886" ru_prepositional="Автово" ru_preposition="в" ru_genitive="Автово" ru_dative="Автово" ru_accusative="Автово" ru_instrumental="Автово" chief_region="0" population="45321" />
    <region id="20302" name="Автово" type="9" parent="120629" tz_offset="10800" ru_name="Автово" uk_name="Автово" tr_name="Avtovo" en_name="Avtovo" latitude="59.867308" longitude="30.261403" ru_prepositional="Автово" ru_preposition="на" ru_genitive="Автово" ru_dative="Автово" ru_accusative="Автово" ru_instrumental="Автовом" chief_region="0" population="0" />
    <region id="20303" name="Кировский завод" type="9" parent="120629" tz_offset="10800" ru_name="Кировский завод" uk_name="Кіровський завод" tr_name="Kirovski Zavod" en_name="Kirovskiy Zavod" latitude="59.879638" longitude="30.261960" ru_prepositional="Кировском заводе" ru_preposition="на" ru_genitive="Кировского завода" ru_dative="Кировскому заводу" ru_accusative="Кировский завод" ru_instrumental="Кировским заводом" chief_region="0" population="0" />
    <region id="120630" name="Нарвский округ" type="13" parent="20284" tz_offset="10800" ru_name="Нарвский округ" uk_name="" tr_name="" en_name="Narvsky Okrug" latitude="59.892559" longitude="30.280223" ru_prepositional="Нарвском округе" ru_preposition="в" ru_genitive="Нарвского округа" ru_dative="Нарвскому округу" ru_accusative="Нарвский округ" ru_instrumental="Нарвским округом" chief_region="0" population="31733" />
    <region id="20304" name="Нарвская" type="9" parent="120630" tz_offset="10800" ru_name="Нарвская" uk_name="Нарвська" tr_name="Narvskaya" en_name="Narvskaya" latitude="59.901111" longitude="30.275004" ru_prepositional="Нарвской" ru_preposition="на" ru_genitive="Нарвской" ru_dative="Нарвской" ru_accusative="Нарвскую" ru_instrumental="Нарвской" chief_region="0" population="0" />
    <region id="120631" name="Красненькая речка" type="13" parent="20284" tz_offset="10800" ru_name="Красненькая речка" uk_name="" tr_name="" en_name="Krasnenkaya Rechka" latitude="59.856474" longitude="30.237867" ru_prepositional="Красненькой речке" ru_preposition="в" ru_genitive="Красненькой речки" ru_dative="Красненькой речке" ru_accusative="Красненькую речку" ru_instrumental="Красненькой речкой" chief_region="0" population="40948" />
    <region id="120632" name="Морские ворота" type="13" parent="20284" tz_offset="10800" ru_name="Морские ворота" uk_name="" tr_name="" en_name="Morskie Vorota" latitude="59.900457" longitude="30.227267" ru_prepositional="Морских воротах" ru_preposition="в" ru_genitive="Морских ворот" ru_dative="Морским воротам" ru_accusative="Морские ворота" ru_instrumental="Морскими воротами" chief_region="0" population="10269" />
    <region id="20285" name="Красногвардейский район" type="8" parent="2" tz_offset="10800" ru_name="Красногвардейский район" uk_name="Красногвардійський район" tr_name="Krasnogvareyski" en_name="Krasnogvardeysky District" latitude="59.964458" longitude="30.460398" ru_prepositional="Красногвардейском районе" ru_preposition="в" ru_genitive="Красногвардейского района" ru_dative="Красногвардейскому району" ru_accusative="Красногвардейский район" ru_instrumental="Красногвардейским районом" chief_region="0" population="357906" />
    <region id="120633" name="Ржевка" type="13" parent="20285" tz_offset="10800" ru_name="Ржевка" uk_name="" tr_name="" en_name="Rzhevka" latitude="59.980182" longitude="30.510039" ru_prepositional="Ржевке" ru_preposition="во" ru_genitive="Ржевки" ru_dative="Ржевке" ru_accusative="Ржевку" ru_instrumental="Ржевкой" chief_region="0" population="60909" />
    <region id="120634" name="Полюстрово" type="13" parent="20285" tz_offset="10800" ru_name="Полюстрово" uk_name="" tr_name="" en_name="Polyustrovo" latitude="59.973131" longitude="30.402331" ru_prepositional="Полюстрово" ru_preposition="в" ru_genitive="Полюстрово" ru_dative="Полюстрово" ru_accusative="Полюстрово" ru_instrumental="Полюстрово" chief_region="0" population="54591" />
    <region id="120635" name="Большая Охта" type="13" parent="20285" tz_offset="10800" ru_name="Большая Охта" uk_name="" tr_name="" en_name="Bolshaya Ohta" latitude="59.947901" longitude="30.426037" ru_prepositional="Большой Охте" ru_preposition="в" ru_genitive="Большой Охты" ru_dative="Большой Охте" ru_accusative="Большую Охту" ru_instrumental="Большой Охтой" chief_region="0" population="57068" />
    <region id="120636" name="Малая Охта" type="13" parent="20285" tz_offset="10800" ru_name="Малая Охта" uk_name="" tr_name="" en_name="Malaya Ohta" latitude="59.927211" longitude="30.417018" ru_prepositional="Малой Охте" ru_preposition="на" ru_genitive="Малой Охты" ru_dative="Малой Охте" ru_accusative="Малую Охту" ru_instrumental="Малой Охтой" chief_region="0" population="48092" />
    <region id="20345" name="Ладожская" type="9" parent="120636" tz_offset="10800" ru_name="Ладожская" uk_name="Ладозька" tr_name="Ladozhskaya" en_name="Ladozhskaya" latitude="59.932387" longitude="30.439225" ru_prepositional="Ладожской" ru_preposition="на" ru_genitive="Ладожской" ru_dative="Ладожской" ru_accusative="Ладожскую" ru_instrumental="Ладожской" chief_region="0" population="0" />
    <region id="20346" name="Новочеркасская" type="9" parent="120636" tz_offset="10800" ru_name="Новочеркасская" uk_name="Новочеркаська" tr_name="Novocherkasskaya" en_name="Novocherkasskaya" latitude="59.928911" longitude="30.411476" ru_prepositional="Новочеркасской" ru_preposition="на" ru_genitive="Новочеркасской" ru_dative="Новочеркасской" ru_accusative="Новочеркасскую" ru_instrumental="Новочеркасской" chief_region="0" population="0" />
    <region id="120637" name="Пороховые" type="13" parent="20285" tz_offset="10800" ru_name="Пороховые" uk_name="" tr_name="" en_name="Porohovye" latitude="59.944323" longitude="30.471402" ru_prepositional="Пороховых" ru_preposition="в" ru_genitive="Пороховых" ru_dative="Пороховым" ru_accusative="Пороховые" ru_instrumental="Пороховыми" chief_region="0" population="137246" />
    <region id="20286" name="Красносельский район" type="8" parent="2" tz_offset="10800" ru_name="Красносельский район" uk_name="Красносельський район" tr_name="Krasnoselski" en_name="Krasnoselsky District" latitude="59.790806" longitude="30.121769" ru_prepositional="Красносельском районе" ru_preposition="в" ru_genitive="Красносельского района" ru_dative="Красносельскому району" ru_accusative="Красносельский район" ru_instrumental="Красносельским районом" chief_region="0" population="383111" />
    <region id="101511" name="Горелово" type="13" parent="20286" tz_offset="10800" ru_name="Горелово" uk_name="Горелово" tr_name="Gorelovo" en_name="Gorelovo" latitude="59.773411" longitude="30.130510" ru_prepositional="Горелово" ru_preposition="в" ru_genitive="Горелово" ru_dative="Горелову" ru_accusative="Горелово" ru_instrumental="Горелово" chief_region="0" population="29673" />
    <region id="109773" name="Красное Село" type="6" parent="20286" tz_offset="10800" ru_name="Красное Село" uk_name="Красне Село" tr_name="Krasnoye Selo" en_name="Krasnoye Selo" latitude="59.733024" longitude="30.087813" ru_prepositional="Красном Селе" ru_preposition="в" ru_genitive="Красного Села" ru_dative="Красному Селу" ru_accusative="Красное Село" ru_instrumental="Красным Селом" chief_region="0" population="56758" />
    <region id="121849" name="Хвойный" type="8" parent="109773" tz_offset="10800" ru_name="Хвойный" uk_name="Хвойний" tr_name="" en_name="Khvojny" latitude="59.670552" longitude="30.070269" ru_prepositional="Хвойном" ru_preposition="в" ru_genitive="Хвойного" ru_dative="Хвойному" ru_accusative="Хвойный" ru_instrumental="Хвойным" chief_region="0" population="0" />
    <region id="120638" name="Юго-Запад" type="13" parent="20286" tz_offset="10800" ru_name="Юго-Запад" uk_name="" tr_name="" en_name="Yugo-Zapad" latitude="59.855444" longitude="30.184193" ru_prepositional="Юго-Западе" ru_preposition="в" ru_genitive="Юго-Запада" ru_dative="Юго-Западу" ru_accusative="Юго-Запад" ru_instrumental="Юго-Западом" chief_region="0" population="68393" />
    <region id="120639" name="Южно-Приморский округ" type="13" parent="20286" tz_offset="10800" ru_name="Южно-Приморский округ" uk_name="" tr_name="" en_name="Yuzhno-Primorsky Okrug" latitude="59.858760" longitude="30.167439" ru_prepositional="Южно-Приморском округе" ru_preposition="в" ru_genitive="Южно-Приморского округа" ru_dative="Южно-Приморскому округу" ru_accusative="Южно-Приморский округ" ru_instrumental="Южно-Приморским округом" chief_region="0" population="62439" />
    <region id="120640" name="Сосновая Поляна" type="13" parent="20286" tz_offset="10800" ru_name="Сосновая Поляна" uk_name="" tr_name="" en_name="Sosnovaya Polyana" latitude="59.835247" longitude="30.154567" ru_prepositional="Сосновой Поляне" ru_preposition="в" ru_genitive="Сосновой Поляны" ru_dative="Сосновой Поляне" ru_accusative="Сосновую Поляну" ru_instrumental="Сосновой Поляной" chief_region="0" population="55822" />
    <region id="120641" name="Урицк" type="13" parent="20286" tz_offset="10800" ru_name="Урицк" uk_name="" tr_name="" en_name="Uritsk" latitude="59.836183" longitude="30.181516" ru_prepositional="Урицке" ru_preposition="в" ru_genitive="Урицка" ru_dative="Урицку" ru_accusative="Урицк" ru_instrumental="Урицком" chief_region="0" population="58799" />
    <region id="120642" name="Константиновское" type="13" parent="20286" tz_offset="10800" ru_name="Константиновское" uk_name="" tr_name="" en_name="Konstantinovskoe" latitude="59.819047" longitude="30.145548" ru_prepositional="Константиновском" ru_preposition="в" ru_genitive="Константиновского" ru_dative="Константиновскому" ru_accusative="Константиновское" ru_instrumental="Константиновским" chief_region="0" population="38462" />
    <region id="20287" name="Московский район" type="8" parent="2" tz_offset="10800" ru_name="Московский район" uk_name="Московський район" tr_name="Moskovski" en_name="Moskovsky District" latitude="59.852176" longitude="30.323073" ru_prepositional="Московском районе" ru_preposition="в" ru_genitive="Московского района" ru_dative="Московскому району" ru_accusative="Московский район" ru_instrumental="Московским районом" chief_region="0" population="350602" />
    <region id="116271" name="Пулково (аэропорт)" type="11" parent="20287" tz_offset="10800" ru_name="Пулково (аэропорт)" uk_name="Пулково" tr_name="Pulkovo Havalimanı" en_name="Pulkovo Airport" latitude="59.799770" longitude="30.273027" ru_prepositional="Пулково" ru_preposition="в" ru_genitive="Пулково" ru_dative="Пулково" ru_accusative="Пулково (аэропорт)" ru_instrumental="Пулково (аэропортом)" chief_region="0" population="0" />
    <region id="120643" name="Московская застава" type="13" parent="20287" tz_offset="10800" ru_name="Московская застава" uk_name="" tr_name="" en_name="Moskovskaya Zastava" latitude="59.885359" longitude="30.323854" ru_prepositional="Московской заставе" ru_preposition="в" ru_genitive="Московской заставы" ru_dative="Московской заставе" ru_accusative="Московскую заставу" ru_instrumental="Московской заставой" chief_region="0" population="53875" />
    <region id="20308" name="Парк Победы" type="9" parent="120643" tz_offset="10800" ru_name="Парк Победы" uk_name="Парк Перемоги" tr_name="Park Pobedy" en_name="Park Pobedy" latitude="59.866265" longitude="30.321887" ru_prepositional="Парке Победы" ru_preposition="на" ru_genitive="Парка Победы" ru_dative="Парку Победы" ru_accusative="Парка Победы" ru_instrumental="Парком Победы" chief_region="0" population="0" />
    <region id="20309" name="Электросила" type="9" parent="120643" tz_offset="10800" ru_name="Электросила" uk_name="Електросила" tr_name="Elektrosila" en_name="Elektrosila" latitude="59.879159" longitude="30.318698" ru_prepositional="Электросиле" ru_preposition="на" ru_genitive="Электросилы" ru_dative="Электросиле" ru_accusative="Электросилу" ru_instrumental="Электросилой" chief_region="0" population="0" />
    <region id="20310" name="Московские ворота" type="9" parent="120643" tz_offset="10800" ru_name="Московские ворота" uk_name="Московські ворота" tr_name="Moskovskie Vorota" en_name="Moskovskie Vorota" latitude="59.891489" longitude="30.317970" ru_prepositional="Московских воротах" ru_preposition="на" ru_genitive="Московских ворот" ru_dative="Московским воротам" ru_accusative="Московские ворота" ru_instrumental="Московскими ворота" chief_region="0" population="0" />
    <region id="120644" name="Гагаринское" type="13" parent="20287" tz_offset="10800" ru_name="Гагаринское" uk_name="" tr_name="" en_name="Gagarinskoe" latitude="59.847715" longitude="30.355942" ru_prepositional="Гагаринском" ru_preposition="в" ru_genitive="Гагаринского" ru_dative="Гагаринскому" ru_accusative="Гагаринское" ru_instrumental="Гагаринским" chief_region="0" population="69778" />
    <region id="120645" name="Новоизмайловское" type="13" parent="20287" tz_offset="10800" ru_name="Новоизмайловское" uk_name="" tr_name="" en_name="Novoizmaylovskoe" latitude="59.841382" longitude="30.301702" ru_prepositional="Новоизмайловском" ru_preposition="в" ru_genitive="Новоизмайловского" ru_dative="Новоизмайловскому" ru_accusative="Новоизмайловское" ru_instrumental="Новоизмайловским" chief_region="0" population="94135" />
    <region id="120646" name="Пулковский меридиан" type="13" parent="20287" tz_offset="10800" ru_name="Пулковский меридиан" uk_name="" tr_name="" en_name="Pulkovsky Meridian" latitude="59.787284" longitude="30.302789" ru_prepositional="Пулковском меридиане" ru_preposition="в" ru_genitive="Пулковского меридиана" ru_dative="Пулковскому меридиану" ru_accusative="Пулковского меридиана" ru_instrumental="Пулковским меридианом" chief_region="0" population="52274" />
    <region id="120647" name="Звёздное" type="13" parent="20287" tz_offset="10800" ru_name="Звёздное" uk_name="" tr_name="" en_name="Zvezdnoe" latitude="59.832037" longitude="30.333331" ru_prepositional="Звёздном" ru_preposition="в" ru_genitive="Звёздного" ru_dative="Звёздному" ru_accusative="Звёздное" ru_instrumental="Звёздным" chief_region="0" population="80540" />
    <region id="20306" name="Звездная" type="9" parent="120647" tz_offset="10800" ru_name="Звездная" uk_name="Зіркова" tr_name="Zvezdnaya" en_name="Zvezdnaya" latitude="59.833095" longitude="30.349411" ru_prepositional="Звездной" ru_preposition="на" ru_genitive="Звездной" ru_dative="Звездной" ru_accusative="Звездную" ru_instrumental="Звездной" chief_region="0" population="0" />
    <region id="20307" name="Московская" type="9" parent="120647" tz_offset="10800" ru_name="Московская" uk_name="Московська" tr_name="Moskovskaya" en_name="Moskovskaya" latitude="59.852018" longitude="30.322399" ru_prepositional="Московской" ru_preposition="на" ru_genitive="Московской" ru_dative="Московской" ru_accusative="Московскую" ru_instrumental="Московской" chief_region="0" population="0" />
    <region id="20288" name="Невский район" type="8" parent="2" tz_offset="10800" ru_name="Невский район" uk_name="Невський район" tr_name="Nevski" en_name="Nevsky District" latitude="59.881932" longitude="30.464602" ru_prepositional="Невском районе" ru_preposition="в" ru_genitive="Невского района" ru_dative="Невскому району" ru_accusative="Невский район" ru_instrumental="Невским районом" chief_region="0" population="519433" />
    <region id="120648" name="Невская застава" type="13" parent="20288" tz_offset="10800" ru_name="Невская застава" uk_name="" tr_name="" en_name="Nevskaya Zastava" latitude="59.902673" longitude="30.404855" ru_prepositional="Невской заставе" ru_preposition="в" ru_genitive="Невской заставы" ru_dative="Невской заставе" ru_accusative="Невскую заставу" ru_instrumental="Невской заставой" chief_region="0" population="32715" />
    <region id="20315" name="Елизаровская" type="9" parent="120648" tz_offset="10800" ru_name="Елизаровская" uk_name="Єлізаровська" tr_name="Elizarovskaya" en_name="Elizarovskaya" latitude="59.896644" longitude="30.423774" ru_prepositional="Елизаровской" ru_preposition="на" ru_genitive="Елизаровской" ru_dative="Елизаровской" ru_accusative="Елизаровскую" ru_instrumental="Елизаровской" chief_region="0" population="0" />
    <region id="120649" name="Ивановский округ" type="13" parent="20288" tz_offset="10800" ru_name="Ивановский округ" uk_name="" tr_name="" en_name="Ivanovsky Okrug" latitude="59.874779" longitude="30.438740" ru_prepositional="Ивановском округе" ru_preposition="в" ru_genitive="Ивановского округа" ru_dative="Ивановскому округу" ru_accusative="Ивановский округ" ru_instrumental="Ивановским округом" chief_region="0" population="29359" />
    <region id="20314" name="Ломоносовская" type="9" parent="120649" tz_offset="10800" ru_name="Ломоносовская" uk_name="Ломоносовська" tr_name="Lomonosovskaya" en_name="Lomonosovskaya" latitude="59.877335" longitude="30.441686" ru_prepositional="Ломоносовской" ru_preposition="на" ru_genitive="Ломоносовской" ru_dative="Ломоносовской" ru_accusative="Ломоносовскую" ru_instrumental="Ломоносовской" chief_region="0" population="0" />
    <region id="120650" name="Обуховский округ" type="13" parent="20288" tz_offset="10800" ru_name="Обуховский округ" uk_name="" tr_name="" en_name="Obuhovsky Okrug" latitude="59.861702" longitude="30.458125" ru_prepositional="Обуховском округе" ru_preposition="в" ru_genitive="Обуховского округа" ru_dative="Обуховскому округу" ru_accusative="Обуховский округ" ru_instrumental="Обуховским округом" chief_region="0" population="49000" />
    <region id="20312" name="Обухово" type="9" parent="120650" tz_offset="10800" ru_name="Обухово" uk_name="Обухово" tr_name="Obukhovo" en_name="Obukhovo" latitude="59.848610" longitude="30.457811" ru_prepositional="Обухово" ru_preposition="на" ru_genitive="Обухово" ru_dative="Обухово" ru_accusative="Обухово" ru_instrumental="Обуховом" chief_region="0" population="0" />
    <region id="20313" name="Пролетарская" type="9" parent="120650" tz_offset="10800" ru_name="Пролетарская" uk_name="Пролетарська" tr_name="Proletarskaya" en_name="Proletarskaya" latitude="59.865122" longitude="30.470315" ru_prepositional="Пролетарской" ru_preposition="на" ru_genitive="Пролетарской" ru_dative="Пролетарской" ru_accusative="Пролетарскую" ru_instrumental="Пролетарской" chief_region="0" population="0" />
    <region id="120651" name="Рыбацкое" type="13" parent="20288" tz_offset="10800" ru_name="Рыбацкое" uk_name="" tr_name="" en_name="Rybatskoe" latitude="59.834732" longitude="30.502700" ru_prepositional="Рыбацком" ru_preposition="в" ru_genitive="Рыбацкого" ru_dative="Рыбацкому" ru_accusative="Рыбацкое" ru_instrumental="Рыбацким" chief_region="0" population="59337" />
    <region id="20311" name="Рыбацкое" type="9" parent="120651" tz_offset="10800" ru_name="Рыбацкое" uk_name="Рибацьке" tr_name="Rybatskoe" en_name="Rybatskoe" latitude="59.830911" longitude="30.500391" ru_prepositional="Рыбацком" ru_preposition="на" ru_genitive="Рыбацкого" ru_dative="Рыбацкому" ru_accusative="Рыбацкое" ru_instrumental="Рыбацким" chief_region="0" population="0" />
    <region id="120652" name="Народный округ" type="13" parent="20288" tz_offset="10800" ru_name="Народный округ" uk_name="" tr_name="" en_name="Narodny Okrug" latitude="59.877850" longitude="30.482838" ru_prepositional="Народном округе" ru_preposition="в" ru_genitive="Народного округа" ru_dative="Народному округу" ru_accusative="Народный округ" ru_instrumental="Народным округом" chief_region="0" population="62129" />
    <region id="120653" name="Муниципальный округ № 54" type="13" parent="20288" tz_offset="10800" ru_name="Муниципальный округ № 54" uk_name="" tr_name="" en_name="Municipal Okrug 54" latitude="59.898878" longitude="30.475813" ru_prepositional="Муниципальном округе № 54" ru_preposition="в" ru_genitive="Муниципального округа № 54" ru_dative="Муниципальному округу № 54" ru_accusative="Муниципальный округ № 54" ru_instrumental="Муниципальным округом № 54" chief_region="0" population="66462" />
    <region id="120654" name="Невский округ" type="13" parent="20288" tz_offset="10800" ru_name="Невский округ" uk_name="" tr_name="" en_name="Nevsky Okrug" latitude="59.904870" longitude="30.443555" ru_prepositional="Невском округе" ru_preposition="в" ru_genitive="Невского округа" ru_dative="Невскому округу" ru_accusative="Невский округ" ru_instrumental="Невским округом" chief_region="0" population="67753" />
    <region id="120655" name="Оккервиль" type="13" parent="20288" tz_offset="10800" ru_name="Оккервиль" uk_name="" tr_name="" en_name="Okkervil" latitude="59.916685" longitude="30.508943" ru_prepositional="Оккервиле" ru_preposition="в" ru_genitive="Оккервиля" ru_dative="Оккервилю" ru_accusative="Оккервиль" ru_instrumental="Оккервилем" chief_region="0" population="66067" />
    <region id="20316" name="Улица Дыбенко" type="9" parent="120655" tz_offset="10800" ru_name="Улица Дыбенко" uk_name="Вулиця Дибенка" tr_name="Ulitsa Dybenko" en_name="Ulitsa Dybenko" latitude="59.907437" longitude="30.483359" ru_prepositional="Улице Дыбенко" ru_preposition="на" ru_genitive="Улицы Дыбенко" ru_dative="Улице Дыбенко" ru_accusative="Улицу Дыбенко" ru_instrumental="Улицей Дыбенко" chief_region="0" population="0" />
    <region id="120656" name="Правобережный округ" type="13" parent="20288" tz_offset="10800" ru_name="Правобережный округ" uk_name="" tr_name="" en_name="Pravoberezhny Okrug" latitude="59.919689" longitude="30.450023" ru_prepositional="Правобережном округе" ru_preposition="в" ru_genitive="Правобережного округа" ru_dative="Правобережному округу" ru_accusative="Правобережный округ" ru_instrumental="Правобережным округом" chief_region="0" population="70935" />
    <region id="20317" name="Проспект Большевиков" type="9" parent="120656" tz_offset="10800" ru_name="Проспект Большевиков" uk_name="Проспект Більшовиків" tr_name="Prospekt Bolshevikov" en_name="Prospekt Bolshevikov" latitude="59.919865" longitude="30.466704" ru_prepositional="Проспекте Большевиков" ru_preposition="на" ru_genitive="Проспекта Большевиков" ru_dative="Проспекту Большевиков" ru_accusative="Проспект Большевиков" ru_instrumental="Проспектом Большевиков" chief_region="0" population="0" />
    <region id="20289" name="Петроградский район" type="8" parent="2" tz_offset="10800" ru_name="Петроградский район" uk_name="Петроградський район" tr_name="Petrogradski" en_name="Petrogradsky District" latitude="59.966381" longitude="30.284580" ru_prepositional="Петроградском районе" ru_preposition="в" ru_genitive="Петроградского района" ru_dative="Петроградскому району" ru_accusative="Петроградский район" ru_instrumental="Петроградским районом" chief_region="0" population="134787" />
    <region id="120657" name="Введенский округ" type="13" parent="20289" tz_offset="10800" ru_name="Введенский округ" uk_name="Введенський" tr_name="" en_name="Vvedensky Okrug" latitude="59.951276" longitude="30.298827" ru_prepositional="Введенском округе" ru_preposition="в" ru_genitive="Введенского округа" ru_dative="Введенскому округу" ru_accusative="Введенский округ" ru_instrumental="Введенским округом" chief_region="0" population="21018" />
    <region id="20332" name="Спортивная" type="9" parent="120657" tz_offset="10800" ru_name="Спортивная" uk_name="Спортивна" tr_name="Sportivnaya" en_name="Sportivnaya" latitude="59.950190" longitude="30.288335" ru_prepositional="Спортивной" ru_preposition="на" ru_genitive="Спортивной" ru_dative="Спортивной" ru_accusative="Спортивную" ru_instrumental="Спортивной" chief_region="0" population="0" />
    <region id="120658" name="Кронверкское" type="13" parent="20289" tz_offset="10800" ru_name="Кронверкское" uk_name="" tr_name="" en_name="Kronverkskoye" latitude="59.957814" longitude="30.314898" ru_prepositional="Кронверкском" ru_preposition="в" ru_genitive="Кронверкского" ru_dative="Кронверкскому" ru_accusative="Кронверкское" ru_instrumental="Кронверкским" chief_region="0" population="21058" />
    <region id="20335" name="Горьковская" type="9" parent="120658" tz_offset="10800" ru_name="Горьковская" uk_name="Горьковська" tr_name="Gorkovskaya" en_name="Gorkovskaya" latitude="59.956147" longitude="30.318833" ru_prepositional="Горьковской" ru_preposition="на" ru_genitive="Горьковской" ru_dative="Горьковской" ru_accusative="Горьковскую" ru_instrumental="Горьковской" chief_region="0" population="0" />
    <region id="120659" name="Посадский округ" type="13" parent="20289" tz_offset="10800" ru_name="Посадский округ" uk_name="" tr_name="" en_name="Posadsky Okrug" latitude="59.962233" longitude="30.330645" ru_prepositional="Посадском округе" ru_preposition="в" ru_genitive="Посадского округа" ru_dative="Посадскому округу" ru_accusative="Посадский округ" ru_instrumental="Посадским округом" chief_region="0" population="22576" />
    <region id="120660" name="Аптекарский остров" type="13" parent="20289" tz_offset="10800" ru_name="Аптекарский остров" uk_name="" tr_name="" en_name="Aptekarsky Ostrov" latitude="59.970983" longitude="30.316174" ru_prepositional="Аптекарском острове" ru_preposition="в" ru_genitive="Аптекарского острова" ru_dative="Аптекарскому острову" ru_accusative="Аптекарский остров" ru_instrumental="Аптекарским островом" chief_region="0" population="21234" />
    <region id="20336" name="Петроградская" type="9" parent="120660" tz_offset="10800" ru_name="Петроградская" uk_name="Петроградська" tr_name="Petrogradskaya" en_name="Petrogradskaya" latitude="59.966502" longitude="30.311439" ru_prepositional="Петроградской" ru_preposition="на" ru_genitive="Петроградской" ru_dative="Петроградской" ru_accusative="Петроградскую" ru_instrumental="Петроградской" chief_region="0" population="0" />
    <region id="120661" name="Петровский округ" type="13" parent="20289" tz_offset="10800" ru_name="Петровский округ" uk_name="" tr_name="" en_name="Petrovsky Okrug" latitude="59.959620" longitude="30.269632" ru_prepositional="Петровском округе" ru_preposition="в" ru_genitive="Петровского округа" ru_dative="Петровскому округу" ru_accusative="Петровский округ" ru_instrumental="Петровским округом" chief_region="0" population="23000" />
    <region id="20333" name="Чкаловская" type="9" parent="120661" tz_offset="10800" ru_name="Чкаловская" uk_name="Чкаловська" tr_name="Chkalovskaya" en_name="Chkalovskaya" latitude="59.960985" longitude="30.292099" ru_prepositional="Чкаловской" ru_preposition="на" ru_genitive="Чкаловской" ru_dative="Чкаловской" ru_accusative="Чкаловскую" ru_instrumental="Чкаловской" chief_region="0" population="0" />
    <region id="120662" name="Чкаловское" type="13" parent="20289" tz_offset="10800" ru_name="Чкаловское" uk_name="" tr_name="" en_name="Chkalovskoe" latitude="59.976900" longitude="30.270386" ru_prepositional="Чкаловском" ru_preposition="в" ru_genitive="Чкаловского" ru_dative="Чкаловскому" ru_accusative="Чкаловское" ru_instrumental="Чкаловским" chief_region="0" population="28146" />
    <region id="20334" name="Крестовский Остров" type="9" parent="120662" tz_offset="10800" ru_name="Крестовский Остров" uk_name="Крестовський Острів" tr_name="Krestovski Ostrov" en_name="Krestovskiy Ostrov" latitude="59.971794" longitude="30.259373" ru_prepositional="Крестовском Острове" ru_preposition="на" ru_genitive="Крестовского Острова" ru_dative="Крестовскому остров" ru_accusative="Крестовский Остров" ru_instrumental="Крестовским Островом" chief_region="0" population="0" />
    <region id="189456" name="Новокрестовская" type="9" parent="120662" tz_offset="10800" ru_name="Новокрестовская" uk_name="" tr_name="" en_name="Novokrestovskaya" latitude="59.971879" longitude="30.211942" ru_prepositional="Новокрестовской" ru_preposition="на" ru_genitive="Новокрестовской" ru_dative="Новокрестовской" ru_accusative="Новокрестовскую" ru_instrumental="Новокрестовской" chief_region="0" population="0" />
    <region id="20290" name="Приморский район" type="8" parent="2" tz_offset="10800" ru_name="Приморский район" uk_name="Приморський район" tr_name="Primorski" en_name="Primorsky District" latitude="60.017715" longitude="30.185145" ru_prepositional="Приморском районе" ru_preposition="в" ru_genitive="Приморского района" ru_dative="Приморскому району" ru_accusative="Приморский район" ru_instrumental="Приморским районом" chief_region="0" population="565442" />
    <region id="120663" name="Лахта-Ольгино" type="13" parent="20290" tz_offset="10800" ru_name="Лахта-Ольгино" uk_name="" tr_name="" en_name="Lakhta-Olgino" latitude="60.011288" longitude="30.137130" ru_prepositional="Лахта-Ольгино" ru_preposition="в" ru_genitive="Лахта-Ольгино" ru_dative="Лахта-Ольгино" ru_accusative="Лахта-Ольгино" ru_instrumental="Лахта-Ольгино" chief_region="0" population="4397" />
    <region id="120664" name="Муниципальный округ № 65" type="13" parent="20290" tz_offset="10800" ru_name="Муниципальный округ № 65" uk_name="" tr_name="" en_name="Municipal Okrug 65" latitude="59.994319" longitude="30.220521" ru_prepositional="Муниципальном округе № 65" ru_preposition="в" ru_genitive="Муниципального округа № 65" ru_dative="Муниципальному округу № 65" ru_accusative="Муниципальный округ № 65" ru_instrumental="Муниципальным округом № 65" chief_region="0" population="137937" />
    <region id="20324" name="Старая Деревня" type="9" parent="120664" tz_offset="10800" ru_name="Старая Деревня" uk_name="Стара Деревня" tr_name="Staraya Derevnya" en_name="Staraya Derevnya" latitude="59.989342" longitude="30.255160" ru_prepositional="Старой Деревне" ru_preposition="на" ru_genitive="Старой Деревни" ru_dative="Старой Деревне" ru_accusative="Старую Деревню" ru_instrumental="Старой Деревней" chief_region="0" population="0" />
    <region id="189457" name="Беговая" type="9" parent="120664" tz_offset="10800" ru_name="Беговая" uk_name="" tr_name="" en_name="Begovaya" latitude="59.988001" longitude="30.202600" ru_prepositional="Беговой" ru_preposition="на" ru_genitive="Беговой" ru_dative="Беговой" ru_accusative="Беговую" ru_instrumental="Беговой" chief_region="0" population="0" />
    <region id="120665" name="Чёрная речка" type="13" parent="20290" tz_offset="10800" ru_name="Чёрная речка" uk_name="" tr_name="" en_name="Chernaya Rechka" latitude="60.174452" longitude="30.153237" ru_prepositional="Чёрной речке" ru_preposition="в" ru_genitive="Чёрной речки" ru_dative="Чёрной речке" ru_accusative="Чёрную речку" ru_instrumental="Чёрной речкой" chief_region="0" population="58760" />
    <region id="20323" name="Черная речка" type="9" parent="120665" tz_offset="10800" ru_name="Черная речка" uk_name="Чорна Річка" tr_name="Chernaya Rechka" en_name="Chernaya Rechka" latitude="59.985512" longitude="30.300830" ru_prepositional="Черной речке" ru_preposition="на" ru_genitive="Черной речки" ru_dative="Черной речке" ru_accusative="Черную речку" ru_instrumental="Черной речкой" chief_region="0" population="0" />
    <region id="120666" name="Комендантский аэродром" type="13" parent="20290" tz_offset="10800" ru_name="Комендантский аэродром" uk_name="" tr_name="" en_name="Komendantsky Aerodrom" latitude="60.001581" longitude="30.281391" ru_prepositional="Комендантском аэродроме" ru_preposition="в" ru_genitive="Комендантского аэродрома" ru_dative="Комендантскому аэродрому" ru_accusative="Комендантский аэродром" ru_instrumental="Комендантским аэродромом" chief_region="0" population="90658" />
    <region id="20322" name="Пионерская" type="9" parent="120666" tz_offset="10800" ru_name="Пионерская" uk_name="Піонерська" tr_name="Pionerskaya" en_name="Pionerskaya" latitude="60.002517" longitude="30.296662" ru_prepositional="Пионерской" ru_preposition="на" ru_genitive="Пионерской" ru_dative="Пионерской" ru_accusative="Пионерскую" ru_instrumental="Пионерской" chief_region="0" population="0" />
    <region id="120667" name="Озеро Долгое" type="13" parent="20290" tz_offset="10800" ru_name="Озеро Долгое" uk_name="" tr_name="" en_name="Ozero Dolgoe" latitude="60.013587" longitude="30.249105" ru_prepositional="Озере Долгом" ru_preposition="в" ru_genitive="Озера Долгого" ru_dative="Озеру Долгому" ru_accusative="Озеро Долгое" ru_instrumental="Озером Долгим" chief_region="0" population="99782" />
    <region id="21743" name="Комендантский проспект" type="9" parent="120667" tz_offset="10800" ru_name="Комендантский проспект" uk_name="Комендантський проспект" tr_name="Komendantski prospekt" en_name="Komendantsky prospekt" latitude="60.008549" longitude="30.258663" ru_prepositional="Комендантском проспекте" ru_preposition="на" ru_genitive="Комендантского проспекта" ru_dative="Комендантскому проспекту" ru_accusative="Комендантский проспект" ru_instrumental="Комендантским проспектом" chief_region="0" population="0" />
    <region id="120668" name="Юнтолово" type="13" parent="20290" tz_offset="10800" ru_name="Юнтолово" uk_name="" tr_name="" en_name="Yuntolovo" latitude="60.023425" longitude="30.209606" ru_prepositional="Юнтолово" ru_preposition="в" ru_genitive="Юнтолово" ru_dative="Юнтолово" ru_accusative="Юнтолово" ru_instrumental="Юнтолово" chief_region="0" population="114184" />
    <region id="120669" name="Коломяги" type="13" parent="20290" tz_offset="10800" ru_name="Коломяги" uk_name="" tr_name="" en_name="Kolomyagi" latitude="60.019037" longitude="30.290473" ru_prepositional="Коломягах" ru_preposition="в" ru_genitive="Коломяг" ru_dative="Коломягам" ru_accusative="Коломяги" ru_instrumental="Коломягами" chief_region="0" population="46420" />
    <region id="120670" name="Лисий Нос" type="7" parent="20290" tz_offset="10800" ru_name="Лисий Нос" uk_name="" tr_name="" en_name="Lisiy Nos" latitude="60.013964" longitude="30.009192" ru_prepositional="Лисьем Носу" ru_preposition="в" ru_genitive="Лисьего Носа" ru_dative="Лисьему Носу" ru_accusative="Лисий Нос" ru_instrumental="Лисьим Носом" chief_region="0" population="5032" />
    <region id="20291" name="Фрунзенский район" type="8" parent="2" tz_offset="10800" ru_name="Фрунзенский район" uk_name="Фрунзенський район" tr_name="Frunzenski" en_name="Frunzensky District" latitude="59.854111" longitude="30.413919" ru_prepositional="Фрунзенском районе" ru_preposition="во" ru_genitive="Фрунзенского района" ru_dative="Фрунзенскому району" ru_accusative="Фрунзенский район" ru_instrumental="Фрунзенским районом" chief_region="0" population="401410" />
    <region id="120671" name="Волковское" type="13" parent="20291" tz_offset="10800" ru_name="Волковское" uk_name="" tr_name="" en_name="Volkovskoe" latitude="59.892067" longitude="30.366605" ru_prepositional="Волковском" ru_preposition="в" ru_genitive="Волковского" ru_dative="Волковскому" ru_accusative="Волковское" ru_instrumental="Волковским" chief_region="0" population="59248" />
    <region id="100652" name="Волковская" type="9" parent="120671" tz_offset="10800" ru_name="Волковская" uk_name="Волковська" tr_name="Volkovskaya" en_name="Volkovskaya" latitude="59.895976" longitude="30.358026" ru_prepositional="Волковской" ru_preposition="на" ru_genitive="Волковской" ru_dative="Волковской" ru_accusative="Волковскую" ru_instrumental="Волковской" chief_region="0" population="0" />
    <region id="110348" name="Обводный канал" type="9" parent="120671" tz_offset="10800" ru_name="Обводный канал" uk_name="Обводний канал" tr_name="Obvodniy kanal" en_name="Obvodniy kanal" latitude="59.914669" longitude="30.349573" ru_prepositional="Обводном канале" ru_preposition="на" ru_genitive="Обводного канала" ru_dative="Обводному каналу" ru_accusative="Обводный канал" ru_instrumental="Обводным каналом" chief_region="0" population="0" />
    <region id="114839" name="Бухарестская" type="9" parent="120671" tz_offset="10800" ru_name="Бухарестская" uk_name="Бухарестська" tr_name="Bukharestskaya" en_name="Bukharestskaya" latitude="59.883733" longitude="30.368985" ru_prepositional="Бухарестской" ru_preposition="на" ru_genitive="Бухарестской" ru_dative="Бухарестской" ru_accusative="Бухарестскую" ru_instrumental="Бухарестской" chief_region="0" population="0" />
    <region id="120672" name="Муниципальный округ № 72" type="13" parent="20291" tz_offset="10800" ru_name="Муниципальный округ № 72" uk_name="" tr_name="" en_name="Municipal Okrug 72" latitude="59.868135" longitude="30.401846" ru_prepositional="Муниципальном округе № 72" ru_preposition="в" ru_genitive="Муниципального округа № 72" ru_dative="Муниципальному округу № 72" ru_accusative="Муниципальный округ № 72" ru_instrumental="Муниципальным округом № 72" chief_region="0" population="68333" />
    <region id="218469" name="Проспект Славы" type="9" parent="120672" tz_offset="10800" ru_name="Проспект Славы" uk_name="" tr_name="" en_name="Prospekt Slavy" latitude="59.856609" longitude="30.395441" ru_prepositional="Проспекте Славы" ru_preposition="на" ru_genitive="Проспекта Славы" ru_dative="Проспекту Славы" ru_accusative="Проспект Славы" ru_instrumental="Проспектом Славы" chief_region="0" population="0" />
    <region id="120673" name="Купчино" type="13" parent="20291" tz_offset="10800" ru_name="Купчино" uk_name="" tr_name="" en_name="Kupchino" latitude="59.852393" longitude="30.392872" ru_prepositional="Купчино" ru_preposition="в" ru_genitive="Купчино" ru_dative="Купчино" ru_accusative="Купчино" ru_instrumental="Купчино" chief_region="0" population="54198" />
    <region id="114838" name="Международная" type="9" parent="120673" tz_offset="10800" ru_name="Международная" uk_name="Міжнародна" tr_name="Mezhdunarodnaya" en_name="Mezhdunarodnaya" latitude="59.870203" longitude="30.379289" ru_prepositional="Международной" ru_preposition="на" ru_genitive="Международной" ru_dative="Международной" ru_accusative="Международную" ru_instrumental="Международной" chief_region="0" population="0" />
    <region id="120674" name="Георгиевский округ" type="13" parent="20291" tz_offset="10800" ru_name="Георгиевский округ" uk_name="" tr_name="" en_name="Georgievsky Okrug" latitude="59.840573" longitude="30.392171" ru_prepositional="Георгиевском округе" ru_preposition="в" ru_genitive="Георгиевского округа" ru_dative="Георгиевскому округу" ru_accusative="Георгиевский округ" ru_instrumental="Георгиевским округом" chief_region="0" population="90700" />
    <region id="120675" name="Балканский округ" type="13" parent="20291" tz_offset="10800" ru_name="Балканский округ" uk_name="" tr_name="" en_name="Balkansky Okrug" latitude="59.829961" longitude="30.399259" ru_prepositional="Балканском округе" ru_preposition="в" ru_genitive="Балканского округа" ru_dative="Балканскому округу" ru_accusative="Балканский округ" ru_instrumental="Балканским округом" chief_region="0" population="78514" />
    <region id="20305" name="Купчино" type="9" parent="120675" tz_offset="10800" ru_name="Купчино" uk_name="Купчино" tr_name="Kupchino" en_name="Kupchino" latitude="59.829296" longitude="30.375723" ru_prepositional="Купчино" ru_preposition="на" ru_genitive="Купчино" ru_dative="Купчино" ru_accusative="Купчино" ru_instrumental="Купчином" chief_region="0" population="0" />
    <region id="218470" name="Дунайская" type="9" parent="120675" tz_offset="10800" ru_name="Дунайская" uk_name="" tr_name="" en_name="Dunaiskaya" latitude="59.839863" longitude="30.410865" ru_prepositional="Дунайской" ru_preposition="на" ru_genitive="Дунайской" ru_dative="Дунайской" ru_accusative="Дунайскую" ru_instrumental="Дунайской" chief_region="0" population="0" />
    <region id="120676" name="Муниципальный округ № 75" type="13" parent="20291" tz_offset="10800" ru_name="Муниципальный округ № 75" uk_name="" tr_name="" en_name="Municipal Okrug 75" latitude="59.845198" longitude="30.432514" ru_prepositional="Муниципальном округе № 75" ru_preposition="в" ru_genitive="Муниципального округа № 75" ru_dative="Муниципальному округу № 75" ru_accusative="Муниципальный округ № 75" ru_instrumental="Муниципальным округом № 75" chief_region="0" population="50757" />
    <region id="20292" name="Центральный район" type="8" parent="2" tz_offset="10800" ru_name="Центральный район" uk_name="Центральний район" tr_name="Tsentralniy" en_name="Tsentralny District" latitude="59.930908" longitude="30.361817" ru_prepositional="Центральном районе" ru_preposition="в" ru_genitive="Центрального района" ru_dative="Центральному району" ru_accusative="Центральный район" ru_instrumental="Центральным районом" chief_region="0" population="222149" />
    <region id="120677" name="Дворцовый округ" type="13" parent="20292" tz_offset="10800" ru_name="Дворцовый округ" uk_name="" tr_name="" en_name="Dvortsovy Okrug" latitude="59.941047" longitude="30.327546" ru_prepositional="Дворцовом округе" ru_preposition="в" ru_genitive="Дворцового округа" ru_dative="Дворцовому округу" ru_accusative="Дворцовый округ" ru_instrumental="Дворцовым округом" chief_region="0" population="6985" />
    <region id="20347" name="Невский проспект" type="9" parent="120677" tz_offset="10800" ru_name="Невский проспект" uk_name="Невський проспект" tr_name="Nevskiy Prospekt" en_name="Nevskiy Prospekt" latitude="59.935430" longitude="30.327277" ru_prepositional="Невском проспекте" ru_preposition="на" ru_genitive="Невского проспекта" ru_dative="Невскому проспекту" ru_accusative="Невский проспект" ru_instrumental="Невским проспектом" chief_region="0" population="0" />
    <region id="120678" name="Муниципальный округ № 78" type="13" parent="20292" tz_offset="10800" ru_name="Муниципальный округ № 78" uk_name="" tr_name="" en_name="Municipal Okrug 78" latitude="59.929254" longitude="30.331436" ru_prepositional="Муниципальном округе № 78" ru_preposition="в" ru_genitive="Муниципального округа № 78" ru_dative="Муниципальному округу № 78" ru_accusative="Муниципальный округ № 78" ru_instrumental="Муниципальным округом № 78" chief_region="0" population="11791" />
    <region id="20348" name="Гостиный двор" type="9" parent="120678" tz_offset="10800" ru_name="Гостиный двор" uk_name="Гостиний двір" tr_name="Gostiny Dvor" en_name="Gostiny Dvor" latitude="59.934064" longitude="30.332756" ru_prepositional="Гостином дворе" ru_preposition="на" ru_genitive="Гостиного двора" ru_dative="Гостиному двору" ru_accusative="Гостиный двор" ru_instrumental="Гостиным двором" chief_region="0" population="0" />
    <region id="114766" name="Адмиралтейская" type="9" parent="120678" tz_offset="10800" ru_name="Адмиралтейская" uk_name="Адміралтейська" tr_name="Admiralteyskaya" en_name="Admiralteyskaya" latitude="59.935985" longitude="30.315078" ru_prepositional="Адмиралтейской" ru_preposition="в" ru_genitive="Адмиралтейской" ru_dative="Адмиралтейской" ru_accusative="Адмиралтейскую" ru_instrumental="Адмиралтейской" chief_region="0" population="0" />
    <region id="120679" name="Литейный округ" type="13" parent="20292" tz_offset="10800" ru_name="Литейный округ" uk_name="" tr_name="" en_name="Liteyny Okrug" latitude="59.948131" longitude="30.349780" ru_prepositional="Литейном округе" ru_preposition="в" ru_genitive="Литейного округа" ru_dative="Литейному округу" ru_accusative="Литейный округ" ru_instrumental="Литейным округом" chief_region="0" population="46344" />
    <region id="120680" name="Смольнинское" type="13" parent="20292" tz_offset="10800" ru_name="Смольнинское" uk_name="" tr_name="" en_name="Smolninskoye" latitude="59.941479" longitude="30.381634" ru_prepositional="Смольнинском" ru_preposition="в" ru_genitive="Смольнинского" ru_dative="Смольнинскому" ru_accusative="Смольнинское" ru_instrumental="Смольнинским" chief_region="0" population="79293" />
    <region id="20354" name="Площадь Восстания" type="9" parent="120680" tz_offset="10800" ru_name="Площадь Восстания" uk_name="Площа Повстання" tr_name="Ploshchad Vosstaniya" en_name="Ploshchad Vosstaniya" latitude="59.931517" longitude="30.360559" ru_prepositional="Площади Восстания" ru_preposition="на" ru_genitive="Площади Восстания" ru_dative="Площади Восстания" ru_accusative="Площадь Восстания" ru_instrumental="Площадью Восстания" chief_region="0" population="0" />
    <region id="20355" name="Чернышевская" type="9" parent="120680" tz_offset="10800" ru_name="Чернышевская" uk_name="Чернишевська" tr_name="Chernyshevskaya" en_name="Chernyshevskaya" latitude="59.944436" longitude="30.359975" ru_prepositional="Чернышевской" ru_preposition="на" ru_genitive="Чернышевской" ru_dative="Чернышевской" ru_accusative="Чернышевскую" ru_instrumental="Чернышевской" chief_region="0" population="0" />
    <region id="120681" name="Лиговка-Ямская" type="13" parent="20292" tz_offset="10800" ru_name="Лиговка-Ямская" uk_name="" tr_name="" en_name="Ligovka-Yamskaya" latitude="59.921096" longitude="30.372965" ru_prepositional="Лиговке-Ямской" ru_preposition="в" ru_genitive="Лиговки-Ямской" ru_dative="Лиговке-Ямской" ru_accusative="Лиговку-Ямскую" ru_instrumental="Лиговкой-Ямской" chief_region="0" population="16964" />
    <region id="20350" name="Площадь Александра Невского" type="9" parent="120681" tz_offset="10800" ru_name="Площадь Александра Невского" uk_name="Площа Олександра Невського" tr_name="Ploshchad Aleksandra Nevskogo" en_name="Ploshchad Aleksandra Nevskogo" latitude="59.924285" longitude="30.385227" ru_prepositional="Площади Александра Невского" ru_preposition="на" ru_genitive="Площади Александра Невского" ru_dative="Площадь Александра Невского" ru_accusative="Площадь Александра Невского" ru_instrumental="Площадью Александра Невского" chief_region="0" population="0" />
    <region id="20351" name="Лиговский Проспект" type="9" parent="120681" tz_offset="10800" ru_name="Лиговский Проспект" uk_name="Ліговський проспект" tr_name="Ligovskiy Prospekt" en_name="Ligovskiy Prospekt" latitude="59.920745" longitude="30.355160" ru_prepositional="Лиговском Проспекте" ru_preposition="на" ru_genitive="Лиговского Проспекта" ru_dative="Лиговскому Проспекту" ru_accusative="Лиговский Проспект" ru_instrumental="Лиговским Проспектом" chief_region="0" population="0" />
    <region id="120682" name="Владимирский округ" type="13" parent="20292" tz_offset="10800" ru_name="Владимирский округ" uk_name="" tr_name="" en_name="Vladimirsky Okrug" latitude="59.925069" longitude="30.354002" ru_prepositional="Владимирском округе" ru_preposition="во" ru_genitive="Владимирского округа" ru_dative="Владимирскому округу" ru_accusative="Владимирский округ" ru_instrumental="Владимирским округом" chief_region="0" population="61050" />
    <region id="20349" name="Маяковская" type="9" parent="120682" tz_offset="10800" ru_name="Маяковская" uk_name="Маяковська" tr_name="Mayakovskaya" en_name="Mayakovskaya" latitude="59.931413" longitude="30.355232" ru_prepositional="Маяковской" ru_preposition="на" ru_genitive="Маяковской" ru_dative="Маяковской" ru_accusative="Маяковскую" ru_instrumental="Маяковской" chief_region="0" population="0" />
    <region id="20352" name="Достоевская" type="9" parent="120682" tz_offset="10800" ru_name="Достоевская" uk_name="Достоєвська" tr_name="Dostoevskaya" en_name="Dostoevskaya" latitude="59.928185" longitude="30.346204" ru_prepositional="Достоевской" ru_preposition="на" ru_genitive="Достоевской" ru_dative="Достоевской" ru_accusative="Достоевскую" ru_instrumental="Достоевской" chief_region="0" population="0" />
    <region id="20353" name="Владимирская" type="9" parent="120682" tz_offset="10800" ru_name="Владимирская" uk_name="Владимирська" tr_name="Vladimirskaya" en_name="Vladimirskaya" latitude="59.927455" longitude="30.348225" ru_prepositional="Владимирской" ru_preposition="на" ru_genitive="Владимирской" ru_dative="Владимирской" ru_accusative="Владимирскую" ru_instrumental="Владимирской" chief_region="0" population="0" />
    <region id="20293" name="Колпинский район" type="8" parent="2" tz_offset="10800" ru_name="Колпинский район" uk_name="Колпінський район" tr_name="Kolpinski" en_name="Kolpinsky District" latitude="59.775082" longitude="30.595792" ru_prepositional="Колпинском районе" ru_preposition="в" ru_genitive="Колпинского района" ru_dative="Колпинскому району" ru_accusative="Колпинский район" ru_instrumental="Колпинским районом" chief_region="0" population="188688" />
    <region id="26081" name="Колпино" type="6" parent="20293" tz_offset="10800" ru_name="Колпино" uk_name="Колпіно" tr_name="Kolpino" en_name="Kolpino" latitude="59.749012" longitude="30.597607" ru_prepositional="Колпино" ru_preposition="в" ru_genitive="Колпино" ru_dative="Колпино" ru_accusative="Колпино" ru_instrumental="Колпином" chief_region="0" population="145721" />
    <region id="120583" name="Металлострой" type="7" parent="20293" tz_offset="10800" ru_name="Металлострой" uk_name="Металострой" tr_name="" en_name="Metallostroy" latitude="59.807803" longitude="30.573514" ru_prepositional="Металлострое" ru_preposition="в" ru_genitive="Металлостроя" ru_dative="Металлострою" ru_accusative="Металлострой" ru_instrumental="Металлостроем" chief_region="0" population="28360" />
    <region id="120584" name="Петро-Славянка" type="7" parent="20293" tz_offset="10800" ru_name="Петро-Славянка" uk_name="Петро-Слов&#39;янка" tr_name="" en_name="Petro-Slavyanka" latitude="59.803667" longitude="30.519247" ru_prepositional="Петро-Славянке" ru_preposition="в" ru_genitive="Петро-Славянки" ru_dative="Петро-Славянке" ru_accusative="Петро-Славянку" ru_instrumental="Петро-Славянкой" chief_region="0" population="1264" />
    <region id="120585" name="Понтонный" type="7" parent="20293" tz_offset="10800" ru_name="Понтонный" uk_name="Понтонний" tr_name="" en_name="Pontonny" latitude="59.782551" longitude="30.636486" ru_prepositional="Понтонном" ru_preposition="в" ru_genitive="Понтонного" ru_dative="Понтонному" ru_accusative="Понтонный" ru_instrumental="Понтонным" chief_region="0" population="8828" />
    <region id="120586" name="Сапёрный" type="7" parent="20293" tz_offset="10800" ru_name="Сапёрный" uk_name="Саперний" tr_name="" en_name="Saperny" latitude="59.776881" longitude="30.697760" ru_prepositional="Сапёрном" ru_preposition="в" ru_genitive="Сапёрного" ru_dative="Сапёрному" ru_accusative="Сапёрный" ru_instrumental="Сапёрным" chief_region="0" population="1582" />
    <region id="120587" name="Усть-Ижора" type="7" parent="20293" tz_offset="10800" ru_name="Усть-Ижора" uk_name="Усть-Іжора" tr_name="" en_name="Ust-Izhora" latitude="59.805803" longitude="30.594094" ru_prepositional="Усть-Ижоре" ru_preposition="в" ru_genitive="Усть-Ижоры" ru_dative="Усть-Ижоре" ru_accusative="Усть-Ижору" ru_instrumental="Усть-Ижорой" chief_region="0" population="2138" />
    <region id="20294" name="Курортный район" type="8" parent="2" tz_offset="10800" ru_name="Курортный район" uk_name="Курортний район" tr_name="Kurortny" en_name="Kurortny District" latitude="60.093070" longitude="30.007351" ru_prepositional="Курортном районе" ru_preposition="в" ru_genitive="Курортного района" ru_dative="Курортному району" ru_accusative="Курортный район" ru_instrumental="Курортным районом" chief_region="0" population="76923" />
    <region id="37180" name="Зеленогорск" type="6" parent="20294" tz_offset="10800" ru_name="Зеленогорск" uk_name="Зеленогорськ" tr_name="Zelenogorsk" en_name="Zelenogorsk" latitude="60.197581" longitude="29.707035" ru_prepositional="Зеленогорске" ru_preposition="в" ru_genitive="Зеленогорска" ru_dative="Зеленогорску" ru_accusative="Зеленогорск" ru_instrumental="Зеленогорском" chief_region="0" population="15292" />
    <region id="101564" name="Репино" type="7" parent="20294" tz_offset="10800" ru_name="Репино" uk_name="Репіно" tr_name="Repino" en_name="Repino" latitude="60.162120" longitude="29.874400" ru_prepositional="Репино" ru_preposition="в" ru_genitive="Репино" ru_dative="Репино" ru_accusative="Репино" ru_instrumental="Репино" chief_region="0" population="2567" />
    <region id="102557" name="Сестрорецк" type="6" parent="20294" tz_offset="10800" ru_name="Сестрорецк" uk_name="Сестрорецьк" tr_name="Sestroretsk" en_name="Sestroretsk" latitude="60.092411" longitude="29.956066" ru_prepositional="Сестрорецке" ru_preposition="в" ru_genitive="Сестрорецка" ru_dative="Сестрорецку" ru_accusative="Сестрорецк" ru_instrumental="Сестрорецком" chief_region="0" population="41160" />
    <region id="120592" name="Белоостров" type="7" parent="20294" tz_offset="10800" ru_name="Белоостров" uk_name="Бєлоостров" tr_name="" en_name="Beloostrov" latitude="60.150155" longitude="30.011851" ru_prepositional="Белоострове" ru_preposition="в" ru_genitive="Белоострова" ru_dative="Белоострову" ru_accusative="Белоостров" ru_instrumental="Белоостровом" chief_region="0" population="2181" />
    <region id="120593" name="Комарово" type="7" parent="20294" tz_offset="10800" ru_name="Комарово" uk_name="Комарово" tr_name="" en_name="Komarovo" latitude="60.188694" longitude="29.809649" ru_prepositional="Комарово" ru_preposition="в" ru_genitive="Комарово" ru_dative="Комарово" ru_accusative="Комарово" ru_instrumental="Комарово" chief_region="0" population="1284" />
    <region id="120594" name="Молодёжное" type="7" parent="20294" tz_offset="10800" ru_name="Молодёжное" uk_name="Молодіжне" tr_name="" en_name="Molodyozhnoye" latitude="60.205433" longitude="29.527013" ru_prepositional="Молодёжном" ru_preposition="в" ru_genitive="Молодёжного" ru_dative="Молодёжному" ru_accusative="Молодёжное" ru_instrumental="Молодёжным" chief_region="0" population="1674" />
    <region id="120595" name="Песочный" type="7" parent="20294" tz_offset="10800" ru_name="Песочный" uk_name="Пісочний" tr_name="" en_name="Pesochny" latitude="60.123931" longitude="30.160451" ru_prepositional="Песочном" ru_preposition="в" ru_genitive="Песочного" ru_dative="Песочному" ru_accusative="Песочный" ru_instrumental="Песочным" chief_region="0" population="8702" />
    <region id="120596" name="Серово" type="7" parent="20294" tz_offset="10800" ru_name="Серово" uk_name="Сєрово" tr_name="" en_name="Serovo" latitude="60.204633" longitude="29.558579" ru_prepositional="Серово" ru_preposition="в" ru_genitive="Серово" ru_dative="Серово" ru_accusative="Серово" ru_instrumental="Серово" chief_region="0" population="273" />
    <region id="120597" name="Смолячково" type="7" parent="20294" tz_offset="10800" ru_name="Смолячково" uk_name="Смолячково" tr_name="" en_name="Smolyachkovo" latitude="60.179960" longitude="29.474317" ru_prepositional="Смолячково" ru_preposition="в" ru_genitive="Смолячково" ru_dative="Смолячково" ru_accusative="Смолячково" ru_instrumental="Смолячково" chief_region="0" population="723" />
    <region id="120598" name="Солнечное" type="7" parent="20294" tz_offset="10800" ru_name="Солнечное" uk_name="Сонячне" tr_name="" en_name="Solnechnoye" latitude="60.149466" longitude="29.952778" ru_prepositional="Солнечном" ru_preposition="в" ru_genitive="Солнечного" ru_dative="Солнечному" ru_accusative="Солнечное" ru_instrumental="Солнечным" chief_region="0" population="1319" />
    <region id="120599" name="Ушково" type="7" parent="20294" tz_offset="10800" ru_name="Ушково" uk_name="Ушково" tr_name="" en_name="Ushkovo" latitude="60.217132" longitude="29.618057" ru_prepositional="Ушково" ru_preposition="в" ru_genitive="Ушково" ru_dative="Ушково" ru_accusative="Ушково" ru_instrumental="Ушково" chief_region="0" population="649" />
    <region id="20295" name="Петродворцовый район" type="8" parent="2" tz_offset="10800" ru_name="Петродворцовый район" uk_name="Петродворцовий район" tr_name="Petrodvortsovy" en_name="Petrodvortsovy District" latitude="59.868464" longitude="29.949239" ru_prepositional="Петродворцовом районе" ru_preposition="в" ru_genitive="Петродворцового района" ru_dative="Петродворцовому району" ru_accusative="Петродворцовый район" ru_instrumental="Петродворцовым районом" chief_region="0" population="140949" />
    <region id="10875" name="Ломоносов" type="6" parent="20295" tz_offset="10800" ru_name="Ломоносов" uk_name="Ломоносов" tr_name="Lomonosov" en_name="Lomonosov" latitude="59.910740" longitude="29.776466" ru_prepositional="Ломоносове" ru_preposition="в" ru_genitive="Ломоносова" ru_dative="Ломоносову" ru_accusative="Ломоносов" ru_instrumental="Ломоносовом" chief_region="0" population="43191" />
    <region id="98546" name="Петергоф" type="6" parent="20295" tz_offset="10800" ru_name="Петергоф" uk_name="Петергоф" tr_name="Peterhof" en_name="Peterhof" latitude="59.884013" longitude="29.908617" ru_prepositional="Петергофе" ru_preposition="в" ru_genitive="Петергофа" ru_dative="Петергофу" ru_accusative="Петергоф" ru_instrumental="Петергофом" chief_region="0" population="82940" />
    <region id="120591" name="Стрельна" type="7" parent="20295" tz_offset="10800" ru_name="Стрельна" uk_name="Стрільна" tr_name="" en_name="Strelna" latitude="59.848669" longitude="30.043858" ru_prepositional="Стрельне" ru_preposition="в" ru_genitive="Стрельны" ru_dative="Стрельне" ru_accusative="Стрельну" ru_instrumental="Стрельной" chief_region="0" population="13632" />
    <region id="20297" name="Пушкинский район" type="8" parent="2" tz_offset="10800" ru_name="Пушкинский район" uk_name="Пушкінський район" tr_name="Pushkinski" en_name="Pushkinsky District" latitude="59.696674" longitude="30.421276" ru_prepositional="Пушкинском районе" ru_preposition="в" ru_genitive="Пушкинского района" ru_dative="Пушкинскому району" ru_accusative="Пушкинский район" ru_instrumental="Пушкинским районом" chief_region="0" population="208702" />
    <region id="10884" name="Пушкин" type="6" parent="20297" tz_offset="10800" ru_name="Пушкин" uk_name="Пушкін" tr_name="Puşkin" en_name="Pushkin" latitude="59.722463" longitude="30.416947" ru_prepositional="Пушкине" ru_preposition="в" ru_genitive="Пушкина" ru_dative="Пушкину" ru_accusative="Пушкин" ru_instrumental="Пушкином" chief_region="0" population="109885" />
    <region id="114765" name="Павловск" type="6" parent="20297" tz_offset="10800" ru_name="Павловск" uk_name="Павловськ" tr_name="Pavlovsk" en_name="Pavlovsk" latitude="59.686411" longitude="30.431598" ru_prepositional="Павловске" ru_preposition="в" ru_genitive="Павловска" ru_dative="Павловску" ru_accusative="Павловск" ru_instrumental="Павловском" chief_region="0" population="17653" />
    <region id="120588" name="Александровская" type="7" parent="20297" tz_offset="10800" ru_name="Александровская" uk_name="Александровська" tr_name="" en_name="Aleksandrovskaya" latitude="59.732706" longitude="30.341946" ru_prepositional="Александровской" ru_preposition="в" ru_genitive="Александровской" ru_dative="Александровской" ru_accusative="Александровскую" ru_instrumental="Александровской" chief_region="0" population="2491" />
    <region id="120589" name="Тярлево" type="7" parent="20297" tz_offset="10800" ru_name="Тярлево" uk_name="Тярлево" tr_name="" en_name="Tyarlevo" latitude="59.701700" longitude="30.444507" ru_prepositional="Тярлево" ru_preposition="в" ru_genitive="Тярлево" ru_dative="Тярлево" ru_accusative="Тярлево" ru_instrumental="Тярлево" chief_region="0" population="1854" />
    <region id="120590" name="Шушары" type="7" parent="20297" tz_offset="10800" ru_name="Шушары" uk_name="Шушари" tr_name="" en_name="Shushary" latitude="59.807220" longitude="30.379514" ru_prepositional="Шушарах" ru_preposition="в" ru_genitive="Шушар" ru_dative="Шушарам" ru_accusative="Шушары" ru_instrumental="Шушарами" chief_region="0" population="22652" />
    <region id="120791" name="Московская Славянка" type="8" parent="120590" tz_offset="10800" ru_name="Московская Славянка" uk_name="" tr_name="" en_name="Moskovskaja Slavjanka" latitude="59.748545" longitude="30.496106" ru_prepositional="Московской Славянке" ru_preposition="в" ru_genitive="Московской Славянки" ru_dative="Московской Славянке" ru_accusative="Московскую Славянку" ru_instrumental="Московской Славянкой" chief_region="0" population="0" />
    <region id="218471" name="Шушары" type="9" parent="120590" tz_offset="10800" ru_name="Шушары" uk_name="" tr_name="" en_name="Shushary" latitude="59.820038" longitude="30.432865" ru_prepositional="Шушарах" ru_preposition="на" ru_genitive="Шушаров" ru_dative="Шушарам" ru_accusative="Шушары" ru_instrumental="Шушарами" chief_region="0" population="0" />
    <region id="121681" name="Ленсоветовский" type="7" parent="20297" tz_offset="10800" ru_name="Ленсоветовский" uk_name="" tr_name="" en_name="Lensovetovsky" latitude="59.756147" longitude="30.474484" ru_prepositional="Ленсоветовском" ru_preposition="в" ru_genitive="Ленсоветовского" ru_dative="Ленсоветовскому" ru_accusative="Ленсоветовский" ru_instrumental="Ленсоветовским" chief_region="0" population="0" />
    <region id="20298" name="Кронштадтский район" type="8" parent="2" tz_offset="10800" ru_name="Кронштадтский район" uk_name="Кронштадтський район" tr_name="Kronshtadtski" en_name="Kronshtadtsky District" latitude="60.013056" longitude="29.714374" ru_prepositional="Кронштадтском районе" ru_preposition="в" ru_genitive="Кронштадтского района" ru_dative="Кронштадтскому району" ru_accusative="Кронштадтский район" ru_instrumental="Кронштадтским районом" chief_region="0" population="44401" />
    <region id="21776" name="Кронштадт" type="6" parent="20298" tz_offset="10800" ru_name="Кронштадт" uk_name="Кронштадт" tr_name="Kronstadt" en_name="Kronstadt" latitude="59.988694" longitude="29.773627" ru_prepositional="Кронштадте" ru_preposition="в" ru_genitive="Кронштадта" ru_dative="Кронштадту" ru_accusative="Кронштадт" ru_instrumental="Кронштадтом" chief_region="0" population="44401" />
</regions>