<?xml version="1.0" encoding="windows-1251"?>
<geobase>
  <region id="10000" name="Earth" type="0" parent="0" maps="0">
    <region id="10001" name="Europe" type="1" parent="10000" maps="1" lat="1" lon="2" zoom="3" phone_code="812"/>
  </region>
</geobase>
